Total Instructions: 4128219492
Total Cycles: 5969840037
IPC: 0.691513

Two level cache hierarchy:
  L1-Data Cache:
    Size(KB):          32
    Block Size(B):     64
    Associativity:      4

  L2-Data Cache:
    Size(KB):        1024
    Block Size(B):    128
    Associativity:      8

Latencies:    1   10  150
L1-Sets: LRU assoc:   4
L2-Sets: LRU assoc:   8
Store_allocation: Yes
L2_inclusive: Yes

L1 Cache Stats:
L1-Load-Hits:         838154628   95.33%
L1-Load-Misses:        41013216    4.67%
L1-Load-Accesses:     879167844  100.00%

L1-Store-Hits:         328841946   99.77%
L1-Store-Misses:          763995    0.23%
L1-Store-Accesses:     329605941  100.00%

L1-Total-Hits:        1166996574   96.54%
L1-Total-Misses:        41777211    3.46%
L1-Total-Accesses:    1208773785  100.00%

L2 Cache Stats:
L2-Load-Hits:          39784290   97.00%
L2-Load-Misses:         1228926    3.00%
L2-Load-Accesses:      41013216  100.00%

L2-Store-Hits:            559090   73.18%
L2-Store-Misses:          204905   26.82%
L2-Store-Accesses:        763995  100.00%

L2-Total-Hits:          40343380   96.57%
L2-Total-Misses:         1433831    3.43%
L2-Total-Accesses:      41777211  100.00%

