Total Instructions: 4128219523
Total Cycles: 5992434550
IPC: 0.688905

Two level cache hierarchy:
  L1-Data Cache:
    Size(KB):          16
    Block Size(B):     64
    Associativity:      4

  L2-Data Cache:
    Size(KB):        1024
    Block Size(B):    128
    Associativity:      8

Latencies:    1   10  150
L1-Sets: LRU assoc:   4
L2-Sets: LRU assoc:   8
Store_allocation: Yes
L2_inclusive: Yes

L1 Cache Stats:
L1-Load-Hits:         836051961   95.10%
L1-Load-Misses:        43115893    4.90%
L1-Load-Accesses:     879167854  100.00%

L1-Store-Hits:         328685163   99.72%
L1-Store-Misses:          920780    0.28%
L1-Store-Accesses:     329605943  100.00%

L1-Total-Hits:        1164737124   96.36%
L1-Total-Misses:        44036673    3.64%
L1-Total-Accesses:    1208773797  100.00%

L2 Cache Stats:
L2-Load-Hits:          41886967   97.15%
L2-Load-Misses:         1228926    2.85%
L2-Load-Accesses:      43115893  100.00%

L2-Store-Hits:            715876   77.75%
L2-Store-Misses:          204904   22.25%
L2-Store-Accesses:        920780  100.00%

L2-Total-Hits:          42602843   96.74%
L2-Total-Misses:         1433830    3.26%
L2-Total-Accesses:      44036673  100.00%

