Total Instructions: 1493336776
Total Cycles: 7380734784
IPC: 0.202329

Two level cache hierarchy:
  L1-Data Cache:
    Size(KB):          32
    Block Size(B):     64
    Associativity:      4

  L2-Data Cache:
    Size(KB):        1024
    Block Size(B):    128
    Associativity:      8

Latencies:    1   10  150
L1-Sets: LRU assoc:   4
L2-Sets: LRU assoc:   8
Store_allocation: Yes
L2_inclusive: Yes

L1 Cache Stats:
L1-Load-Hits:         231087864   76.44%
L1-Load-Misses:        71242235   23.56%
L1-Load-Accesses:     302330099  100.00%

L1-Store-Hits:         102869045   99.96%
L1-Store-Misses:           46024    0.04%
L1-Store-Accesses:     102915069  100.00%

L1-Total-Hits:         333956909   82.41%
L1-Total-Misses:        71288259   17.59%
L1-Total-Accesses:     405245168  100.00%

L2 Cache Stats:
L2-Load-Hits:          39448856   55.37%
L2-Load-Misses:        31793379   44.63%
L2-Load-Accesses:      71242235  100.00%

L2-Store-Hits:             44268   96.18%
L2-Store-Misses:            1756    3.82%
L2-Store-Accesses:         46024  100.00%

L2-Total-Hits:          39493124   55.40%
L2-Total-Misses:        31795135   44.60%
L2-Total-Accesses:      71288259  100.00%

