Total Instructions: 21500896047
Total Cycles: 43672973917
IPC: 0.492316

Two level cache hierarchy:
  L1-Data Cache:
    Size(KB):          32
    Block Size(B):     64
    Associativity:      4

  L2-Data Cache:
    Size(KB):        1024
    Block Size(B):    128
    Associativity:      8

Latencies:    1   10  150
L1-Sets: LRU assoc:   4
L2-Sets: LRU assoc:   8
Store_allocation: Yes
L2_inclusive: Yes

L1 Cache Stats:
L1-Load-Hits:        6215091490   96.52%
L1-Load-Misses:       223806147    3.48%
L1-Load-Accesses:    6438897637  100.00%

L1-Store-Hits:        2712376926   99.25%
L1-Store-Misses:        20513817    0.75%
L1-Store-Accesses:    2732890743  100.00%

L1-Total-Hits:        8927468416   97.34%
L1-Total-Misses:       244319964    2.66%
L1-Total-Accesses:    9171788380  100.00%

L2 Cache Stats:
L2-Load-Hits:         158851056   70.98%
L2-Load-Misses:        64955091   29.02%
L2-Load-Accesses:     223806147  100.00%

L2-Store-Hits:          15088309   73.55%
L2-Store-Misses:         5425508   26.45%
L2-Store-Accesses:      20513817  100.00%

L2-Total-Hits:         173939365   71.19%
L2-Total-Misses:        70380599   28.81%
L2-Total-Accesses:     244319964  100.00%

