Total Instructions: 21500896025
Total Cycles: 43522491549
IPC: 0.494018

Two level cache hierarchy:
  L1-Data Cache:
    Size(KB):          64
    Block Size(B):     64
    Associativity:      4

  L2-Data Cache:
    Size(KB):        1024
    Block Size(B):    128
    Associativity:      8

Latencies:    1   10  150
L1-Sets: LRU assoc:   4
L2-Sets: LRU assoc:   8
Store_allocation: Yes
L2_inclusive: Yes

L1 Cache Stats:
L1-Load-Hits:        6229006288   96.74%
L1-Load-Misses:       209891345    3.26%
L1-Load-Accesses:    6438897633  100.00%

L1-Store-Hits:        2713794280   99.30%
L1-Store-Misses:        19096451    0.70%
L1-Store-Accesses:    2732890731  100.00%

L1-Total-Hits:        8942800568   97.50%
L1-Total-Misses:       228987796    2.50%
L1-Total-Accesses:    9171788364  100.00%

L2 Cache Stats:
L2-Load-Hits:         144917650   69.04%
L2-Load-Misses:        64973695   30.96%
L2-Load-Accesses:     209891345  100.00%

L2-Store-Hits:          13670618   71.59%
L2-Store-Misses:         5425833   28.41%
L2-Store-Accesses:      19096451  100.00%

L2-Total-Hits:         158588268   69.26%
L2-Total-Misses:        70399528   30.74%
L2-Total-Accesses:     228987796  100.00%

