Total Instructions: 21500896045
Total Cycles: 43521511294
IPC: 0.494029

Two level cache hierarchy:
  L1-Data Cache:
    Size(KB):          64
    Block Size(B):     64
    Associativity:      8

  L2-Data Cache:
    Size(KB):        1024
    Block Size(B):    128
    Associativity:      8

Latencies:    1   10  150
L1-Sets: LRU assoc:   8
L2-Sets: LRU assoc:   8
Store_allocation: Yes
L2_inclusive: Yes

L1 Cache Stats:
L1-Load-Hits:        6228840306   96.74%
L1-Load-Misses:       210057341    3.26%
L1-Load-Accesses:    6438897647  100.00%

L1-Store-Hits:        2713840596   99.30%
L1-Store-Misses:        19050136    0.70%
L1-Store-Accesses:    2732890732  100.00%

L1-Total-Hits:        8942680902   97.50%
L1-Total-Misses:       229107477    2.50%
L1-Total-Accesses:    9171788379  100.00%

L2 Cache Stats:
L2-Load-Hits:         145097674   69.08%
L2-Load-Misses:        64959667   30.92%
L2-Load-Accesses:     210057341  100.00%

L2-Store-Hits:          13624789   71.52%
L2-Store-Misses:         5425347   28.48%
L2-Store-Accesses:      19050136  100.00%

L2-Total-Hits:         158722463   69.28%
L2-Total-Misses:        70385014   30.72%
L2-Total-Accesses:     229107477  100.00%

