Total Instructions: 23746595026
Total Cycles: 40532302515
IPC: 0.585868

Two level cache hierarchy:
  L1-Data Cache:
    Size(KB):          32
    Block Size(B):     64
    Associativity:      8

  L2-Data Cache:
    Size(KB):        1024
    Block Size(B):    128
    Associativity:      8

Latencies:    1   10  150
L1-Sets: LRU assoc:   8
L2-Sets: LRU assoc:   8
Store_allocation: Yes
L2_inclusive: Yes

L1 Cache Stats:
L1-Load-Hits:        6601580422   97.57%
L1-Load-Misses:       164226732    2.43%
L1-Load-Accesses:    6765807154  100.00%

L1-Store-Hits:         931395892   98.78%
L1-Store-Misses:        11490393    1.22%
L1-Store-Accesses:     942886285  100.00%

L1-Total-Hits:        7532976314   97.72%
L1-Total-Misses:       175717125    2.28%
L1-Total-Accesses:    7708693439  100.00%

L2 Cache Stats:
L2-Load-Hits:         117432520   71.51%
L2-Load-Misses:        46794212   28.49%
L2-Load-Accesses:     164226732  100.00%

L2-Store-Hits:           9485653   82.55%
L2-Store-Misses:         2004740   17.45%
L2-Store-Accesses:      11490393  100.00%

L2-Total-Hits:         126918173   72.23%
L2-Total-Misses:        48798952   27.77%
L2-Total-Accesses:     175717125  100.00%

