Total Instructions: 23746595026
Total Cycles: 40341883865
IPC: 0.588634

Two level cache hierarchy:
  L1-Data Cache:
    Size(KB):          64
    Block Size(B):     64
    Associativity:      4

  L2-Data Cache:
    Size(KB):        1024
    Block Size(B):    128
    Associativity:      8

Latencies:    1   10  150
L1-Sets: LRU assoc:   4
L2-Sets: LRU assoc:   8
Store_allocation: Yes
L2_inclusive: Yes

L1 Cache Stats:
L1-Load-Hits:        6618221369   97.82%
L1-Load-Misses:       147585785    2.18%
L1-Load-Accesses:    6765807154  100.00%

L1-Store-Hits:         933912355   99.05%
L1-Store-Misses:         8973930    0.95%
L1-Store-Accesses:     942886285  100.00%

L1-Total-Hits:        7552133724   97.97%
L1-Total-Misses:       156559715    2.03%
L1-Total-Accesses:    7708693439  100.00%

L2 Cache Stats:
L2-Load-Hits:         100787156   68.29%
L2-Load-Misses:        46798629   31.71%
L2-Load-Accesses:     147585785  100.00%

L2-Store-Hits:           6965904   77.62%
L2-Store-Misses:         2008026   22.38%
L2-Store-Accesses:       8973930  100.00%

L2-Total-Hits:         107753060   68.83%
L2-Total-Misses:        48806655   31.17%
L2-Total-Accesses:     156559715  100.00%

