Total Instructions: 23746595026
Total Cycles: 40280260205
IPC: 0.589534

Two level cache hierarchy:
  L1-Data Cache:
    Size(KB):         128
    Block Size(B):     64
    Associativity:      8

  L2-Data Cache:
    Size(KB):        1024
    Block Size(B):    128
    Associativity:      8

Latencies:    1   10  150
L1-Sets: LRU assoc:   8
L2-Sets: LRU assoc:   8
Store_allocation: Yes
L2_inclusive: Yes

L1 Cache Stats:
L1-Load-Hits:        6624090975   97.91%
L1-Load-Misses:       141716179    2.09%
L1-Load-Accesses:    6765807154  100.00%

L1-Store-Hits:         934754250   99.14%
L1-Store-Misses:         8132035    0.86%
L1-Store-Accesses:     942886285  100.00%

L1-Total-Hits:        7558845225   98.06%
L1-Total-Misses:       149848214    1.94%
L1-Total-Accesses:    7708693439  100.00%

L2 Cache Stats:
L2-Load-Hits:          94883580   66.95%
L2-Load-Misses:        46832599   33.05%
L2-Load-Accesses:     141716179  100.00%

L2-Store-Hits:           6121370   75.27%
L2-Store-Misses:         2010665   24.73%
L2-Store-Accesses:       8132035  100.00%

L2-Total-Hits:         101004950   67.40%
L2-Total-Misses:        48843264   32.60%
L2-Total-Accesses:     149848214  100.00%

