Total Instructions: 7835730658
Total Cycles: 11432159673
IPC: 0.685411

Two level cache hierarchy:
  L1-Data Cache:
    Size(KB):          32
    Block Size(B):     64
    Associativity:      8

  L2-Data Cache:
    Size(KB):        1024
    Block Size(B):    128
    Associativity:      8

Latencies:    1   10  150
L1-Sets: LRU assoc:   8
L2-Sets: LRU assoc:   8
Store_allocation: Yes
L2_inclusive: Yes

L1 Cache Stats:
L1-Load-Hits:        1819200720   98.76%
L1-Load-Misses:        22851008    1.24%
L1-Load-Accesses:    1842051728  100.00%

L1-Store-Hits:         168962221   97.01%
L1-Store-Misses:         5208876    2.99%
L1-Store-Accesses:     174171097  100.00%

L1-Total-Hits:        1988162941   98.61%
L1-Total-Misses:        28059884    1.39%
L1-Total-Accesses:    2016222825  100.00%

L2 Cache Stats:
L2-Load-Hits:          16629982   72.78%
L2-Load-Misses:         6221026   27.22%
L2-Load-Accesses:      22851008  100.00%

L2-Store-Hits:           2765853   53.10%
L2-Store-Misses:         2443023   46.90%
L2-Store-Accesses:       5208876  100.00%

L2-Total-Hits:          19395835   69.12%
L2-Total-Misses:         8664049   30.88%
L2-Total-Accesses:      28059884  100.00%

