Total Instructions: 7835730658
Total Cycles: 11369085433
IPC: 0.689214

Two level cache hierarchy:
  L1-Data Cache:
    Size(KB):         128
    Block Size(B):     64
    Associativity:      8

  L2-Data Cache:
    Size(KB):        1024
    Block Size(B):    128
    Associativity:      8

Latencies:    1   10  150
L1-Sets: LRU assoc:   8
L2-Sets: LRU assoc:   8
Store_allocation: Yes
L2_inclusive: Yes

L1 Cache Stats:
L1-Load-Hits:        1825489549   99.10%
L1-Load-Misses:        16562179    0.90%
L1-Load-Accesses:    1842051728  100.00%

L1-Store-Hits:         168968876   97.01%
L1-Store-Misses:         5202221    2.99%
L1-Store-Accesses:     174171097  100.00%

L1-Total-Hits:        1994458425   98.92%
L1-Total-Misses:        21764400    1.08%
L1-Total-Accesses:    2016222825  100.00%

L2 Cache Stats:
L2-Load-Hits:          10342052   62.44%
L2-Load-Misses:         6220127   37.56%
L2-Load-Accesses:      16562179  100.00%

L2-Store-Hits:           2759095   53.04%
L2-Store-Misses:         2443126   46.96%
L2-Store-Accesses:       5202221  100.00%

L2-Total-Hits:          13101147   60.20%
L2-Total-Misses:         8663253   39.80%
L2-Total-Accesses:      21764400  100.00%

