Total Instructions: 29337086287
Total Cycles: 44878780942
IPC: 0.653696

Two level cache hierarchy:
  L1-Data Cache:
    Size(KB):          64
    Block Size(B):     64
    Associativity:      4

  L2-Data Cache:
    Size(KB):        1024
    Block Size(B):    128
    Associativity:      8

Latencies:    1   10  150
L1-Sets: LRU assoc:   4
L2-Sets: LRU assoc:   8
Store_allocation: Yes
L2_inclusive: Yes

L1 Cache Stats:
L1-Load-Hits:        9089681360   99.60%
L1-Load-Misses:        36471967    0.40%
L1-Load-Accesses:    9126153327  100.00%

L1-Store-Hits:        4690284846   99.80%
L1-Store-Misses:         9202492    0.20%
L1-Store-Accesses:    4699487338  100.00%

L1-Total-Hits:       13779966206   99.67%
L1-Total-Misses:        45674459    0.33%
L1-Total-Accesses:   13825640665  100.00%

L2 Cache Stats:
L2-Load-Hits:          30356467   83.23%
L2-Load-Misses:         6115500   16.77%
L2-Load-Accesses:      36471967  100.00%

L2-Store-Hits:           6922596   75.23%
L2-Store-Misses:         2279896   24.77%
L2-Store-Accesses:       9202492  100.00%

L2-Total-Hits:          37279063   81.62%
L2-Total-Misses:         8395396   18.38%
L2-Total-Accesses:      45674459  100.00%

