Total Instructions: 4128219492
Total Cycles: 5655746157
IPC: 0.729916

Two level cache hierarchy:
  L1-Data Cache:
    Size(KB):          64
    Block Size(B):     64
    Associativity:      8

  L2-Data Cache:
    Size(KB):        1024
    Block Size(B):    128
    Associativity:      8

Latencies:    1   10  150
L1-Sets: LRU assoc:   8
L2-Sets: LRU assoc:   8
Store_allocation: No
L2_inclusive: Yes

L1 Cache Stats:
L1-Load-Hits:         875355148   99.57%
L1-Load-Misses:         3812696    0.43%
L1-Load-Accesses:     879167844  100.00%

L1-Store-Hits:         323052314   98.01%
L1-Store-Misses:         6553627    1.99%
L1-Store-Accesses:     329605941  100.00%

L1-Total-Hits:        1198407462   99.14%
L1-Total-Misses:        10366323    0.86%
L1-Total-Accesses:    1208773785  100.00%

L2 Cache Stats:
L2-Load-Hits:           2583669   67.76%
L2-Load-Misses:         1229027   32.24%
L2-Load-Accesses:       3812696  100.00%

L2-Store-Hits:           6348723   96.87%
L2-Store-Misses:          204904    3.13%
L2-Store-Accesses:       6553627  100.00%

L2-Total-Hits:           8932392   86.17%
L2-Total-Misses:         1433931   13.83%
L2-Total-Accesses:      10366323  100.00%

