Total Instructions: 4128219492
Total Cycles: 5668423247
IPC: 0.728284

Two level cache hierarchy:
  L1-Data Cache:
    Size(KB):          32
    Block Size(B):     64
    Associativity:      8

  L2-Data Cache:
    Size(KB):        1024
    Block Size(B):    128
    Associativity:      8

Latencies:    1   10  150
L1-Sets: LRU assoc:   8
L2-Sets: LRU assoc:   8
Store_allocation: No
L2_inclusive: Yes

L1 Cache Stats:
L1-Load-Hits:         874142820   99.43%
L1-Load-Misses:         5025024    0.57%
L1-Load-Accesses:     879167844  100.00%

L1-Store-Hits:         323001373   98.00%
L1-Store-Misses:         6604568    2.00%
L1-Store-Accesses:     329605941  100.00%

L1-Total-Hits:        1197144193   99.04%
L1-Total-Misses:        11629592    0.96%
L1-Total-Accesses:    1208773785  100.00%

L2 Cache Stats:
L2-Load-Hits:           3795701   75.54%
L2-Load-Misses:         1229323   24.46%
L2-Load-Accesses:       5025024  100.00%

L2-Store-Hits:           6399664   96.90%
L2-Store-Misses:          204904    3.10%
L2-Store-Accesses:       6604568  100.00%

L2-Total-Hits:          10195365   87.67%
L2-Total-Misses:         1434227   12.33%
L2-Total-Accesses:      11629592  100.00%

