Total Instructions: 4128219523
Total Cycles: 5654539840
IPC: 0.730072

Two level cache hierarchy:
  L1-Data Cache:
    Size(KB):         128
    Block Size(B):     64
    Associativity:      8

  L2-Data Cache:
    Size(KB):        1024
    Block Size(B):    128
    Associativity:      8

Latencies:    1   10  150
L1-Sets: LRU assoc:   8
L2-Sets: LRU assoc:   8
Store_allocation: No
L2_inclusive: Yes

L1 Cache Stats:
L1-Load-Hits:         875474310   99.58%
L1-Load-Misses:         3693544    0.42%
L1-Load-Accesses:     879167854  100.00%

L1-Store-Hits:         323052315   98.01%
L1-Store-Misses:         6553628    1.99%
L1-Store-Accesses:     329605943  100.00%

L1-Total-Hits:        1198526625   99.15%
L1-Total-Misses:        10247172    0.85%
L1-Total-Accesses:    1208773797  100.00%

L2 Cache Stats:
L2-Load-Hits:           2464617   66.73%
L2-Load-Misses:         1228927   33.27%
L2-Load-Accesses:       3693544  100.00%

L2-Store-Hits:           6348723   96.87%
L2-Store-Misses:          204905    3.13%
L2-Store-Accesses:       6553628  100.00%

L2-Total-Hits:           8813340   86.01%
L2-Total-Misses:         1433832   13.99%
L2-Total-Accesses:      10247172  100.00%

