Total Instructions: 11984332574
Total Cycles: 17150715100
IPC: 0.698766

Two level cache hierarchy:
  L1-Data Cache:
    Size(KB):          16
    Block Size(B):     64
    Associativity:      4

  L2-Data Cache:
    Size(KB):        1024
    Block Size(B):    128
    Associativity:      8

Latencies:    1   10  150
L1-Sets: LRU assoc:   4
L2-Sets: LRU assoc:   8
Store_allocation: No
L2_inclusive: Yes

L1 Cache Stats:
L1-Load-Hits:        2177944452   94.83%
L1-Load-Misses:       118831436    5.17%
L1-Load-Accesses:    2296775888  100.00%

L1-Store-Hits:         588909006   87.44%
L1-Store-Misses:        84562202   12.56%
L1-Store-Accesses:     673471208  100.00%

L1-Total-Hits:        2766853458   93.15%
L1-Total-Misses:       203393638    6.85%
L1-Total-Accesses:    2970247096  100.00%

L2 Cache Stats:
L2-Load-Hits:         118219464   99.49%
L2-Load-Misses:          611972    0.51%
L2-Load-Accesses:     118831436  100.00%

L2-Store-Hits:          84092847   99.44%
L2-Store-Misses:          469355    0.56%
L2-Store-Accesses:      84562202  100.00%

L2-Total-Hits:         202312311   99.47%
L2-Total-Misses:         1081327    0.53%
L2-Total-Accesses:     203393638  100.00%

