Total Instructions: 11984339797
Total Cycles: 17008426879
IPC: 0.704612

Two level cache hierarchy:
  L1-Data Cache:
    Size(KB):          32
    Block Size(B):     64
    Associativity:      8

  L2-Data Cache:
    Size(KB):        1024
    Block Size(B):    128
    Associativity:      8

Latencies:    1   10  150
L1-Sets: LRU assoc:   8
L2-Sets: LRU assoc:   8
Store_allocation: No
L2_inclusive: Yes

L1 Cache Stats:
L1-Load-Hits:        2180467062   94.94%
L1-Load-Misses:       116309580    5.06%
L1-Load-Accesses:    2296776642  100.00%

L1-Store-Hits:         600626837   89.18%
L1-Store-Misses:        72844373   10.82%
L1-Store-Accesses:     673471210  100.00%

L1-Total-Hits:        2781093899   93.63%
L1-Total-Misses:       189153953    6.37%
L1-Total-Accesses:    2970247852  100.00%

L2 Cache Stats:
L2-Load-Hits:         115696954   99.47%
L2-Load-Misses:          612626    0.53%
L2-Load-Accesses:     116309580  100.00%

L2-Store-Hits:          72375001   99.36%
L2-Store-Misses:          469372    0.64%
L2-Store-Accesses:      72844373  100.00%

L2-Total-Hits:         188071955   99.43%
L2-Total-Misses:         1081998    0.57%
L2-Total-Accesses:     189153953  100.00%

