Total Instructions: 11984332574
Total Cycles: 15926243800
IPC: 0.75249

Two level cache hierarchy:
  L1-Data Cache:
    Size(KB):         128
    Block Size(B):     64
    Associativity:      8

  L2-Data Cache:
    Size(KB):        1024
    Block Size(B):    128
    Associativity:      8

Latencies:    1   10  150
L1-Sets: LRU assoc:   8
L2-Sets: LRU assoc:   8
Store_allocation: No
L2_inclusive: Yes

L1 Cache Stats:
L1-Load-Hits:        2260917822   98.44%
L1-Load-Misses:        35858066    1.56%
L1-Load-Accesses:    2296775888  100.00%

L1-Store-Hits:         628354641   93.30%
L1-Store-Misses:        45116567    6.70%
L1-Store-Accesses:     673471208  100.00%

L1-Total-Hits:        2889272463   97.27%
L1-Total-Misses:        80974633    2.73%
L1-Total-Accesses:    2970247096  100.00%

L2 Cache Stats:
L2-Load-Hits:          35247574   98.30%
L2-Load-Misses:          610492    1.70%
L2-Load-Accesses:      35858066  100.00%

L2-Store-Hits:          44647607   98.96%
L2-Store-Misses:          468960    1.04%
L2-Store-Accesses:      45116567  100.00%

L2-Total-Hits:          79895181   98.67%
L2-Total-Misses:         1079452    1.33%
L2-Total-Accesses:      80974633  100.00%

