Total Instructions: 11984332574
Total Cycles: 16615410590
IPC: 0.721278

Two level cache hierarchy:
  L1-Data Cache:
    Size(KB):          64
    Block Size(B):     64
    Associativity:      4

  L2-Data Cache:
    Size(KB):        1024
    Block Size(B):    128
    Associativity:      8

Latencies:    1   10  150
L1-Sets: LRU assoc:   4
L2-Sets: LRU assoc:   8
Store_allocation: No
L2_inclusive: Yes

L1 Cache Stats:
L1-Load-Hits:        2195897025   95.61%
L1-Load-Misses:       100878863    4.39%
L1-Load-Accesses:    2296775888  100.00%

L1-Store-Hits:         624513344   92.73%
L1-Store-Misses:        48957864    7.27%
L1-Store-Accesses:     673471208  100.00%

L1-Total-Hits:        2820410369   94.96%
L1-Total-Misses:       149836727    5.04%
L1-Total-Accesses:    2970247096  100.00%

L2 Cache Stats:
L2-Load-Hits:         100265433   99.39%
L2-Load-Misses:          613430    0.61%
L2-Load-Accesses:     100878863  100.00%

L2-Store-Hits:          48488203   99.04%
L2-Store-Misses:          469661    0.96%
L2-Store-Accesses:      48957864  100.00%

L2-Total-Hits:         148753636   99.28%
L2-Total-Misses:         1083091    0.72%
L2-Total-Accesses:     149836727  100.00%

