Total Instructions: 1493336776
Total Cycles: 7395253074
IPC: 0.201932

Two level cache hierarchy:
  L1-Data Cache:
    Size(KB):          32
    Block Size(B):     64
    Associativity:      4

  L2-Data Cache:
    Size(KB):        1024
    Block Size(B):    128
    Associativity:      8

Latencies:    1   10  150
L1-Sets: LRU assoc:   4
L2-Sets: LRU assoc:   8
Store_allocation: No
L2_inclusive: Yes

L1 Cache Stats:
L1-Load-Hits:         231004101   76.41%
L1-Load-Misses:        71325998   23.59%
L1-Load-Accesses:     302330099  100.00%

L1-Store-Hits:         101483189   98.61%
L1-Store-Misses:         1431880    1.39%
L1-Store-Accesses:     102915069  100.00%

L1-Total-Hits:         332487290   82.05%
L1-Total-Misses:        72757878   17.95%
L1-Total-Accesses:     405245168  100.00%

L2 Cache Stats:
L2-Load-Hits:          39532865   55.43%
L2-Load-Misses:        31793133   44.57%
L2-Load-Accesses:      71325998  100.00%

L2-Store-Hits:           1431064   99.94%
L2-Store-Misses:             816    0.06%
L2-Store-Accesses:       1431880  100.00%

L2-Total-Hits:          40963929   56.30%
L2-Total-Misses:        31793949   43.70%
L2-Total-Accesses:      72757878  100.00%

