Total Instructions: 1493336745
Total Cycles: 7376093411
IPC: 0.202456

Two level cache hierarchy:
  L1-Data Cache:
    Size(KB):         128
    Block Size(B):     64
    Associativity:      8

  L2-Data Cache:
    Size(KB):        1024
    Block Size(B):    128
    Associativity:      8

Latencies:    1   10  150
L1-Sets: LRU assoc:   8
L2-Sets: LRU assoc:   8
Store_allocation: No
L2_inclusive: Yes

L1 Cache Stats:
L1-Load-Hits:         232955063   77.05%
L1-Load-Misses:        69375026   22.95%
L1-Load-Accesses:     302330089  100.00%

L1-Store-Hits:         101522982   98.65%
L1-Store-Misses:         1392085    1.35%
L1-Store-Accesses:     102915067  100.00%

L1-Total-Hits:         334478045   82.54%
L1-Total-Misses:        70767111   17.46%
L1-Total-Accesses:     405245156  100.00%

L2 Cache Stats:
L2-Load-Hits:          37576387   54.16%
L2-Load-Misses:        31798639   45.84%
L2-Load-Accesses:      69375026  100.00%

L2-Store-Hits:           1391788   99.98%
L2-Store-Misses:             297    0.02%
L2-Store-Accesses:       1392085  100.00%

L2-Total-Hits:          38968175   55.07%
L2-Total-Misses:        31798936   44.93%
L2-Total-Accesses:      70767111  100.00%

