Total Instructions: 1493336776
Total Cycles: 7406381104
IPC: 0.201628

Two level cache hierarchy:
  L1-Data Cache:
    Size(KB):          32
    Block Size(B):     64
    Associativity:      8

  L2-Data Cache:
    Size(KB):        1024
    Block Size(B):    128
    Associativity:      8

Latencies:    1   10  150
L1-Sets: LRU assoc:   8
L2-Sets: LRU assoc:   8
Store_allocation: No
L2_inclusive: Yes

L1 Cache Stats:
L1-Load-Hits:         229921684   76.05%
L1-Load-Misses:        72408415   23.95%
L1-Load-Accesses:     302330099  100.00%

L1-Store-Hits:         101504493   98.63%
L1-Store-Misses:         1410576    1.37%
L1-Store-Accesses:     102915069  100.00%

L1-Total-Hits:         331426177   81.78%
L1-Total-Misses:        73818991   18.22%
L1-Total-Accesses:     405245168  100.00%

L2 Cache Stats:
L2-Load-Hits:          40612858   56.09%
L2-Load-Misses:        31795557   43.91%
L2-Load-Accesses:      72408415  100.00%

L2-Store-Hits:           1408738   99.87%
L2-Store-Misses:            1838    0.13%
L2-Store-Accesses:       1410576  100.00%

L2-Total-Hits:          42021596   56.93%
L2-Total-Misses:        31797395   43.07%
L2-Total-Accesses:      73818991  100.00%

