Total Instructions: 21500896082
Total Cycles: 44098519820
IPC: 0.487565

Two level cache hierarchy:
  L1-Data Cache:
    Size(KB):         128
    Block Size(B):     64
    Associativity:      8

  L2-Data Cache:
    Size(KB):        1024
    Block Size(B):    128
    Associativity:      8

Latencies:    1   10  150
L1-Sets: LRU assoc:   8
L2-Sets: LRU assoc:   8
Store_allocation: No
L2_inclusive: Yes

L1 Cache Stats:
L1-Load-Hits:        6231767549   96.78%
L1-Load-Misses:       207130104    3.22%
L1-Load-Accesses:    6438897653  100.00%

L1-Store-Hits:        2653425398   97.09%
L1-Store-Misses:        79465327    2.91%
L1-Store-Accesses:    2732890725  100.00%

L1-Total-Hits:        8885192947   96.88%
L1-Total-Misses:       286595431    3.12%
L1-Total-Accesses:    9171788378  100.00%

L2 Cache Stats:
L2-Load-Hits:         142155209   68.63%
L2-Load-Misses:        64974895   31.37%
L2-Load-Accesses:     207130104  100.00%

L2-Store-Hits:          74041015   93.17%
L2-Store-Misses:         5424312    6.83%
L2-Store-Accesses:      79465327  100.00%

L2-Total-Hits:         216196224   75.44%
L2-Total-Misses:        70399207   24.56%
L2-Total-Accesses:     286595431  100.00%

