Total Instructions: 21500896080
Total Cycles: 44171979161
IPC: 0.486754

Two level cache hierarchy:
  L1-Data Cache:
    Size(KB):          64
    Block Size(B):     64
    Associativity:      4

  L2-Data Cache:
    Size(KB):        1024
    Block Size(B):    128
    Associativity:      8

Latencies:    1   10  150
L1-Sets: LRU assoc:   4
L2-Sets: LRU assoc:   8
Store_allocation: No
L2_inclusive: Yes

L1 Cache Stats:
L1-Load-Hits:        6224599308   96.67%
L1-Load-Misses:       214298343    3.33%
L1-Load-Accesses:    6438897651  100.00%

L1-Store-Hits:        2653128454   97.08%
L1-Store-Misses:        79762286    2.92%
L1-Store-Accesses:    2732890740  100.00%

L1-Total-Hits:        8877727762   96.79%
L1-Total-Misses:       294060629    3.21%
L1-Total-Accesses:    9171788391  100.00%

L2 Cache Stats:
L2-Load-Hits:         149332668   69.68%
L2-Load-Misses:        64965675   30.32%
L2-Load-Accesses:     214298343  100.00%

L2-Store-Hits:          74336705   93.20%
L2-Store-Misses:         5425581    6.80%
L2-Store-Accesses:      79762286  100.00%

L2-Total-Hits:         223669373   76.06%
L2-Total-Misses:        70391256   23.94%
L2-Total-Accesses:     294060629  100.00%

