Total Instructions: 7835730689
Total Cycles: 11598760856
IPC: 0.675566

Two level cache hierarchy:
  L1-Data Cache:
    Size(KB):          64
    Block Size(B):     64
    Associativity:      8

  L2-Data Cache:
    Size(KB):        1024
    Block Size(B):    128
    Associativity:      8

Latencies:    1   10  150
L1-Sets: LRU assoc:   8
L2-Sets: LRU assoc:   8
Store_allocation: No
L2_inclusive: Yes

L1 Cache Stats:
L1-Load-Hits:        1821929456   98.91%
L1-Load-Misses:        20122282    1.09%
L1-Load-Accesses:    1842051738  100.00%

L1-Store-Hits:         149569318   85.87%
L1-Store-Misses:        24601781   14.13%
L1-Store-Accesses:     174171099  100.00%

L1-Total-Hits:        1971498774   97.78%
L1-Total-Misses:        44724063    2.22%
L1-Total-Accesses:    2016222837  100.00%

L2 Cache Stats:
L2-Load-Hits:          13901613   69.09%
L2-Load-Misses:         6220669   30.91%
L2-Load-Accesses:      20122282  100.00%

L2-Store-Hits:          22158672   90.07%
L2-Store-Misses:         2443109    9.93%
L2-Store-Accesses:      24601781  100.00%

L2-Total-Hits:          36060285   80.63%
L2-Total-Misses:         8663778   19.37%
L2-Total-Accesses:      44724063  100.00%

