Total Instructions: 29337086287
Total Cycles: 45566873732
IPC: 0.643825

Two level cache hierarchy:
  L1-Data Cache:
    Size(KB):         128
    Block Size(B):     64
    Associativity:      8

  L2-Data Cache:
    Size(KB):        1024
    Block Size(B):    128
    Associativity:      8

Latencies:    1   10  150
L1-Sets: LRU assoc:   8
L2-Sets: LRU assoc:   8
Store_allocation: No
L2_inclusive: Yes

L1 Cache Stats:
L1-Load-Hits:        9096877617   99.68%
L1-Load-Misses:        29275710    0.32%
L1-Load-Accesses:    9126153327  100.00%

L1-Store-Hits:        4614474850   98.19%
L1-Store-Misses:        85012488    1.81%
L1-Store-Accesses:    4699487338  100.00%

L1-Total-Hits:       13711352467   99.17%
L1-Total-Misses:       114288198    0.83%
L1-Total-Accesses:   13825640665  100.00%

L2 Cache Stats:
L2-Load-Hits:          23149569   79.07%
L2-Load-Misses:         6126141   20.93%
L2-Load-Accesses:      29275710  100.00%

L2-Store-Hits:          82730197   97.32%
L2-Store-Misses:         2282291    2.68%
L2-Store-Accesses:      85012488  100.00%

L2-Total-Hits:         105879766   92.64%
L2-Total-Misses:         8408432    7.36%
L2-Total-Accesses:     114288198  100.00%

