Total Instructions: 29337086287
Total Cycles: 45797513452
IPC: 0.640583

Two level cache hierarchy:
  L1-Data Cache:
    Size(KB):          64
    Block Size(B):     64
    Associativity:      4

  L2-Data Cache:
    Size(KB):        1024
    Block Size(B):    128
    Associativity:      8

Latencies:    1   10  150
L1-Sets: LRU assoc:   4
L2-Sets: LRU assoc:   8
Store_allocation: No
L2_inclusive: Yes

L1 Cache Stats:
L1-Load-Hits:        9089654445   99.60%
L1-Load-Misses:        36498882    0.40%
L1-Load-Accesses:    9126153327  100.00%

L1-Store-Hits:        4598502005   97.85%
L1-Store-Misses:       100985333    2.15%
L1-Store-Accesses:    4699487338  100.00%

L1-Total-Hits:       13688156450   99.01%
L1-Total-Misses:       137484215    0.99%
L1-Total-Accesses:   13825640665  100.00%

L2 Cache Stats:
L2-Load-Hits:          30378670   83.23%
L2-Load-Misses:         6120212   16.77%
L2-Load-Accesses:      36498882  100.00%

L2-Store-Hits:          98705916   97.74%
L2-Store-Misses:         2279417    2.26%
L2-Store-Accesses:     100985333  100.00%

L2-Total-Hits:         129084586   93.89%
L2-Total-Misses:         8399629    6.11%
L2-Total-Accesses:     137484215  100.00%

