Total Instructions: 7659818232
Total Cycles: 11201393927
IPC: 0.683827

Two level cache hierarchy:
  L1-Data Cache:
    Size(KB):          32
    Block Size(B):     64
    Associativity:      4

  L2-Data Cache:
    Size(KB):        1024
    Block Size(B):    128
    Associativity:      8

Latencies:    1   10  150
L1-Sets: LRU assoc:   4
L2-Sets: LRU assoc:   8
Store_allocation: No
L2_inclusive: Yes

L1 Cache Stats:
L1-Load-Hits:        2214431219   99.84%
L1-Load-Misses:         3627801    0.16%
L1-Load-Accesses:    2218059020  100.00%

L1-Store-Hits:        1095799021   99.62%
L1-Store-Misses:         4232404    0.38%
L1-Store-Accesses:    1100031425  100.00%

L1-Total-Hits:        3310230240   99.76%
L1-Total-Misses:         7860205    0.24%
L1-Total-Accesses:    3318090445  100.00%

L2 Cache Stats:
L2-Load-Hits:           2857139   78.76%
L2-Load-Misses:          770662   21.24%
L2-Load-Accesses:       3627801  100.00%

L2-Store-Hits:           4037178   95.39%
L2-Store-Misses:          195226    4.61%
L2-Store-Accesses:       4232404  100.00%

L2-Total-Hits:           6894317   87.71%
L2-Total-Misses:          965888   12.29%
L2-Total-Accesses:       7860205  100.00%

