Total Instructions: 27435962402
Total Cycles: 38649385114
IPC: 0.709868

Two level cache hierarchy:
  L1-Data Cache:
    Size(KB):          64
    Block Size(B):     64
    Associativity:      8

  L2-Data Cache:
    Size(KB):        1024
    Block Size(B):    128
    Associativity:      8

Latencies:    1   10  150
L1-Sets: LRU assoc:   8
L2-Sets: LRU assoc:   8
Store_allocation: No
L2_inclusive: Yes

L1 Cache Stats:
L1-Load-Hits:        7840421566   99.98%
L1-Load-Misses:         1926027    0.02%
L1-Load-Accesses:    7842347593  100.00%

L1-Store-Hits:        2237287307   95.67%
L1-Store-Misses:       101164672    4.33%
L1-Store-Accesses:    2338451979  100.00%

L1-Total-Hits:       10077708873   98.99%
L1-Total-Misses:       103090699    1.01%
L1-Total-Accesses:   10180799572  100.00%

L2 Cache Stats:
L2-Load-Hits:           1923190   99.85%
L2-Load-Misses:            2837    0.15%
L2-Load-Accesses:       1926027  100.00%

L2-Store-Hits:         101156068   99.99%
L2-Store-Misses:            8604    0.01%
L2-Store-Accesses:     101164672  100.00%

L2-Total-Hits:         103079258   99.99%
L2-Total-Misses:           11441    0.01%
L2-Total-Accesses:     103090699  100.00%

