Total Instructions: 7659818232
Total Cycles: 11165091587
IPC: 0.686051

Two level cache hierarchy:
  L1-Data Cache:
    Size(KB):          32
    Block Size(B):     64
    Associativity:      4

  L2-Data Cache:
    Size(KB):        1024
    Block Size(B):    128
    Associativity:      8

Latencies:    1   10  150
L1-Sets: LRU assoc:   4
L2-Sets: LRU assoc:   8
Store_allocation: Yes
L2_inclusive: Yes

L1 Cache Stats:
L1-Load-Hits:        2214422180   99.84%
L1-Load-Misses:         3636840    0.16%
L1-Load-Accesses:    2218059020  100.00%

L1-Store-Hits:        1099414414   99.94%
L1-Store-Misses:          617011    0.06%
L1-Store-Accesses:    1100031425  100.00%

L1-Total-Hits:        3313836594   99.87%
L1-Total-Misses:         4253851    0.13%
L1-Total-Accesses:    3318090445  100.00%

L2 Cache Stats:
L2-Load-Hits:           2867829   78.85%
L2-Load-Misses:          769011   21.15%
L2-Load-Accesses:       3636840  100.00%

L2-Store-Hits:            421726   68.35%
L2-Store-Misses:          195285   31.65%
L2-Store-Accesses:        617011  100.00%

L2-Total-Hits:           3289555   77.33%
L2-Total-Misses:          964296   22.67%
L2-Total-Accesses:       4253851  100.00%

