Total Instructions: 7659818232
Total Cycles: 11159417057
IPC: 0.686399

Two level cache hierarchy:
  L1-Data Cache:
    Size(KB):          64
    Block Size(B):     64
    Associativity:      4

  L2-Data Cache:
    Size(KB):        1024
    Block Size(B):    128
    Associativity:      8

Latencies:    1   10  150
L1-Sets: LRU assoc:   4
L2-Sets: LRU assoc:   8
Store_allocation: Yes
L2_inclusive: Yes

L1 Cache Stats:
L1-Load-Hits:        2214955540   99.86%
L1-Load-Misses:         3103480    0.14%
L1-Load-Accesses:    2218059020  100.00%

L1-Store-Hits:        1099448852   99.95%
L1-Store-Misses:          582573    0.05%
L1-Store-Accesses:    1100031425  100.00%

L1-Total-Hits:        3314404392   99.89%
L1-Total-Misses:         3686053    0.11%
L1-Total-Accesses:    3318090445  100.00%

L2 Cache Stats:
L2-Load-Hits:           2333954   75.20%
L2-Load-Misses:          769526   24.80%
L2-Load-Accesses:       3103480  100.00%

L2-Store-Hits:            387780   66.56%
L2-Store-Misses:          194793   33.44%
L2-Store-Accesses:        582573  100.00%

L2-Total-Hits:           2721734   73.84%
L2-Total-Misses:          964319   26.16%
L2-Total-Accesses:       3686053  100.00%

