Total Instructions: 7659818263
Total Cycles: 11176313960
IPC: 0.685362

Two level cache hierarchy:
  L1-Data Cache:
    Size(KB):          16
    Block Size(B):     64
    Associativity:      4

  L2-Data Cache:
    Size(KB):        1024
    Block Size(B):    128
    Associativity:      8

Latencies:    1   10  150
L1-Sets: LRU assoc:   4
L2-Sets: LRU assoc:   8
Store_allocation: Yes
L2_inclusive: Yes

L1 Cache Stats:
L1-Load-Hits:        2213431085   99.79%
L1-Load-Misses:         4627945    0.21%
L1-Load-Accesses:    2218059030  100.00%

L1-Store-Hits:        1099288208   99.93%
L1-Store-Misses:          743219    0.07%
L1-Store-Accesses:    1100031427  100.00%

L1-Total-Hits:        3312719293   99.84%
L1-Total-Misses:         5371164    0.16%
L1-Total-Accesses:    3318090457  100.00%

L2 Cache Stats:
L2-Load-Hits:           3857916   83.36%
L2-Load-Misses:          770029   16.64%
L2-Load-Accesses:       4627945  100.00%

L2-Store-Hits:            548624   73.82%
L2-Store-Misses:          194595   26.18%
L2-Store-Accesses:        743219  100.00%

L2-Total-Hits:           4406540   82.04%
L2-Total-Misses:          964624   17.96%
L2-Total-Accesses:       5371164  100.00%

