Total Instructions: 19193957763
Total Cycles: 55080775133
IPC: 0.348469

Two level cache hierarchy:
  L1-Data Cache:
    Size(KB):         128
    Block Size(B):     64
    Associativity:      8

  L2-Data Cache:
    Size(KB):        1024
    Block Size(B):    128
    Associativity:      8

Latencies:    1   10  150
L1-Sets: LRU assoc:   8
L2-Sets: LRU assoc:   8
Store_allocation: Yes
L2_inclusive: Yes

L1 Cache Stats:
L1-Load-Hits:        7955021181   94.76%
L1-Load-Misses:       440014206    5.24%
L1-Load-Accesses:    8395035387  100.00%

L1-Store-Hits:          55570762   97.23%
L1-Store-Misses:         1582151    2.77%
L1-Store-Accesses:      57152913  100.00%

L1-Total-Hits:        8010591943   94.78%
L1-Total-Misses:       441596357    5.22%
L1-Total-Accesses:    8452188300  100.00%

L2 Cache Stats:
L2-Load-Hits:         287022143   65.23%
L2-Load-Misses:       152992063   34.77%
L2-Load-Accesses:     440014206  100.00%

L2-Store-Hits:           1116444   70.56%
L2-Store-Misses:          465707   29.44%
L2-Store-Accesses:       1582151  100.00%

L2-Total-Hits:         288138587   65.25%
L2-Total-Misses:       153457770   34.75%
L2-Total-Accesses:     441596357  100.00%

