Total Instructions: 27435962371
Total Cycles: 38768529621
IPC: 0.707686

Two level cache hierarchy:
  L1-Data Cache:
    Size(KB):          32
    Block Size(B):     64
    Associativity:      4

  L2-Data Cache:
    Size(KB):        1024
    Block Size(B):    128
    Associativity:      8

Latencies:    1   10  150
L1-Sets: LRU assoc:   4
L2-Sets: LRU assoc:   8
Store_allocation: Yes
L2_inclusive: Yes

L1 Cache Stats:
L1-Load-Hits:        7777958790   99.18%
L1-Load-Misses:        64388793    0.82%
L1-Load-Accesses:    7842347583  100.00%

L1-Store-Hits:        2287835481   97.84%
L1-Store-Misses:        50616496    2.16%
L1-Store-Accesses:    2338451977  100.00%

L1-Total-Hits:       10065794271   98.87%
L1-Total-Misses:       115005289    1.13%
L1-Total-Accesses:   10180799560  100.00%

L2 Cache Stats:
L2-Load-Hits:          64385967  100.00%
L2-Load-Misses:            2826    0.00%
L2-Load-Accesses:      64388793  100.00%

L2-Store-Hits:          50607890   99.98%
L2-Store-Misses:            8606    0.02%
L2-Store-Accesses:      50616496  100.00%

L2-Total-Hits:         114993857   99.99%
L2-Total-Misses:           11432    0.01%
L2-Total-Accesses:     115005289  100.00%

