Total Instructions: 4128219492
Total Cycles: 5382855727
IPC: 0.76692

Two level cache hierarchy:
  L1-Data Cache:
    Size(KB):          32
    Block Size(B):     64
    Associativity:      8

  L2-Data Cache:
    Size(KB):        2048
    Block Size(B):     64
    Associativity:      8

Latencies:    1   10  150
L1-Sets: LRU assoc:   8
L2-Sets: LRU assoc:   8
Store_allocation: Yes
L2_inclusive: Yes

L1 Cache Stats:
L1-Load-Hits:         875425060   99.57%
L1-Load-Misses:         3742784    0.43%
L1-Load-Accesses:     879167844  100.00%

L1-Store-Hits:         329196235   99.88%
L1-Store-Misses:          409706    0.12%
L1-Store-Accesses:     329605941  100.00%

L1-Total-Hits:        1204621295   99.66%
L1-Total-Misses:         4152490    0.34%
L1-Total-Accesses:    1208773785  100.00%

L2 Cache Stats:
L2-Load-Hits:           3717970   99.34%
L2-Load-Misses:           24814    0.66%
L2-Load-Accesses:       3742784  100.00%

L2-Store-Hits:            405603   99.00%
L2-Store-Misses:            4103    1.00%
L2-Store-Accesses:        409706  100.00%

L2-Total-Hits:           4123573   99.30%
L2-Total-Misses:           28917    0.70%
L2-Total-Accesses:       4152490  100.00%

