Total Instructions: 4128219492
Total Cycles: 5495079807
IPC: 0.751257

Two level cache hierarchy:
  L1-Data Cache:
    Size(KB):          32
    Block Size(B):     64
    Associativity:      8

  L2-Data Cache:
    Size(KB):        1024
    Block Size(B):    256
    Associativity:      8

Latencies:    1   10  150
L1-Sets: LRU assoc:   8
L2-Sets: LRU assoc:   8
Store_allocation: Yes
L2_inclusive: Yes

L1 Cache Stats:
L1-Load-Hits:         874639731   99.48%
L1-Load-Misses:         4528113    0.52%
L1-Load-Accesses:     879167844  100.00%

L1-Store-Hits:         329081511   99.84%
L1-Store-Misses:          524430    0.16%
L1-Store-Accesses:     329605941  100.00%

L1-Total-Hits:        1203721242   99.58%
L1-Total-Misses:         5052543    0.42%
L1-Total-Accesses:    1208773785  100.00%

L2 Cache Stats:
L2-Load-Hits:           3913543   86.43%
L2-Load-Misses:          614570   13.57%
L2-Load-Accesses:       4528113  100.00%

L2-Store-Hits:            421926   80.45%
L2-Store-Misses:          102504   19.55%
L2-Store-Accesses:        524430  100.00%

L2-Total-Hits:           4335469   85.81%
L2-Total-Misses:          717074   14.19%
L2-Total-Accesses:       5052543  100.00%

