Total Instructions: 4128219492
Total Cycles: 10713154467
IPC: 0.385341

Two level cache hierarchy:
  L1-Data Cache:
    Size(KB):          32
    Block Size(B):     64
    Associativity:      8

  L2-Data Cache:
    Size(KB):         256
    Block Size(B):    128
    Associativity:      4

Latencies:    1   10  150
L1-Sets: LRU assoc:   8
L2-Sets: LRU assoc:   4
Store_allocation: Yes
L2_inclusive: Yes

L1 Cache Stats:
L1-Load-Hits:         839840974   95.53%
L1-Load-Misses:        39326870    4.47%
L1-Load-Accesses:     879167844  100.00%

L1-Store-Hits:         328991657   99.81%
L1-Store-Misses:          614284    0.19%
L1-Store-Accesses:     329605941  100.00%

L1-Total-Hits:        1168832631   96.70%
L1-Total-Misses:        39941154    3.30%
L1-Total-Accesses:    1208773785  100.00%

L2 Cache Stats:
L2-Load-Hits:           6353443   16.16%
L2-Load-Misses:        32973427   83.84%
L2-Load-Accesses:      39326870  100.00%

L2-Store-Hits:            409380   66.64%
L2-Store-Misses:          204904   33.36%
L2-Store-Accesses:        614284  100.00%

L2-Total-Hits:           6762823   16.93%
L2-Total-Misses:        33178331   83.07%
L2-Total-Accesses:      39941154  100.00%

