Total Instructions: 4128219492
Total Cycles: 5609248337
IPC: 0.735967

Two level cache hierarchy:
  L1-Data Cache:
    Size(KB):          32
    Block Size(B):     64
    Associativity:      8

  L2-Data Cache:
    Size(KB):         512
    Block Size(B):    128
    Associativity:      8

Latencies:    1   10  150
L1-Sets: LRU assoc:   8
L2-Sets: LRU assoc:   8
Store_allocation: Yes
L2_inclusive: Yes

L1 Cache Stats:
L1-Load-Hits:         874072995   99.42%
L1-Load-Misses:         5094849    0.58%
L1-Load-Accesses:     879167844  100.00%

L1-Store-Hits:         328991749   99.81%
L1-Store-Misses:          614192    0.19%
L1-Store-Accesses:     329605941  100.00%

L1-Total-Hits:        1203064744   99.53%
L1-Total-Misses:         5709041    0.47%
L1-Total-Accesses:    1208773785  100.00%

L2 Cache Stats:
L2-Load-Hits:           3865323   75.87%
L2-Load-Misses:         1229526   24.13%
L2-Load-Accesses:       5094849  100.00%

L2-Store-Hits:            409287   66.64%
L2-Store-Misses:          204905   33.36%
L2-Store-Accesses:        614192  100.00%

L2-Total-Hits:           4274610   74.87%
L2-Total-Misses:         1434431   25.13%
L2-Total-Accesses:       5709041  100.00%

