Total Instructions: 4128219492
Total Cycles: 5808776787
IPC: 0.710687

Two level cache hierarchy:
  L1-Data Cache:
    Size(KB):          32
    Block Size(B):     64
    Associativity:      8

  L2-Data Cache:
    Size(KB):        1024
    Block Size(B):     64
    Associativity:      8

Latencies:    1   10  150
L1-Sets: LRU assoc:   8
L2-Sets: LRU assoc:   8
Store_allocation: Yes
L2_inclusive: Yes

L1 Cache Stats:
L1-Load-Hits:         875419859   99.57%
L1-Load-Misses:         3747985    0.43%
L1-Load-Accesses:     879167844  100.00%

L1-Store-Hits:         329196235   99.88%
L1-Store-Misses:          409706    0.12%
L1-Store-Accesses:     329605941  100.00%

L1-Total-Hits:        1204616094   99.66%
L1-Total-Misses:         4157691    0.34%
L1-Total-Accesses:    1208773785  100.00%

L2 Cache Stats:
L2-Load-Hits:           1289647   34.41%
L2-Load-Misses:         2458338   65.59%
L2-Load-Accesses:       3747985  100.00%

L2-Store-Hits:                 0    0.00%
L2-Store-Misses:          409706  100.00%
L2-Store-Accesses:        409706  100.00%

L2-Total-Hits:           1289647   31.02%
L2-Total-Misses:         2868044   68.98%
L2-Total-Accesses:       4157691  100.00%

