Total Instructions: 4128219523
Total Cycles: 10713106500
IPC: 0.385343

Two level cache hierarchy:
  L1-Data Cache:
    Size(KB):          32
    Block Size(B):     64
    Associativity:      8

  L2-Data Cache:
    Size(KB):         512
    Block Size(B):    128
    Associativity:      4

Latencies:    1   10  150
L1-Sets: LRU assoc:   8
L2-Sets: LRU assoc:   4
Store_allocation: Yes
L2_inclusive: Yes

L1 Cache Stats:
L1-Load-Hits:         839841285   95.53%
L1-Load-Misses:        39326569    4.47%
L1-Load-Accesses:     879167854  100.00%

L1-Store-Hits:         328991659   99.81%
L1-Store-Misses:          614284    0.19%
L1-Store-Accesses:     329605943  100.00%

L1-Total-Hits:        1168832944   96.70%
L1-Total-Misses:        39940853    3.30%
L1-Total-Accesses:    1208773797  100.00%

L2 Cache Stats:
L2-Load-Hits:           6353443   16.16%
L2-Load-Misses:        32973126   83.84%
L2-Load-Accesses:      39326569  100.00%

L2-Store-Hits:            409379   66.64%
L2-Store-Misses:          204905   33.36%
L2-Store-Accesses:        614284  100.00%

L2-Total-Hits:           6762822   16.93%
L2-Total-Misses:        33178031   83.07%
L2-Total-Accesses:      39940853  100.00%

