Total Instructions: 4128219523
Total Cycles: 5609286210
IPC: 0.735962

Two level cache hierarchy:
  L1-Data Cache:
    Size(KB):          32
    Block Size(B):     64
    Associativity:      8

  L2-Data Cache:
    Size(KB):        1024
    Block Size(B):    128
    Associativity:     16

Latencies:    1   10  150
L1-Sets: LRU assoc:   8
L2-Sets: LRU assoc:  16
Store_allocation: Yes
L2_inclusive: Yes

L1 Cache Stats:
L1-Load-Hits:         874082967   99.42%
L1-Load-Misses:         5084887    0.58%
L1-Load-Accesses:     879167854  100.00%

L1-Store-Hits:         328973461   99.81%
L1-Store-Misses:          632482    0.19%
L1-Store-Accesses:     329605943  100.00%

L1-Total-Hits:        1203056428   99.53%
L1-Total-Misses:         5717369    0.47%
L1-Total-Accesses:    1208773797  100.00%

L2 Cache Stats:
L2-Load-Hits:           3855663   75.83%
L2-Load-Misses:         1229224   24.17%
L2-Load-Accesses:       5084887  100.00%

L2-Store-Hits:            427578   67.60%
L2-Store-Misses:          204904   32.40%
L2-Store-Accesses:        632482  100.00%

L2-Total-Hits:           4283241   74.92%
L2-Total-Misses:         1434128   25.08%
L2-Total-Accesses:       5717369  100.00%

