Total Instructions: 11984332574
Total Cycles: 16297882640
IPC: 0.735331

Two level cache hierarchy:
  L1-Data Cache:
    Size(KB):          32
    Block Size(B):     64
    Associativity:      8

  L2-Data Cache:
    Size(KB):        1024
    Block Size(B):    128
    Associativity:     16

Latencies:    1   10  150
L1-Sets: LRU assoc:   8
L2-Sets: LRU assoc:  16
Store_allocation: Yes
L2_inclusive: Yes

L1 Cache Stats:
L1-Load-Hits:        2185044673   95.14%
L1-Load-Misses:       111731215    4.86%
L1-Load-Accesses:    2296775888  100.00%

L1-Store-Hits:         667315081   99.09%
L1-Store-Misses:         6156127    0.91%
L1-Store-Accesses:     673471208  100.00%

L1-Total-Hits:        2852359754   96.03%
L1-Total-Misses:       117887342    3.97%
L1-Total-Accesses:    2970247096  100.00%

L2 Cache Stats:
L2-Load-Hits:         111107327   99.44%
L2-Load-Misses:          623888    0.56%
L2-Load-Accesses:     111731215  100.00%

L2-Store-Hits:           5683818   92.33%
L2-Store-Misses:          472309    7.67%
L2-Store-Accesses:       6156127  100.00%

L2-Total-Hits:         116791145   99.07%
L2-Total-Misses:         1096197    0.93%
L2-Total-Accesses:     117887342  100.00%

