Total Instructions: 11984332574
Total Cycles: 16212489440
IPC: 0.739204

Two level cache hierarchy:
  L1-Data Cache:
    Size(KB):          32
    Block Size(B):     64
    Associativity:      8

  L2-Data Cache:
    Size(KB):        1024
    Block Size(B):    256
    Associativity:      8

Latencies:    1   10  150
L1-Sets: LRU assoc:   8
L2-Sets: LRU assoc:   8
Store_allocation: Yes
L2_inclusive: Yes

L1 Cache Stats:
L1-Load-Hits:        2185318403   95.15%
L1-Load-Misses:       111457485    4.85%
L1-Load-Accesses:    2296775888  100.00%

L1-Store-Hits:         667670901   99.14%
L1-Store-Misses:         5800307    0.86%
L1-Store-Accesses:     673471208  100.00%

L1-Total-Hits:        2852989304   96.05%
L1-Total-Misses:       117257792    3.95%
L1-Total-Accesses:    2970247096  100.00%

L2 Cache Stats:
L2-Load-Hits:         111121392   99.70%
L2-Load-Misses:          336093    0.30%
L2-Load-Accesses:     111457485  100.00%

L2-Store-Hits:           5567521   95.99%
L2-Store-Misses:          232786    4.01%
L2-Store-Accesses:       5800307  100.00%

L2-Total-Hits:         116688913   99.51%
L2-Total-Misses:          568879    0.49%
L2-Total-Accesses:     117257792  100.00%

