Total Instructions: 11984332605
Total Cycles: 16296559893
IPC: 0.73539

Two level cache hierarchy:
  L1-Data Cache:
    Size(KB):          32
    Block Size(B):     64
    Associativity:      8

  L2-Data Cache:
    Size(KB):        1024
    Block Size(B):    128
    Associativity:      8

Latencies:    1   10  150
L1-Sets: LRU assoc:   8
L2-Sets: LRU assoc:   8
Store_allocation: Yes
L2_inclusive: Yes

L1 Cache Stats:
L1-Load-Hits:        2185072379   95.14%
L1-Load-Misses:       111703519    4.86%
L1-Load-Accesses:    2296775898  100.00%

L1-Store-Hits:         667169916   99.06%
L1-Store-Misses:         6301294    0.94%
L1-Store-Accesses:     673471210  100.00%

L1-Total-Hits:        2852242295   96.03%
L1-Total-Misses:       118004813    3.97%
L1-Total-Accesses:    2970247108  100.00%

L2 Cache Stats:
L2-Load-Hits:         111093159   99.45%
L2-Load-Misses:          610360    0.55%
L2-Load-Accesses:     111703519  100.00%

L2-Store-Hits:           5832107   92.55%
L2-Store-Misses:          469187    7.45%
L2-Store-Accesses:       6301294  100.00%

L2-Total-Hits:         116925266   99.09%
L2-Total-Misses:         1079547    0.91%
L2-Total-Accesses:     118004813  100.00%

