Total Instructions: 11984332605
Total Cycles: 16436596493
IPC: 0.729125

Two level cache hierarchy:
  L1-Data Cache:
    Size(KB):          32
    Block Size(B):     64
    Associativity:      8

  L2-Data Cache:
    Size(KB):        1024
    Block Size(B):     64
    Associativity:      8

Latencies:    1   10  150
L1-Sets: LRU assoc:   8
L2-Sets: LRU assoc:   8
Store_allocation: Yes
L2_inclusive: Yes

L1 Cache Stats:
L1-Load-Hits:        2185558807   95.16%
L1-Load-Misses:       111217091    4.84%
L1-Load-Accesses:    2296775898  100.00%

L1-Store-Hits:         667802228   99.16%
L1-Store-Misses:         5668982    0.84%
L1-Store-Accesses:     673471210  100.00%

L1-Total-Hits:        2853361035   96.06%
L1-Total-Misses:       116886073    3.94%
L1-Total-Accesses:    2970247108  100.00%

L2 Cache Stats:
L2-Load-Hits:         110070550   98.97%
L2-Load-Misses:         1146541    1.03%
L2-Load-Accesses:     111217091  100.00%

L2-Store-Hits:           4727816   83.40%
L2-Store-Misses:          941166   16.60%
L2-Store-Accesses:       5668982  100.00%

L2-Total-Hits:         114798366   98.21%
L2-Total-Misses:         2087707    1.79%
L2-Total-Accesses:     116886073  100.00%

