Total Instructions: 11984332574
Total Cycles: 16213238620
IPC: 0.73917

Two level cache hierarchy:
  L1-Data Cache:
    Size(KB):          32
    Block Size(B):     64
    Associativity:      8

  L2-Data Cache:
    Size(KB):        2048
    Block Size(B):    128
    Associativity:     16

Latencies:    1   10  150
L1-Sets: LRU assoc:   8
L2-Sets: LRU assoc:  16
Store_allocation: Yes
L2_inclusive: Yes

L1 Cache Stats:
L1-Load-Hits:        2185331092   95.15%
L1-Load-Misses:       111444796    4.85%
L1-Load-Accesses:    2296775888  100.00%

L1-Store-Hits:         667606799   99.13%
L1-Store-Misses:         5864409    0.87%
L1-Store-Accesses:     673471208  100.00%

L1-Total-Hits:        2852937891   96.05%
L1-Total-Misses:       117309205    3.95%
L1-Total-Accesses:    2970247096  100.00%

L2 Cache Stats:
L2-Load-Hits:         111088102   99.68%
L2-Load-Misses:          356694    0.32%
L2-Load-Accesses:     111444796  100.00%

L2-Store-Hits:           5650657   96.36%
L2-Store-Misses:          213752    3.64%
L2-Store-Accesses:       5864409  100.00%

L2-Total-Hits:         116738759   99.51%
L2-Total-Misses:          570446    0.49%
L2-Total-Accesses:     117309205  100.00%

