Total Instructions: 11984332605
Total Cycles: 16575047053
IPC: 0.723035

Two level cache hierarchy:
  L1-Data Cache:
    Size(KB):          32
    Block Size(B):     64
    Associativity:      8

  L2-Data Cache:
    Size(KB):         512
    Block Size(B):     64
    Associativity:      8

Latencies:    1   10  150
L1-Sets: LRU assoc:   8
L2-Sets: LRU assoc:   8
Store_allocation: Yes
L2_inclusive: Yes

L1 Cache Stats:
L1-Load-Hits:        2185540976   95.16%
L1-Load-Misses:       111234922    4.84%
L1-Load-Accesses:    2296775898  100.00%

L1-Store-Hits:         667966658   99.18%
L1-Store-Misses:         5504552    0.82%
L1-Store-Accesses:     673471210  100.00%

L1-Total-Hits:        2853507634   96.07%
L1-Total-Misses:       116739474    3.93%
L1-Total-Accesses:    2970247108  100.00%

L2 Cache Stats:
L2-Load-Hits:         109468484   98.41%
L2-Load-Misses:         1766438    1.59%
L2-Load-Accesses:     111234922  100.00%

L2-Store-Hits:           4250506   77.22%
L2-Store-Misses:         1254046   22.78%
L2-Store-Accesses:       5504552  100.00%

L2-Total-Hits:         113718990   97.41%
L2-Total-Misses:         3020484    2.59%
L2-Total-Accesses:     116739474  100.00%

