Total Instructions: 11984332574
Total Cycles: 16169903280
IPC: 0.741151

Two level cache hierarchy:
  L1-Data Cache:
    Size(KB):          32
    Block Size(B):     64
    Associativity:      8

  L2-Data Cache:
    Size(KB):        2048
    Block Size(B):    256
    Associativity:      8

Latencies:    1   10  150
L1-Sets: LRU assoc:   8
L2-Sets: LRU assoc:   8
Store_allocation: Yes
L2_inclusive: Yes

L1 Cache Stats:
L1-Load-Hits:        2185497747   95.16%
L1-Load-Misses:       111278141    4.84%
L1-Load-Accesses:    2296775888  100.00%

L1-Store-Hits:         667773658   99.15%
L1-Store-Misses:         5697550    0.85%
L1-Store-Accesses:     673471208  100.00%

L1-Total-Hits:        2853271405   96.06%
L1-Total-Misses:       116975691    3.94%
L1-Total-Accesses:    2970247096  100.00%

L2 Cache Stats:
L2-Load-Hits:         111080891   99.82%
L2-Load-Misses:          197250    0.18%
L2-Load-Accesses:     111278141  100.00%

L2-Store-Hits:           5591022   98.13%
L2-Store-Misses:          106528    1.87%
L2-Store-Accesses:       5697550  100.00%

L2-Total-Hits:         116671913   99.74%
L2-Total-Misses:          303778    0.26%
L2-Total-Accesses:     116975691  100.00%

