Total Instructions: 1493336745
Total Cycles: 7374948681
IPC: 0.202488

Two level cache hierarchy:
  L1-Data Cache:
    Size(KB):          32
    Block Size(B):     64
    Associativity:      8

  L2-Data Cache:
    Size(KB):        1024
    Block Size(B):     64
    Associativity:      8

Latencies:    1   10  150
L1-Sets: LRU assoc:   8
L2-Sets: LRU assoc:   8
Store_allocation: Yes
L2_inclusive: Yes

L1 Cache Stats:
L1-Load-Hits:         264776079   87.58%
L1-Load-Misses:        37554010   12.42%
L1-Load-Accesses:     302330089  100.00%

L1-Store-Hits:         102914224  100.00%
L1-Store-Misses:             843    0.00%
L1-Store-Accesses:     102915067  100.00%

L1-Total-Hits:         367690303   90.73%
L1-Total-Misses:        37554853    9.27%
L1-Total-Accesses:     405245156  100.00%

L2 Cache Stats:
L2-Load-Hits:           3548944    9.45%
L2-Load-Misses:        34005066   90.55%
L2-Load-Accesses:      37554010  100.00%

L2-Store-Hits:               454   53.86%
L2-Store-Misses:             389   46.14%
L2-Store-Accesses:           843  100.00%

L2-Total-Hits:           3549398    9.45%
L2-Total-Misses:        34005455   90.55%
L2-Total-Accesses:      37554853  100.00%

