Total Instructions: 1493336776
Total Cycles: 7537779294
IPC: 0.198114

Two level cache hierarchy:
  L1-Data Cache:
    Size(KB):          32
    Block Size(B):     64
    Associativity:      8

  L2-Data Cache:
    Size(KB):         512
    Block Size(B):     64
    Associativity:      8

Latencies:    1   10  150
L1-Sets: LRU assoc:   8
L2-Sets: LRU assoc:   8
Store_allocation: Yes
L2_inclusive: Yes

L1 Cache Stats:
L1-Load-Hits:         264776564   87.58%
L1-Load-Misses:        37553535   12.42%
L1-Load-Accesses:     302330099  100.00%

L1-Store-Hits:         102914184  100.00%
L1-Store-Misses:             885    0.00%
L1-Store-Accesses:     102915069  100.00%

L1-Total-Hits:         367690748   90.73%
L1-Total-Misses:        37554420    9.27%
L1-Total-Accesses:     405245168  100.00%

L2 Cache Stats:
L2-Load-Hits:           2462987    6.56%
L2-Load-Misses:        35090548   93.44%
L2-Load-Accesses:      37553535  100.00%

L2-Store-Hits:               412   46.55%
L2-Store-Misses:             473   53.45%
L2-Store-Accesses:           885  100.00%

L2-Total-Hits:           2463399    6.56%
L2-Total-Misses:        35091021   93.44%
L2-Total-Accesses:      37554420  100.00%

