Total Instructions: 1493336745
Total Cycles: 7065307941
IPC: 0.211362

Two level cache hierarchy:
  L1-Data Cache:
    Size(KB):          32
    Block Size(B):     64
    Associativity:      8

  L2-Data Cache:
    Size(KB):        2048
    Block Size(B):    128
    Associativity:     16

Latencies:    1   10  150
L1-Sets: LRU assoc:   8
L2-Sets: LRU assoc:  16
Store_allocation: Yes
L2_inclusive: Yes

L1 Cache Stats:
L1-Load-Hits:         232071211   76.76%
L1-Load-Misses:        70258878   23.24%
L1-Load-Accesses:     302330089  100.00%

L1-Store-Hits:         102906861   99.99%
L1-Store-Misses:            8206    0.01%
L1-Store-Accesses:     102915067  100.00%

L1-Total-Hits:         334978072   82.66%
L1-Total-Misses:        70267084   17.34%
L1-Total-Accesses:     405245156  100.00%

L2 Cache Stats:
L2-Load-Hits:          40499328   57.64%
L2-Load-Misses:        29759550   42.36%
L2-Load-Accesses:      70258878  100.00%

L2-Store-Hits:              7388   90.03%
L2-Store-Misses:             818    9.97%
L2-Store-Accesses:          8206  100.00%

L2-Total-Hits:          40506716   57.65%
L2-Total-Misses:        29760368   42.35%
L2-Total-Accesses:      70267084  100.00%

