Total Instructions: 1493336745
Total Cycles: 6902057701
IPC: 0.216361

Two level cache hierarchy:
  L1-Data Cache:
    Size(KB):          32
    Block Size(B):     64
    Associativity:      8

  L2-Data Cache:
    Size(KB):        2048
    Block Size(B):    256
    Associativity:      8

Latencies:    1   10  150
L1-Sets: LRU assoc:   8
L2-Sets: LRU assoc:   8
Store_allocation: Yes
L2_inclusive: Yes

L1 Cache Stats:
L1-Load-Hits:         230065568   76.10%
L1-Load-Misses:        72264521   23.90%
L1-Load-Accesses:     302330089  100.00%

L1-Store-Hits:         102904618   99.99%
L1-Store-Misses:           10449    0.01%
L1-Store-Accesses:     102915067  100.00%

L1-Total-Hits:         332970186   82.17%
L1-Total-Misses:        72274970   17.83%
L1-Total-Accesses:     405245156  100.00%

L2 Cache Stats:
L2-Load-Hits:          43727829   60.51%
L2-Load-Misses:        28536692   39.49%
L2-Load-Accesses:      72264521  100.00%

L2-Store-Hits:              8967   85.82%
L2-Store-Misses:            1482   14.18%
L2-Store-Accesses:         10449  100.00%

L2-Total-Hits:          43736796   60.51%
L2-Total-Misses:        28538174   39.49%
L2-Total-Accesses:      72274970  100.00%

