Total Instructions: 1493336776
Total Cycles: 7063767914
IPC: 0.211408

Two level cache hierarchy:
  L1-Data Cache:
    Size(KB):          32
    Block Size(B):     64
    Associativity:      8

  L2-Data Cache:
    Size(KB):        2048
    Block Size(B):    128
    Associativity:      8

Latencies:    1   10  150
L1-Sets: LRU assoc:   8
L2-Sets: LRU assoc:   8
Store_allocation: Yes
L2_inclusive: Yes

L1 Cache Stats:
L1-Load-Hits:         232086245   76.77%
L1-Load-Misses:        70243854   23.23%
L1-Load-Accesses:     302330099  100.00%

L1-Store-Hits:         102900766   99.99%
L1-Store-Misses:           14303    0.01%
L1-Store-Accesses:     102915069  100.00%

L1-Total-Hits:         334987011   82.66%
L1-Total-Misses:        70258157   17.34%
L1-Total-Accesses:     405245168  100.00%

L2 Cache Stats:
L2-Load-Hits:          40494688   57.65%
L2-Load-Misses:        29749166   42.35%
L2-Load-Accesses:      70243854  100.00%

L2-Store-Hits:             12773   89.30%
L2-Store-Misses:            1530   10.70%
L2-Store-Accesses:         14303  100.00%

L2-Total-Hits:          40507461   57.66%
L2-Total-Misses:        29750696   42.34%
L2-Total-Accesses:      70258157  100.00%

