Total Instructions: 1493336745
Total Cycles: 7587867981
IPC: 0.196806

Two level cache hierarchy:
  L1-Data Cache:
    Size(KB):          32
    Block Size(B):     64
    Associativity:      8

  L2-Data Cache:
    Size(KB):         512
    Block Size(B):    128
    Associativity:      4

Latencies:    1   10  150
L1-Sets: LRU assoc:   8
L2-Sets: LRU assoc:   4
Store_allocation: Yes
L2_inclusive: Yes

L1 Cache Stats:
L1-Load-Hits:         228629098   75.62%
L1-Load-Misses:        73700991   24.38%
L1-Load-Accesses:     302330089  100.00%

L1-Store-Hits:         102906660   99.99%
L1-Store-Misses:            8407    0.01%
L1-Store-Accesses:     102915067  100.00%

L1-Total-Hits:         331535758   81.81%
L1-Total-Misses:        73709398   18.19%
L1-Total-Accesses:     405245156  100.00%

L2 Cache Stats:
L2-Load-Hits:          40688609   55.21%
L2-Load-Misses:        33012382   44.79%
L2-Load-Accesses:      73700991  100.00%

L2-Store-Hits:              6175   73.45%
L2-Store-Misses:            2232   26.55%
L2-Store-Accesses:          8407  100.00%

L2-Total-Hits:          40694784   55.21%
L2-Total-Misses:        33014614   44.79%
L2-Total-Accesses:      73709398  100.00%

