Total Instructions: 1493336776
Total Cycles: 7235835964
IPC: 0.206381

Two level cache hierarchy:
  L1-Data Cache:
    Size(KB):          32
    Block Size(B):     64
    Associativity:      8

  L2-Data Cache:
    Size(KB):        1024
    Block Size(B):    256
    Associativity:      8

Latencies:    1   10  150
L1-Sets: LRU assoc:   8
L2-Sets: LRU assoc:   8
Store_allocation: Yes
L2_inclusive: Yes

L1 Cache Stats:
L1-Load-Hits:         228053585   75.43%
L1-Load-Misses:        74276514   24.57%
L1-Load-Accesses:     302330099  100.00%

L1-Store-Hits:         102904661   99.99%
L1-Store-Misses:           10408    0.01%
L1-Store-Accesses:     102915069  100.00%

L1-Total-Hits:         330958246   81.67%
L1-Total-Misses:        74286922   18.33%
L1-Total-Accesses:     405245168  100.00%

L2 Cache Stats:
L2-Load-Hits:          43649588   58.77%
L2-Load-Misses:        30626926   41.23%
L2-Load-Accesses:      74276514  100.00%

L2-Store-Hits:              8102   77.84%
L2-Store-Misses:            2306   22.16%
L2-Store-Accesses:         10408  100.00%

L2-Total-Hits:          43657690   58.77%
L2-Total-Misses:        30629232   41.23%
L2-Total-Accesses:      74286922  100.00%

