Total Instructions: 1493336745
Total Cycles: 7392610211
IPC: 0.202004

Two level cache hierarchy:
  L1-Data Cache:
    Size(KB):          32
    Block Size(B):     64
    Associativity:      8

  L2-Data Cache:
    Size(KB):        1024
    Block Size(B):    128
    Associativity:      8

Latencies:    1   10  150
L1-Sets: LRU assoc:   8
L2-Sets: LRU assoc:   8
Store_allocation: Yes
L2_inclusive: Yes

L1 Cache Stats:
L1-Load-Hits:         229924564   76.05%
L1-Load-Misses:        72405525   23.95%
L1-Load-Accesses:     302330089  100.00%

L1-Store-Hits:         102902041   99.99%
L1-Store-Misses:           13026    0.01%
L1-Store-Accesses:     102915067  100.00%

L1-Total-Hits:         332826605   82.13%
L1-Total-Misses:        72418551   17.87%
L1-Total-Accesses:     405245156  100.00%

L2 Cache Stats:
L2-Load-Hits:          40609422   56.09%
L2-Load-Misses:        31796103   43.91%
L2-Load-Accesses:      72405525  100.00%

L2-Store-Hits:             10177   78.13%
L2-Store-Misses:            2849   21.87%
L2-Store-Accesses:         13026  100.00%

L2-Total-Hits:          40619599   56.09%
L2-Total-Misses:        31798952   43.91%
L2-Total-Accesses:      72418551  100.00%

