Total Instructions: 1493336745
Total Cycles: 7391992231
IPC: 0.202021

Two level cache hierarchy:
  L1-Data Cache:
    Size(KB):          32
    Block Size(B):     64
    Associativity:      8

  L2-Data Cache:
    Size(KB):        1024
    Block Size(B):    128
    Associativity:     16

Latencies:    1   10  150
L1-Sets: LRU assoc:   8
L2-Sets: LRU assoc:  16
Store_allocation: Yes
L2_inclusive: Yes

L1 Cache Stats:
L1-Load-Hits:         229933511   76.05%
L1-Load-Misses:        72396578   23.95%
L1-Load-Accesses:     302330089  100.00%

L1-Store-Hits:         102903112   99.99%
L1-Store-Misses:           11955    0.01%
L1-Store-Accesses:     102915067  100.00%

L1-Total-Hits:         332836623   82.13%
L1-Total-Misses:        72408533   17.87%
L1-Total-Accesses:     405245156  100.00%

L2 Cache Stats:
L2-Load-Hits:          40603883   56.09%
L2-Load-Misses:        31792695   43.91%
L2-Load-Accesses:      72396578  100.00%

L2-Store-Hits:              9150   76.54%
L2-Store-Misses:            2805   23.46%
L2-Store-Accesses:         11955  100.00%

L2-Total-Hits:          40613033   56.09%
L2-Total-Misses:        31795500   43.91%
L2-Total-Accesses:      72408533  100.00%

