Total Instructions: 21500896146
Total Cycles: 51868602704
IPC: 0.414526

Two level cache hierarchy:
  L1-Data Cache:
    Size(KB):          32
    Block Size(B):     64
    Associativity:      8

  L2-Data Cache:
    Size(KB):        2048
    Block Size(B):     64
    Associativity:      8

Latencies:    1   10  150
L1-Sets: LRU assoc:   8
L2-Sets: LRU assoc:   8
Store_allocation: Yes
L2_inclusive: Yes

L1 Cache Stats:
L1-Load-Hits:        6287501544   97.65%
L1-Load-Misses:       151396135    2.35%
L1-Load-Accesses:    6438897679  100.00%

L1-Store-Hits:        2721460698   99.58%
L1-Store-Misses:        11430021    0.42%
L1-Store-Accesses:    2732890719  100.00%

L1-Total-Hits:        9008962242   98.22%
L1-Total-Misses:       162826156    1.78%
L1-Total-Accesses:    9171788398  100.00%

L2 Cache Stats:
L2-Load-Hits:          30976100   20.46%
L2-Load-Misses:       120420035   79.54%
L2-Load-Accesses:     151396135  100.00%

L2-Store-Hits:           1399012   12.24%
L2-Store-Misses:        10031009   87.76%
L2-Store-Accesses:      11430021  100.00%

L2-Total-Hits:          32375112   19.88%
L2-Total-Misses:       130451044   80.12%
L2-Total-Accesses:     162826156  100.00%

