Total Instructions: 21500896121
Total Cycles: 37745467089
IPC: 0.569629

Two level cache hierarchy:
  L1-Data Cache:
    Size(KB):          32
    Block Size(B):     64
    Associativity:      8

  L2-Data Cache:
    Size(KB):        2048
    Block Size(B):    256
    Associativity:      8

Latencies:    1   10  150
L1-Sets: LRU assoc:   8
L2-Sets: LRU assoc:   8
Store_allocation: Yes
L2_inclusive: Yes

L1 Cache Stats:
L1-Load-Hits:        6250541777   97.07%
L1-Load-Misses:       188355891    2.93%
L1-Load-Accesses:    6438897668  100.00%

L1-Store-Hits:        2717567155   99.44%
L1-Store-Misses:        15323585    0.56%
L1-Store-Accesses:    2732890740  100.00%

L1-Total-Hits:        8968108932   97.78%
L1-Total-Misses:       203679476    2.22%
L1-Total-Accesses:    9171788408  100.00%

L2 Cache Stats:
L2-Load-Hits:         157397201   83.56%
L2-Load-Misses:        30958690   16.44%
L2-Load-Accesses:     188355891  100.00%

L2-Store-Hits:          12709023   82.94%
L2-Store-Misses:         2614562   17.06%
L2-Store-Accesses:      15323585  100.00%

L2-Total-Hits:         170106224   83.52%
L2-Total-Misses:        33573252   16.48%
L2-Total-Accesses:     203679476  100.00%

