Total Instructions: 21500896180
Total Cycles: 43085834951
IPC: 0.499025

Two level cache hierarchy:
  L1-Data Cache:
    Size(KB):          32
    Block Size(B):     64
    Associativity:      8

  L2-Data Cache:
    Size(KB):        2048
    Block Size(B):    128
    Associativity:     16

Latencies:    1   10  150
L1-Sets: LRU assoc:   8
L2-Sets: LRU assoc:  16
Store_allocation: Yes
L2_inclusive: Yes

L1 Cache Stats:
L1-Load-Hits:        6220128727   96.60%
L1-Load-Misses:       218768963    3.40%
L1-Load-Accesses:    6438897690  100.00%

L1-Store-Hits:        2714077174   99.31%
L1-Store-Misses:        18813557    0.69%
L1-Store-Accesses:    2732890731  100.00%

L1-Total-Hits:        8934205901   97.41%
L1-Total-Misses:       237582520    2.59%
L1-Total-Accesses:    9171788421  100.00%

L2 Cache Stats:
L2-Load-Hits:         156926994   71.73%
L2-Load-Misses:        61841969   28.27%
L2-Load-Accesses:     218768963  100.00%

L2-Store-Hits:          13740025   73.03%
L2-Store-Misses:         5073532   26.97%
L2-Store-Accesses:      18813557  100.00%

L2-Total-Hits:         170667019   71.83%
L2-Total-Misses:        66915501   28.17%
L2-Total-Accesses:     237582520  100.00%

