Total Instructions: 21500896303
Total Cycles: 43973140597
IPC: 0.488955

Two level cache hierarchy:
  L1-Data Cache:
    Size(KB):          32
    Block Size(B):     64
    Associativity:      8

  L2-Data Cache:
    Size(KB):         512
    Block Size(B):    128
    Associativity:      8

Latencies:    1   10  150
L1-Sets: LRU assoc:   8
L2-Sets: LRU assoc:   8
Store_allocation: Yes
L2_inclusive: Yes

L1 Cache Stats:
L1-Load-Hits:        6215081536   96.52%
L1-Load-Misses:       223816177    3.48%
L1-Load-Accesses:    6438897713  100.00%

L1-Store-Hits:        2713285626   99.28%
L1-Store-Misses:        19605135    0.72%
L1-Store-Accesses:    2732890761  100.00%

L1-Total-Hits:        8928367162   97.35%
L1-Total-Misses:       243421312    2.65%
L1-Total-Accesses:    9171788474  100.00%

L2 Cache Stats:
L2-Load-Hits:         156925414   70.11%
L2-Load-Misses:        66890763   29.89%
L2-Load-Accesses:     223816177  100.00%

L2-Store-Hits:          14054280   71.69%
L2-Store-Misses:         5550855   28.31%
L2-Store-Accesses:      19605135  100.00%

L2-Total-Hits:         170979694   70.24%
L2-Total-Misses:        72441618   29.76%
L2-Total-Accesses:     243421312  100.00%

