Total Instructions: 21500896492
Total Cycles: 38383124258
IPC: 0.560165

Two level cache hierarchy:
  L1-Data Cache:
    Size(KB):          32
    Block Size(B):     64
    Associativity:      8

  L2-Data Cache:
    Size(KB):         512
    Block Size(B):    256
    Associativity:      8

Latencies:    1   10  150
L1-Sets: LRU assoc:   8
L2-Sets: LRU assoc:   8
Store_allocation: Yes
L2_inclusive: Yes

L1 Cache Stats:
L1-Load-Hits:        6246525535   97.01%
L1-Load-Misses:       192372214    2.99%
L1-Load-Accesses:    6438897749  100.00%

L1-Store-Hits:        2717006838   99.42%
L1-Store-Misses:        15883949    0.58%
L1-Store-Accesses:    2732890787  100.00%

L1-Total-Hits:        8963532373   97.73%
L1-Total-Misses:       208256163    2.27%
L1-Total-Accesses:    9171788536  100.00%

L2 Cache Stats:
L2-Load-Hits:         157767673   82.01%
L2-Load-Misses:        34604541   17.99%
L2-Load-Accesses:     192372214  100.00%

L2-Store-Hits:          12969306   81.65%
L2-Store-Misses:         2914643   18.35%
L2-Store-Accesses:      15883949  100.00%

L2-Total-Hits:         170736979   81.98%
L2-Total-Misses:        37519184   18.02%
L2-Total-Accesses:     208256163  100.00%

