Total Instructions: 21500896036
Total Cycles: 43639622236
IPC: 0.492692

Two level cache hierarchy:
  L1-Data Cache:
    Size(KB):          32
    Block Size(B):     64
    Associativity:      8

  L2-Data Cache:
    Size(KB):        1024
    Block Size(B):    128
    Associativity:     16

Latencies:    1   10  150
L1-Sets: LRU assoc:   8
L2-Sets: LRU assoc:  16
Store_allocation: Yes
L2_inclusive: Yes

L1 Cache Stats:
L1-Load-Hits:        6216921738   96.55%
L1-Load-Misses:       221975906    3.45%
L1-Load-Accesses:    6438897644  100.00%

L1-Store-Hits:        2713473669   99.29%
L1-Store-Misses:        19417057    0.71%
L1-Store-Accesses:    2732890726  100.00%

L1-Total-Hits:        8930395407   97.37%
L1-Total-Misses:       241392963    2.63%
L1-Total-Accesses:    9171788370  100.00%

L2 Cache Stats:
L2-Load-Hits:         157040223   70.75%
L2-Load-Misses:        64935683   29.25%
L2-Load-Accesses:     221975906  100.00%

L2-Store-Hits:          13999352   72.10%
L2-Store-Misses:         5417705   27.90%
L2-Store-Accesses:      19417057  100.00%

L2-Total-Hits:         171039575   70.86%
L2-Total-Misses:        70353388   29.14%
L2-Total-Accesses:     241392963  100.00%

