Total Instructions: 21500896085
Total Cycles: 44418856996
IPC: 0.484049

Two level cache hierarchy:
  L1-Data Cache:
    Size(KB):          32
    Block Size(B):     64
    Associativity:      8

  L2-Data Cache:
    Size(KB):         256
    Block Size(B):    128
    Associativity:      4

Latencies:    1   10  150
L1-Sets: LRU assoc:   8
L2-Sets: LRU assoc:   4
Store_allocation: Yes
L2_inclusive: Yes

L1 Cache Stats:
L1-Load-Hits:        6212414962   96.48%
L1-Load-Misses:       226482707    3.52%
L1-Load-Accesses:    6438897669  100.00%

L1-Store-Hits:        2712964144   99.27%
L1-Store-Misses:        19926598    0.73%
L1-Store-Accesses:    2732890742  100.00%

L1-Total-Hits:        8925379106   97.31%
L1-Total-Misses:       246409305    2.69%
L1-Total-Accesses:    9171788411  100.00%

L2 Cache Stats:
L2-Load-Hits:         157027841   69.33%
L2-Load-Misses:        69454866   30.67%
L2-Load-Accesses:     226482707  100.00%

L2-Store-Hits:          14167601   71.10%
L2-Store-Misses:         5758997   28.90%
L2-Store-Accesses:      19926598  100.00%

L2-Total-Hits:         171195442   69.48%
L2-Total-Misses:        75213863   30.52%
L2-Total-Accesses:     246409305  100.00%

