Total Instructions: 21500896200
Total Cycles: 38141892885
IPC: 0.563708

Two level cache hierarchy:
  L1-Data Cache:
    Size(KB):          32
    Block Size(B):     64
    Associativity:      8

  L2-Data Cache:
    Size(KB):        1024
    Block Size(B):    256
    Associativity:      8

Latencies:    1   10  150
L1-Sets: LRU assoc:   8
L2-Sets: LRU assoc:   8
Store_allocation: Yes
L2_inclusive: Yes

L1 Cache Stats:
L1-Load-Hits:        6248082095   97.04%
L1-Load-Misses:       190815594    2.96%
L1-Load-Accesses:    6438897689  100.00%

L1-Store-Hits:        2717239036   99.43%
L1-Store-Misses:        15651720    0.57%
L1-Store-Accesses:    2732890756  100.00%

L1-Total-Hits:        8965321131   97.75%
L1-Total-Misses:       206467314    2.25%
L1-Total-Accesses:    9171788445  100.00%

L2 Cache Stats:
L2-Load-Hits:         157591131   82.59%
L2-Load-Misses:        33224463   17.41%
L2-Load-Accesses:     190815594  100.00%

L2-Store-Hits:          12845949   82.07%
L2-Store-Misses:         2805771   17.93%
L2-Store-Accesses:      15651720  100.00%

L2-Total-Hits:         170437080   82.55%
L2-Total-Misses:        36030234   17.45%
L2-Total-Accesses:     206467314  100.00%

