Total Instructions: 21500896273
Total Cycles: 42962612844
IPC: 0.500456

Two level cache hierarchy:
  L1-Data Cache:
    Size(KB):          32
    Block Size(B):     64
    Associativity:      8

  L2-Data Cache:
    Size(KB):        2048
    Block Size(B):    128
    Associativity:      8

Latencies:    1   10  150
L1-Sets: LRU assoc:   8
L2-Sets: LRU assoc:   8
Store_allocation: Yes
L2_inclusive: Yes

L1 Cache Stats:
L1-Load-Hits:        6220850566   96.61%
L1-Load-Misses:       218047137    3.39%
L1-Load-Accesses:    6438897703  100.00%

L1-Store-Hits:        2714088254   99.31%
L1-Store-Misses:        18802504    0.69%
L1-Store-Accesses:    2732890758  100.00%

L1-Total-Hits:        8934938820   97.42%
L1-Total-Misses:       236849641    2.58%
L1-Total-Accesses:    9171788461  100.00%

L2 Cache Stats:
L2-Load-Hits:         157016168   72.01%
L2-Load-Misses:        61030969   27.99%
L2-Load-Accesses:     218047137  100.00%

L2-Store-Hits:          13690595   72.81%
L2-Store-Misses:         5111909   27.19%
L2-Store-Accesses:      18802504  100.00%

L2-Total-Hits:         170706763   72.07%
L2-Total-Misses:        66142878   27.93%
L2-Total-Accesses:     236849641  100.00%

