Total Instructions: 21500896159
Total Cycles: 44001987476
IPC: 0.488635

Two level cache hierarchy:
  L1-Data Cache:
    Size(KB):          32
    Block Size(B):     64
    Associativity:      8

  L2-Data Cache:
    Size(KB):         512
    Block Size(B):    128
    Associativity:      4

Latencies:    1   10  150
L1-Sets: LRU assoc:   8
L2-Sets: LRU assoc:   4
Store_allocation: Yes
L2_inclusive: Yes

L1 Cache Stats:
L1-Load-Hits:        6214813769   96.52%
L1-Load-Misses:       224083901    3.48%
L1-Load-Accesses:    6438897670  100.00%

L1-Store-Hits:        2713263013   99.28%
L1-Store-Misses:        19627734    0.72%
L1-Store-Accesses:    2732890747  100.00%

L1-Total-Hits:        8928076782   97.34%
L1-Total-Misses:       243711635    2.66%
L1-Total-Accesses:    9171788417  100.00%

L2 Cache Stats:
L2-Load-Hits:         157025552   70.07%
L2-Load-Misses:        67058349   29.93%
L2-Load-Accesses:     224083901  100.00%

L2-Store-Hits:          14071506   71.69%
L2-Store-Misses:         5556228   28.31%
L2-Store-Accesses:      19627734  100.00%

L2-Total-Hits:         171097058   70.20%
L2-Total-Misses:        72614577   29.80%
L2-Total-Accesses:     243711635  100.00%

