Total Instructions: 21500896206
Total Cycles: 53449557237
IPC: 0.402265

Two level cache hierarchy:
  L1-Data Cache:
    Size(KB):          32
    Block Size(B):     64
    Associativity:      8

  L2-Data Cache:
    Size(KB):         512
    Block Size(B):     64
    Associativity:      8

Latencies:    1   10  150
L1-Sets: LRU assoc:   8
L2-Sets: LRU assoc:   8
Store_allocation: Yes
L2_inclusive: Yes

L1 Cache Stats:
L1-Load-Hits:        6287447942   97.65%
L1-Load-Misses:       151449745    2.35%
L1-Load-Accesses:    6438897687  100.00%

L1-Store-Hits:        2721452810   99.58%
L1-Store-Misses:        11437944    0.42%
L1-Store-Accesses:    2732890754  100.00%

L1-Total-Hits:        9008900752   98.22%
L1-Total-Misses:       162887689    1.78%
L1-Total-Accesses:    9171788441  100.00%

L2 Cache Stats:
L2-Load-Hits:          21184748   13.99%
L2-Load-Misses:       130264997   86.01%
L2-Load-Accesses:     151449745  100.00%

L2-Store-Hits:            716303    6.26%
L2-Store-Misses:        10721641   93.74%
L2-Store-Accesses:      11437944  100.00%

L2-Total-Hits:          21901051   13.45%
L2-Total-Misses:       140986638   86.55%
L2-Total-Accesses:     162887689  100.00%

