Total Instructions: 21500896340
Total Cycles: 53013701443
IPC: 0.405572

Two level cache hierarchy:
  L1-Data Cache:
    Size(KB):          32
    Block Size(B):     64
    Associativity:      8

  L2-Data Cache:
    Size(KB):        1024
    Block Size(B):     64
    Associativity:      8

Latencies:    1   10  150
L1-Sets: LRU assoc:   8
L2-Sets: LRU assoc:   8
Store_allocation: Yes
L2_inclusive: Yes

L1 Cache Stats:
L1-Load-Hits:        6287503064   97.65%
L1-Load-Misses:       151394656    2.35%
L1-Load-Accesses:    6438897720  100.00%

L1-Store-Hits:        2721459462   99.58%
L1-Store-Misses:        11431301    0.42%
L1-Store-Accesses:    2732890763  100.00%

L1-Total-Hits:        9008962526   98.22%
L1-Total-Misses:       162825957    1.78%
L1-Total-Accesses:    9171788483  100.00%

L2 Cache Stats:
L2-Load-Hits:          23844224   15.75%
L2-Load-Misses:       127550432   84.25%
L2-Load-Accesses:     151394656  100.00%

L2-Store-Hits:            896686    7.84%
L2-Store-Misses:        10534615   92.16%
L2-Store-Accesses:      11431301  100.00%

L2-Total-Hits:          24740910   15.19%
L2-Total-Misses:       138085047   84.81%
L2-Total-Accesses:     162825957  100.00%

