Total Instructions: 23746595026
Total Cycles: 41999932755
IPC: 0.565396

Two level cache hierarchy:
  L1-Data Cache:
    Size(KB):          32
    Block Size(B):     64
    Associativity:      8

  L2-Data Cache:
    Size(KB):        2048
    Block Size(B):     64
    Associativity:      8

Latencies:    1   10  150
L1-Sets: LRU assoc:   8
L2-Sets: LRU assoc:   8
Store_allocation: Yes
L2_inclusive: Yes

L1 Cache Stats:
L1-Load-Hits:        6647841038   98.26%
L1-Load-Misses:       117966116    1.74%
L1-Load-Accesses:    6765807154  100.00%

L1-Store-Hits:         935115597   99.18%
L1-Store-Misses:         7770688    0.82%
L1-Store-Accesses:     942886285  100.00%

L1-Total-Hits:        7582956635   98.37%
L1-Total-Misses:       125736804    1.63%
L1-Total-Accesses:    7708693439  100.00%

L2 Cache Stats:
L2-Load-Hits:          59995633   50.86%
L2-Load-Misses:        57970483   49.14%
L2-Load-Accesses:     117966116  100.00%

L2-Store-Hits:           3825996   49.24%
L2-Store-Misses:         3944692   50.76%
L2-Store-Accesses:       7770688  100.00%

L2-Total-Hits:          63821629   50.76%
L2-Total-Misses:        61915175   49.24%
L2-Total-Accesses:     125736804  100.00%

