Total Instructions: 23746595026
Total Cycles: 39772389415
IPC: 0.597062

Two level cache hierarchy:
  L1-Data Cache:
    Size(KB):          32
    Block Size(B):     64
    Associativity:      8

  L2-Data Cache:
    Size(KB):        2048
    Block Size(B):    128
    Associativity:      8

Latencies:    1   10  150
L1-Sets: LRU assoc:   8
L2-Sets: LRU assoc:   8
Store_allocation: Yes
L2_inclusive: Yes

L1 Cache Stats:
L1-Load-Hits:        6605883040   97.64%
L1-Load-Misses:       159924114    2.36%
L1-Load-Accesses:    6765807154  100.00%

L1-Store-Hits:         932159439   98.86%
L1-Store-Misses:        10726846    1.14%
L1-Store-Accesses:     942886285  100.00%

L1-Total-Hits:        7538042479   97.79%
L1-Total-Misses:       170650960    2.21%
L1-Total-Accesses:    7708693439  100.00%

L2 Cache Stats:
L2-Load-Hits:         117821823   73.67%
L2-Load-Misses:        42102291   26.33%
L2-Load-Accesses:     159924114  100.00%

L2-Store-Hits:           8758528   81.65%
L2-Store-Misses:         1968318   18.35%
L2-Store-Accesses:      10726846  100.00%

L2-Total-Hits:         126580351   74.18%
L2-Total-Misses:        44070609   25.82%
L2-Total-Accesses:     170650960  100.00%

