Total Instructions: 23746595026
Total Cycles: 39772299495
IPC: 0.597064

Two level cache hierarchy:
  L1-Data Cache:
    Size(KB):          32
    Block Size(B):     64
    Associativity:      8

  L2-Data Cache:
    Size(KB):        2048
    Block Size(B):    128
    Associativity:     16

Latencies:    1   10  150
L1-Sets: LRU assoc:   8
L2-Sets: LRU assoc:  16
Store_allocation: Yes
L2_inclusive: Yes

L1 Cache Stats:
L1-Load-Hits:        6605553683   97.63%
L1-Load-Misses:       160253471    2.37%
L1-Load-Accesses:    6765807154  100.00%

L1-Store-Hits:         932110758   98.86%
L1-Store-Misses:        10775527    1.14%
L1-Store-Accesses:     942886285  100.00%

L1-Total-Hits:        7537664441   97.78%
L1-Total-Misses:       171028998    2.22%
L1-Total-Accesses:    7708693439  100.00%

L2 Cache Stats:
L2-Load-Hits:         118175616   73.74%
L2-Load-Misses:        42077855   26.26%
L2-Load-Accesses:     160253471  100.00%

L2-Store-Hits:           8808575   81.75%
L2-Store-Misses:         1966952   18.25%
L2-Store-Accesses:      10775527  100.00%

L2-Total-Hits:         126984191   74.25%
L2-Total-Misses:        44044807   25.75%
L2-Total-Accesses:     171028998  100.00%

