Total Instructions: 23746595026
Total Cycles: 38905173415
IPC: 0.610371

Two level cache hierarchy:
  L1-Data Cache:
    Size(KB):          32
    Block Size(B):     64
    Associativity:      8

  L2-Data Cache:
    Size(KB):        1024
    Block Size(B):    256
    Associativity:      8

Latencies:    1   10  150
L1-Sets: LRU assoc:   8
L2-Sets: LRU assoc:   8
Store_allocation: Yes
L2_inclusive: Yes

L1 Cache Stats:
L1-Load-Hits:        6601049147   97.56%
L1-Load-Misses:       164758007    2.44%
L1-Load-Accesses:    6765807154  100.00%

L1-Store-Hits:         932800457   98.93%
L1-Store-Misses:        10085828    1.07%
L1-Store-Accesses:     942886285  100.00%

L1-Total-Hits:        7533849604   97.73%
L1-Total-Misses:       174843835    2.27%
L1-Total-Accesses:    7708693439  100.00%

L2 Cache Stats:
L2-Load-Hits:         127769905   77.55%
L2-Load-Misses:        36988102   22.45%
L2-Load-Accesses:     164758007  100.00%

L2-Store-Hits:           9064286   89.87%
L2-Store-Misses:         1021542   10.13%
L2-Store-Accesses:      10085828  100.00%

L2-Total-Hits:         136834191   78.26%
L2-Total-Misses:        38009644   21.74%
L2-Total-Accesses:     174843835  100.00%

