Total Instructions: 23746595026
Total Cycles: 43094324535
IPC: 0.551038

Two level cache hierarchy:
  L1-Data Cache:
    Size(KB):          32
    Block Size(B):     64
    Associativity:      8

  L2-Data Cache:
    Size(KB):         256
    Block Size(B):    128
    Associativity:      4

Latencies:    1   10  150
L1-Sets: LRU assoc:   8
L2-Sets: LRU assoc:   4
Store_allocation: Yes
L2_inclusive: Yes

L1 Cache Stats:
L1-Load-Hits:        6591300227   97.42%
L1-Load-Misses:       174506927    2.58%
L1-Load-Accesses:    6765807154  100.00%

L1-Store-Hits:         927453195   98.36%
L1-Store-Misses:        15433090    1.64%
L1-Store-Accesses:     942886285  100.00%

L1-Total-Hits:        7518753422   97.54%
L1-Total-Misses:       189940017    2.46%
L1-Total-Accesses:    7708693439  100.00%

L2 Cache Stats:
L2-Load-Hits:         111816175   64.08%
L2-Load-Misses:        62690752   35.92%
L2-Load-Accesses:     174506927  100.00%

L2-Store-Hits:          13192936   85.48%
L2-Store-Misses:         2240154   14.52%
L2-Store-Accesses:      15433090  100.00%

L2-Total-Hits:         125009111   65.82%
L2-Total-Misses:        64930906   34.18%
L2-Total-Accesses:     189940017  100.00%

