Total Instructions: 23746595026
Total Cycles: 40542573625
IPC: 0.58572

Two level cache hierarchy:
  L1-Data Cache:
    Size(KB):          32
    Block Size(B):     64
    Associativity:      8

  L2-Data Cache:
    Size(KB):        1024
    Block Size(B):    128
    Associativity:      8

Latencies:    1   10  150
L1-Sets: LRU assoc:   8
L2-Sets: LRU assoc:   8
Store_allocation: Yes
L2_inclusive: Yes

L1 Cache Stats:
L1-Load-Hits:        6600497583   97.56%
L1-Load-Misses:       165309571    2.44%
L1-Load-Accesses:    6765807154  100.00%

L1-Store-Hits:         931443805   98.79%
L1-Store-Misses:        11442480    1.21%
L1-Store-Accesses:     942886285  100.00%

L1-Total-Hits:        7531941388   97.71%
L1-Total-Misses:       176752051    2.29%
L1-Total-Accesses:    7708693439  100.00%

L2 Cache Stats:
L2-Load-Hits:         118517064   71.69%
L2-Load-Misses:        46792507   28.31%
L2-Load-Accesses:     165309571  100.00%

L2-Store-Hits:           9436556   82.47%
L2-Store-Misses:         2005924   17.53%
L2-Store-Accesses:      11442480  100.00%

L2-Total-Hits:         127953620   72.39%
L2-Total-Misses:        48798431   27.61%
L2-Total-Accesses:     176752051  100.00%

