Total Instructions: 23746595026
Total Cycles: 40549744075
IPC: 0.585616

Two level cache hierarchy:
  L1-Data Cache:
    Size(KB):          32
    Block Size(B):     64
    Associativity:      8

  L2-Data Cache:
    Size(KB):        1024
    Block Size(B):    128
    Associativity:     16

Latencies:    1   10  150
L1-Sets: LRU assoc:   8
L2-Sets: LRU assoc:  16
Store_allocation: Yes
L2_inclusive: Yes

L1 Cache Stats:
L1-Load-Hits:        6599982925   97.55%
L1-Load-Misses:       165824229    2.45%
L1-Load-Accesses:    6765807154  100.00%

L1-Store-Hits:         931377363   98.78%
L1-Store-Misses:        11508922    1.22%
L1-Store-Accesses:     942886285  100.00%

L1-Total-Hits:        7531360288   97.70%
L1-Total-Misses:       177333151    2.30%
L1-Total-Accesses:    7708693439  100.00%

L2 Cache Stats:
L2-Load-Hits:         119021627   71.78%
L2-Load-Misses:        46802602   28.22%
L2-Load-Accesses:     165824229  100.00%

L2-Store-Hits:           9504030   82.58%
L2-Store-Misses:         2004892   17.42%
L2-Store-Accesses:      11508922  100.00%

L2-Total-Hits:         128525657   72.48%
L2-Total-Misses:        48807494   27.52%
L2-Total-Accesses:     177333151  100.00%

