Total Instructions: 7835730658
Total Cycles: 11536805443
IPC: 0.679194

Two level cache hierarchy:
  L1-Data Cache:
    Size(KB):          32
    Block Size(B):     64
    Associativity:      8

  L2-Data Cache:
    Size(KB):         256
    Block Size(B):    128
    Associativity:      4

Latencies:    1   10  150
L1-Sets: LRU assoc:   8
L2-Sets: LRU assoc:   4
Store_allocation: Yes
L2_inclusive: Yes

L1 Cache Stats:
L1-Load-Hits:        1818898189   98.74%
L1-Load-Misses:        23153539    1.26%
L1-Load-Accesses:    1842051728  100.00%

L1-Store-Hits:         168669440   96.84%
L1-Store-Misses:         5501657    3.16%
L1-Store-Accesses:     174171097  100.00%

L1-Total-Hits:        1987567629   98.58%
L1-Total-Misses:        28655196    1.42%
L1-Total-Accesses:    2016222825  100.00%

L2 Cache Stats:
L2-Load-Hits:          16274649   70.29%
L2-Load-Misses:         6878890   29.71%
L2-Load-Accesses:      23153539  100.00%

L2-Store-Hits:           3058547   55.59%
L2-Store-Misses:         2443110   44.41%
L2-Store-Accesses:       5501657  100.00%

L2-Total-Hits:          19333196   67.47%
L2-Total-Misses:         9322000   32.53%
L2-Total-Accesses:      28655196  100.00%

