Total Instructions: 7835730689
Total Cycles: 11508475866
IPC: 0.680866

Two level cache hierarchy:
  L1-Data Cache:
    Size(KB):          32
    Block Size(B):     64
    Associativity:      8

  L2-Data Cache:
    Size(KB):         512
    Block Size(B):    128
    Associativity:      4

Latencies:    1   10  150
L1-Sets: LRU assoc:   8
L2-Sets: LRU assoc:   4
Store_allocation: Yes
L2_inclusive: Yes

L1 Cache Stats:
L1-Load-Hits:        1818966221   98.75%
L1-Load-Misses:        23085517    1.25%
L1-Load-Accesses:    1842051738  100.00%

L1-Store-Hits:         168748527   96.89%
L1-Store-Misses:         5422572    3.11%
L1-Store-Accesses:     174171099  100.00%

L1-Total-Hits:        1987714748   98.59%
L1-Total-Misses:        28508089    1.41%
L1-Total-Accesses:    2016222837  100.00%

L2 Cache Stats:
L2-Load-Hits:          16385596   70.98%
L2-Load-Misses:         6699921   29.02%
L2-Load-Accesses:      23085517  100.00%

L2-Store-Hits:           2979550   54.95%
L2-Store-Misses:         2443022   45.05%
L2-Store-Accesses:       5422572  100.00%

L2-Total-Hits:          19365146   67.93%
L2-Total-Misses:         9142943   32.07%
L2-Total-Accesses:      28508089  100.00%

