Total Instructions: 7835730689
Total Cycles: 11431888156
IPC: 0.685428

Two level cache hierarchy:
  L1-Data Cache:
    Size(KB):          32
    Block Size(B):     64
    Associativity:      8

  L2-Data Cache:
    Size(KB):        1024
    Block Size(B):    128
    Associativity:      8

Latencies:    1   10  150
L1-Sets: LRU assoc:   8
L2-Sets: LRU assoc:   8
Store_allocation: Yes
L2_inclusive: Yes

L1 Cache Stats:
L1-Load-Hits:        1819224030   98.76%
L1-Load-Misses:        22827708    1.24%
L1-Load-Accesses:    1842051738  100.00%

L1-Store-Hits:         168962854   97.01%
L1-Store-Misses:         5208245    2.99%
L1-Store-Accesses:     174171099  100.00%

L1-Total-Hits:        1988186884   98.61%
L1-Total-Misses:        28035953    1.39%
L1-Total-Accesses:    2016222837  100.00%

L2 Cache Stats:
L2-Load-Hits:          16606852   72.75%
L2-Load-Misses:         6220856   27.25%
L2-Load-Accesses:      22827708  100.00%

L2-Store-Hits:           2765267   53.09%
L2-Store-Misses:         2442978   46.91%
L2-Store-Accesses:       5208245  100.00%

L2-Total-Hits:          19372119   69.10%
L2-Total-Misses:         8663834   30.90%
L2-Total-Accesses:      28035953  100.00%

