Total Instructions: 7835730658
Total Cycles: 10961899513
IPC: 0.714815

Two level cache hierarchy:
  L1-Data Cache:
    Size(KB):          32
    Block Size(B):     64
    Associativity:      8

  L2-Data Cache:
    Size(KB):        2048
    Block Size(B):    256
    Associativity:      8

Latencies:    1   10  150
L1-Sets: LRU assoc:   8
L2-Sets: LRU assoc:   8
Store_allocation: Yes
L2_inclusive: Yes

L1 Cache Stats:
L1-Load-Hits:        1822497513   98.94%
L1-Load-Misses:        19554215    1.06%
L1-Load-Accesses:    1842051728  100.00%

L1-Store-Hits:         169499514   97.32%
L1-Store-Misses:         4671583    2.68%
L1-Store-Accesses:     174171097  100.00%

L1-Total-Hits:        1991997027   98.80%
L1-Total-Misses:        24225798    1.20%
L1-Total-Accesses:    2016222825  100.00%

L2 Cache Stats:
L2-Load-Hits:          15663737   80.10%
L2-Load-Misses:         3890478   19.90%
L2-Load-Accesses:      19554215  100.00%

L2-Store-Hits:           2777474   59.45%
L2-Store-Misses:         1894109   40.55%
L2-Store-Accesses:       4671583  100.00%

L2-Total-Hits:          18441211   76.12%
L2-Total-Misses:         5784587   23.88%
L2-Total-Accesses:      24225798  100.00%

