Total Instructions: 7835730658
Total Cycles: 11518915773
IPC: 0.680249

Two level cache hierarchy:
  L1-Data Cache:
    Size(KB):          32
    Block Size(B):     64
    Associativity:      8

  L2-Data Cache:
    Size(KB):         512
    Block Size(B):    128
    Associativity:      8

Latencies:    1   10  150
L1-Sets: LRU assoc:   8
L2-Sets: LRU assoc:   8
Store_allocation: Yes
L2_inclusive: Yes

L1 Cache Stats:
L1-Load-Hits:        1818976090   98.75%
L1-Load-Misses:        23075638    1.25%
L1-Load-Accesses:    1842051728  100.00%

L1-Store-Hits:         168715731   96.87%
L1-Store-Misses:         5455366    3.13%
L1-Store-Accesses:     174171097  100.00%

L1-Total-Hits:        1987691821   98.58%
L1-Total-Misses:        28531004    1.42%
L1-Total-Accesses:    2016222825  100.00%

L2 Cache Stats:
L2-Load-Hits:          16307625   70.67%
L2-Load-Misses:         6768013   29.33%
L2-Load-Accesses:      23075638  100.00%

L2-Store-Hits:           3012364   55.22%
L2-Store-Misses:         2443002   44.78%
L2-Store-Accesses:       5455366  100.00%

L2-Total-Hits:          19319989   67.72%
L2-Total-Misses:         9211015   32.28%
L2-Total-Accesses:      28531004  100.00%

