Total Instructions: 7835730658
Total Cycles: 11222917583
IPC: 0.69819

Two level cache hierarchy:
  L1-Data Cache:
    Size(KB):          32
    Block Size(B):     64
    Associativity:      8

  L2-Data Cache:
    Size(KB):        2048
    Block Size(B):    128
    Associativity:     16

Latencies:    1   10  150
L1-Sets: LRU assoc:   8
L2-Sets: LRU assoc:  16
Store_allocation: Yes
L2_inclusive: Yes

L1 Cache Stats:
L1-Load-Hits:        1820803549   98.85%
L1-Load-Misses:        21248179    1.15%
L1-Load-Accesses:    1842051728  100.00%

L1-Store-Hits:         168960826   97.01%
L1-Store-Misses:         5210271    2.99%
L1-Store-Accesses:     174171097  100.00%

L1-Total-Hits:        1989764375   98.69%
L1-Total-Misses:        26458450    1.31%
L1-Total-Accesses:    2016222825  100.00%

L2 Cache Stats:
L2-Load-Hits:          16315296   76.78%
L2-Load-Misses:         4932883   23.22%
L2-Load-Accesses:      21248179  100.00%

L2-Store-Hits:           2767290   53.11%
L2-Store-Misses:         2442981   46.89%
L2-Store-Accesses:       5210271  100.00%

L2-Total-Hits:          19082586   72.12%
L2-Total-Misses:         7375864   27.88%
L2-Total-Accesses:      26458450  100.00%

