Total Instructions: 7835730689
Total Cycles: 11223265176
IPC: 0.698169

Two level cache hierarchy:
  L1-Data Cache:
    Size(KB):          32
    Block Size(B):     64
    Associativity:      8

  L2-Data Cache:
    Size(KB):        2048
    Block Size(B):    128
    Associativity:      8

Latencies:    1   10  150
L1-Sets: LRU assoc:   8
L2-Sets: LRU assoc:   8
Store_allocation: Yes
L2_inclusive: Yes

L1 Cache Stats:
L1-Load-Hits:        1820818529   98.85%
L1-Load-Misses:        21233209    1.15%
L1-Load-Accesses:    1842051738  100.00%

L1-Store-Hits:         168962598   97.01%
L1-Store-Misses:         5208501    2.99%
L1-Store-Accesses:     174171099  100.00%

L1-Total-Hits:        1989781127   98.69%
L1-Total-Misses:        26441710    1.31%
L1-Total-Accesses:    2016222837  100.00%

L2 Cache Stats:
L2-Load-Hits:          16296949   76.75%
L2-Load-Misses:         4936260   23.25%
L2-Load-Accesses:      21233209  100.00%

L2-Store-Hits:           2765464   53.10%
L2-Store-Misses:         2443037   46.90%
L2-Store-Accesses:       5208501  100.00%

L2-Total-Hits:          19062413   72.09%
L2-Total-Misses:         7379297   27.91%
L2-Total-Accesses:      26441710  100.00%

