Total Instructions: 7835730658
Total Cycles: 11310616173
IPC: 0.692777

Two level cache hierarchy:
  L1-Data Cache:
    Size(KB):          32
    Block Size(B):     64
    Associativity:      8

  L2-Data Cache:
    Size(KB):        2048
    Block Size(B):     64
    Associativity:      8

Latencies:    1   10  150
L1-Sets: LRU assoc:   8
L2-Sets: LRU assoc:   8
Store_allocation: Yes
L2_inclusive: Yes

L1 Cache Stats:
L1-Load-Hits:        1827924865   99.23%
L1-Load-Misses:        14126863    0.77%
L1-Load-Accesses:    1842051728  100.00%

L1-Store-Hits:         171338076   98.37%
L1-Store-Misses:         2833021    1.63%
L1-Store-Accesses:     174171097  100.00%

L1-Total-Hits:        1999262941   99.16%
L1-Total-Misses:        16959884    0.84%
L1-Total-Accesses:    2016222825  100.00%

L2 Cache Stats:
L2-Load-Hits:           8358922   59.17%
L2-Load-Misses:         5767941   40.83%
L2-Load-Accesses:      14126863  100.00%

L2-Store-Hits:              7203    0.25%
L2-Store-Misses:         2825818   99.75%
L2-Store-Accesses:       2833021  100.00%

L2-Total-Hits:           8366125   49.33%
L2-Total-Misses:         8593759   50.67%
L2-Total-Accesses:      16959884  100.00%

