Total Instructions: 7835730689
Total Cycles: 11433738906
IPC: 0.685317

Two level cache hierarchy:
  L1-Data Cache:
    Size(KB):          32
    Block Size(B):     64
    Associativity:      8

  L2-Data Cache:
    Size(KB):        1024
    Block Size(B):    128
    Associativity:     16

Latencies:    1   10  150
L1-Sets: LRU assoc:   8
L2-Sets: LRU assoc:  16
Store_allocation: Yes
L2_inclusive: Yes

L1 Cache Stats:
L1-Load-Hits:        1819212454   98.76%
L1-Load-Misses:        22839284    1.24%
L1-Load-Accesses:    1842051738  100.00%

L1-Store-Hits:         168962905   97.01%
L1-Store-Misses:         5208194    2.99%
L1-Store-Accesses:     174171099  100.00%

L1-Total-Hits:        1988175359   98.61%
L1-Total-Misses:        28047478    1.39%
L1-Total-Accesses:    2016222837  100.00%

L2 Cache Stats:
L2-Load-Hits:          16606858   72.71%
L2-Load-Misses:         6232426   27.29%
L2-Load-Accesses:      22839284  100.00%

L2-Store-Hits:           2765216   53.09%
L2-Store-Misses:         2442978   46.91%
L2-Store-Accesses:       5208194  100.00%

L2-Total-Hits:          19372074   69.07%
L2-Total-Misses:         8675404   30.93%
L2-Total-Accesses:      28047478  100.00%

