Total Instructions: 7835730658
Total Cycles: 11149276213
IPC: 0.702802

Two level cache hierarchy:
  L1-Data Cache:
    Size(KB):          32
    Block Size(B):     64
    Associativity:      8

  L2-Data Cache:
    Size(KB):         512
    Block Size(B):    256
    Associativity:      8

Latencies:    1   10  150
L1-Sets: LRU assoc:   8
L2-Sets: LRU assoc:   8
Store_allocation: Yes
L2_inclusive: Yes

L1 Cache Stats:
L1-Load-Hits:        1821277433   98.87%
L1-Load-Misses:        20774295    1.13%
L1-Load-Accesses:    1842051728  100.00%

L1-Store-Hits:         169294879   97.20%
L1-Store-Misses:         4876218    2.80%
L1-Store-Accesses:     174171097  100.00%

L1-Total-Hits:        1990572312   98.73%
L1-Total-Misses:        25650513    1.27%
L1-Total-Accesses:    2016222825  100.00%

L2 Cache Stats:
L2-Load-Hits:          15731417   75.73%
L2-Load-Misses:         5042878   24.27%
L2-Load-Accesses:      20774295  100.00%

L2-Store-Hits:           2980312   61.12%
L2-Store-Misses:         1895906   38.88%
L2-Store-Accesses:       4876218  100.00%

L2-Total-Hits:          18711729   72.95%
L2-Total-Misses:         6938784   27.05%
L2-Total-Accesses:      25650513  100.00%

