Total Instructions: 7835730658
Total Cycles: 11086023743
IPC: 0.706812

Two level cache hierarchy:
  L1-Data Cache:
    Size(KB):          32
    Block Size(B):     64
    Associativity:      8

  L2-Data Cache:
    Size(KB):        1024
    Block Size(B):    256
    Associativity:      8

Latencies:    1   10  150
L1-Sets: LRU assoc:   8
L2-Sets: LRU assoc:   8
Store_allocation: Yes
L2_inclusive: Yes

L1 Cache Stats:
L1-Load-Hits:        1821524549   98.89%
L1-Load-Misses:        20527179    1.11%
L1-Load-Accesses:    1842051728  100.00%

L1-Store-Hits:         169457055   97.29%
L1-Store-Misses:         4714042    2.71%
L1-Store-Accesses:     174171097  100.00%

L1-Total-Hits:        1990981604   98.75%
L1-Total-Misses:        25241221    1.25%
L1-Total-Accesses:    2016222825  100.00%

L2 Cache Stats:
L2-Load-Hits:          15878401   77.35%
L2-Load-Misses:         4648778   22.65%
L2-Load-Accesses:      20527179  100.00%

L2-Store-Hits:           2818433   59.79%
L2-Store-Misses:         1895609   40.21%
L2-Store-Accesses:       4714042  100.00%

L2-Total-Hits:          18696834   74.07%
L2-Total-Misses:         6544387   25.93%
L2-Total-Accesses:      25241221  100.00%

