Total Instructions: 7835730658
Total Cycles: 11388445603
IPC: 0.688042

Two level cache hierarchy:
  L1-Data Cache:
    Size(KB):          32
    Block Size(B):     64
    Associativity:      8

  L2-Data Cache:
    Size(KB):        1024
    Block Size(B):     64
    Associativity:      8

Latencies:    1   10  150
L1-Sets: LRU assoc:   8
L2-Sets: LRU assoc:   8
Store_allocation: Yes
L2_inclusive: Yes

L1 Cache Stats:
L1-Load-Hits:        1827924345   99.23%
L1-Load-Misses:        14127383    0.77%
L1-Load-Accesses:    1842051728  100.00%

L1-Store-Hits:         171337683   98.37%
L1-Store-Misses:         2833414    1.63%
L1-Store-Accesses:     174171097  100.00%

L1-Total-Hits:        1999262028   99.16%
L1-Total-Misses:        16960797    0.84%
L1-Total-Accesses:    2016222825  100.00%

L2 Cache Stats:
L2-Load-Hits:           7840878   55.50%
L2-Load-Misses:         6286505   44.50%
L2-Load-Accesses:      14127383  100.00%

L2-Store-Hits:              7358    0.26%
L2-Store-Misses:         2826056   99.74%
L2-Store-Accesses:       2833414  100.00%

L2-Total-Hits:           7848236   46.27%
L2-Total-Misses:         9112561   53.73%
L2-Total-Accesses:      16960797  100.00%

