Total Instructions: 29337086287
Total Cycles: 44662705582
IPC: 0.656859

Two level cache hierarchy:
  L1-Data Cache:
    Size(KB):          32
    Block Size(B):     64
    Associativity:      8

  L2-Data Cache:
    Size(KB):        2048
    Block Size(B):    128
    Associativity:     16

Latencies:    1   10  150
L1-Sets: LRU assoc:   8
L2-Sets: LRU assoc:  16
Store_allocation: Yes
L2_inclusive: Yes

L1 Cache Stats:
L1-Load-Hits:        9078409308   99.48%
L1-Load-Misses:        47744019    0.52%
L1-Load-Accesses:    9126153327  100.00%

L1-Store-Hits:        4689839819   99.79%
L1-Store-Misses:         9647519    0.21%
L1-Store-Accesses:    4699487338  100.00%

L1-Total-Hits:       13768249127   99.58%
L1-Total-Misses:        57391538    0.42%
L1-Total-Accesses:   13825640665  100.00%

L2 Cache Stats:
L2-Load-Hits:          43376555   90.85%
L2-Load-Misses:         4367464    9.15%
L2-Load-Accesses:      47744019  100.00%

L2-Store-Hits:           7841228   81.28%
L2-Store-Misses:         1806291   18.72%
L2-Store-Accesses:       9647519  100.00%

L2-Total-Hits:          51217783   89.24%
L2-Total-Misses:         6173755   10.76%
L2-Total-Accesses:      57391538  100.00%

