Total Instructions: 29337086287
Total Cycles: 45528969152
IPC: 0.644361

Two level cache hierarchy:
  L1-Data Cache:
    Size(KB):          32
    Block Size(B):     64
    Associativity:      8

  L2-Data Cache:
    Size(KB):         512
    Block Size(B):    128
    Associativity:      8

Latencies:    1   10  150
L1-Sets: LRU assoc:   8
L2-Sets: LRU assoc:   8
Store_allocation: Yes
L2_inclusive: Yes

L1 Cache Stats:
L1-Load-Hits:        9073423100   99.42%
L1-Load-Misses:        52730227    0.58%
L1-Load-Accesses:    9126153327  100.00%

L1-Store-Hits:        4688803010   99.77%
L1-Store-Misses:        10684328    0.23%
L1-Store-Accesses:    4699487338  100.00%

L1-Total-Hits:       13762226110   99.54%
L1-Total-Misses:        63414555    0.46%
L1-Total-Accesses:   13825640665  100.00%

L2 Cache Stats:
L2-Load-Hits:          43737966   82.95%
L2-Load-Misses:         8992261   17.05%
L2-Load-Accesses:      52730227  100.00%

L2-Store-Hits:           8129278   76.09%
L2-Store-Misses:         2555050   23.91%
L2-Store-Accesses:      10684328  100.00%

L2-Total-Hits:          51867244   81.79%
L2-Total-Misses:        11547311   18.21%
L2-Total-Accesses:      63414555  100.00%

