Total Instructions: 29337086298
Total Cycles: 45006765820
IPC: 0.651837

Two level cache hierarchy:
  L1-Data Cache:
    Size(KB):          32
    Block Size(B):     64
    Associativity:      8

  L2-Data Cache:
    Size(KB):        1024
    Block Size(B):    128
    Associativity:     16

Latencies:    1   10  150
L1-Sets: LRU assoc:   8
L2-Sets: LRU assoc:  16
Store_allocation: Yes
L2_inclusive: Yes

L1 Cache Stats:
L1-Load-Hits:        9076411421   99.45%
L1-Load-Misses:        49741911    0.55%
L1-Load-Accesses:    9126153332  100.00%

L1-Store-Hits:        4689236506   99.78%
L1-Store-Misses:        10250834    0.22%
L1-Store-Accesses:    4699487340  100.00%

L1-Total-Hits:       13765647927   99.57%
L1-Total-Misses:        59992745    0.43%
L1-Total-Accesses:   13825640672  100.00%

L2 Cache Stats:
L2-Load-Hits:          43730152   87.91%
L2-Load-Misses:         6011759   12.09%
L2-Load-Accesses:      49741911  100.00%

L2-Store-Hits:           7968517   77.74%
L2-Store-Misses:         2282317   22.26%
L2-Store-Accesses:      10250834  100.00%

L2-Total-Hits:          51698669   86.17%
L2-Total-Misses:         8294076   13.83%
L2-Total-Accesses:      59992745  100.00%

