Total Instructions: 29337086287
Total Cycles: 45551229252
IPC: 0.644046

Two level cache hierarchy:
  L1-Data Cache:
    Size(KB):          32
    Block Size(B):     64
    Associativity:      8

  L2-Data Cache:
    Size(KB):        1024
    Block Size(B):     64
    Associativity:      8

Latencies:    1   10  150
L1-Sets: LRU assoc:   8
L2-Sets: LRU assoc:   8
Store_allocation: Yes
L2_inclusive: Yes

L1 Cache Stats:
L1-Load-Hits:        9083711430   99.53%
L1-Load-Misses:        42441897    0.47%
L1-Load-Accesses:    9126153327  100.00%

L1-Store-Hits:        4692024480   99.84%
L1-Store-Misses:         7462858    0.16%
L1-Store-Accesses:    4699487338  100.00%

L1-Total-Hits:       13775735910   99.64%
L1-Total-Misses:        49904755    0.36%
L1-Total-Accesses:   13825640665  100.00%

L2 Cache Stats:
L2-Load-Hits:          34097396   80.34%
L2-Load-Misses:         8344501   19.66%
L2-Load-Accesses:      42441897  100.00%

L2-Store-Hits:           3210994   43.03%
L2-Store-Misses:         4251864   56.97%
L2-Store-Accesses:       7462858  100.00%

L2-Total-Hits:          37308390   74.76%
L2-Total-Misses:        12596365   25.24%
L2-Total-Accesses:      49904755  100.00%

