Total Instructions: 29337086287
Total Cycles: 44398179532
IPC: 0.660772

Two level cache hierarchy:
  L1-Data Cache:
    Size(KB):          32
    Block Size(B):     64
    Associativity:      8

  L2-Data Cache:
    Size(KB):        2048
    Block Size(B):    256
    Associativity:      8

Latencies:    1   10  150
L1-Sets: LRU assoc:   8
L2-Sets: LRU assoc:   8
Store_allocation: Yes
L2_inclusive: Yes

L1 Cache Stats:
L1-Load-Hits:        9079320015   99.49%
L1-Load-Misses:        46833312    0.51%
L1-Load-Accesses:    9126153327  100.00%

L1-Store-Hits:        4690720202   99.81%
L1-Store-Misses:         8767136    0.19%
L1-Store-Accesses:    4699487338  100.00%

L1-Total-Hits:       13770040217   99.60%
L1-Total-Misses:        55600448    0.40%
L1-Total-Accesses:   13825640665  100.00%

L2 Cache Stats:
L2-Load-Hits:          43340029   92.54%
L2-Load-Misses:         3493283    7.46%
L2-Load-Accesses:      46833312  100.00%

L2-Store-Hits:           7730765   88.18%
L2-Store-Misses:         1036371   11.82%
L2-Store-Accesses:       8767136  100.00%

L2-Total-Hits:          51070794   91.85%
L2-Total-Misses:         4529654    8.15%
L2-Total-Accesses:      55600448  100.00%

