Total Instructions: 29337086287
Total Cycles: 45109525082
IPC: 0.650352

Two level cache hierarchy:
  L1-Data Cache:
    Size(KB):          32
    Block Size(B):     64
    Associativity:      8

  L2-Data Cache:
    Size(KB):        2048
    Block Size(B):     64
    Associativity:      8

Latencies:    1   10  150
L1-Sets: LRU assoc:   8
L2-Sets: LRU assoc:   8
Store_allocation: Yes
L2_inclusive: Yes

L1 Cache Stats:
L1-Load-Hits:        9083689649   99.53%
L1-Load-Misses:        42463678    0.47%
L1-Load-Accesses:    9126153327  100.00%

L1-Store-Hits:        4692011153   99.84%
L1-Store-Misses:         7476185    0.16%
L1-Store-Accesses:    4699487338  100.00%

L1-Total-Hits:       13775700802   99.64%
L1-Total-Misses:        49939863    0.36%
L1-Total-Accesses:   13825640665  100.00%

L2 Cache Stats:
L2-Load-Hits:          36085382   84.98%
L2-Load-Misses:         6378296   15.02%
L2-Load-Accesses:      42463678  100.00%

L2-Store-Hits:           4205151   56.25%
L2-Store-Misses:         3271034   43.75%
L2-Store-Accesses:       7476185  100.00%

L2-Total-Hits:          40290533   80.68%
L2-Total-Misses:         9649330   19.32%
L2-Total-Accesses:      49939863  100.00%

