Total Instructions: 29337086287
Total Cycles: 44726728542
IPC: 0.655918

Two level cache hierarchy:
  L1-Data Cache:
    Size(KB):          32
    Block Size(B):     64
    Associativity:      8

  L2-Data Cache:
    Size(KB):        1024
    Block Size(B):    256
    Associativity:      8

Latencies:    1   10  150
L1-Sets: LRU assoc:   8
L2-Sets: LRU assoc:   8
Store_allocation: Yes
L2_inclusive: Yes

L1 Cache Stats:
L1-Load-Hits:        9077053441   99.46%
L1-Load-Misses:        49099886    0.54%
L1-Load-Accesses:    9126153327  100.00%

L1-Store-Hits:        4690356380   99.81%
L1-Store-Misses:         9130958    0.19%
L1-Store-Accesses:    4699487338  100.00%

L1-Total-Hits:       13767409821   99.58%
L1-Total-Misses:        58230844    0.42%
L1-Total-Accesses:   13825640665  100.00%

L2 Cache Stats:
L2-Load-Hits:          43808795   89.22%
L2-Load-Misses:         5291091   10.78%
L2-Load-Accesses:      49099886  100.00%

L2-Store-Hits:           7877428   86.27%
L2-Store-Misses:         1253530   13.73%
L2-Store-Accesses:       9130958  100.00%

L2-Total-Hits:          51686223   88.76%
L2-Total-Misses:         6544621   11.24%
L2-Total-Accesses:      58230844  100.00%

