Total Instructions: 29337086287
Total Cycles: 46093323412
IPC: 0.636471

Two level cache hierarchy:
  L1-Data Cache:
    Size(KB):          32
    Block Size(B):     64
    Associativity:      8

  L2-Data Cache:
    Size(KB):         512
    Block Size(B):     64
    Associativity:      8

Latencies:    1   10  150
L1-Sets: LRU assoc:   8
L2-Sets: LRU assoc:   8
Store_allocation: Yes
L2_inclusive: Yes

L1 Cache Stats:
L1-Load-Hits:        9083647517   99.53%
L1-Load-Misses:        42505810    0.47%
L1-Load-Accesses:    9126153327  100.00%

L1-Store-Hits:        4692004107   99.84%
L1-Store-Misses:         7483231    0.16%
L1-Store-Accesses:    4699487338  100.00%

L1-Total-Hits:       13775651624   99.64%
L1-Total-Misses:        49989041    0.36%
L1-Total-Accesses:   13825640665  100.00%

L2 Cache Stats:
L2-Load-Hits:          31071412   73.10%
L2-Load-Misses:        11434398   26.90%
L2-Load-Accesses:      42505810  100.00%

L2-Store-Hits:           2712922   36.25%
L2-Store-Misses:         4770309   63.75%
L2-Store-Accesses:       7483231  100.00%

L2-Total-Hits:          33784334   67.58%
L2-Total-Misses:        16204707   32.42%
L2-Total-Accesses:      49989041  100.00%

