Total Instructions: 7659818232
Total Cycles: 11307746497
IPC: 0.677396

Two level cache hierarchy:
  L1-Data Cache:
    Size(KB):          32
    Block Size(B):     64
    Associativity:      8

  L2-Data Cache:
    Size(KB):         512
    Block Size(B):     64
    Associativity:      8

Latencies:    1   10  150
L1-Sets: LRU assoc:   8
L2-Sets: LRU assoc:   8
Store_allocation: Yes
L2_inclusive: Yes

L1 Cache Stats:
L1-Load-Hits:        2215458719   99.88%
L1-Load-Misses:         2600301    0.12%
L1-Load-Accesses:    2218059020  100.00%

L1-Store-Hits:        1099620569   99.96%
L1-Store-Misses:          410856    0.04%
L1-Store-Accesses:    1100031425  100.00%

L1-Total-Hits:        3315079288   99.91%
L1-Total-Misses:         3011157    0.09%
L1-Total-Accesses:    3318090445  100.00%

L2 Cache Stats:
L2-Load-Hits:            991869   38.14%
L2-Load-Misses:         1608432   61.86%
L2-Load-Accesses:       2600301  100.00%

L2-Store-Hits:             21113    5.14%
L2-Store-Misses:          389743   94.86%
L2-Store-Accesses:        410856  100.00%

L2-Total-Hits:           1012982   33.64%
L2-Total-Misses:         1998175   66.36%
L2-Total-Accesses:       3011157  100.00%

