Total Instructions: 7659818263
Total Cycles: 11277622020
IPC: 0.679205

Two level cache hierarchy:
  L1-Data Cache:
    Size(KB):          32
    Block Size(B):     64
    Associativity:      8

  L2-Data Cache:
    Size(KB):        1024
    Block Size(B):     64
    Associativity:      8

Latencies:    1   10  150
L1-Sets: LRU assoc:   8
L2-Sets: LRU assoc:   8
Store_allocation: Yes
L2_inclusive: Yes

L1 Cache Stats:
L1-Load-Hits:        2215448851   99.88%
L1-Load-Misses:         2610179    0.12%
L1-Load-Accesses:    2218059030  100.00%

L1-Store-Hits:        1099619696   99.96%
L1-Store-Misses:          411731    0.04%
L1-Store-Accesses:    1100031427  100.00%

L1-Total-Hits:        3315068547   99.91%
L1-Total-Misses:         3021910    0.09%
L1-Total-Accesses:    3318090457  100.00%

L2 Cache Stats:
L2-Load-Hits:           1202985   46.09%
L2-Load-Misses:         1407194   53.91%
L2-Load-Accesses:       2610179  100.00%

L2-Store-Hits:             22297    5.42%
L2-Store-Misses:          389434   94.58%
L2-Store-Accesses:        411731  100.00%

L2-Total-Hits:           1225282   40.55%
L2-Total-Misses:         1796628   59.45%
L2-Total-Accesses:       3021910  100.00%

