Total Instructions: 7659818232
Total Cycles: 11164488827
IPC: 0.686088

Two level cache hierarchy:
  L1-Data Cache:
    Size(KB):          32
    Block Size(B):     64
    Associativity:      8

  L2-Data Cache:
    Size(KB):        1024
    Block Size(B):    128
    Associativity:      8

Latencies:    1   10  150
L1-Sets: LRU assoc:   8
L2-Sets: LRU assoc:   8
Store_allocation: Yes
L2_inclusive: Yes

L1 Cache Stats:
L1-Load-Hits:        2214488065   99.84%
L1-Load-Misses:         3570955    0.16%
L1-Load-Accesses:    2218059020  100.00%

L1-Store-Hits:        1099410500   99.94%
L1-Store-Misses:          620925    0.06%
L1-Store-Accesses:    1100031425  100.00%

L1-Total-Hits:        3313898565   99.87%
L1-Total-Misses:         4191880    0.13%
L1-Total-Accesses:    3318090445  100.00%

L2 Cache Stats:
L2-Load-Hits:           2801277   78.45%
L2-Load-Misses:          769678   21.55%
L2-Load-Accesses:       3570955  100.00%

L2-Store-Hits:            426194   68.64%
L2-Store-Misses:          194731   31.36%
L2-Store-Accesses:        620925  100.00%

L2-Total-Hits:           3227471   76.99%
L2-Total-Misses:          964409   23.01%
L2-Total-Accesses:       4191880  100.00%

