Total Instructions: 7659818232
Total Cycles: 11195274067
IPC: 0.684201

Two level cache hierarchy:
  L1-Data Cache:
    Size(KB):          32
    Block Size(B):     64
    Associativity:      8

  L2-Data Cache:
    Size(KB):         512
    Block Size(B):    128
    Associativity:      8

Latencies:    1   10  150
L1-Sets: LRU assoc:   8
L2-Sets: LRU assoc:   8
Store_allocation: Yes
L2_inclusive: Yes

L1 Cache Stats:
L1-Load-Hits:        2214273860   99.83%
L1-Load-Misses:         3785160    0.17%
L1-Load-Accesses:    2218059020  100.00%

L1-Store-Hits:        1099414436   99.94%
L1-Store-Misses:          616989    0.06%
L1-Store-Accesses:    1100031425  100.00%

L1-Total-Hits:        3313688296   99.87%
L1-Total-Misses:         4402149    0.13%
L1-Total-Accesses:    3318090445  100.00%

L2 Cache Stats:
L2-Load-Hits:           2825483   74.65%
L2-Load-Misses:          959677   25.35%
L2-Load-Accesses:       3785160  100.00%

L2-Store-Hits:            421040   68.24%
L2-Store-Misses:          195949   31.76%
L2-Store-Accesses:        616989  100.00%

L2-Total-Hits:           3246523   73.75%
L2-Total-Misses:         1155626   26.25%
L2-Total-Accesses:       4402149  100.00%

