Total Instructions: 7659818232
Total Cycles: 11161678557
IPC: 0.68626

Two level cache hierarchy:
  L1-Data Cache:
    Size(KB):          32
    Block Size(B):     64
    Associativity:      8

  L2-Data Cache:
    Size(KB):        2048
    Block Size(B):    128
    Associativity:      8

Latencies:    1   10  150
L1-Sets: LRU assoc:   8
L2-Sets: LRU assoc:   8
Store_allocation: Yes
L2_inclusive: Yes

L1 Cache Stats:
L1-Load-Hits:        2214512100   99.84%
L1-Load-Misses:         3546920    0.16%
L1-Load-Accesses:    2218059020  100.00%

L1-Store-Hits:        1099411562   99.94%
L1-Store-Misses:          619863    0.06%
L1-Store-Accesses:    1100031425  100.00%

L1-Total-Hits:        3313923662   99.87%
L1-Total-Misses:         4166783    0.13%
L1-Total-Accesses:    3318090445  100.00%

L2 Cache Stats:
L2-Load-Hits:           2794308   78.78%
L2-Load-Misses:          752612   21.22%
L2-Load-Accesses:       3546920  100.00%

L2-Store-Hits:            425128   68.58%
L2-Store-Misses:          194735   31.42%
L2-Store-Accesses:        619863  100.00%

L2-Total-Hits:           3219436   77.26%
L2-Total-Misses:          947347   22.74%
L2-Total-Accesses:       4166783  100.00%

