Total Instructions: 7659818263
Total Cycles: 11162251150
IPC: 0.686225

Two level cache hierarchy:
  L1-Data Cache:
    Size(KB):          32
    Block Size(B):     64
    Associativity:      8

  L2-Data Cache:
    Size(KB):        1024
    Block Size(B):    128
    Associativity:     16

Latencies:    1   10  150
L1-Sets: LRU assoc:   8
L2-Sets: LRU assoc:  16
Store_allocation: Yes
L2_inclusive: Yes

L1 Cache Stats:
L1-Load-Hits:        2214504214   99.84%
L1-Load-Misses:         3554816    0.16%
L1-Load-Accesses:    2218059030  100.00%

L1-Store-Hits:        1099421905   99.94%
L1-Store-Misses:          609522    0.06%
L1-Store-Accesses:    1100031427  100.00%

L1-Total-Hits:        3313926119   99.87%
L1-Total-Misses:         4164338    0.13%
L1-Total-Accesses:    3318090457  100.00%

L2 Cache Stats:
L2-Load-Hits:           2798332   78.72%
L2-Load-Misses:          756484   21.28%
L2-Load-Accesses:       3554816  100.00%

L2-Store-Hits:            414679   68.03%
L2-Store-Misses:          194843   31.97%
L2-Store-Accesses:        609522  100.00%

L2-Total-Hits:           3213011   77.16%
L2-Total-Misses:          951327   22.84%
L2-Total-Accesses:       4164338  100.00%

