Total Instructions: 7659818232
Total Cycles: 11198298777
IPC: 0.684016

Two level cache hierarchy:
  L1-Data Cache:
    Size(KB):          32
    Block Size(B):     64
    Associativity:      8

  L2-Data Cache:
    Size(KB):         512
    Block Size(B):    128
    Associativity:      4

Latencies:    1   10  150
L1-Sets: LRU assoc:   8
L2-Sets: LRU assoc:   4
Store_allocation: Yes
L2_inclusive: Yes

L1 Cache Stats:
L1-Load-Hits:        2214263911   99.83%
L1-Load-Misses:         3795109    0.17%
L1-Load-Accesses:    2218059020  100.00%

L1-Store-Hits:        1099401169   99.94%
L1-Store-Misses:          630256    0.06%
L1-Store-Accesses:    1100031425  100.00%

L1-Total-Hits:        3313665080   99.87%
L1-Total-Misses:         4425365    0.13%
L1-Total-Accesses:    3318090445  100.00%

L2 Cache Stats:
L2-Load-Hits:           2817143   74.23%
L2-Load-Misses:          977966   25.77%
L2-Load-Accesses:       3795109  100.00%

L2-Store-Hits:            433979   68.86%
L2-Store-Misses:          196277   31.14%
L2-Store-Accesses:        630256  100.00%

L2-Total-Hits:           3251122   73.47%
L2-Total-Misses:         1174243   26.53%
L2-Total-Accesses:       4425365  100.00%

