Total Instructions: 7659818232
Total Cycles: 11122626407
IPC: 0.68867

Two level cache hierarchy:
  L1-Data Cache:
    Size(KB):          32
    Block Size(B):     64
    Associativity:      8

  L2-Data Cache:
    Size(KB):         512
    Block Size(B):    256
    Associativity:      8

Latencies:    1   10  150
L1-Sets: LRU assoc:   8
L2-Sets: LRU assoc:   8
Store_allocation: Yes
L2_inclusive: Yes

L1 Cache Stats:
L1-Load-Hits:        2214601338   99.84%
L1-Load-Misses:         3457682    0.16%
L1-Load-Accesses:    2218059020  100.00%

L1-Store-Hits:        1099500534   99.95%
L1-Store-Misses:          530891    0.05%
L1-Store-Accesses:    1100031425  100.00%

L1-Total-Hits:        3314101872   99.88%
L1-Total-Misses:         3988573    0.12%
L1-Total-Accesses:    3318090445  100.00%

L2 Cache Stats:
L2-Load-Hits:           2857721   82.65%
L2-Load-Misses:          599961   17.35%
L2-Load-Accesses:       3457682  100.00%

L2-Store-Hits:            431972   81.37%
L2-Store-Misses:           98919   18.63%
L2-Store-Accesses:        530891  100.00%

L2-Total-Hits:           3289693   82.48%
L2-Total-Misses:          698880   17.52%
L2-Total-Accesses:       3988573  100.00%

