Total Instructions: 7659818232
Total Cycles: 11231673607
IPC: 0.681984

Two level cache hierarchy:
  L1-Data Cache:
    Size(KB):          32
    Block Size(B):     64
    Associativity:      8

  L2-Data Cache:
    Size(KB):         256
    Block Size(B):    128
    Associativity:      4

Latencies:    1   10  150
L1-Sets: LRU assoc:   8
L2-Sets: LRU assoc:   4
Store_allocation: Yes
L2_inclusive: Yes

L1 Cache Stats:
L1-Load-Hits:        2214058038   99.82%
L1-Load-Misses:         4000982    0.18%
L1-Load-Accesses:    2218059020  100.00%

L1-Store-Hits:        1099413184   99.94%
L1-Store-Misses:          618241    0.06%
L1-Store-Accesses:    1100031425  100.00%

L1-Total-Hits:        3313471222   99.86%
L1-Total-Misses:         4619223    0.14%
L1-Total-Accesses:    3318090445  100.00%

L2 Cache Stats:
L2-Load-Hits:           2815124   70.36%
L2-Load-Misses:         1185858   29.64%
L2-Load-Accesses:       4000982  100.00%

L2-Store-Hits:            420281   67.98%
L2-Store-Misses:          197960   32.02%
L2-Store-Accesses:        618241  100.00%

L2-Total-Hits:           3235405   70.04%
L2-Total-Misses:         1383818   29.96%
L2-Total-Accesses:       4619223  100.00%

