Total Instructions: 7659818263
Total Cycles: 11275604010
IPC: 0.679327

Two level cache hierarchy:
  L1-Data Cache:
    Size(KB):          32
    Block Size(B):     64
    Associativity:      8

  L2-Data Cache:
    Size(KB):        2048
    Block Size(B):     64
    Associativity:      8

Latencies:    1   10  150
L1-Sets: LRU assoc:   8
L2-Sets: LRU assoc:   8
Store_allocation: Yes
L2_inclusive: Yes

L1 Cache Stats:
L1-Load-Hits:        2215461572   99.88%
L1-Load-Misses:         2597458    0.12%
L1-Load-Accesses:    2218059030  100.00%

L1-Store-Hits:        1099616521   99.96%
L1-Store-Misses:          414906    0.04%
L1-Store-Accesses:    1100031427  100.00%

L1-Total-Hits:        3315078093   99.91%
L1-Total-Misses:         3012364    0.09%
L1-Total-Accesses:    3318090457  100.00%

L2 Cache Stats:
L2-Load-Hits:           1202881   46.31%
L2-Load-Misses:         1394577   53.69%
L2-Load-Accesses:       2597458  100.00%

L2-Store-Hits:             25672    6.19%
L2-Store-Misses:          389234   93.81%
L2-Store-Accesses:        414906  100.00%

L2-Total-Hits:           1228553   40.78%
L2-Total-Misses:         1783811   59.22%
L2-Total-Accesses:       3012364  100.00%

