Total Instructions: 7659818232
Total Cycles: 11090030997
IPC: 0.690694

Two level cache hierarchy:
  L1-Data Cache:
    Size(KB):          32
    Block Size(B):     64
    Associativity:      8

  L2-Data Cache:
    Size(KB):        2048
    Block Size(B):    256
    Associativity:      8

Latencies:    1   10  150
L1-Sets: LRU assoc:   8
L2-Sets: LRU assoc:   8
Store_allocation: Yes
L2_inclusive: Yes

L1 Cache Stats:
L1-Load-Hits:        2214869889   99.86%
L1-Load-Misses:         3189131    0.14%
L1-Load-Accesses:    2218059020  100.00%

L1-Store-Hits:        1099499204   99.95%
L1-Store-Misses:          532221    0.05%
L1-Store-Accesses:    1100031425  100.00%

L1-Total-Hits:        3314369093   99.89%
L1-Total-Misses:         3721352    0.11%
L1-Total-Accesses:    3318090445  100.00%

L2 Cache Stats:
L2-Load-Hits:           2787121   87.39%
L2-Load-Misses:          402010   12.61%
L2-Load-Accesses:       3189131  100.00%

L2-Store-Hits:            434839   81.70%
L2-Store-Misses:           97382   18.30%
L2-Store-Accesses:        532221  100.00%

L2-Total-Hits:           3221960   86.58%
L2-Total-Misses:          499392   13.42%
L2-Total-Accesses:       3721352  100.00%

