Total Instructions: 7659818232
Total Cycles: 11161520297
IPC: 0.68627

Two level cache hierarchy:
  L1-Data Cache:
    Size(KB):          32
    Block Size(B):     64
    Associativity:      8

  L2-Data Cache:
    Size(KB):        2048
    Block Size(B):    128
    Associativity:     16

Latencies:    1   10  150
L1-Sets: LRU assoc:   8
L2-Sets: LRU assoc:  16
Store_allocation: Yes
L2_inclusive: Yes

L1 Cache Stats:
L1-Load-Hits:        2214522293   99.84%
L1-Load-Misses:         3536727    0.16%
L1-Load-Accesses:    2218059020  100.00%

L1-Store-Hits:        1099412875   99.94%
L1-Store-Misses:          618550    0.06%
L1-Store-Accesses:    1100031425  100.00%

L1-Total-Hits:        3313935168   99.87%
L1-Total-Misses:         4155277    0.13%
L1-Total-Accesses:    3318090445  100.00%

L2 Cache Stats:
L2-Load-Hits:           2784307   78.73%
L2-Load-Misses:          752420   21.27%
L2-Load-Accesses:       3536727  100.00%

L2-Store-Hits:            423911   68.53%
L2-Store-Misses:          194639   31.47%
L2-Store-Accesses:        618550  100.00%

L2-Total-Hits:           3208218   77.21%
L2-Total-Misses:          947059   22.79%
L2-Total-Accesses:       4155277  100.00%

