Total Instructions: 7659818232
Total Cycles: 11094219687
IPC: 0.690433

Two level cache hierarchy:
  L1-Data Cache:
    Size(KB):          32
    Block Size(B):     64
    Associativity:      8

  L2-Data Cache:
    Size(KB):        1024
    Block Size(B):    256
    Associativity:      8

Latencies:    1   10  150
L1-Sets: LRU assoc:   8
L2-Sets: LRU assoc:   8
Store_allocation: Yes
L2_inclusive: Yes

L1 Cache Stats:
L1-Load-Hits:        2214828112   99.85%
L1-Load-Misses:         3230908    0.15%
L1-Load-Accesses:    2218059020  100.00%

L1-Store-Hits:        1099506262   99.95%
L1-Store-Misses:          525163    0.05%
L1-Store-Accesses:    1100031425  100.00%

L1-Total-Hits:        3314334374   99.89%
L1-Total-Misses:         3756071    0.11%
L1-Total-Accesses:    3318090445  100.00%

L2 Cache Stats:
L2-Load-Hits:           2803462   86.77%
L2-Load-Misses:          427446   13.23%
L2-Load-Accesses:       3230908  100.00%

L2-Store-Hits:            427607   81.42%
L2-Store-Misses:           97556   18.58%
L2-Store-Accesses:        525163  100.00%

L2-Total-Hits:           3231069   86.02%
L2-Total-Misses:          525002   13.98%
L2-Total-Accesses:       3756071  100.00%

