Total Instructions: 19193957794
Total Cycles: 72908270366
IPC: 0.263262

Two level cache hierarchy:
  L1-Data Cache:
    Size(KB):          32
    Block Size(B):     64
    Associativity:      8

  L2-Data Cache:
    Size(KB):         512
    Block Size(B):     64
    Associativity:      8

Latencies:    1   10  150
L1-Sets: LRU assoc:   8
L2-Sets: LRU assoc:   8
Store_allocation: Yes
L2_inclusive: Yes

L1 Cache Stats:
L1-Load-Hits:        8111082710   96.62%
L1-Load-Misses:       283952687    3.38%
L1-Load-Accesses:    8395035397  100.00%

L1-Store-Hits:          56163501   98.27%
L1-Store-Misses:          989414    1.73%
L1-Store-Accesses:      57152915  100.00%

L1-Total-Hits:        8167246211   96.63%
L1-Total-Misses:       284942101    3.37%
L1-Total-Accesses:    8452188312  100.00%

L2 Cache Stats:
L2-Load-Hits:           2145954    0.76%
L2-Load-Misses:       281806733   99.24%
L2-Load-Accesses:     283952687  100.00%

L2-Store-Hits:             44792    4.53%
L2-Store-Misses:          944622   95.47%
L2-Store-Accesses:        989414  100.00%

L2-Total-Hits:           2190746    0.77%
L2-Total-Misses:       282751355   99.23%
L2-Total-Accesses:     284942101  100.00%

