Total Instructions: 19193957794
Total Cycles: 54518029776
IPC: 0.352066

Two level cache hierarchy:
  L1-Data Cache:
    Size(KB):          32
    Block Size(B):     64
    Associativity:      8

  L2-Data Cache:
    Size(KB):        2048
    Block Size(B):    128
    Associativity:      8

Latencies:    1   10  150
L1-Sets: LRU assoc:   8
L2-Sets: LRU assoc:   8
Store_allocation: Yes
L2_inclusive: Yes

L1 Cache Stats:
L1-Load-Hits:        7949675190   94.69%
L1-Load-Misses:       445360207    5.31%
L1-Load-Accesses:    8395035397  100.00%

L1-Store-Hits:          55263910   96.69%
L1-Store-Misses:         1889005    3.31%
L1-Store-Accesses:      57152915  100.00%

L1-Total-Hits:        8004939100   94.71%
L1-Total-Misses:       447249212    5.29%
L1-Total-Accesses:    8452188312  100.00%

L2 Cache Stats:
L2-Load-Hits:         296442946   66.56%
L2-Load-Misses:       148917261   33.44%
L2-Load-Accesses:     445360207  100.00%

L2-Store-Hits:           1476989   78.19%
L2-Store-Misses:          412016   21.81%
L2-Store-Accesses:       1889005  100.00%

L2-Total-Hits:         297919935   66.61%
L2-Total-Misses:       149329277   33.39%
L2-Total-Accesses:     447249212  100.00%

