Total Instructions: 19193957763
Total Cycles: 44309806343
IPC: 0.433176

Two level cache hierarchy:
  L1-Data Cache:
    Size(KB):          32
    Block Size(B):     64
    Associativity:      8

  L2-Data Cache:
    Size(KB):        2048
    Block Size(B):    256
    Associativity:      8

Latencies:    1   10  150
L1-Sets: LRU assoc:   8
L2-Sets: LRU assoc:   8
Store_allocation: Yes
L2_inclusive: Yes

L1 Cache Stats:
L1-Load-Hits:        8016040227   95.49%
L1-Load-Misses:       378995160    4.51%
L1-Load-Accesses:    8395035387  100.00%

L1-Store-Hits:          55679515   97.42%
L1-Store-Misses:         1473398    2.58%
L1-Store-Accesses:      57152913  100.00%

L1-Total-Hits:        8071719742   95.50%
L1-Total-Misses:       380468558    4.50%
L1-Total-Accesses:    8452188300  100.00%

L2 Cache Stats:
L2-Load-Hits:         293491314   77.44%
L2-Load-Misses:        85503846   22.56%
L2-Load-Accesses:     378995160  100.00%

L2-Store-Hits:           1250746   84.89%
L2-Store-Misses:          222652   15.11%
L2-Store-Accesses:       1473398  100.00%

L2-Total-Hits:         294742060   77.47%
L2-Total-Misses:        85726498   22.53%
L2-Total-Accesses:     380468558  100.00%

