Total Instructions: 19193957794
Total Cycles: 55494006406
IPC: 0.345874

Two level cache hierarchy:
  L1-Data Cache:
    Size(KB):          32
    Block Size(B):     64
    Associativity:      8

  L2-Data Cache:
    Size(KB):         512
    Block Size(B):    128
    Associativity:      4

Latencies:    1   10  150
L1-Sets: LRU assoc:   8
L2-Sets: LRU assoc:   4
Store_allocation: Yes
L2_inclusive: Yes

L1 Cache Stats:
L1-Load-Hits:        7942901919   94.61%
L1-Load-Misses:       452133478    5.39%
L1-Load-Accesses:    8395035397  100.00%

L1-Store-Hits:          55186578   96.56%
L1-Store-Misses:         1966337    3.44%
L1-Store-Accesses:      57152915  100.00%

L1-Total-Hits:        7998088497   94.63%
L1-Total-Misses:       454099815    5.37%
L1-Total-Accesses:    8452188312  100.00%

L2 Cache Stats:
L2-Load-Hits:         297242596   65.74%
L2-Load-Misses:       154890882   34.26%
L2-Load-Accesses:     452133478  100.00%

L2-Store-Hits:           1478138   75.17%
L2-Store-Misses:          488199   24.83%
L2-Store-Accesses:       1966337  100.00%

L2-Total-Hits:         298720734   65.78%
L2-Total-Misses:       155379081   34.22%
L2-Total-Accesses:     454099815  100.00%

