Total Instructions: 19193957763
Total Cycles: 55184532463
IPC: 0.347814

Two level cache hierarchy:
  L1-Data Cache:
    Size(KB):          32
    Block Size(B):     64
    Associativity:      8

  L2-Data Cache:
    Size(KB):        1024
    Block Size(B):    128
    Associativity:      8

Latencies:    1   10  150
L1-Sets: LRU assoc:   8
L2-Sets: LRU assoc:   8
Store_allocation: Yes
L2_inclusive: Yes

L1 Cache Stats:
L1-Load-Hits:        7945027006   94.64%
L1-Load-Misses:       450008381    5.36%
L1-Load-Accesses:    8395035387  100.00%

L1-Store-Hits:          55214044   96.61%
L1-Store-Misses:         1938869    3.39%
L1-Store-Accesses:      57152913  100.00%

L1-Total-Hits:        8000241050   94.65%
L1-Total-Misses:       451947250    5.35%
L1-Total-Accesses:    8452188300  100.00%

L2 Cache Stats:
L2-Load-Hits:         297004084   66.00%
L2-Load-Misses:       153004297   34.00%
L2-Load-Accesses:     450008381  100.00%

L2-Store-Hits:           1483740   76.53%
L2-Store-Misses:          455129   23.47%
L2-Store-Accesses:       1938869  100.00%

L2-Total-Hits:         298487824   66.04%
L2-Total-Misses:       153459426   33.96%
L2-Total-Accesses:     451947250  100.00%

