Total Instructions: 19193957763
Total Cycles: 55183773503
IPC: 0.347819

Two level cache hierarchy:
  L1-Data Cache:
    Size(KB):          32
    Block Size(B):     64
    Associativity:      8

  L2-Data Cache:
    Size(KB):        1024
    Block Size(B):    128
    Associativity:     16

Latencies:    1   10  150
L1-Sets: LRU assoc:   8
L2-Sets: LRU assoc:  16
Store_allocation: Yes
L2_inclusive: Yes

L1 Cache Stats:
L1-Load-Hits:        7945038050   94.64%
L1-Load-Misses:       449997337    5.36%
L1-Load-Accesses:    8395035387  100.00%

L1-Store-Hits:          55211066   96.60%
L1-Store-Misses:         1941847    3.40%
L1-Store-Accesses:      57152913  100.00%

L1-Total-Hits:        8000249116   94.65%
L1-Total-Misses:       451939184    5.35%
L1-Total-Accesses:    8452188300  100.00%

L2 Cache Stats:
L2-Load-Hits:         297004209   66.00%
L2-Load-Misses:       152993128   34.00%
L2-Load-Accesses:     449997337  100.00%

L2-Store-Hits:           1480071   76.22%
L2-Store-Misses:          461776   23.78%
L2-Store-Accesses:       1941847  100.00%

L2-Total-Hits:         298484280   66.05%
L2-Total-Misses:       153454904   33.95%
L2-Total-Accesses:     451939184  100.00%

