Total Instructions: 19193957794
Total Cycles: 72618020196
IPC: 0.264314

Two level cache hierarchy:
  L1-Data Cache:
    Size(KB):          32
    Block Size(B):     64
    Associativity:      8

  L2-Data Cache:
    Size(KB):        1024
    Block Size(B):     64
    Associativity:      8

Latencies:    1   10  150
L1-Sets: LRU assoc:   8
L2-Sets: LRU assoc:   8
Store_allocation: Yes
L2_inclusive: Yes

L1 Cache Stats:
L1-Load-Hits:        8111081762   96.62%
L1-Load-Misses:       283953635    3.38%
L1-Load-Accesses:    8395035397  100.00%

L1-Store-Hits:          56165261   98.27%
L1-Store-Misses:          987654    1.73%
L1-Store-Accesses:      57152915  100.00%

L1-Total-Hits:        8167247023   96.63%
L1-Total-Misses:       284941289    3.37%
L1-Total-Accesses:    8452188312  100.00%

L2 Cache Stats:
L2-Load-Hits:           4036735    1.42%
L2-Load-Misses:       279916900   98.58%
L2-Load-Accesses:     283953635  100.00%

L2-Store-Hits:             88146    8.92%
L2-Store-Misses:          899508   91.08%
L2-Store-Accesses:        987654  100.00%

L2-Total-Hits:           4124881    1.45%
L2-Total-Misses:       280816408   98.55%
L2-Total-Accesses:     284941289  100.00%

