Total Instructions: 19193957763
Total Cycles: 45272167733
IPC: 0.423968

Two level cache hierarchy:
  L1-Data Cache:
    Size(KB):          32
    Block Size(B):     64
    Associativity:      8

  L2-Data Cache:
    Size(KB):         512
    Block Size(B):    256
    Associativity:      8

Latencies:    1   10  150
L1-Sets: LRU assoc:   8
L2-Sets: LRU assoc:   8
Store_allocation: Yes
L2_inclusive: Yes

L1 Cache Stats:
L1-Load-Hits:        8009236326   95.40%
L1-Load-Misses:       385799061    4.60%
L1-Load-Accesses:    8395035387  100.00%

L1-Store-Hits:          55644997   97.36%
L1-Store-Misses:         1507916    2.64%
L1-Store-Accesses:      57152913  100.00%

L1-Total-Hits:        8064881323   95.42%
L1-Total-Misses:       387306977    4.58%
L1-Total-Accesses:    8452188300  100.00%

L2 Cache Stats:
L2-Load-Hits:         294363940   76.30%
L2-Load-Misses:        91435121   23.70%
L2-Load-Accesses:     385799061  100.00%

L2-Store-Hits:           1256691   83.34%
L2-Store-Misses:          251225   16.66%
L2-Store-Accesses:       1507916  100.00%

L2-Total-Hits:         295620631   76.33%
L2-Total-Misses:        91686346   23.67%
L2-Total-Accesses:     387306977  100.00%

