Total Instructions: 19193957794
Total Cycles: 54527317066
IPC: 0.352006

Two level cache hierarchy:
  L1-Data Cache:
    Size(KB):          32
    Block Size(B):     64
    Associativity:      8

  L2-Data Cache:
    Size(KB):        2048
    Block Size(B):    128
    Associativity:     16

Latencies:    1   10  150
L1-Sets: LRU assoc:   8
L2-Sets: LRU assoc:  16
Store_allocation: Yes
L2_inclusive: Yes

L1 Cache Stats:
L1-Load-Hits:        7949619822   94.69%
L1-Load-Misses:       445415575    5.31%
L1-Load-Accesses:    8395035397  100.00%

L1-Store-Hits:          55257414   96.68%
L1-Store-Misses:         1895501    3.32%
L1-Store-Accesses:      57152915  100.00%

L1-Total-Hits:        8004877236   94.71%
L1-Total-Misses:       447311076    5.29%
L1-Total-Accesses:    8452188312  100.00%

L2 Cache Stats:
L2-Load-Hits:         296446590   66.56%
L2-Load-Misses:       148968985   33.44%
L2-Load-Accesses:     445415575  100.00%

L2-Store-Hits:           1477418   77.94%
L2-Store-Misses:          418083   22.06%
L2-Store-Accesses:       1895501  100.00%

L2-Total-Hits:         297924008   66.60%
L2-Total-Misses:       149387068   33.40%
L2-Total-Accesses:     447311076  100.00%

