Total Instructions: 19193957763
Total Cycles: 71988818693
IPC: 0.266624

Two level cache hierarchy:
  L1-Data Cache:
    Size(KB):          32
    Block Size(B):     64
    Associativity:      8

  L2-Data Cache:
    Size(KB):        2048
    Block Size(B):     64
    Associativity:      8

Latencies:    1   10  150
L1-Sets: LRU assoc:   8
L2-Sets: LRU assoc:   8
Store_allocation: Yes
L2_inclusive: Yes

L1 Cache Stats:
L1-Load-Hits:        8111082140   96.62%
L1-Load-Misses:       283953247    3.38%
L1-Load-Accesses:    8395035387  100.00%

L1-Store-Hits:          56162447   98.27%
L1-Store-Misses:          990466    1.73%
L1-Store-Accesses:      57152913  100.00%

L1-Total-Hits:        8167244587   96.63%
L1-Total-Misses:       284943713    3.37%
L1-Total-Accesses:    8452188300  100.00%

L2 Cache Stats:
L2-Load-Hits:           8169072    2.88%
L2-Load-Misses:       275784175   97.12%
L2-Load-Accesses:     283953247  100.00%

L2-Store-Hits:            153071   15.45%
L2-Store-Misses:          837395   84.55%
L2-Store-Accesses:        990466  100.00%

L2-Total-Hits:           8322143    2.92%
L2-Total-Misses:       276621570   97.08%
L2-Total-Accesses:     284943713  100.00%

