Total Instructions: 19193957763
Total Cycles: 55490636313
IPC: 0.345895

Two level cache hierarchy:
  L1-Data Cache:
    Size(KB):          32
    Block Size(B):     64
    Associativity:      8

  L2-Data Cache:
    Size(KB):         512
    Block Size(B):    128
    Associativity:      8

Latencies:    1   10  150
L1-Sets: LRU assoc:   8
L2-Sets: LRU assoc:   8
Store_allocation: Yes
L2_inclusive: Yes

L1 Cache Stats:
L1-Load-Hits:        7942897035   94.61%
L1-Load-Misses:       452138352    5.39%
L1-Load-Accesses:    8395035387  100.00%

L1-Store-Hits:          55192020   96.57%
L1-Store-Misses:         1960893    3.43%
L1-Store-Accesses:      57152913  100.00%

L1-Total-Hits:        7998089055   94.63%
L1-Total-Misses:       454099245    5.37%
L1-Total-Accesses:    8452188300  100.00%

L2 Cache Stats:
L2-Load-Hits:         297262103   65.75%
L2-Load-Misses:       154876249   34.25%
L2-Load-Accesses:     452138352  100.00%

L2-Store-Hits:           1480490   75.50%
L2-Store-Misses:          480403   24.50%
L2-Store-Accesses:       1960893  100.00%

L2-Total-Hits:         298742593   65.79%
L2-Total-Misses:       155356652   34.21%
L2-Total-Accesses:     454099245  100.00%

