Total Instructions: 19193957794
Total Cycles: 44969228306
IPC: 0.426824

Two level cache hierarchy:
  L1-Data Cache:
    Size(KB):          32
    Block Size(B):     64
    Associativity:      8

  L2-Data Cache:
    Size(KB):        1024
    Block Size(B):    256
    Associativity:      8

Latencies:    1   10  150
L1-Sets: LRU assoc:   8
L2-Sets: LRU assoc:   8
Store_allocation: Yes
L2_inclusive: Yes

L1 Cache Stats:
L1-Load-Hits:        8011376520   95.43%
L1-Load-Misses:       383658877    4.57%
L1-Load-Accesses:    8395035397  100.00%

L1-Store-Hits:          55652777   97.38%
L1-Store-Misses:         1500138    2.62%
L1-Store-Accesses:      57152915  100.00%

L1-Total-Hits:        8067029297   95.44%
L1-Total-Misses:       385159015    4.56%
L1-Total-Accesses:    8452188312  100.00%

L2 Cache Stats:
L2-Load-Hits:         294091644   76.65%
L2-Load-Misses:        89567233   23.35%
L2-Load-Accesses:     383658877  100.00%

L2-Store-Hits:           1257424   83.82%
L2-Store-Misses:          242714   16.18%
L2-Store-Accesses:       1500138  100.00%

L2-Total-Hits:         295349068   76.68%
L2-Total-Misses:        89809947   23.32%
L2-Total-Accesses:     385159015  100.00%

