Total Instructions: 27435962402
Total Cycles: 38779950714
IPC: 0.707478

Two level cache hierarchy:
  L1-Data Cache:
    Size(KB):          32
    Block Size(B):     64
    Associativity:      8

  L2-Data Cache:
    Size(KB):        1024
    Block Size(B):    256
    Associativity:      8

Latencies:    1   10  150
L1-Sets: LRU assoc:   8
L2-Sets: LRU assoc:   8
Store_allocation: Yes
L2_inclusive: Yes

L1 Cache Stats:
L1-Load-Hits:        7777559315   99.17%
L1-Load-Misses:        64788278    0.83%
L1-Load-Accesses:    7842347593  100.00%

L1-Store-Hits:        2287007378   97.80%
L1-Store-Misses:        51444601    2.20%
L1-Store-Accesses:    2338451979  100.00%

L1-Total-Hits:       10064566693   98.86%
L1-Total-Misses:       116232879    1.14%
L1-Total-Accesses:   10180799572  100.00%

L2 Cache Stats:
L2-Load-Hits:          64786800  100.00%
L2-Load-Misses:            1478    0.00%
L2-Load-Accesses:      64788278  100.00%

L2-Store-Hits:          51440346   99.99%
L2-Store-Misses:            4255    0.01%
L2-Store-Accesses:      51444601  100.00%

L2-Total-Hits:         116227146  100.00%
L2-Total-Misses:            5733    0.00%
L2-Total-Accesses:     116232879  100.00%

