Total Instructions: 27435962371
Total Cycles: 38784227351
IPC: 0.7074

Two level cache hierarchy:
  L1-Data Cache:
    Size(KB):          32
    Block Size(B):     64
    Associativity:      8

  L2-Data Cache:
    Size(KB):         512
    Block Size(B):     64
    Associativity:      8

Latencies:    1   10  150
L1-Sets: LRU assoc:   8
L2-Sets: LRU assoc:   8
Store_allocation: Yes
L2_inclusive: Yes

L1 Cache Stats:
L1-Load-Hits:        7777508783   99.17%
L1-Load-Misses:        64838800    0.83%
L1-Load-Accesses:    7842347583  100.00%

L1-Store-Hits:        2286886325   97.79%
L1-Store-Misses:        51565652    2.21%
L1-Store-Accesses:    2338451977  100.00%

L1-Total-Hits:       10064395108   98.86%
L1-Total-Misses:       116404452    1.14%
L1-Total-Accesses:   10180799560  100.00%

L2 Cache Stats:
L2-Load-Hits:          64834572   99.99%
L2-Load-Misses:            4228    0.01%
L2-Load-Accesses:      64838800  100.00%

L2-Store-Hits:          51547074   99.96%
L2-Store-Misses:           18578    0.04%
L2-Store-Accesses:      51565652  100.00%

L2-Total-Hits:         116381646   99.98%
L2-Total-Misses:           22806    0.02%
L2-Total-Accesses:     116404452  100.00%

