Total Instructions: 27435962371
Total Cycles: 38781540751
IPC: 0.707449

Two level cache hierarchy:
  L1-Data Cache:
    Size(KB):          32
    Block Size(B):     64
    Associativity:      8

  L2-Data Cache:
    Size(KB):         512
    Block Size(B):    128
    Associativity:      8

Latencies:    1   10  150
L1-Sets: LRU assoc:   8
L2-Sets: LRU assoc:   8
Store_allocation: Yes
L2_inclusive: Yes

L1 Cache Stats:
L1-Load-Hits:        7777475806   99.17%
L1-Load-Misses:        64871777    0.83%
L1-Load-Accesses:    7842347583  100.00%

L1-Store-Hits:        2287017367   97.80%
L1-Store-Misses:        51434610    2.20%
L1-Store-Accesses:    2338451977  100.00%

L1-Total-Hits:       10064493173   98.86%
L1-Total-Misses:       116306387    1.14%
L1-Total-Accesses:   10180799560  100.00%

L2 Cache Stats:
L2-Load-Hits:          64868950  100.00%
L2-Load-Misses:            2827    0.00%
L2-Load-Accesses:      64871777  100.00%

L2-Store-Hits:          51426004   99.98%
L2-Store-Misses:            8606    0.02%
L2-Store-Accesses:      51434610  100.00%

L2-Total-Hits:         116294954   99.99%
L2-Total-Misses:           11433    0.01%
L2-Total-Accesses:     116306387  100.00%

