Total Instructions: 27435962371
Total Cycles: 38782961111
IPC: 0.707423

Two level cache hierarchy:
  L1-Data Cache:
    Size(KB):          32
    Block Size(B):     64
    Associativity:      8

  L2-Data Cache:
    Size(KB):         512
    Block Size(B):    128
    Associativity:      4

Latencies:    1   10  150
L1-Sets: LRU assoc:   8
L2-Sets: LRU assoc:   4
Store_allocation: Yes
L2_inclusive: Yes

L1 Cache Stats:
L1-Load-Hits:        7777436050   99.17%
L1-Load-Misses:        64911533    0.83%
L1-Load-Accesses:    7842347583  100.00%

L1-Store-Hits:        2286915087   97.80%
L1-Store-Misses:        51536890    2.20%
L1-Store-Accesses:    2338451977  100.00%

L1-Total-Hits:       10064351137   98.86%
L1-Total-Misses:       116448423    1.14%
L1-Total-Accesses:   10180799560  100.00%

L2 Cache Stats:
L2-Load-Hits:          64908704  100.00%
L2-Load-Misses:            2829    0.00%
L2-Load-Accesses:      64911533  100.00%

L2-Store-Hits:          51528286   99.98%
L2-Store-Misses:            8604    0.02%
L2-Store-Accesses:      51536890  100.00%

L2-Total-Hits:         116436990   99.99%
L2-Total-Misses:           11433    0.01%
L2-Total-Accesses:     116448423  100.00%

