Total Instructions: 27435962402
Total Cycles: 38782899614
IPC: 0.707424

Two level cache hierarchy:
  L1-Data Cache:
    Size(KB):          32
    Block Size(B):     64
    Associativity:      8

  L2-Data Cache:
    Size(KB):         256
    Block Size(B):    128
    Associativity:      4

Latencies:    1   10  150
L1-Sets: LRU assoc:   8
L2-Sets: LRU assoc:   4
Store_allocation: Yes
L2_inclusive: Yes

L1 Cache Stats:
L1-Load-Hits:        7777465314   99.17%
L1-Load-Misses:        64882279    0.83%
L1-Load-Accesses:    7842347593  100.00%

L1-Store-Hits:        2286900464   97.80%
L1-Store-Misses:        51551515    2.20%
L1-Store-Accesses:    2338451979  100.00%

L1-Total-Hits:       10064365778   98.86%
L1-Total-Misses:       116433794    1.14%
L1-Total-Accesses:   10180799572  100.00%

L2 Cache Stats:
L2-Load-Hits:          64879086  100.00%
L2-Load-Misses:            3193    0.00%
L2-Load-Accesses:      64882279  100.00%

L2-Store-Hits:          51542710   99.98%
L2-Store-Misses:            8805    0.02%
L2-Store-Accesses:      51551515  100.00%

L2-Total-Hits:         116421796   99.99%
L2-Total-Misses:           11998    0.01%
L2-Total-Accesses:     116433794  100.00%

