Total Instructions: 27435962371
Total Cycles: 38781010211
IPC: 0.707459

Two level cache hierarchy:
  L1-Data Cache:
    Size(KB):          32
    Block Size(B):     64
    Associativity:      8

  L2-Data Cache:
    Size(KB):         512
    Block Size(B):    256
    Associativity:      8

Latencies:    1   10  150
L1-Sets: LRU assoc:   8
L2-Sets: LRU assoc:   8
Store_allocation: Yes
L2_inclusive: Yes

L1 Cache Stats:
L1-Load-Hits:        7777492076   99.17%
L1-Load-Misses:        64855507    0.83%
L1-Load-Accesses:    7842347583  100.00%

L1-Store-Hits:        2286968666   97.80%
L1-Store-Misses:        51483311    2.20%
L1-Store-Accesses:    2338451977  100.00%

L1-Total-Hits:       10064460742   98.86%
L1-Total-Misses:       116338818    1.14%
L1-Total-Accesses:   10180799560  100.00%

L2 Cache Stats:
L2-Load-Hits:          64854028  100.00%
L2-Load-Misses:            1479    0.00%
L2-Load-Accesses:      64855507  100.00%

L2-Store-Hits:          51479056   99.99%
L2-Store-Misses:            4255    0.01%
L2-Store-Accesses:      51483311  100.00%

L2-Total-Hits:         116333084  100.00%
L2-Total-Misses:            5734    0.00%
L2-Total-Accesses:     116338818  100.00%

