Total Instructions: 27435962402
Total Cycles: 38780402344
IPC: 0.70747

Two level cache hierarchy:
  L1-Data Cache:
    Size(KB):          32
    Block Size(B):     64
    Associativity:      8

  L2-Data Cache:
    Size(KB):        2048
    Block Size(B):    128
    Associativity:     16

Latencies:    1   10  150
L1-Sets: LRU assoc:   8
L2-Sets: LRU assoc:  16
Store_allocation: Yes
L2_inclusive: Yes

L1 Cache Stats:
L1-Load-Hits:        7777547102   99.17%
L1-Load-Misses:        64800491    0.83%
L1-Load-Accesses:    7842347593  100.00%

L1-Store-Hits:        2287059808   97.80%
L1-Store-Misses:        51392171    2.20%
L1-Store-Accesses:    2338451979  100.00%

L1-Total-Hits:       10064606910   98.86%
L1-Total-Misses:       116192662    1.14%
L1-Total-Accesses:   10180799572  100.00%

L2 Cache Stats:
L2-Load-Hits:          64797668  100.00%
L2-Load-Misses:            2823    0.00%
L2-Load-Accesses:      64800491  100.00%

L2-Store-Hits:          51383569   99.98%
L2-Store-Misses:            8602    0.02%
L2-Store-Accesses:      51392171  100.00%

L2-Total-Hits:         116181237   99.99%
L2-Total-Misses:           11425    0.01%
L2-Total-Accesses:     116192662  100.00%

