Total Instructions: 27435962371
Total Cycles: 38782688931
IPC: 0.707428

Two level cache hierarchy:
  L1-Data Cache:
    Size(KB):          32
    Block Size(B):     64
    Associativity:      8

  L2-Data Cache:
    Size(KB):        1024
    Block Size(B):    128
    Associativity:      8

Latencies:    1   10  150
L1-Sets: LRU assoc:   8
L2-Sets: LRU assoc:   8
Store_allocation: Yes
L2_inclusive: Yes

L1 Cache Stats:
L1-Load-Hits:        7777524095   99.17%
L1-Load-Misses:        64823488    0.83%
L1-Load-Accesses:    7842347583  100.00%

L1-Store-Hits:        2286854215   97.79%
L1-Store-Misses:        51597762    2.21%
L1-Store-Accesses:    2338451977  100.00%

L1-Total-Hits:       10064378310   98.86%
L1-Total-Misses:       116421250    1.14%
L1-Total-Accesses:   10180799560  100.00%

L2 Cache Stats:
L2-Load-Hits:          64820662  100.00%
L2-Load-Misses:            2826    0.00%
L2-Load-Accesses:      64823488  100.00%

L2-Store-Hits:          51589158   99.98%
L2-Store-Misses:            8604    0.02%
L2-Store-Accesses:      51597762  100.00%

L2-Total-Hits:         116409820   99.99%
L2-Total-Misses:           11430    0.01%
L2-Total-Accesses:     116421250  100.00%

