Total Instructions: 27435962402
Total Cycles: 38782310724
IPC: 0.707435

Two level cache hierarchy:
  L1-Data Cache:
    Size(KB):          32
    Block Size(B):     64
    Associativity:      8

  L2-Data Cache:
    Size(KB):        1024
    Block Size(B):     64
    Associativity:      8

Latencies:    1   10  150
L1-Sets: LRU assoc:   8
L2-Sets: LRU assoc:   8
Store_allocation: Yes
L2_inclusive: Yes

L1 Cache Stats:
L1-Load-Hits:        7777538312   99.17%
L1-Load-Misses:        64809281    0.83%
L1-Load-Accesses:    7842347593  100.00%

L1-Store-Hits:        2287048385   97.80%
L1-Store-Misses:        51403594    2.20%
L1-Store-Accesses:    2338451979  100.00%

L1-Total-Hits:       10064586697   98.86%
L1-Total-Misses:       116212875    1.14%
L1-Total-Accesses:   10180799572  100.00%

L2 Cache Stats:
L2-Load-Hits:          64805056   99.99%
L2-Load-Misses:            4225    0.01%
L2-Load-Accesses:      64809281  100.00%

L2-Store-Hits:          51385019   99.96%
L2-Store-Misses:           18575    0.04%
L2-Store-Accesses:      51403594  100.00%

L2-Total-Hits:         116190075   99.98%
L2-Total-Misses:           22800    0.02%
L2-Total-Accesses:     116212875  100.00%

