Total Instructions: 4128219492
Total Cycles: 6060621077
IPC: 0.681155

Two level cache hierarchy:
  L1-Data Cache:
    Size(KB):          16
    Block Size(B):     64
    Associativity:      4

  L2-Data Cache:
    Size(KB):        1024
    Block Size(B):    128
    Associativity:      8

Latencies:    1   10  150
L1-Sets: LRU assoc:   4
L2-Sets: LRU assoc:   8
Store_allocation: No
L2_inclusive: Yes

L1 Cache Stats:
L1-Load-Hits:         835909239   95.08%
L1-Load-Misses:        43258605    4.92%
L1-Load-Accesses:     879167844  100.00%

L1-Store-Hits:         322009216   97.70%
L1-Store-Misses:         7596725    2.30%
L1-Store-Accesses:     329605941  100.00%

L1-Total-Hits:        1157918455   95.79%
L1-Total-Misses:        50855330    4.21%
L1-Total-Accesses:    1208773785  100.00%

L2 Cache Stats:
L2-Load-Hits:          42029679   97.16%
L2-Load-Misses:         1228926    2.84%
L2-Load-Accesses:      43258605  100.00%

L2-Store-Hits:           7391821   97.30%
L2-Store-Misses:          204904    2.70%
L2-Store-Accesses:       7596725  100.00%

L2-Total-Hits:          49421500   97.18%
L2-Total-Misses:         1433830    2.82%
L2-Total-Accesses:      50855330  100.00%

