Total Instructions: 4128219492
Total Cycles: 5962371797
IPC: 0.692379

Two level cache hierarchy:
  L1-Data Cache:
    Size(KB):          64
    Block Size(B):     64
    Associativity:      4

  L2-Data Cache:
    Size(KB):        1024
    Block Size(B):    128
    Associativity:      8

Latencies:    1   10  150
L1-Sets: LRU assoc:   4
L2-Sets: LRU assoc:   8
Store_allocation: No
L2_inclusive: Yes

L1 Cache Stats:
L1-Load-Hits:         844873450   96.10%
L1-Load-Misses:        34294394    3.90%
L1-Load-Accesses:     879167844  100.00%

L1-Store-Hits:         322869933   97.96%
L1-Store-Misses:         6736008    2.04%
L1-Store-Accesses:     329605941  100.00%

L1-Total-Hits:        1167743383   96.61%
L1-Total-Misses:        41030402    3.39%
L1-Total-Accesses:    1208773785  100.00%

L2 Cache Stats:
L2-Load-Hits:          33065468   96.42%
L2-Load-Misses:         1228926    3.58%
L2-Load-Accesses:      34294394  100.00%

L2-Store-Hits:           6531104   96.96%
L2-Store-Misses:          204904    3.04%
L2-Store-Accesses:       6736008  100.00%

L2-Total-Hits:          39596572   96.51%
L2-Total-Misses:         1433830    3.49%
L2-Total-Accesses:      41030402  100.00%

