Total Instructions: 4128219492
Total Cycles: 6032749447
IPC: 0.684301

Two level cache hierarchy:
  L1-Data Cache:
    Size(KB):          32
    Block Size(B):     64
    Associativity:      4

  L2-Data Cache:
    Size(KB):        1024
    Block Size(B):    128
    Associativity:      8

Latencies:    1   10  150
L1-Sets: LRU assoc:   4
L2-Sets: LRU assoc:   8
Store_allocation: No
L2_inclusive: Yes

L1 Cache Stats:
L1-Load-Hits:         838011703   95.32%
L1-Load-Misses:        41156141    4.68%
L1-Load-Accesses:     879167844  100.00%

L1-Store-Hits:         322693915   97.90%
L1-Store-Misses:         6912026    2.10%
L1-Store-Accesses:     329605941  100.00%

L1-Total-Hits:        1160705618   96.02%
L1-Total-Misses:        48068167    3.98%
L1-Total-Accesses:    1208773785  100.00%

L2 Cache Stats:
L2-Load-Hits:          39927215   97.01%
L2-Load-Misses:         1228926    2.99%
L2-Load-Accesses:      41156141  100.00%

L2-Store-Hits:           6707122   97.04%
L2-Store-Misses:          204904    2.96%
L2-Store-Accesses:       6912026  100.00%

L2-Total-Hits:          46634337   97.02%
L2-Total-Misses:         1433830    2.98%
L2-Total-Accesses:      48068167  100.00%

