Total Instructions: 11984332574
Total Cycles: 17023857790
IPC: 0.703973

Two level cache hierarchy:
  L1-Data Cache:
    Size(KB):          32
    Block Size(B):     64
    Associativity:      4

  L2-Data Cache:
    Size(KB):        1024
    Block Size(B):    128
    Associativity:      8

Latencies:    1   10  150
L1-Sets: LRU assoc:   4
L2-Sets: LRU assoc:   8
Store_allocation: No
L2_inclusive: Yes

L1 Cache Stats:
L1-Load-Hits:        2180464130   94.94%
L1-Load-Misses:       116311758    5.06%
L1-Load-Accesses:    2296775888  100.00%

L1-Store-Hits:         599119624   88.96%
L1-Store-Misses:        74351584   11.04%
L1-Store-Accesses:     673471208  100.00%

L1-Total-Hits:        2779583754   93.58%
L1-Total-Misses:       190663342    6.42%
L1-Total-Accesses:    2970247096  100.00%

L2 Cache Stats:
L2-Load-Hits:         115696928   99.47%
L2-Load-Misses:          614830    0.53%
L2-Load-Accesses:     116311758  100.00%

L2-Store-Hits:          73882116   99.37%
L2-Store-Misses:          469468    0.63%
L2-Store-Accesses:      74351584  100.00%

L2-Total-Hits:         189579044   99.43%
L2-Total-Misses:         1084298    0.57%
L2-Total-Accesses:     190663342  100.00%

