Total Instructions: 1493336745
Total Cycles: 7387891461
IPC: 0.202133

Two level cache hierarchy:
  L1-Data Cache:
    Size(KB):          64
    Block Size(B):     64
    Associativity:      8

  L2-Data Cache:
    Size(KB):        1024
    Block Size(B):    128
    Associativity:      8

Latencies:    1   10  150
L1-Sets: LRU assoc:   8
L2-Sets: LRU assoc:   8
Store_allocation: No
L2_inclusive: Yes

L1 Cache Stats:
L1-Load-Hits:         231637633   76.62%
L1-Load-Misses:        70692456   23.38%
L1-Load-Accesses:     302330089  100.00%

L1-Store-Hits:         101522982   98.65%
L1-Store-Misses:         1392085    1.35%
L1-Store-Accesses:     102915067  100.00%

L1-Total-Hits:         333160615   82.21%
L1-Total-Misses:        72084541   17.79%
L1-Total-Accesses:     405245156  100.00%

L2 Cache Stats:
L2-Load-Hits:          38902987   55.03%
L2-Load-Misses:        31789469   44.97%
L2-Load-Accesses:      70692456  100.00%

L2-Store-Hits:           1391793   99.98%
L2-Store-Misses:             292    0.02%
L2-Store-Accesses:       1392085  100.00%

L2-Total-Hits:          40294780   55.90%
L2-Total-Misses:        31789761   44.10%
L2-Total-Accesses:      72084541  100.00%

