Total Instructions: 1493336745
Total Cycles: 7417455331
IPC: 0.201327

Two level cache hierarchy:
  L1-Data Cache:
    Size(KB):          16
    Block Size(B):     64
    Associativity:      4

  L2-Data Cache:
    Size(KB):        1024
    Block Size(B):    128
    Associativity:      8

Latencies:    1   10  150
L1-Sets: LRU assoc:   4
L2-Sets: LRU assoc:   8
Store_allocation: No
L2_inclusive: Yes

L1 Cache Stats:
L1-Load-Hits:         228654132   75.63%
L1-Load-Misses:        73675957   24.37%
L1-Load-Accesses:     302330089  100.00%

L1-Store-Hits:         101520351   98.64%
L1-Store-Misses:         1394716    1.36%
L1-Store-Accesses:     102915067  100.00%

L1-Total-Hits:         330174483   81.48%
L1-Total-Misses:        75070673   18.52%
L1-Total-Accesses:     405245156  100.00%

L2 Cache Stats:
L2-Load-Hits:          41889058   56.86%
L2-Load-Misses:        31786899   43.14%
L2-Load-Accesses:      73675957  100.00%

L2-Store-Hits:           1393837   99.94%
L2-Store-Misses:             879    0.06%
L2-Store-Accesses:       1394716  100.00%

L2-Total-Hits:          43282895   57.66%
L2-Total-Misses:        31787778   42.34%
L2-Total-Accesses:      75070673  100.00%

