Total Instructions: 1493336745
Total Cycles: 7382824201
IPC: 0.202272

Two level cache hierarchy:
  L1-Data Cache:
    Size(KB):          64
    Block Size(B):     64
    Associativity:      4

  L2-Data Cache:
    Size(KB):        1024
    Block Size(B):    128
    Associativity:      8

Latencies:    1   10  150
L1-Sets: LRU assoc:   4
L2-Sets: LRU assoc:   8
Store_allocation: No
L2_inclusive: Yes

L1 Cache Stats:
L1-Load-Hits:         232342496   76.85%
L1-Load-Misses:        69987593   23.15%
L1-Load-Accesses:     302330089  100.00%

L1-Store-Hits:         101516845   98.64%
L1-Store-Misses:         1398222    1.36%
L1-Store-Accesses:     102915067  100.00%

L1-Total-Hits:         333859341   82.38%
L1-Total-Misses:        71385815   17.62%
L1-Total-Accesses:     405245156  100.00%

L2 Cache Stats:
L2-Load-Hits:          38186787   54.56%
L2-Load-Misses:        31800806   45.44%
L2-Load-Accesses:      69987593  100.00%

L2-Store-Hits:           1396467   99.87%
L2-Store-Misses:            1755    0.13%
L2-Store-Accesses:       1398222  100.00%

L2-Total-Hits:          39583254   55.45%
L2-Total-Misses:        31802561   44.55%
L2-Total-Accesses:      71385815  100.00%

