Total Instructions: 21500896248
Total Cycles: 44965299413
IPC: 0.478166

Two level cache hierarchy:
  L1-Data Cache:
    Size(KB):          16
    Block Size(B):     64
    Associativity:      4

  L2-Data Cache:
    Size(KB):        1024
    Block Size(B):    128
    Associativity:      8

Latencies:    1   10  150
L1-Sets: LRU assoc:   4
L2-Sets: LRU assoc:   8
Store_allocation: No
L2_inclusive: Yes

L1 Cache Stats:
L1-Load-Hits:        6171935466   95.85%
L1-Load-Misses:       266962225    4.15%
L1-Load-Accesses:    6438897691  100.00%

L1-Store-Hits:        2626320693   96.10%
L1-Store-Misses:       106570071    3.90%
L1-Store-Accesses:    2732890764  100.00%

L1-Total-Hits:        8798256159   95.93%
L1-Total-Misses:       373532296    4.07%
L1-Total-Accesses:    9171788455  100.00%

L2 Cache Stats:
L2-Load-Hits:         202004904   75.67%
L2-Load-Misses:        64957321   24.33%
L2-Load-Accesses:     266962225  100.00%

L2-Store-Hits:         101145447   94.91%
L2-Store-Misses:         5424624    5.09%
L2-Store-Accesses:     106570071  100.00%

L2-Total-Hits:         303150351   81.16%
L2-Total-Misses:        70381945   18.84%
L2-Total-Accesses:     373532296  100.00%

