Total Instructions: 21500895735
Total Cycles: 44322311300
IPC: 0.485103

Two level cache hierarchy:
  L1-Data Cache:
    Size(KB):          32
    Block Size(B):     64
    Associativity:      4

  L2-Data Cache:
    Size(KB):        1024
    Block Size(B):    128
    Associativity:      8

Latencies:    1   10  150
L1-Sets: LRU assoc:   4
L2-Sets: LRU assoc:   8
Store_allocation: No
L2_inclusive: Yes

L1 Cache Stats:
L1-Load-Hits:        6211098791   96.46%
L1-Load-Misses:       227798776    3.54%
L1-Load-Accesses:    6438897567  100.00%

L1-Store-Hits:        2651559933   97.02%
L1-Store-Misses:        81330755    2.98%
L1-Store-Accesses:    2732890688  100.00%

L1-Total-Hits:        8862658724   96.63%
L1-Total-Misses:       309129531    3.37%
L1-Total-Accesses:    9171788255  100.00%

L2 Cache Stats:
L2-Load-Hits:         162835495   71.48%
L2-Load-Misses:        64963281   28.52%
L2-Load-Accesses:     227798776  100.00%

L2-Store-Hits:          75905156   93.33%
L2-Store-Misses:         5425599    6.67%
L2-Store-Accesses:      81330755  100.00%

L2-Total-Hits:         238740651   77.23%
L2-Total-Misses:        70388880   22.77%
L2-Total-Accesses:     309129531  100.00%

