Total Instructions: 21500896028
Total Cycles: 44300994782
IPC: 0.485337

Two level cache hierarchy:
  L1-Data Cache:
    Size(KB):          32
    Block Size(B):     64
    Associativity:      8

  L2-Data Cache:
    Size(KB):        1024
    Block Size(B):    128
    Associativity:      8

Latencies:    1   10  150
L1-Sets: LRU assoc:   8
L2-Sets: LRU assoc:   8
Store_allocation: No
L2_inclusive: Yes

L1 Cache Stats:
L1-Load-Hits:        6212737849   96.49%
L1-Load-Misses:       226159797    3.51%
L1-Load-Accesses:    6438897646  100.00%

L1-Store-Hits:        2651930876   97.04%
L1-Store-Misses:        80959842    2.96%
L1-Store-Accesses:    2732890718  100.00%

L1-Total-Hits:        8864668725   96.65%
L1-Total-Misses:       307119639    3.35%
L1-Total-Accesses:    9171788364  100.00%

L2 Cache Stats:
L2-Load-Hits:         161204507   71.28%
L2-Load-Misses:        64955290   28.72%
L2-Load-Accesses:     226159797  100.00%

L2-Store-Hits:          75534372   93.30%
L2-Store-Misses:         5425470    6.70%
L2-Store-Accesses:      80959842  100.00%

L2-Total-Hits:         236738879   77.08%
L2-Total-Misses:        70380760   22.92%
L2-Total-Accesses:     307119639  100.00%

