Total Instructions: 23746595026
Total Cycles: 40884159385
IPC: 0.580826

Two level cache hierarchy:
  L1-Data Cache:
    Size(KB):         128
    Block Size(B):     64
    Associativity:      8

  L2-Data Cache:
    Size(KB):        1024
    Block Size(B):    128
    Associativity:      8

Latencies:    1   10  150
L1-Sets: LRU assoc:   8
L2-Sets: LRU assoc:   8
Store_allocation: No
L2_inclusive: Yes

L1 Cache Stats:
L1-Load-Hits:        6623197575   97.89%
L1-Load-Misses:       142609579    2.11%
L1-Load-Accesses:    6765807154  100.00%

L1-Store-Hits:         875061667   92.81%
L1-Store-Misses:        67824618    7.19%
L1-Store-Accesses:     942886285  100.00%

L1-Total-Hits:        7498259242   97.27%
L1-Total-Misses:       210434197    2.73%
L1-Total-Accesses:    7708693439  100.00%

L2 Cache Stats:
L2-Load-Hits:          95788498   67.17%
L2-Load-Misses:        46821081   32.83%
L2-Load-Accesses:     142609579  100.00%

L2-Store-Hits:          65815506   97.04%
L2-Store-Misses:         2009112    2.96%
L2-Store-Accesses:      67824618  100.00%

L2-Total-Hits:         161604004   76.80%
L2-Total-Misses:        48830193   23.20%
L2-Total-Accesses:     210434197  100.00%

