Total Instructions: 23746595026
Total Cycles: 41090442125
IPC: 0.57791

Two level cache hierarchy:
  L1-Data Cache:
    Size(KB):          64
    Block Size(B):     64
    Associativity:      4

  L2-Data Cache:
    Size(KB):        1024
    Block Size(B):    128
    Associativity:      8

Latencies:    1   10  150
L1-Sets: LRU assoc:   4
L2-Sets: LRU assoc:   8
Store_allocation: No
L2_inclusive: Yes

L1 Cache Stats:
L1-Load-Hits:        6616819203   97.80%
L1-Load-Misses:       148987951    2.20%
L1-Load-Accesses:    6765807154  100.00%

L1-Store-Hits:         860105325   91.22%
L1-Store-Misses:        82780960    8.78%
L1-Store-Accesses:     942886285  100.00%

L1-Total-Hits:        7476924528   96.99%
L1-Total-Misses:       231768911    3.01%
L1-Total-Accesses:    7708693439  100.00%

L2 Cache Stats:
L2-Load-Hits:         102211615   68.60%
L2-Load-Misses:        46776336   31.40%
L2-Load-Accesses:     148987951  100.00%

L2-Store-Hits:          80774199   97.58%
L2-Store-Misses:         2006761    2.42%
L2-Store-Accesses:      82780960  100.00%

L2-Total-Hits:         182985814   78.95%
L2-Total-Misses:        48783097   21.05%
L2-Total-Accesses:     231768911  100.00%

