Total Instructions: 23746595026
Total Cycles: 41426175245
IPC: 0.573227

Two level cache hierarchy:
  L1-Data Cache:
    Size(KB):          32
    Block Size(B):     64
    Associativity:      4

  L2-Data Cache:
    Size(KB):        1024
    Block Size(B):    128
    Associativity:      8

Latencies:    1   10  150
L1-Sets: LRU assoc:   4
L2-Sets: LRU assoc:   8
Store_allocation: No
L2_inclusive: Yes

L1 Cache Stats:
L1-Load-Hits:        6599534015   97.54%
L1-Load-Misses:       166273139    2.46%
L1-Load-Accesses:    6765807154  100.00%

L1-Store-Hits:         844021576   89.51%
L1-Store-Misses:        98864709   10.49%
L1-Store-Accesses:     942886285  100.00%

L1-Total-Hits:        7443555591   96.56%
L1-Total-Misses:       265137848    3.44%
L1-Total-Accesses:    7708693439  100.00%

L2 Cache Stats:
L2-Load-Hits:         119484081   71.86%
L2-Load-Misses:        46789058   28.14%
L2-Load-Accesses:     166273139  100.00%

L2-Store-Hits:          96857045   97.97%
L2-Store-Misses:         2007664    2.03%
L2-Store-Accesses:      98864709  100.00%

L2-Total-Hits:         216341126   81.60%
L2-Total-Misses:        48796722   18.40%
L2-Total-Accesses:     265137848  100.00%

