Total Instructions: 23746595026
Total Cycles: 42255397875
IPC: 0.561978

Two level cache hierarchy:
  L1-Data Cache:
    Size(KB):          16
    Block Size(B):     64
    Associativity:      4

  L2-Data Cache:
    Size(KB):        1024
    Block Size(B):    128
    Associativity:      8

Latencies:    1   10  150
L1-Sets: LRU assoc:   4
L2-Sets: LRU assoc:   8
Store_allocation: No
L2_inclusive: Yes

L1 Cache Stats:
L1-Load-Hits:        6533888766   96.57%
L1-Load-Misses:       231918388    3.43%
L1-Load-Accesses:    6765807154  100.00%

L1-Store-Hits:         826631537   87.67%
L1-Store-Misses:       116254748   12.33%
L1-Store-Accesses:     942886285  100.00%

L1-Total-Hits:        7360520303   95.48%
L1-Total-Misses:       348173136    4.52%
L1-Total-Accesses:    7708693439  100.00%

L2 Cache Stats:
L2-Load-Hits:         185136966   79.83%
L2-Load-Misses:        46781422   20.17%
L2-Load-Accesses:     231918388  100.00%

L2-Store-Hits:         114246983   98.27%
L2-Store-Misses:         2007765    1.73%
L2-Store-Accesses:     116254748  100.00%

L2-Total-Hits:         299383949   85.99%
L2-Total-Misses:        48789187   14.01%
L2-Total-Accesses:     348173136  100.00%

