Total Instructions: 7835730658
Total Cycles: 11629219913
IPC: 0.673797

Two level cache hierarchy:
  L1-Data Cache:
    Size(KB):          32
    Block Size(B):     64
    Associativity:      8

  L2-Data Cache:
    Size(KB):        1024
    Block Size(B):    128
    Associativity:      8

Latencies:    1   10  150
L1-Sets: LRU assoc:   8
L2-Sets: LRU assoc:   8
Store_allocation: No
L2_inclusive: Yes

L1 Cache Stats:
L1-Load-Hits:        1818884563   98.74%
L1-Load-Misses:        23167165    1.26%
L1-Load-Accesses:    1842051728  100.00%

L1-Store-Hits:         149568124   85.87%
L1-Store-Misses:        24602973   14.13%
L1-Store-Accesses:     174171097  100.00%

L1-Total-Hits:        1968452687   97.63%
L1-Total-Misses:        47770138    2.37%
L1-Total-Accesses:    2016222825  100.00%

L2 Cache Stats:
L2-Load-Hits:          16946376   73.15%
L2-Load-Misses:         6220789   26.85%
L2-Load-Accesses:      23167165  100.00%

L2-Store-Hits:          22159995   90.07%
L2-Store-Misses:         2442978    9.93%
L2-Store-Accesses:      24602973  100.00%

L2-Total-Hits:          39106371   81.86%
L2-Total-Misses:         8663767   18.14%
L2-Total-Accesses:      47770138  100.00%

