Total Instructions: 7835730658
Total Cycles: 11640274633
IPC: 0.673157

Two level cache hierarchy:
  L1-Data Cache:
    Size(KB):          16
    Block Size(B):     64
    Associativity:      4

  L2-Data Cache:
    Size(KB):        1024
    Block Size(B):    128
    Associativity:      8

Latencies:    1   10  150
L1-Sets: LRU assoc:   4
L2-Sets: LRU assoc:   8
Store_allocation: No
L2_inclusive: Yes

L1 Cache Stats:
L1-Load-Hits:        1817818982   98.68%
L1-Load-Misses:        24232746    1.32%
L1-Load-Accesses:    1842051728  100.00%

L1-Store-Hits:         149530753   85.85%
L1-Store-Misses:        24640344   14.15%
L1-Store-Accesses:     174171097  100.00%

L1-Total-Hits:        1967349735   97.58%
L1-Total-Misses:        48873090    2.42%
L1-Total-Accesses:    2016222825  100.00%

L2 Cache Stats:
L2-Load-Hits:          18011789   74.33%
L2-Load-Misses:         6220957   25.67%
L2-Load-Accesses:      24232746  100.00%

L2-Store-Hits:          22197366   90.09%
L2-Store-Misses:         2442978    9.91%
L2-Store-Accesses:      24640344  100.00%

L2-Total-Hits:          40209155   82.27%
L2-Total-Misses:         8663935   17.73%
L2-Total-Accesses:      48873090  100.00%

