Total Instructions: 7835730689
Total Cycles: 11566247876
IPC: 0.677465

Two level cache hierarchy:
  L1-Data Cache:
    Size(KB):         128
    Block Size(B):     64
    Associativity:      8

  L2-Data Cache:
    Size(KB):        1024
    Block Size(B):    128
    Associativity:      8

Latencies:    1   10  150
L1-Sets: LRU assoc:   8
L2-Sets: LRU assoc:   8
Store_allocation: No
L2_inclusive: Yes

L1 Cache Stats:
L1-Load-Hits:        1825173428   99.08%
L1-Load-Misses:        16878310    0.92%
L1-Load-Accesses:    1842051738  100.00%

L1-Store-Hits:         149568454   85.87%
L1-Store-Misses:        24602645   14.13%
L1-Store-Accesses:     174171099  100.00%

L1-Total-Hits:        1974741882   97.94%
L1-Total-Misses:        41480955    2.06%
L1-Total-Accesses:    2016222837  100.00%

L2 Cache Stats:
L2-Load-Hits:          10658172   63.15%
L2-Load-Misses:         6220138   36.85%
L2-Load-Accesses:      16878310  100.00%

L2-Store-Hits:          22159551   90.07%
L2-Store-Misses:         2443094    9.93%
L2-Store-Accesses:      24602645  100.00%

L2-Total-Hits:          32817723   79.12%
L2-Total-Misses:         8663232   20.88%
L2-Total-Accesses:      41480955  100.00%

