Total Instructions: 7835730658
Total Cycles: 11587915823
IPC: 0.676198

Two level cache hierarchy:
  L1-Data Cache:
    Size(KB):          64
    Block Size(B):     64
    Associativity:      4

  L2-Data Cache:
    Size(KB):        1024
    Block Size(B):    128
    Associativity:      8

Latencies:    1   10  150
L1-Sets: LRU assoc:   4
L2-Sets: LRU assoc:   8
Store_allocation: No
L2_inclusive: Yes

L1 Cache Stats:
L1-Load-Hits:        1823012658   98.97%
L1-Load-Misses:        19039070    1.03%
L1-Load-Accesses:    1842051728  100.00%

L1-Store-Hits:         149569043   85.87%
L1-Store-Misses:        24602054   14.13%
L1-Store-Accesses:     174171097  100.00%

L1-Total-Hits:        1972581701   97.84%
L1-Total-Misses:        43641124    2.16%
L1-Total-Accesses:    2016222825  100.00%

L2 Cache Stats:
L2-Load-Hits:          12818455   67.33%
L2-Load-Misses:         6220615   32.67%
L2-Load-Accesses:      19039070  100.00%

L2-Store-Hits:          22158995   90.07%
L2-Store-Misses:         2443059    9.93%
L2-Store-Accesses:      24602054  100.00%

L2-Total-Hits:          34977450   80.15%
L2-Total-Misses:         8663674   19.85%
L2-Total-Accesses:      43641124  100.00%

