Total Instructions: 29337086287
Total Cycles: 46090077322
IPC: 0.636516

Two level cache hierarchy:
  L1-Data Cache:
    Size(KB):          32
    Block Size(B):     64
    Associativity:      8

  L2-Data Cache:
    Size(KB):        1024
    Block Size(B):    128
    Associativity:      8

Latencies:    1   10  150
L1-Sets: LRU assoc:   8
L2-Sets: LRU assoc:   8
Store_allocation: No
L2_inclusive: Yes

L1 Cache Stats:
L1-Load-Hits:        9076765887   99.46%
L1-Load-Misses:        49387440    0.54%
L1-Load-Accesses:    9126153327  100.00%

L1-Store-Hits:        4581984371   97.50%
L1-Store-Misses:       117502967    2.50%
L1-Store-Accesses:    4699487338  100.00%

L1-Total-Hits:       13658750258   98.79%
L1-Total-Misses:       166890407    1.21%
L1-Total-Accesses:   13825640665  100.00%

L2 Cache Stats:
L2-Load-Hits:          43276423   87.63%
L2-Load-Misses:         6111017   12.37%
L2-Load-Accesses:      49387440  100.00%

L2-Store-Hits:         115224342   98.06%
L2-Store-Misses:         2278625    1.94%
L2-Store-Accesses:     117502967  100.00%

L2-Total-Hits:         158500765   94.97%
L2-Total-Misses:         8389642    5.03%
L2-Total-Accesses:     166890407  100.00%

