Total Instructions: 29337086287
Total Cycles: 46598537152
IPC: 0.629571

Two level cache hierarchy:
  L1-Data Cache:
    Size(KB):          16
    Block Size(B):     64
    Associativity:      4

  L2-Data Cache:
    Size(KB):        1024
    Block Size(B):    128
    Associativity:      8

Latencies:    1   10  150
L1-Sets: LRU assoc:   4
L2-Sets: LRU assoc:   8
Store_allocation: No
L2_inclusive: Yes

L1 Cache Stats:
L1-Load-Hits:        9051517855   99.18%
L1-Load-Misses:        74635472    0.82%
L1-Load-Accesses:    9126153327  100.00%

L1-Store-Hits:        4556361595   96.95%
L1-Store-Misses:       143125743    3.05%
L1-Store-Accesses:    4699487338  100.00%

L1-Total-Hits:       13607879450   98.42%
L1-Total-Misses:       217761215    1.58%
L1-Total-Accesses:   13825640665  100.00%

L2 Cache Stats:
L2-Load-Hits:          68524709   91.81%
L2-Load-Misses:         6110763    8.19%
L2-Load-Accesses:      74635472  100.00%

L2-Store-Hits:         140848519   98.41%
L2-Store-Misses:         2277224    1.59%
L2-Store-Accesses:     143125743  100.00%

L2-Total-Hits:         209373228   96.15%
L2-Total-Misses:         8387987    3.85%
L2-Total-Accesses:     217761215  100.00%

