Total Instructions: 7659818232
Total Cycles: 11186473517
IPC: 0.684739

Two level cache hierarchy:
  L1-Data Cache:
    Size(KB):          64
    Block Size(B):     64
    Associativity:      8

  L2-Data Cache:
    Size(KB):        1024
    Block Size(B):    128
    Associativity:      8

Latencies:    1   10  150
L1-Sets: LRU assoc:   8
L2-Sets: LRU assoc:   8
Store_allocation: No
L2_inclusive: Yes

L1 Cache Stats:
L1-Load-Hits:        2214991627   99.86%
L1-Load-Misses:         3067393    0.14%
L1-Load-Accesses:    2218059020  100.00%

L1-Store-Hits:        1096707044   99.70%
L1-Store-Misses:         3324381    0.30%
L1-Store-Accesses:    1100031425  100.00%

L1-Total-Hits:        3311698671   99.81%
L1-Total-Misses:         6391774    0.19%
L1-Total-Accesses:    3318090445  100.00%

L2 Cache Stats:
L2-Load-Hits:           2297780   74.91%
L2-Load-Misses:          769613   25.09%
L2-Load-Accesses:       3067393  100.00%

L2-Store-Hits:           3129680   94.14%
L2-Store-Misses:          194701    5.86%
L2-Store-Accesses:       3324381  100.00%

L2-Total-Hits:           5427460   84.91%
L2-Total-Misses:          964314   15.09%
L2-Total-Accesses:       6391774  100.00%

