Total Instructions: 7659818232
Total Cycles: 11187175747
IPC: 0.684696

Two level cache hierarchy:
  L1-Data Cache:
    Size(KB):          64
    Block Size(B):     64
    Associativity:      4

  L2-Data Cache:
    Size(KB):        1024
    Block Size(B):    128
    Associativity:      8

Latencies:    1   10  150
L1-Sets: LRU assoc:   4
L2-Sets: LRU assoc:   8
Store_allocation: No
L2_inclusive: Yes

L1 Cache Stats:
L1-Load-Hits:        2214959246   99.86%
L1-Load-Misses:         3099774    0.14%
L1-Load-Accesses:    2218059020  100.00%

L1-Store-Hits:        1096676012   99.69%
L1-Store-Misses:         3355413    0.31%
L1-Store-Accesses:    1100031425  100.00%

L1-Total-Hits:        3311635258   99.81%
L1-Total-Misses:         6455187    0.19%
L1-Total-Accesses:    3318090445  100.00%

L2 Cache Stats:
L2-Load-Hits:           2329809   75.16%
L2-Load-Misses:          769965   24.84%
L2-Load-Accesses:       3099774  100.00%

L2-Store-Hits:           3160610   94.19%
L2-Store-Misses:          194803    5.81%
L2-Store-Accesses:       3355413  100.00%

L2-Total-Hits:           5490419   85.05%
L2-Total-Misses:          964768   14.95%
L2-Total-Accesses:       6455187  100.00%

