Total Instructions: 7659818232
Total Cycles: 11186345397
IPC: 0.684747

Two level cache hierarchy:
  L1-Data Cache:
    Size(KB):         128
    Block Size(B):     64
    Associativity:      8

  L2-Data Cache:
    Size(KB):        1024
    Block Size(B):    128
    Associativity:      8

Latencies:    1   10  150
L1-Sets: LRU assoc:   8
L2-Sets: LRU assoc:   8
Store_allocation: No
L2_inclusive: Yes

L1 Cache Stats:
L1-Load-Hits:        2215160973   99.87%
L1-Load-Misses:         2898047    0.13%
L1-Load-Accesses:    2218059020  100.00%

L1-Store-Hits:        1096552265   99.68%
L1-Store-Misses:         3479160    0.32%
L1-Store-Accesses:    1100031425  100.00%

L1-Total-Hits:        3311713238   99.81%
L1-Total-Misses:         6377207    0.19%
L1-Total-Accesses:    3318090445  100.00%

L2 Cache Stats:
L2-Load-Hits:           2128298   73.44%
L2-Load-Misses:          769749   26.56%
L2-Load-Accesses:       2898047  100.00%

L2-Store-Hits:           3284478   94.40%
L2-Store-Misses:          194682    5.60%
L2-Store-Accesses:       3479160  100.00%

L2-Total-Hits:           5412776   84.88%
L2-Total-Misses:          964431   15.12%
L2-Total-Accesses:       6377207  100.00%

