Total Instructions: 7659818263
Total Cycles: 11201411540
IPC: 0.683826

Two level cache hierarchy:
  L1-Data Cache:
    Size(KB):          32
    Block Size(B):     64
    Associativity:      8

  L2-Data Cache:
    Size(KB):        1024
    Block Size(B):    128
    Associativity:      8

Latencies:    1   10  150
L1-Sets: LRU assoc:   8
L2-Sets: LRU assoc:   8
Store_allocation: No
L2_inclusive: Yes

L1 Cache Stats:
L1-Load-Hits:        2214501017   99.84%
L1-Load-Misses:         3558013    0.16%
L1-Load-Accesses:    2218059030  100.00%

L1-Store-Hits:        1095705308   99.61%
L1-Store-Misses:         4326119    0.39%
L1-Store-Accesses:    1100031427  100.00%

L1-Total-Hits:        3310206325   99.76%
L1-Total-Misses:         7884132    0.24%
L1-Total-Accesses:    3318090457  100.00%

L2 Cache Stats:
L2-Load-Hits:           2788340   78.37%
L2-Load-Misses:          769673   21.63%
L2-Load-Accesses:       3558013  100.00%

L2-Store-Hits:           4131382   95.50%
L2-Store-Misses:          194737    4.50%
L2-Store-Accesses:       4326119  100.00%

L2-Total-Hits:           6919722   87.77%
L2-Total-Misses:          964410   12.23%
L2-Total-Accesses:       7884132  100.00%

