Total Instructions: 19193957763
Total Cycles: 55122160783
IPC: 0.348208

Two level cache hierarchy:
  L1-Data Cache:
    Size(KB):         128
    Block Size(B):     64
    Associativity:      8

  L2-Data Cache:
    Size(KB):        1024
    Block Size(B):    128
    Associativity:      8

Latencies:    1   10  150
L1-Sets: LRU assoc:   8
L2-Sets: LRU assoc:   8
Store_allocation: No
L2_inclusive: Yes

L1 Cache Stats:
L1-Load-Hits:        7954896271   94.76%
L1-Load-Misses:       440139116    5.24%
L1-Load-Accesses:    8395035387  100.00%

L1-Store-Hits:          51432652   89.99%
L1-Store-Misses:         5720261   10.01%
L1-Store-Accesses:      57152913  100.00%

L1-Total-Hits:        8006328923   94.72%
L1-Total-Misses:       445859377    5.28%
L1-Total-Accesses:    8452188300  100.00%

L2 Cache Stats:
L2-Load-Hits:         287147824   65.24%
L2-Load-Misses:       152991292   34.76%
L2-Load-Accesses:     440139116  100.00%

L2-Store-Hits:           5262080   91.99%
L2-Store-Misses:          458181    8.01%
L2-Store-Accesses:       5720261  100.00%

L2-Total-Hits:         292409904   65.58%
L2-Total-Misses:       153449473   34.42%
L2-Total-Accesses:     445859377  100.00%

