Total Instructions: 19193957794
Total Cycles: 55162705936
IPC: 0.347952

Two level cache hierarchy:
  L1-Data Cache:
    Size(KB):          64
    Block Size(B):     64
    Associativity:      8

  L2-Data Cache:
    Size(KB):        1024
    Block Size(B):    128
    Associativity:      8

Latencies:    1   10  150
L1-Sets: LRU assoc:   8
L2-Sets: LRU assoc:   8
Store_allocation: No
L2_inclusive: Yes

L1 Cache Stats:
L1-Load-Hits:        7951238634   94.71%
L1-Load-Misses:       443796763    5.29%
L1-Load-Accesses:    8395035397  100.00%

L1-Store-Hits:          51428625   89.98%
L1-Store-Misses:         5724290   10.02%
L1-Store-Accesses:      57152915  100.00%

L1-Total-Hits:        8002667259   94.68%
L1-Total-Misses:       449521053    5.32%
L1-Total-Accesses:    8452188312  100.00%

L2 Cache Stats:
L2-Load-Hits:         290788561   65.52%
L2-Load-Misses:       153008202   34.48%
L2-Load-Accesses:     443796763  100.00%

L2-Store-Hits:           5256830   91.83%
L2-Store-Misses:          467460    8.17%
L2-Store-Accesses:       5724290  100.00%

L2-Total-Hits:         296045391   65.86%
L2-Total-Misses:       153475662   34.14%
L2-Total-Accesses:     449521053  100.00%

