Total Instructions: 19193957794
Total Cycles: 55225009326
IPC: 0.347559

Two level cache hierarchy:
  L1-Data Cache:
    Size(KB):          32
    Block Size(B):     64
    Associativity:      8

  L2-Data Cache:
    Size(KB):        1024
    Block Size(B):    128
    Associativity:      8

Latencies:    1   10  150
L1-Sets: LRU assoc:   8
L2-Sets: LRU assoc:   8
Store_allocation: No
L2_inclusive: Yes

L1 Cache Stats:
L1-Load-Hits:        7944901895   94.64%
L1-Load-Misses:       450133502    5.36%
L1-Load-Accesses:    8395035397  100.00%

L1-Store-Hits:          51429200   89.99%
L1-Store-Misses:         5723715   10.01%
L1-Store-Accesses:      57152915  100.00%

L1-Total-Hits:        7996331095   94.61%
L1-Total-Misses:       455857217    5.39%
L1-Total-Accesses:    8452188312  100.00%

L2 Cache Stats:
L2-Load-Hits:         297123789   66.01%
L2-Load-Misses:       153009713   33.99%
L2-Load-Accesses:     450133502  100.00%

L2-Store-Hits:           5264821   91.98%
L2-Store-Misses:          458894    8.02%
L2-Store-Accesses:       5723715  100.00%

L2-Total-Hits:         302388610   66.33%
L2-Total-Misses:       153468607   33.67%
L2-Total-Accesses:     455857217  100.00%

