Total Instructions: 27435962371
Total Cycles: 38584056961
IPC: 0.71107

Two level cache hierarchy:
  L1-Data Cache:
    Size(KB):         128
    Block Size(B):     64
    Associativity:      8

  L2-Data Cache:
    Size(KB):        1024
    Block Size(B):    128
    Associativity:      8

Latencies:    1   10  150
L1-Sets: LRU assoc:   8
L2-Sets: LRU assoc:   8
Store_allocation: No
L2_inclusive: Yes

L1 Cache Stats:
L1-Load-Hits:        7842328352  100.00%
L1-Load-Misses:           19231    0.00%
L1-Load-Accesses:    7842347583  100.00%

L1-Store-Hits:        2241913350   95.87%
L1-Store-Misses:        96538627    4.13%
L1-Store-Accesses:    2338451977  100.00%

L1-Total-Hits:       10084241702   99.05%
L1-Total-Misses:        96557858    0.95%
L1-Total-Accesses:   10180799560  100.00%

L2 Cache Stats:
L2-Load-Hits:             16394   85.25%
L2-Load-Misses:            2837   14.75%
L2-Load-Accesses:         19231  100.00%

L2-Store-Hits:          96530021   99.99%
L2-Store-Misses:            8606    0.01%
L2-Store-Accesses:      96538627  100.00%

L2-Total-Hits:          96546415   99.99%
L2-Total-Misses:           11443    0.01%
L2-Total-Accesses:      96557858  100.00%

