Total Instructions: 27435962371
Total Cycles: 41502099271
IPC: 0.661074

Two level cache hierarchy:
  L1-Data Cache:
    Size(KB):          32
    Block Size(B):     64
    Associativity:      8

  L2-Data Cache:
    Size(KB):        1024
    Block Size(B):    128
    Associativity:      8

Latencies:    1   10  150
L1-Sets: LRU assoc:   8
L2-Sets: LRU assoc:   8
Store_allocation: No
L2_inclusive: Yes

L1 Cache Stats:
L1-Load-Hits:        7759488314   98.94%
L1-Load-Misses:        82859269    1.06%
L1-Load-Accesses:    7842347583  100.00%

L1-Store-Hits:        2032948932   86.94%
L1-Store-Misses:       305503045   13.06%
L1-Store-Accesses:    2338451977  100.00%

L1-Total-Hits:        9792437246   96.19%
L1-Total-Misses:       388362314    3.81%
L1-Total-Accesses:   10180799560  100.00%

L2 Cache Stats:
L2-Load-Hits:          82856443  100.00%
L2-Load-Misses:            2826    0.00%
L2-Load-Accesses:      82859269  100.00%

L2-Store-Hits:         305494443  100.00%
L2-Store-Misses:            8602    0.00%
L2-Store-Accesses:     305503045  100.00%

L2-Total-Hits:         388350886  100.00%
L2-Total-Misses:           11428    0.00%
L2-Total-Accesses:     388362314  100.00%

