Total Instructions: 27435962402
Total Cycles: 44135745174
IPC: 0.621627

Two level cache hierarchy:
  L1-Data Cache:
    Size(KB):          16
    Block Size(B):     64
    Associativity:      4

  L2-Data Cache:
    Size(KB):        1024
    Block Size(B):    128
    Associativity:      8

Latencies:    1   10  150
L1-Sets: LRU assoc:   4
L2-Sets: LRU assoc:   8
Store_allocation: No
L2_inclusive: Yes

L1 Cache Stats:
L1-Load-Hits:        7702827526   98.22%
L1-Load-Misses:       139520067    1.78%
L1-Load-Accesses:    7842347593  100.00%

L1-Store-Hits:        1826245146   78.10%
L1-Store-Misses:       512206833   21.90%
L1-Store-Accesses:    2338451979  100.00%

L1-Total-Hits:        9529072672   93.60%
L1-Total-Misses:       651726900    6.40%
L1-Total-Accesses:   10180799572  100.00%

L2 Cache Stats:
L2-Load-Hits:         139517241  100.00%
L2-Load-Misses:            2826    0.00%
L2-Load-Accesses:     139520067  100.00%

L2-Store-Hits:         512198231  100.00%
L2-Store-Misses:            8602    0.00%
L2-Store-Accesses:     512206833  100.00%

L2-Total-Hits:         651715472  100.00%
L2-Total-Misses:           11428    0.00%
L2-Total-Accesses:     651726900  100.00%

