Total Instructions: 27435962371
Total Cycles: 38760596521
IPC: 0.707831

Two level cache hierarchy:
  L1-Data Cache:
    Size(KB):          64
    Block Size(B):     64
    Associativity:      4

  L2-Data Cache:
    Size(KB):        1024
    Block Size(B):    128
    Associativity:      8

Latencies:    1   10  150
L1-Sets: LRU assoc:   4
L2-Sets: LRU assoc:   8
Store_allocation: No
L2_inclusive: Yes

L1 Cache Stats:
L1-Load-Hits:        7837347487   99.94%
L1-Load-Misses:         5000096    0.06%
L1-Load-Accesses:    7842347583  100.00%

L1-Store-Hits:        2229240169   95.33%
L1-Store-Misses:       109211808    4.67%
L1-Store-Accesses:    2338451977  100.00%

L1-Total-Hits:       10066587656   98.88%
L1-Total-Misses:       114211904    1.12%
L1-Total-Accesses:   10180799560  100.00%

L2 Cache Stats:
L2-Load-Hits:           4997261   99.94%
L2-Load-Misses:            2835    0.06%
L2-Load-Accesses:       5000096  100.00%

L2-Store-Hits:         109203206   99.99%
L2-Store-Misses:            8602    0.01%
L2-Store-Accesses:     109211808  100.00%

L2-Total-Hits:         114200467   99.99%
L2-Total-Misses:           11437    0.01%
L2-Total-Accesses:     114211904  100.00%

