IPC: 0.736799
IPC: 0.738061
IPC: 0.736107
IPC: 0.736013
IPC: 0.735928
IPC: 0.735987
IPC: 0.735948
IPC: 0.736027
IPC: 0.735984
IPC: 0.735916
IPC: 0.735888
IPC: 0.736033
IPC: 0.736025
IPC: 0.735913
IPC: 0.735907
IPC: 0.736031
IPC: 0.73605
IPC: 0.735913
IPC: 0.735896
IPC: 0.736051
IPC: 0.73597
IPC: 0.735936
IPC: 0.735864
IPC: 0.73609
IPC: 0.735983
IPC: 0.735971
IPC: 0.735864
IPC: 0.736083
IPC: 0.735954
IPC: 0.735977
IPC: 0.735869
IPC: 0.736023
IPC: 0.735986
IPC: 0.735941
IPC: 0.735979
IPC: 0.735979
IPC: 0.735998
IPC: 0.735936
IPC: 0.735982
IPC: 0.735965
IPC: 0.736013
IPC: 0.735936
IPC: 0.735908
IPC: 0.735952
IPC: 0.736024
IPC: 0.736043
IPC: 0.735905
IPC: 0.735909
IPC: 0.736037
IPC: 0.73605
IPC: 0.735892
IPC: 0.735849
IPC: 0.736067
IPC: 0.736021
IPC: 0.735928
IPC: 0.735872
IPC: 0.736071
IPC: 0.735987
IPC: 0.735964
IPC: 0.735902
IPC: 0.736051
IPC: 0.73591
IPC: 0.735967
IPC: 0.735952
IPC: 0.736002
IPC: 0.735985
IPC: 0.73594
IPC: 0.736005
IPC: 0.735943
IPC: 0.736014
IPC: 0.735948
IPC: 0.735907
IPC: 0.735941
IPC: 0.736042
IPC: 0.736001
IPC: 0.735917
IPC: 0.735913
IPC: 0.736035
IPC: 0.736052
IPC: 0.735902
IPC: 0.735882
IPC: 0.735996
IPC: 0.736058
IPC: 0.735914
IPC: 0.735875
IPC: 0.736089
IPC: 0.736
IPC: 0.73595
IPC: 0.73585
IPC: 0.736095
IPC: 0.735975
IPC: 0.735958
IPC: 0.735841
IPC: 0.736062
IPC: 0.735953
IPC: 0.735976
IPC: 0.735947
IPC: 0.736005
IPC: 0.735996
IPC: 0.735927
IPC: 0.736004
IPC: 0.735946
IPC: 0.735951
IPC: 0.735968
IPC: 0.735952
IPC: 0.735953
IPC: 0.736032
IPC: 0.735998
IPC: 0.735913
IPC: 0.735929
IPC: 0.736028
IPC: 0.73605
IPC: 0.735841
IPC: 0.735896
IPC: 0.736063
IPC: 0.736039
IPC: 0.735917
IPC: 0.735872
IPC: 0.73608
IPC: 0.736001
IPC: 0.735953
IPC: 0.735867
IPC: 0.736028
IPC: 0.735965
IPC: 0.735972
IPC: 0.735918
IPC: 0.736044
IPC: 0.735951
IPC: 0.735963
IPC: 0.735978
IPC: 0.735992
IPC: 0.735996
IPC: 0.735915
IPC: 0.735946
IPC: 0.735952
IPC: 0.736017
IPC: 0.735979
IPC: 0.735932
IPC: 0.735943
IPC: 0.736025
IPC: 0.736024
IPC: 0.735911
IPC: 0.735909
IPC: 0.735969
IPC: 0.736063
IPC: 0.735904
IPC: 0.735889
IPC: 0.736061
IPC: 0.736035
IPC: 0.735936
IPC: 0.735866
IPC: 0.736068
IPC: 0.735994
IPC: 0.73591
IPC: 0.735867
IPC: 0.736064
IPC: 0.735981
IPC: 0.735973
IPC: 0.735913
IPC: 0.736024
IPC: 0.735989
IPC: 0.735946
IPC: 0.735967
IPC: 0.735922
IPC: 0.736012
IPC: 0.735926
IPC: 0.73599
IPC: 0.73595
IPC: 0.736022
IPC: 0.735985
IPC: 0.735928
IPC: 0.735943
IPC: 0.736029
IPC: 0.735965
IPC: 0.735907
IPC: 0.735907
IPC: 0.736037
IPC: 0.736048
IPC: 0.735913
IPC: 0.735897
IPC: 0.736055
IPC: 0.736025
IPC: 0.735937
IPC: 0.735856
IPC: 0.736032
IPC: 0.735986
IPC: 0.735972
IPC: 0.735865
IPC: 0.736083
IPC: 0.735949
IPC: 0.735989
IPC: 0.735919
IPC: 0.736028
IPC: 0.735977
IPC: 0.735887
IPC: 0.73598
IPC: 0.73598
IPC: 0.736
IPC: 0.735934
IPC: 0.735979
IPC: 0.735964
IPC: 0.73602
IPC: 0.735996
IPC: 0.735896
IPC: 0.7359
IPC: 0.736023
IPC: 0.736041
IPC: 0.735909
IPC: 0.735907
IPC: 0.736036
IPC: 0.736049
IPC: 0.735901
IPC: 0.735908
IPC: 0.736063
IPC: 0.735958
IPC: 0.735925
IPC: 0.735872
IPC: 0.736075
IPC: 0.735989
IPC: 0.735964
IPC: 0.735899
IPC: 0.736059
IPC: 0.735962
IPC: 0.735968
IPC: 0.735943
IPC: 0.735947
IPC: 0.735987
IPC: 0.735943
IPC: 0.736004
IPC: 0.735943
IPC: 0.736011
IPC: 0.735958
IPC: 0.735958
IPC: 0.735946
IPC: 0.736031
IPC: 0.735948
IPC: 0.735916
IPC: 0.735915
IPC: 0.736036
IPC: 0.73605
IPC: 0.7359
IPC: 0.735891
IPC: 0.736049
IPC: 0.73606
IPC: 0.735906
IPC: 0.735818
IPC: 0.736088
IPC: 0.736006
IPC: 0.73595
IPC: 0.735848
IPC: 0.736095
IPC: 0.735972
IPC: 0.735967
IPC: 0.735895
IPC: 0.736055
IPC: 0.735901
IPC: 0.735974
IPC: 0.735949
IPC: 0.736007
IPC: 0.735996
IPC: 0.735922
IPC: 0.736004
IPC: 0.735956
IPC: 0.736005
IPC: 0.735969
IPC: 0.735943
IPC: 0.735898
IPC: 0.736033
IPC: 0.736001
IPC: 0.735912
IPC: 0.735929
IPC: 0.736024
IPC: 0.73606
IPC: 0.735897
IPC: 0.735897
IPC: 0.736052
IPC: 0.735986
IPC: 0.735915
IPC: 0.735876
IPC: 0.736082
IPC: 0.736002
IPC: 0.735949
IPC: 0.735873
IPC: 0.736082
IPC: 0.735966
IPC: 0.735963
IPC: 0.735864
IPC: 0.736043
IPC: 0.735958
IPC: 0.73596
IPC: 0.735978
IPC: 0.73599
IPC: 0.735996
IPC: 0.735925
IPC: 0.735998
IPC: 0.735947
IPC: 0.735961
IPC: 0.735977
IPC: 0.735934
IPC: 0.735945
IPC: 0.736025
IPC: 0.736021
IPC: 0.73591
IPC: 0.735919
IPC: 0.736025
IPC: 0.736066
IPC: 0.735893
IPC: 0.735834
IPC: 0.73606
IPC: 0.736038
IPC: 0.735935
IPC: 0.735866
IPC: 0.736066
IPC: 0.736005
IPC: 0.735963
IPC: 0.735868
IPC: 0.736055
IPC: 0.735927
IPC: 0.735972
IPC: 0.735917
IPC: 0.736024
IPC: 0.735992
IPC: 0.735937
IPC: 0.735982
IPC: 0.735968
IPC: 0.736016
IPC: 0.735916
IPC: 0.735935
IPC: 0.735953
IPC: 0.736023
IPC: 0.735983
IPC: 0.735932
IPC: 0.735936
IPC: 0.73603
IPC: 0.736027
IPC: 0.735911
IPC: 0.735901
IPC: 0.735981
IPC: 0.736044
IPC: 0.735914
IPC: 0.735901
IPC: 0.736055
IPC: 0.736023
IPC: 0.735938
IPC: 0.735864
IPC: 0.736086
IPC: 0.735978
IPC: 0.735918
IPC: 0.735864
IPC: 0.736082
IPC: 0.735953
IPC: 0.735989
IPC: 0.735918
IPC: 0.736027
IPC: 0.735986
IPC: 0.73594
IPC: 0.73598
IPC: 0.73597
IPC: 0.735944
IPC: 0.735937
IPC: 0.735982
IPC: 0.735964
IPC: 0.73602
IPC: 0.735992
IPC: 0.735905
IPC: 0.735952
IPC: 0.736027
IPC: 0.736032
IPC: 0.735856
IPC: 0.735906
IPC: 0.736039
IPC: 0.736048
IPC: 0.735903
IPC: 0.735905
IPC: 0.736061
IPC: 0.736023
IPC: 0.735927
IPC: 0.735864
IPC: 0.736022
IPC: 0.735988
IPC: 0.735964
IPC: 0.735902
IPC: 0.736057
IPC: 0.735959
IPC: 0.735969
IPC: 0.735951
IPC: 0.736
IPC: 0.735981
IPC: 0.735888
IPC: 0.736003
IPC: 0.735943
IPC: 0.736016
IPC: 0.735957
IPC: 0.735961
IPC: 0.735938
IPC: 0.73604
IPC: 0.736003
IPC: 0.735917
IPC: 0.735907
IPC: 0.73598
IPC: 0.736051
IPC: 0.735903
IPC: 0.735891
IPC: 0.736049
IPC: 0.736055
IPC: 0.735915
IPC: 0.735875
IPC: 0.736089
IPC: 0.735997
IPC: 0.735894
IPC: 0.735848
IPC: 0.736099
Total Instructions: 8219080
Total Cycles: 11167161

Two level cache hierarchy:
  L1-Data Cache:
    Size(KB):          32
    Block Size(B):     64
    Associativity:      8

  L2-Data Cache:
    Size(KB):        1024
    Block Size(B):    128
    Associativity:      8

Latencies:    1   10  150
L1-Sets: LRU assoc:   8
L2-Sets: LRU assoc:   8
Store_allocation: Yes
L2_inclusive: Yes

L1 Cache Stats:
L1-Load-Hits:         874087831   99.42%
L1-Load-Misses:         5080013    0.58%
L1-Load-Accesses:     879167844  100.00%

L1-Store-Hits:         328979625   99.81%
L1-Store-Misses:          626316    0.19%
L1-Store-Accesses:     329605941  100.00%

L1-Total-Hits:        1203067456   99.53%
L1-Total-Misses:         5706329    0.47%
L1-Total-Accesses:    1208773785  100.00%

L2 Cache Stats:
L2-Load-Hits:           3850789   75.80%
L2-Load-Misses:         1229224   24.20%
L2-Load-Accesses:       5080013  100.00%

L2-Store-Hits:            421412   67.28%
L2-Store-Misses:          204904   32.72%
L2-Store-Accesses:        626316  100.00%

L2-Total-Hits:           4272201   74.87%
L2-Total-Misses:         1434128   25.13%
L2-Total-Accesses:       5706329  100.00%

