IPC: 0.727361
IPC: 0.831759
IPC: 0.787391
IPC: 0.77737
IPC: 0.74416
IPC: 0.810434
IPC: 0.813619
IPC: 0.78404
IPC: 0.744875
IPC: 0.789903
IPC: 0.831759
IPC: 0.791277
IPC: 0.778436
IPC: 0.743175
IPC: 0.818942
IPC: 0.810982
IPC: 0.783057
IPC: 0.766777
IPC: 0.704071
IPC: 0.701166
IPC: 0.704293
IPC: 0.736552
IPC: 0.736344
IPC: 0.736721
IPC: 0.736618
IPC: 0.736706
IPC: 0.736711
IPC: 0.736894
IPC: 0.736743
IPC: 0.736953
IPC: 0.737024
IPC: 0.736775
IPC: 0.736544
IPC: 0.736981
IPC: 0.736771
IPC: 0.736928
IPC: 0.737111
IPC: 0.736887
IPC: 0.73692
IPC: 0.736688
IPC: 0.737132
IPC: 0.736966
IPC: 0.736716
IPC: 0.737088
IPC: 0.736942
IPC: 0.736959
IPC: 0.737014
IPC: 0.737078
IPC: 0.736844
IPC: 0.736756
IPC: 0.736955
IPC: 0.736791
IPC: 0.736661
IPC: 0.737042
IPC: 0.736896
IPC: 0.73678
IPC: 0.736735
IPC: 0.737142
IPC: 0.737064
IPC: 0.7369
IPC: 0.737142
IPC: 0.736914
IPC: 0.736967
IPC: 0.736953
IPC: 0.736844
IPC: 0.737134
IPC: 0.737004
IPC: 0.737441
IPC: 0.737383
IPC: 0.737226
IPC: 0.737592
IPC: 0.737097
IPC: 0.656817
IPC: 0.70653
IPC: 0.705758
IPC: 0.706122
IPC: 0.736127
IPC: 0.736656
IPC: 0.73638
IPC: 0.736483
IPC: 0.736655
IPC: 0.736615
IPC: 0.736812
IPC: 0.736822
IPC: 0.73699
IPC: 0.737103
IPC: 0.736613
IPC: 0.7368
IPC: 0.736681
IPC: 0.736746
IPC: 0.736783
IPC: 0.737013
IPC: 0.73677
IPC: 0.736715
IPC: 0.736932
IPC: 0.736839
IPC: 0.736772
IPC: 0.736849
IPC: 0.737115
IPC: 0.736751
IPC: 0.736997
IPC: 0.736888
IPC: 0.736995
IPC: 0.736656
IPC: 0.737061
IPC: 0.736667
IPC: 0.736521
IPC: 0.737044
IPC: 0.73695
IPC: 0.736707
IPC: 0.736853
IPC: 0.736785
IPC: 0.736877
IPC: 0.737121
IPC: 0.737034
IPC: 0.736678
IPC: 0.73685
IPC: 0.737166
IPC: 0.736918
IPC: 0.736439
IPC: 0.737265
IPC: 0.737144
IPC: 0.737368
IPC: 0.737502
IPC: 0.737404
IPC: 0.73722
IPC: 0.736597
IPC: 0.660366
IPC: 0.701403
IPC: 0.700416
IPC: 0.704965
IPC: 0.736792
IPC: 0.736466
IPC: 0.736435
IPC: 0.737008
IPC: 0.736624
IPC: 0.736327
IPC: 0.736888
IPC: 0.73688
IPC: 0.737105
IPC: 0.736557
IPC: 0.73694
IPC: 0.736564
IPC: 0.736715
IPC: 0.736737
IPC: 0.736969
IPC: 0.736889
IPC: 0.736559
IPC: 0.736833
IPC: 0.736916
IPC: 0.736872
IPC: 0.737034
IPC: 0.736768
IPC: 0.736779
IPC: 0.736909
IPC: 0.737045
IPC: 0.736927
IPC: 0.73693
IPC: 0.736919
IPC: 0.736873
IPC: 0.736495
IPC: 0.737058
IPC: 0.737011
IPC: 0.736704
IPC: 0.736719
IPC: 0.736781
IPC: 0.736724
IPC: 0.737007
IPC: 0.736883
IPC: 0.736519
IPC: 0.73715
IPC: 0.736954
IPC: 0.736648
IPC: 0.737078
IPC: 0.736708
IPC: 0.736968
IPC: 0.737299
IPC: 0.73737
IPC: 0.737274
IPC: 0.73781
IPC: 0.737563
IPC: 0.736826
IPC: 0.664977
IPC: 0.708632
IPC: 0.705707
IPC: 0.700122
IPC: 0.735913
IPC: 0.736335
IPC: 0.736515
IPC: 0.736529
IPC: 0.736712
IPC: 0.73661
IPC: 0.736656
IPC: 0.737015
IPC: 0.736836
IPC: 0.73702
IPC: 0.737109
IPC: 0.736757
IPC: 0.737107
IPC: 0.736586
IPC: 0.737017
IPC: 0.736745
IPC: 0.736383
IPC: 0.736742
IPC: 0.736869
IPC: 0.736864
IPC: 0.736693
IPC: 0.736828
IPC: 0.736831
IPC: 0.736627
IPC: 0.737216
IPC: 0.736937
IPC: 0.736611
IPC: 0.736628
IPC: 0.736625
IPC: 0.73653
IPC: 0.737134
IPC: 0.736826
IPC: 0.736527
IPC: 0.736596
IPC: 0.736722
IPC: 0.736444
IPC: 0.736739
IPC: 0.736848
IPC: 0.736564
IPC: 0.736949
IPC: 0.736731
IPC: 0.736842
IPC: 0.736548
IPC: 0.73724
IPC: 0.737
IPC: 0.73741
IPC: 0.73717
IPC: 0.737097
IPC: 0.737705
IPC: 0.737488
IPC: 0.737307
IPC: 0.751264
IPC: 0.637502
IPC: 0.700355
IPC: 0.69094
IPC: 0.735028
IPC: 0.736431
IPC: 0.737002
IPC: 0.736849
IPC: 0.736884
IPC: 0.736797
IPC: 0.736799
IPC: 0.736791
IPC: 0.737158
IPC: 0.736782
IPC: 0.736983
IPC: 0.737235
IPC: 0.737067
IPC: 0.736723
IPC: 0.737031
IPC: 0.736743
IPC: 0.736836
IPC: 0.736701
IPC: 0.737041
IPC: 0.736851
IPC: 0.736896
IPC: 0.73719
IPC: 0.737018
IPC: 0.736874
IPC: 0.737124
IPC: 0.736707
IPC: 0.736497
IPC: 0.736748
IPC: 0.736919
IPC: 0.736806
IPC: 0.73711
IPC: 0.737025
IPC: 0.736755
IPC: 0.736899
IPC: 0.736846
IPC: 0.736776
IPC: 0.737126
IPC: 0.736839
IPC: 0.736869
IPC: 0.737039
IPC: 0.737092
IPC: 0.737129
IPC: 0.737176
IPC: 0.737379
IPC: 0.736909
IPC: 0.737255
IPC: 0.737293
IPC: 0.737248
IPC: 0.737517
IPC: 0.737441
IPC: 0.737678
IPC: 0.748134
IPC: 0.602232
IPC: 0.749445
IPC: 0.692111
IPC: 0.685613
IPC: 0.723791
IPC: 0.716731
IPC: 0.546428
IPC: 0.807344
IPC: 0.812437
IPC: 0.776551
IPC: 0.77847
IPC: 0.749663
IPC: 0.831759
IPC: 0.790488
IPC: 0.781272
IPC: 0.743845
IPC: 0.811269
IPC: 0.810475
IPC: 0.781935
IPC: 0.742461
IPC: 0.79072
IPC: 0.831758
IPC: 0.788669
IPC: 0.780471
IPC: 0.731824
IPC: 0.705972
IPC: 0.706597
IPC: 0.716922
IPC: 0.736858
IPC: 0.737236
IPC: 0.737044
IPC: 0.737202
IPC: 0.737311
IPC: 0.73693
IPC: 0.73724
IPC: 0.737359
IPC: 0.737387
IPC: 0.737462
IPC: 0.737646
IPC: 0.737192
IPC: 0.73737
IPC: 0.737206
IPC: 0.737431
IPC: 0.737328
IPC: 0.737174
IPC: 0.737546
IPC: 0.737321
IPC: 0.737079
IPC: 0.737565
IPC: 0.737282
IPC: 0.737163
IPC: 0.73752
IPC: 0.737065
IPC: 0.736735
IPC: 0.737283
IPC: 0.737262
IPC: 0.737324
IPC: 0.737396
IPC: 0.737345
IPC: 0.737025
IPC: 0.737186
IPC: 0.73735
IPC: 0.737194
IPC: 0.737486
IPC: 0.737622
IPC: 0.737755
IPC: 0.73752
IPC: 0.737426
IPC: 0.737121
IPC: 0.737441
IPC: 0.737683
IPC: 0.737418
IPC: 0.737485
IPC: 0.738053
IPC: 0.737451
IPC: 0.737843
IPC: 0.737765
IPC: 0.738163
IPC: 0.745497
IPC: 0.645016
IPC: 0.701537
IPC: 0.701143
IPC: 0.716863
IPC: 0.737155
IPC: 0.737156
IPC: 0.737073
IPC: 0.737747
IPC: 0.737252
IPC: 0.737282
IPC: 0.737099
IPC: 0.737145
IPC: 0.73726
IPC: 0.737529
IPC: 0.737561
IPC: 0.737155
IPC: 0.737279
IPC: 0.737458
IPC: 0.737381
IPC: 0.737476
IPC: 0.737066
IPC: 0.737578
IPC: 0.73723
IPC: 0.737128
IPC: 0.737477
IPC: 0.737351
IPC: 0.73749
IPC: 0.737461
IPC: 0.736951
IPC: 0.736872
IPC: 0.737438
IPC: 0.737036
IPC: 0.737181
IPC: 0.737561
IPC: 0.737403
IPC: 0.737418
IPC: 0.736913
IPC: 0.737278
IPC: 0.73717
IPC: 0.73731
IPC: 0.737422
IPC: 0.737812
IPC: 0.737928
IPC: 0.737192
IPC: 0.737573
IPC: 0.737449
IPC: 0.737186
IPC: 0.737598
IPC: 0.73758
IPC: 0.737718
IPC: 0.73799
IPC: 0.737474
IPC: 0.738101
IPC: 0.737978
IPC: 0.744184
IPC: 0.651227
IPC: 0.706261
IPC: 0.706211
IPC: 0.710094
IPC: 0.736753
IPC: 0.737463
IPC: 0.737032
IPC: 0.7377
IPC: 0.737503
IPC: 0.737227
IPC: 0.737095
IPC: 0.737316
IPC: 0.737207
IPC: 0.737544
IPC: 0.737507
IPC: 0.737406
IPC: 0.737217
IPC: 0.737114
IPC: 0.737376
IPC: 0.737523
IPC: 0.737276
IPC: 0.737273
IPC: 0.737512
IPC: 0.737125
IPC: 0.737241
IPC: 0.737299
IPC: 0.73736
IPC: 0.737347
IPC: 0.737106
IPC: 0.737224
IPC: 0.737265
IPC: 0.736873
IPC: 0.737292
IPC: 0.737216
IPC: 0.737167
IPC: 0.737373
IPC: 0.737348
IPC: 0.737235
IPC: 0.737446
IPC: 0.737256
IPC: 0.737308
IPC: 0.737536
IPC: 0.737153
IPC: 0.738054
IPC: 0.737441
IPC: 0.737175
IPC: 0.737812
IPC: 0.73734
IPC: 0.73734
IPC: 0.737653
IPC: 0.73765
IPC: 0.738649
IPC: 0.73747
IPC: 0.738164
IPC: 0.739606
IPC: 0.661496
IPC: 0.70221
IPC: 0.700795
IPC: 0.70529
IPC: 0.736324
IPC: 0.737077
IPC: 0.737348
IPC: 0.73767
IPC: 0.737644
IPC: 0.737374
IPC: 0.737466
IPC: 0.737092
IPC: 0.737046
IPC: 0.737189
IPC: 0.737446
IPC: 0.737489
IPC: 0.737457
IPC: 0.737673
IPC: 0.737197
IPC: 0.737248
IPC: 0.737469
IPC: 0.737265
IPC: 0.737333
IPC: 0.737332
IPC: 0.737349
IPC: 0.737222
IPC: 0.73706
IPC: 0.737546
IPC: 0.737325
IPC: 0.737062
IPC: 0.737063
IPC: 0.737273
IPC: 0.736988
IPC: 0.737113
IPC: 0.737178
IPC: 0.737591
IPC: 0.736893
IPC: 0.737605
IPC: 0.737368
IPC: 0.737369
IPC: 0.737165
IPC: 0.737411
IPC: 0.737694
IPC: 0.737337
IPC: 0.737662
IPC: 0.737824
IPC: 0.737225
IPC: 0.737736
IPC: 0.737597
IPC: 0.737413
IPC: 0.737714
IPC: 0.737884
IPC: 0.738405
IPC: 0.737642
IPC: 0.736643
IPC: 0.747239
IPC: 0.637967
IPC: 0.705601
IPC: 0.698039
IPC: 0.735682
IPC: 0.73667
IPC: 0.737145
IPC: 0.736925
IPC: 0.737659
IPC: 0.737649
IPC: 0.737268
IPC: 0.737743
IPC: 0.736853
IPC: 0.737138
IPC: 0.737143
IPC: 0.737226
IPC: 0.737457
IPC: 0.737567
IPC: 0.738015
IPC: 0.737678
IPC: 0.737299
IPC: 0.73761
IPC: 0.737285
IPC: 0.73726
IPC: 0.737598
IPC: 0.736913
IPC: 0.737435
IPC: 0.737233
IPC: 0.737537
IPC: 0.737243
IPC: 0.737095
IPC: 0.737151
IPC: 0.737273
IPC: 0.736965
IPC: 0.737283
IPC: 0.737139
IPC: 0.737396
IPC: 0.736949
IPC: 0.7374
IPC: 0.737104
IPC: 0.737435
IPC: 0.737103
IPC: 0.737644
IPC: 0.737523
IPC: 0.737428
IPC: 0.73769
IPC: 0.737531
IPC: 0.73715
IPC: 0.737856
IPC: 0.73746
IPC: 0.737463
IPC: 0.737799
IPC: 0.737615
IPC: 0.738133
IPC: 0.737933
IPC: 0.750866
IPC: 0.604339
IPC: 0.67764
IPC: 0.768126
IPC: 0.683138
IPC: 0.681791
IPC: 0.767079
IPC: 0.549046
IPC: 0.831758
IPC: 0.800471
IPC: 0.776591
IPC: 0.743087
IPC: 0.797463
IPC: 0.826567
IPC: 0.787389
IPC: 0.777783
IPC: 0.737531
IPC: 0.831758
IPC: 0.79863
IPC: 0.781982
IPC: 0.743301
IPC: 0.801327
IPC: 0.822197
IPC: 0.784526
IPC: 0.781866
IPC: 0.711124
IPC: 0.700305
IPC: 0.695754
IPC: 0.73585
IPC: 0.736702
IPC: 0.737335
IPC: 0.736839
IPC: 0.737478
IPC: 0.737779
IPC: 0.737328
IPC: 0.737371
IPC: 0.737477
IPC: 0.737308
IPC: 0.737063
IPC: 0.737098
IPC: 0.737325
IPC: 0.737043
IPC: 0.737552
IPC: 0.737506
IPC: 0.738038
IPC: 0.737665
IPC: 0.737411
IPC: 0.737517
IPC: 0.737405
IPC: 0.737321
IPC: 0.737118
IPC: 0.737098
IPC: 0.737632
IPC: 0.73725
IPC: 0.737337
IPC: 0.737225
IPC: 0.737172
IPC: 0.737176
IPC: 0.73754
IPC: 0.737118
IPC: 0.737138
IPC: 0.737311
IPC: 0.737269
IPC: 0.73731
IPC: 0.737325
IPC: 0.737462
IPC: 0.737613
IPC: 0.737449
IPC: 0.737541
IPC: 0.737408
IPC: 0.737629
IPC: 0.737634
IPC: 0.737675
IPC: 0.737456
IPC: 0.737923
IPC: 0.737574
IPC: 0.737823
IPC: 0.738042
IPC: 0.737921
IPC: 0.661871
IPC: 0.709018
IPC: 0.705313
IPC: 0.699844
IPC: 0.736068
IPC: 0.736567
IPC: 0.737244
IPC: 0.737443
IPC: 0.737614
IPC: 0.737691
IPC: 0.737647
IPC: 0.737356
IPC: 0.737137
IPC: 0.737036
IPC: 0.737202
IPC: 0.737035
IPC: 0.737647
IPC: 0.737203
IPC: 0.737359
IPC: 0.737573
IPC: 0.737966
IPC: 0.737933
IPC: 0.737629
IPC: 0.737691
IPC: 0.737456
IPC: 0.737329
IPC: 0.737387
IPC: 0.737288
IPC: 0.73722
IPC: 0.737017
IPC: 0.737313
IPC: 0.73696
IPC: 0.73738
IPC: 0.737566
IPC: 0.737097
IPC: 0.737281
IPC: 0.737069
IPC: 0.737385
IPC: 0.737147
IPC: 0.737607
IPC: 0.737332
IPC: 0.737109
IPC: 0.737738
IPC: 0.737436
IPC: 0.737152
IPC: 0.737813
IPC: 0.737342
IPC: 0.737639
IPC: 0.738025
IPC: 0.737603
IPC: 0.737843
IPC: 0.738093
IPC: 0.737596
IPC: 0.737981
IPC: 0.738138
IPC: 0.751691
IPC: 0.633229
IPC: 0.700607
IPC: 0.693854
IPC: 0.736118
IPC: 0.736996
IPC: 0.736839
IPC: 0.737355
IPC: 0.737536
IPC: 0.737818
IPC: 0.737118
IPC: 0.737621
IPC: 0.737463
IPC: 0.736986
IPC: 0.737395
IPC: 0.737274
IPC: 0.737264
IPC: 0.737399
IPC: 0.737194
IPC: 0.737599
IPC: 0.73773
IPC: 0.737776
IPC: 0.737797
IPC: 0.737559
IPC: 0.737403
IPC: 0.737114
IPC: 0.737487
IPC: 0.737501
IPC: 0.736954
IPC: 0.737324
IPC: 0.737195
IPC: 0.737249
IPC: 0.737162
IPC: 0.737321
IPC: 0.737318
IPC: 0.737502
IPC: 0.737112
IPC: 0.737361
IPC: 0.737358
IPC: 0.737643
IPC: 0.737356
IPC: 0.737133
IPC: 0.737534
IPC: 0.737226
IPC: 0.737654
IPC: 0.737482
IPC: 0.737755
IPC: 0.738243
IPC: 0.737957
IPC: 0.737501
IPC: 0.738161
IPC: 0.737985
IPC: 0.738032
IPC: 0.73795
IPC: 0.738001
IPC: 0.748345
IPC: 0.636605
IPC: 0.705877
IPC: 0.695612
IPC: 0.734296
IPC: 0.7371
IPC: 0.737203
IPC: 0.737011
IPC: 0.73734
IPC: 0.737586
IPC: 0.737556
IPC: 0.737545
IPC: 0.738103
IPC: 0.737105
IPC: 0.736816
IPC: 0.737495
IPC: 0.737406
IPC: 0.737173
IPC: 0.737229
IPC: 0.737516
IPC: 0.737922
IPC: 0.73735
IPC: 0.737652
IPC: 0.737687
IPC: 0.737593
IPC: 0.736837
IPC: 0.737175
IPC: 0.737487
IPC: 0.737223
IPC: 0.73741
IPC: 0.737184
IPC: 0.736777
IPC: 0.737499
IPC: 0.737163
IPC: 0.737334
IPC: 0.737316
IPC: 0.73719
IPC: 0.737513
IPC: 0.737301
IPC: 0.737636
IPC: 0.737233
IPC: 0.737626
IPC: 0.737678
IPC: 0.737632
IPC: 0.737594
IPC: 0.737274
IPC: 0.738219
IPC: 0.738188
IPC: 0.737889
IPC: 0.737582
IPC: 0.737955
IPC: 0.738133
IPC: 0.738098
IPC: 0.738096
IPC: 0.737554
IPC: 0.745823
IPC: 0.649967
IPC: 0.701403
IPC: 0.701594
IPC: 0.713439
IPC: 0.736193
IPC: 0.737452
IPC: 0.737126
IPC: 0.737041
IPC: 0.737105
IPC: 0.737386
IPC: 0.737625
IPC: 0.737802
IPC: 0.737827
IPC: 0.737264
IPC: 0.737481
IPC: 0.737259
IPC: 0.737226
IPC: 0.737403
IPC: 0.737138
IPC: 0.737077
IPC: 0.737901
IPC: 0.738164
IPC: 0.737212
IPC: 0.737713
IPC: 0.7376
IPC: 0.737183
IPC: 0.737243
IPC: 0.73719
IPC: 0.737294
IPC: 0.737671
IPC: 0.737328
IPC: 0.737297
IPC: 0.737445
IPC: 0.737248
IPC: 0.737137
IPC: 0.73735
IPC: 0.737342
IPC: 0.737419
IPC: 0.737677
IPC: 0.737216
IPC: 0.737565
IPC: 0.737317
IPC: 0.737773
IPC: 0.737445
IPC: 0.737603
IPC: 0.738079
IPC: 0.73793
IPC: 0.7378
IPC: 0.737698
IPC: 0.737982
IPC: 0.737984
IPC: 0.738294
IPC: 0.73784
IPC: 0.737729
IPC: 0.742657
IPC: 0.599299
IPC: 0.766826
IPC: 0.680886
IPC: 0.684298
IPC: 0.767374
IPC: 0.680403
IPC: 0.551573
IPC: 0.799051
IPC: 0.821502
IPC: 0.781657
IPC: 0.776713
IPC: 0.73933
IPC: 0.831759
IPC: 0.797781
IPC: 0.782501
IPC: 0.743481
IPC: 0.803224
IPC: 0.81955
IPC: 0.781891
IPC: 0.781844
IPC: 0.74288
IPC: 0.831757
IPC: 0.796252
IPC: 0.781301
IPC: 0.745136
IPC: 0.705995
IPC: 0.705826
IPC: 0.712077
IPC: 0.736423
IPC: 0.737177
IPC: 0.737128
IPC: 0.736757
IPC: 0.737026
IPC: 0.737325
IPC: 0.737533
IPC: 0.737359
IPC: 0.737788
IPC: 0.737904
IPC: 0.737018
IPC: 0.737183
IPC: 0.737601
IPC: 0.737388
IPC: 0.737531
IPC: 0.737101
IPC: 0.737236
IPC: 0.737604
IPC: 0.738167
IPC: 0.737511
IPC: 0.737639
IPC: 0.737604
IPC: 0.737211
IPC: 0.73704
IPC: 0.737048
IPC: 0.737639
IPC: 0.737579
IPC: 0.737251
IPC: 0.737344
IPC: 0.737262
IPC: 0.737086
IPC: 0.737448
IPC: 0.737177
IPC: 0.737561
IPC: 0.737597
IPC: 0.737593
IPC: 0.737478
IPC: 0.737503
IPC: 0.737691
IPC: 0.737369
IPC: 0.737655
IPC: 0.738036
IPC: 0.738227
IPC: 0.737698
IPC: 0.737693
IPC: 0.737965
IPC: 0.738196
IPC: 0.738358
IPC: 0.738091
IPC: 0.737685
IPC: 0.741567
IPC: 0.658401
IPC: 0.701524
IPC: 0.700508
IPC: 0.706594
IPC: 0.736532
IPC: 0.737372
IPC: 0.737062
IPC: 0.736763
IPC: 0.73677
IPC: 0.737626
IPC: 0.737379
IPC: 0.737156
IPC: 0.73782
IPC: 0.737628
IPC: 0.736788
IPC: 0.737264
IPC: 0.737478
IPC: 0.737396
IPC: 0.737373
IPC: 0.737477
IPC: 0.737357
IPC: 0.737146
IPC: 0.737555
IPC: 0.738202
IPC: 0.737431
IPC: 0.737666
IPC: 0.737646
IPC: 0.736925
IPC: 0.737159
IPC: 0.737469
IPC: 0.737466
IPC: 0.737771
IPC: 0.737508
IPC: 0.736951
IPC: 0.737581
IPC: 0.737265
IPC: 0.737586
IPC: 0.737568
IPC: 0.737543
IPC: 0.73774
IPC: 0.736975
IPC: 0.737441
IPC: 0.737993
IPC: 0.737608
IPC: 0.737883
IPC: 0.738313
IPC: 0.73816
IPC: 0.73764
IPC: 0.73787
IPC: 0.737856
IPC: 0.738524
IPC: 0.738577
IPC: 0.738066
IPC: 0.738106
IPC: 0.738588
IPC: 0.660337
IPC: 0.706743
IPC: 0.705352
IPC: 0.704091
IPC: 0.736513
IPC: 0.737135
IPC: 0.736848
IPC: 0.736921
IPC: 0.736891
IPC: 0.737614
IPC: 0.737605
IPC: 0.73755
IPC: 0.737683
IPC: 0.737801
IPC: 0.736992
IPC: 0.737127
IPC: 0.737605
IPC: 0.737177
IPC: 0.737177
IPC: 0.737408
IPC: 0.737498
IPC: 0.737145
IPC: 0.737252
IPC: 0.738
IPC: 0.738298
IPC: 0.73752
IPC: 0.737489
IPC: 0.737482
IPC: 0.736821
IPC: 0.737193
IPC: 0.737217
IPC: 0.737788
IPC: 0.737368
IPC: 0.737243
IPC: 0.737775
IPC: 0.737194
IPC: 0.737583
IPC: 0.737693
IPC: 0.737449
IPC: 0.73791
IPC: 0.737272
IPC: 0.737461
IPC: 0.737917
IPC: 0.737973
IPC: 0.737924
IPC: 0.738081
IPC: 0.738573
IPC: 0.737947
IPC: 0.738122
IPC: 0.737796
IPC: 0.738541
IPC: 0.738603
IPC: 0.738431
IPC: 0.738009
IPC: 0.738026
IPC: 0.741006
IPC: 0.635035
IPC: 0.700354
IPC: 0.699482
IPC: 0.735988
IPC: 0.737115
IPC: 0.736955
IPC: 0.736841
IPC: 0.73725
IPC: 0.737632
IPC: 0.73724
IPC: 0.737951
IPC: 0.737803
IPC: 0.737476
IPC: 0.737097
IPC: 0.737636
IPC: 0.737405
IPC: 0.737077
IPC: 0.73747
IPC: 0.737293
IPC: 0.737396
IPC: 0.737109
IPC: 0.737243
IPC: 0.738115
IPC: 0.737993
IPC: 0.738228
IPC: 0.737395
IPC: 0.737397
IPC: 0.737552
IPC: 0.736398
IPC: 0.737215
IPC: 0.737505
IPC: 0.737236
IPC: 0.737387
IPC: 0.73772
IPC: 0.737232
IPC: 0.737904
IPC: 0.738016
IPC: 0.737875
IPC: 0.737049
IPC: 0.737971
IPC: 0.737715
IPC: 0.738257
IPC: 0.738014
IPC: 0.738044
IPC: 0.737985
IPC: 0.738473
IPC: 0.73851
IPC: 0.737876
IPC: 0.738154
IPC: 0.73791
IPC: 0.738842
IPC: 0.73851
IPC: 0.738401
IPC: 0.737724
IPC: 0.752627
IPC: 0.637213
IPC: 0.706841
IPC: 0.694418
IPC: 0.733487
IPC: 0.737376
IPC: 0.736575
IPC: 0.737383
IPC: 0.737417
IPC: 0.737503
IPC: 0.737536
IPC: 0.738146
IPC: 0.737714
IPC: 0.737401
IPC: 0.737342
IPC: 0.737982
IPC: 0.737
IPC: 0.737245
IPC: 0.737352
IPC: 0.737197
IPC: 0.737311
IPC: 0.737306
IPC: 0.737071
IPC: 0.737559
IPC: 0.737879
IPC: 0.738118
IPC: 0.737916
IPC: 0.737448
IPC: 0.737422
IPC: 0.737364
IPC: 0.73671
IPC: 0.737537
IPC: 0.737409
IPC: 0.73719
IPC: 0.737854
IPC: 0.737469
IPC: 0.737795
IPC: 0.73793
IPC: 0.738087
IPC: 0.737343
IPC: 0.737728
IPC: 0.737923
IPC: 0.738217
IPC: 0.737746
IPC: 0.737812
IPC: 0.738076
IPC: 0.737996
IPC: 0.738162
IPC: 0.738229
IPC: 0.737931
IPC: 0.737946
IPC: 0.738158
IPC: 0.738642
IPC: 0.738676
IPC: 0.738117
IPC: 0.748959
IPC: 0.602864
IPC: 0.677599
IPC: 0.76914
IPC: 0.685984
IPC: 0.678379
IPC: 0.768034
Total Instructions: 4331407
Total Cycles: 9769005

Two level cache hierarchy:
  L1-Data Cache:
    Size(KB):          32
    Block Size(B):     64
    Associativity:      8

  L2-Data Cache:
    Size(KB):        1024
    Block Size(B):    128
    Associativity:      8

Latencies:    1   10  150
L1-Sets: LRU assoc:   8
L2-Sets: LRU assoc:   8
Store_allocation: Yes
L2_inclusive: Yes

L1 Cache Stats:
L1-Load-Hits:        2185087977   95.14%
L1-Load-Misses:       111687921    4.86%
L1-Load-Accesses:    2296775898  100.00%

L1-Store-Hits:         667276018   99.08%
L1-Store-Misses:         6195192    0.92%
L1-Store-Accesses:     673471210  100.00%

L1-Total-Hits:        2852363995   96.03%
L1-Total-Misses:       117883113    3.97%
L1-Total-Accesses:    2970247108  100.00%

L2 Cache Stats:
L2-Load-Hits:         111074099   99.45%
L2-Load-Misses:          613822    0.55%
L2-Load-Accesses:     111687921  100.00%

L2-Store-Hits:           5725743   92.42%
L2-Store-Misses:          469449    7.58%
L2-Store-Accesses:       6195192  100.00%

L2-Total-Hits:         116799842   99.08%
L2-Total-Misses:         1083271    0.92%
L2-Total-Accesses:     117883113  100.00%

