IPC: 0.205013
IPC: 0.204691
IPC: 0.204463
IPC: 0.204519
IPC: 0.204284
IPC: 0.203968
IPC: 0.203778
IPC: 0.204466
IPC: 0.204642
IPC: 0.204364
IPC: 0.204118
IPC: 0.203674
IPC: 0.204042
IPC: 0.204624
IPC: 0.204648
IPC: 0.203654
IPC: 0.204141
IPC: 0.204226
IPC: 0.203125
IPC: 0.202331
IPC: 0.201907
IPC: 0.201799
IPC: 0.202087
IPC: 0.200975
IPC: 0.201529
IPC: 0.201228
IPC: 0.201077
IPC: 0.201645
IPC: 0.201777
IPC: 0.202549
IPC: 0.20151
IPC: 0.20213
IPC: 0.202394
IPC: 0.202247
IPC: 0.201745
IPC: 0.202218
IPC: 0.201969
IPC: 0.201632
IPC: 0.202154
IPC: 0.202277
IPC: 0.201776
IPC: 0.202146
IPC: 0.201856
IPC: 0.202824
IPC: 0.201507
IPC: 0.201738
IPC: 0.201343
IPC: 0.202261
IPC: 0.201971
IPC: 0.202139
IPC: 0.202126
IPC: 0.201798
IPC: 0.201725
IPC: 0.201502
IPC: 0.201842
IPC: 0.202191
IPC: 0.201805
IPC: 0.20224
IPC: 0.201255
IPC: 0.201211
IPC: 0.201895
IPC: 0.20193
IPC: 0.201804
IPC: 0.201443
IPC: 0.202128
IPC: 0.201814
IPC: 0.201466
IPC: 0.202149
IPC: 0.20221
IPC: 0.201901
IPC: 0.201394
IPC: 0.201416
IPC: 0.201433
IPC: 0.201881
IPC: 0.201179
IPC: 0.201798
IPC: 0.201898
IPC: 0.201942
IPC: 0.201353
IPC: 0.201923
IPC: 0.20182
IPC: 0.20115
IPC: 0.202034
IPC: 0.201166
IPC: 0.202054
IPC: 0.201595
IPC: 0.202304
IPC: 0.201656
IPC: 0.201985
IPC: 0.201568
IPC: 0.201831
IPC: 0.201753
IPC: 0.201705
IPC: 0.20181
IPC: 0.201645
IPC: 0.20163
IPC: 0.201178
IPC: 0.20157
IPC: 0.201785
IPC: 0.201515
IPC: 0.202013
IPC: 0.201874
IPC: 0.201537
IPC: 0.201674
IPC: 0.201228
IPC: 0.201321
IPC: 0.201902
IPC: 0.20173
IPC: 0.201521
IPC: 0.201408
IPC: 0.201707
IPC: 0.201247
IPC: 0.201961
IPC: 0.201645
IPC: 0.20168
IPC: 0.200825
IPC: 0.201389
IPC: 0.201044
IPC: 0.201744
IPC: 0.202047
IPC: 0.201261
IPC: 0.201902
IPC: 0.201457
IPC: 0.201206
IPC: 0.201737
IPC: 0.201463
IPC: 0.201945
IPC: 0.201346
IPC: 0.201469
IPC: 0.20177
IPC: 0.201655
IPC: 0.201792
IPC: 0.201316
IPC: 0.201516
IPC: 0.201815
IPC: 0.201542
IPC: 0.201913
IPC: 0.201154
IPC: 0.201048
IPC: 0.200884
IPC: 0.201231
IPC: 0.201673
IPC: 0.201623
IPC: 0.201521
IPC: 0.201387
IPC: 0.202007
IPC: 0.201333
IPC: 0.201283
IPC: 0.201276
Total Instructions: 3336596
Total Cycles: 16645305

Two level cache hierarchy:
  L1-Data Cache:
    Size(KB):          32
    Block Size(B):     64
    Associativity:      8

  L2-Data Cache:
    Size(KB):        1024
    Block Size(B):    128
    Associativity:      8

Latencies:    1   10  150
L1-Sets: LRU assoc:   8
L2-Sets: LRU assoc:   8
Store_allocation: Yes
L2_inclusive: Yes

L1 Cache Stats:
L1-Load-Hits:         229930807   76.05%
L1-Load-Misses:        72399282   23.95%
L1-Load-Accesses:     302330089  100.00%

L1-Store-Hits:         102906741   99.99%
L1-Store-Misses:            8326    0.01%
L1-Store-Accesses:     102915067  100.00%

L1-Total-Hits:         332837548   82.13%
L1-Total-Misses:        72407608   17.87%
L1-Total-Accesses:     405245156  100.00%

L2 Cache Stats:
L2-Load-Hits:          40602627   56.08%
L2-Load-Misses:        31796655   43.92%
L2-Load-Accesses:      72399282  100.00%

L2-Store-Hits:              6719   80.70%
L2-Store-Misses:            1607   19.30%
L2-Store-Accesses:          8326  100.00%

L2-Total-Hits:          40609346   56.08%
L2-Total-Misses:        31798262   43.92%
L2-Total-Accesses:      72407608  100.00%

