IPC: 0.126201
IPC: 0.084352
IPC: 0.104379
IPC: 0.64427
IPC: 0.645712
IPC: 0.645118
IPC: 0.649128
IPC: 0.646787
IPC: 0.647706
IPC: 0.645901
IPC: 0.648514
IPC: 0.647543
IPC: 0.64853
IPC: 0.649608
IPC: 0.644851
IPC: 0.644751
IPC: 0.647595
IPC: 0.645735
IPC: 0.646626
IPC: 0.648637
IPC: 0.646363
IPC: 0.645422
IPC: 0.648006
IPC: 0.648191
IPC: 0.645593
IPC: 0.648206
IPC: 0.646804
IPC: 0.645629
IPC: 0.648282
IPC: 0.647659
IPC: 0.647464
IPC: 0.646658
IPC: 0.645223
IPC: 0.648131
IPC: 0.648623
IPC: 0.647478
IPC: 0.647045
IPC: 0.646706
IPC: 0.646649
IPC: 0.650543
IPC: 0.647713
IPC: 0.648497
IPC: 0.647609
IPC: 0.647298
IPC: 0.648038
IPC: 0.646784
IPC: 0.648326
IPC: 0.648317
IPC: 0.647866
IPC: 0.645648
IPC: 0.646258
IPC: 0.646718
IPC: 0.646203
IPC: 0.646797
IPC: 0.64822
IPC: 0.648428
IPC: 0.648239
IPC: 0.64852
IPC: 0.64598
IPC: 0.647316
IPC: 0.648355
IPC: 0.646099
IPC: 0.647552
IPC: 0.646264
IPC: 0.647137
IPC: 0.645081
IPC: 0.646728
IPC: 0.646904
IPC: 0.646097
IPC: 0.646857
IPC: 0.646653
IPC: 0.647409
IPC: 0.648133
IPC: 0.647098
IPC: 0.645817
IPC: 0.650139
IPC: 0.647487
IPC: 0.640061
IPC: 0.644244
IPC: 0.645542
IPC: 0.64642
IPC: 0.645877
IPC: 0.646826
IPC: 0.645885
IPC: 0.64537
IPC: 0.646306
IPC: 0.647741
IPC: 0.641065
IPC: 0.642132
IPC: 0.642329
IPC: 0.642476
IPC: 0.64529
IPC: 0.64283
IPC: 0.646087
IPC: 0.644763
IPC: 0.645949
IPC: 0.644057
IPC: 0.646308
IPC: 0.647143
IPC: 0.646257
IPC: 0.646674
IPC: 0.647629
IPC: 0.648233
IPC: 0.649508
IPC: 0.646073
IPC: 0.644608
IPC: 0.644313
IPC: 0.647401
IPC: 0.64109
IPC: 0.640561
IPC: 0.645368
IPC: 0.645698
IPC: 0.645029
IPC: 0.647588
IPC: 0.647863
IPC: 0.646778
IPC: 0.645365
IPC: 0.638517
IPC: 0.644864
IPC: 0.647811
IPC: 0.644625
IPC: 0.642568
IPC: 0.638419
IPC: 0.639291
IPC: 0.642702
IPC: 0.644779
IPC: 0.642708
IPC: 0.64525
IPC: 0.64833
IPC: 0.644441
IPC: 0.646442
IPC: 0.646826
IPC: 0.641885
IPC: 0.645072
IPC: 0.647244
IPC: 0.647217
IPC: 0.649895
IPC: 0.646374
IPC: 0.649904
IPC: 0.647641
IPC: 0.646958
IPC: 0.644998
IPC: 0.647182
IPC: 0.64697
IPC: 0.644082
IPC: 0.640076
IPC: 0.637007
IPC: 0.642546
IPC: 0.64371
IPC: 0.643809
IPC: 0.643799
IPC: 0.647273
IPC: 0.642009
IPC: 0.637381
IPC: 0.644926
IPC: 0.644378
IPC: 0.63931
IPC: 0.644407
IPC: 0.645827
IPC: 0.644289
IPC: 0.650166
IPC: 0.648174
IPC: 0.649724
IPC: 0.64701
IPC: 0.646326
IPC: 0.643804
IPC: 0.641496
IPC: 0.640869
IPC: 0.642523
IPC: 0.644499
IPC: 0.641517
IPC: 0.644756
IPC: 0.645307
IPC: 0.646108
IPC: 0.641936
IPC: 0.642358
IPC: 0.645013
IPC: 0.641248
IPC: 0.640289
IPC: 0.639985
IPC: 0.636776
IPC: 0.640275
IPC: 0.639297
IPC: 0.641436
IPC: 0.639198
IPC: 0.645497
IPC: 0.637839
IPC: 0.645808
IPC: 0.644319
IPC: 0.640229
IPC: 0.637972
IPC: 0.643063
IPC: 0.642259
IPC: 0.644331
IPC: 0.646994
IPC: 0.649989
IPC: 0.646028
IPC: 0.640645
IPC: 0.643168
IPC: 0.647454
IPC: 0.644391
IPC: 0.641221
IPC: 0.646879
IPC: 0.643584
IPC: 0.643712
IPC: 0.643407
IPC: 0.649531
IPC: 0.643433
IPC: 0.642769
IPC: 0.645998
IPC: 0.641907
IPC: 0.640149
IPC: 0.641116
IPC: 0.643874
IPC: 0.646249
IPC: 0.642762
IPC: 0.640052
IPC: 0.638861
IPC: 0.642122
IPC: 0.641187
IPC: 0.641367
IPC: 0.636857
IPC: 0.634369
IPC: 0.645321
IPC: 0.644857
IPC: 0.640307
IPC: 0.639837
IPC: 0.643526
IPC: 0.636412
IPC: 0.63732
IPC: 0.643586
IPC: 0.647058
IPC: 0.640374
IPC: 0.636437
IPC: 0.638894
IPC: 0.64365
IPC: 0.641157
IPC: 0.643583
IPC: 0.640947
IPC: 0.646282
IPC: 0.643066
IPC: 0.638227
IPC: 0.644106
IPC: 0.642755
IPC: 0.644305
IPC: 0.641092
IPC: 0.636501
IPC: 0.638627
IPC: 0.639459
IPC: 0.637774
IPC: 0.6425
IPC: 0.638765
IPC: 0.639931
IPC: 0.641262
IPC: 0.639595
IPC: 0.642278
IPC: 0.641816
IPC: 0.638373
IPC: 0.639909
IPC: 0.642348
IPC: 0.643024
IPC: 0.639557
IPC: 0.638102
IPC: 0.642363
IPC: 0.637913
IPC: 0.635439
IPC: 0.63586
IPC: 0.641228
IPC: 0.641368
IPC: 0.63731
IPC: 0.639844
IPC: 0.636919
IPC: 0.640837
IPC: 0.646682
IPC: 0.646348
IPC: 0.639266
IPC: 0.646207
IPC: 0.645119
IPC: 0.643792
IPC: 0.649867
IPC: 0.643569
IPC: 0.647204
IPC: 0.643948
IPC: 0.649316
IPC: 0.643477
IPC: 0.644256
IPC: 0.642323
IPC: 0.637625
IPC: 0.639389
IPC: 0.64186
IPC: 0.641919
IPC: 0.641239
IPC: 0.637893
IPC: 0.645138
IPC: 0.638946
IPC: 0.642758
IPC: 0.643008
IPC: 0.64322
IPC: 0.643336
IPC: 0.646927
IPC: 0.641681
IPC: 0.64249
IPC: 0.647173
IPC: 0.646436
IPC: 0.647545
IPC: 0.645004
IPC: 0.645514
IPC: 0.647973
IPC: 0.641282
IPC: 0.644942
IPC: 0.646133
IPC: 0.642421
IPC: 0.638145
IPC: 0.639241
IPC: 0.637889
IPC: 0.640593
IPC: 0.637158
IPC: 0.640214
IPC: 0.642915
IPC: 0.641333
IPC: 0.640649
IPC: 0.640694
IPC: 0.640139
IPC: 0.64123
IPC: 0.636917
IPC: 0.647548
IPC: 0.635137
IPC: 0.642071
IPC: 0.641328
IPC: 0.642069
IPC: 0.647165
IPC: 0.638377
IPC: 0.640837
IPC: 0.646927
IPC: 0.647362
IPC: 0.644848
IPC: 0.639004
IPC: 0.645942
IPC: 0.646252
IPC: 0.640925
IPC: 0.64634
IPC: 0.647486
IPC: 0.476593
IPC: 0.662428
IPC: 0.639901
IPC: 0.658175
IPC: 0.660472
IPC: 0.667079
IPC: 0.65326
IPC: 0.64538
IPC: 0.63453
IPC: 0.643386
IPC: 0.635884
IPC: 0.627307
IPC: 0.641746
IPC: 0.287327
IPC: 0.376511
IPC: 0.653192
IPC: 0.657046
IPC: 0.655132
IPC: 0.658968
IPC: 0.656378
IPC: 0.657202
IPC: 0.65636
IPC: 0.657977
IPC: 0.656562
IPC: 0.658609
IPC: 0.659119
IPC: 0.658076
IPC: 0.654993
IPC: 0.655253
IPC: 0.656797
IPC: 0.656146
IPC: 0.657505
IPC: 0.655955
IPC: 0.659449
IPC: 0.653837
IPC: 0.656355
IPC: 0.658472
IPC: 0.658136
IPC: 0.655205
IPC: 0.658039
IPC: 0.656003
IPC: 0.656281
IPC: 0.657975
IPC: 0.657895
IPC: 0.657217
IPC: 0.656746
IPC: 0.657481
IPC: 0.655004
IPC: 0.657706
IPC: 0.65866
IPC: 0.657855
IPC: 0.656484
IPC: 0.65622
IPC: 0.657306
IPC: 0.656183
IPC: 0.659782
IPC: 0.658081
IPC: 0.658285
IPC: 0.658928
IPC: 0.655983
IPC: 0.656955
IPC: 0.658305
IPC: 0.656548
IPC: 0.658318
IPC: 0.657346
IPC: 0.658908
IPC: 0.656075
IPC: 0.656086
IPC: 0.656086
IPC: 0.656133
IPC: 0.656601
IPC: 0.657046
IPC: 0.657587
IPC: 0.658508
IPC: 0.658069
IPC: 0.659003
IPC: 0.65675
IPC: 0.655501
IPC: 0.658009
IPC: 0.65823
IPC: 0.655748
IPC: 0.657264
IPC: 0.656215
IPC: 0.656562
IPC: 0.65693
IPC: 0.6533
IPC: 0.659277
IPC: 0.655872
IPC: 0.65629
IPC: 0.657126
IPC: 0.65629
IPC: 0.657824
IPC: 0.657652
IPC: 0.656861
IPC: 0.656518
IPC: 0.657344
IPC: 0.661306
IPC: 0.655875
IPC: 0.648986
IPC: 0.654772
IPC: 0.654344
IPC: 0.656366
IPC: 0.655469
IPC: 0.656924
IPC: 0.656449
IPC: 0.655775
IPC: 0.655356
IPC: 0.65622
IPC: 0.657989
IPC: 0.650943
IPC: 0.65509
IPC: 0.650376
IPC: 0.654273
IPC: 0.650827
IPC: 0.65483
IPC: 0.652992
IPC: 0.656284
IPC: 0.655547
IPC: 0.65493
IPC: 0.653815
IPC: 0.655024
IPC: 0.656195
IPC: 0.654715
IPC: 0.657811
IPC: 0.656252
IPC: 0.657013
IPC: 0.6579
IPC: 0.65927
IPC: 0.656917
IPC: 0.655225
IPC: 0.65289
IPC: 0.655728
IPC: 0.657281
IPC: 0.64788
IPC: 0.649975
IPC: 0.654796
IPC: 0.653616
IPC: 0.656414
IPC: 0.654047
IPC: 0.657023
IPC: 0.656561
IPC: 0.655677
IPC: 0.654791
IPC: 0.649182
IPC: 0.653394
IPC: 0.654686
IPC: 0.655491
IPC: 0.656024
IPC: 0.648029
IPC: 0.647007
IPC: 0.650745
IPC: 0.651695
IPC: 0.653405
IPC: 0.650377
IPC: 0.655933
IPC: 0.655259
IPC: 0.657494
IPC: 0.654784
IPC: 0.654024
IPC: 0.656304
IPC: 0.65189
IPC: 0.654539
IPC: 0.656772
IPC: 0.65651
IPC: 0.659647
IPC: 0.657732
IPC: 0.6563
IPC: 0.65908
IPC: 0.657834
IPC: 0.657412
IPC: 0.655033
IPC: 0.654609
IPC: 0.656702
IPC: 0.654
IPC: 0.653175
IPC: 0.649901
IPC: 0.645789
IPC: 0.652148
IPC: 0.653597
IPC: 0.65305
IPC: 0.653063
IPC: 0.655885
IPC: 0.65383
IPC: 0.651838
IPC: 0.645917
IPC: 0.655844
IPC: 0.653412
IPC: 0.649098
IPC: 0.653508
IPC: 0.65565
IPC: 0.655363
IPC: 0.657387
IPC: 0.658724
IPC: 0.657645
IPC: 0.660245
IPC: 0.656546
IPC: 0.655479
IPC: 0.654798
IPC: 0.652291
IPC: 0.650148
IPC: 0.65219
IPC: 0.653788
IPC: 0.652907
IPC: 0.65308
IPC: 0.654097
IPC: 0.654977
IPC: 0.658613
IPC: 0.649898
IPC: 0.651758
IPC: 0.653226
IPC: 0.655521
IPC: 0.64984
IPC: 0.650045
IPC: 0.649928
IPC: 0.645346
IPC: 0.651829
IPC: 0.649847
IPC: 0.647426
IPC: 0.654039
IPC: 0.648194
IPC: 0.653634
IPC: 0.644724
IPC: 0.65666
IPC: 0.65389
IPC: 0.655109
IPC: 0.646413
IPC: 0.646941
IPC: 0.656494
IPC: 0.650825
IPC: 0.656457
IPC: 0.656843
IPC: 0.659899
IPC: 0.657493
IPC: 0.650298
IPC: 0.650627
IPC: 0.653915
IPC: 0.657276
IPC: 0.65293
IPC: 0.651826
IPC: 0.656969
IPC: 0.652783
IPC: 0.65214
IPC: 0.654634
IPC: 0.656359
IPC: 0.65363
IPC: 0.655968
IPC: 0.651153
IPC: 0.655892
IPC: 0.651084
IPC: 0.648202
IPC: 0.653851
IPC: 0.651161
IPC: 0.657075
IPC: 0.654244
IPC: 0.649821
IPC: 0.649271
IPC: 0.646097
IPC: 0.651584
IPC: 0.650482
IPC: 0.65275
IPC: 0.645731
IPC: 0.644725
IPC: 0.650357
IPC: 0.658147
IPC: 0.649531
IPC: 0.650369
IPC: 0.649505
IPC: 0.653095
IPC: 0.64704
IPC: 0.646731
IPC: 0.650894
IPC: 0.655654
IPC: 0.655547
IPC: 0.645402
IPC: 0.646773
IPC: 0.647186
IPC: 0.653857
IPC: 0.650554
IPC: 0.65334
IPC: 0.652094
IPC: 0.651601
IPC: 0.657997
IPC: 0.649725
IPC: 0.648643
IPC: 0.655084
IPC: 0.652622
IPC: 0.655376
IPC: 0.651534
IPC: 0.647479
IPC: 0.645448
IPC: 0.64759
IPC: 0.650692
IPC: 0.648587
IPC: 0.651402
IPC: 0.648342
IPC: 0.651516
IPC: 0.649761
IPC: 0.64899
IPC: 0.649897
IPC: 0.65136
IPC: 0.651006
IPC: 0.648077
IPC: 0.649208
IPC: 0.65211
IPC: 0.652407
IPC: 0.650307
IPC: 0.647653
IPC: 0.649743
IPC: 0.651254
IPC: 0.647266
IPC: 0.642255
IPC: 0.645432
IPC: 0.651864
IPC: 0.651741
IPC: 0.645545
IPC: 0.64972
IPC: 0.649832
IPC: 0.645265
IPC: 0.654732
IPC: 0.656475
IPC: 0.656588
IPC: 0.646218
IPC: 0.655414
IPC: 0.65532
IPC: 0.652568
IPC: 0.655364
IPC: 0.656336
IPC: 0.654691
IPC: 0.656688
IPC: 0.652229
IPC: 0.658372
IPC: 0.654195
IPC: 0.650399
IPC: 0.651702
IPC: 0.649597
IPC: 0.647862
IPC: 0.649435
IPC: 0.651194
IPC: 0.652
IPC: 0.650609
IPC: 0.647215
IPC: 0.655661
IPC: 0.648862
IPC: 0.649057
IPC: 0.654064
IPC: 0.653432
IPC: 0.652331
IPC: 0.651027
IPC: 0.656499
IPC: 0.651152
IPC: 0.651448
IPC: 0.654176
IPC: 0.656866
IPC: 0.657149
IPC: 0.65716
IPC: 0.653236
IPC: 0.655078
IPC: 0.655768
IPC: 0.650771
IPC: 0.653992
IPC: 0.658348
IPC: 0.650466
IPC: 0.654413
IPC: 0.647928
IPC: 0.643832
IPC: 0.649075
IPC: 0.651021
IPC: 0.646366
IPC: 0.649334
IPC: 0.650763
IPC: 0.653011
IPC: 0.653107
IPC: 0.647195
IPC: 0.650967
IPC: 0.648922
IPC: 0.652357
IPC: 0.645458
IPC: 0.656717
IPC: 0.645258
IPC: 0.650924
IPC: 0.652698
IPC: 0.65011
IPC: 0.653079
IPC: 0.654581
IPC: 0.647171
IPC: 0.649275
IPC: 0.655916
IPC: 0.656489
IPC: 0.654594
IPC: 0.649932
IPC: 0.651034
IPC: 0.654328
IPC: 0.654783
IPC: 0.651384
IPC: 0.655938
IPC: 0.65584
IPC: 0.586618
IPC: 0.386405
IPC: 0.428971
IPC: 0.431176
IPC: 0.432943
IPC: 0.512228
IPC: 0.619785
IPC: 0.617978
IPC: 0.621315
IPC: 0.618322
IPC: 0.618815
IPC: 0.615562
IPC: 0.607577
IPC: 0.600589
IPC: 0.605772
IPC: 0.60595
IPC: 0.591552
IPC: 0.611549
IPC: 0.584244
IPC: 0.6058
IPC: 0.592699
IPC: 0.572099
IPC: 0.596713
IPC: 0.59879
IPC: 0.574356
IPC: 0.56712
IPC: 0.574538
IPC: 0.568837
IPC: 0.572717
IPC: 0.568104
IPC: 0.592586
IPC: 0.56803
IPC: 0.595106
IPC: 0.566938
IPC: 0.564698
IPC: 0.580147
IPC: 0.306586
IPC: 0.433569
IPC: 0.432057
IPC: 0.436848
IPC: 0.3267
IPC: 0.335106
IPC: 0.433233
IPC: 0.433003
IPC: 0.437863
IPC: 0.28172
IPC: 0.399621
IPC: 0.432299
IPC: 0.434151
IPC: 0.430671
IPC: 0.268965
IPC: 0.433984
IPC: 0.432403
IPC: 0.435904
IPC: 0.352709
IPC: 0.311889
IPC: 0.433805
IPC: 0.432078
IPC: 0.436769
IPC: 0.32113
IPC: 0.341163
IPC: 0.432748
IPC: 0.4334
IPC: 0.438079
IPC: 0.277598
IPC: 0.407554
IPC: 0.432379
IPC: 0.434792
IPC: 0.412204
IPC: 0.276727
IPC: 0.433936
IPC: 0.43185
IPC: 0.43635
IPC: 0.346466
IPC: 0.316883
IPC: 0.433295
IPC: 0.432738
IPC: 0.436878
IPC: 0.311639
IPC: 0.352437
IPC: 0.432551
IPC: 0.433512
IPC: 0.438533
IPC: 0.273531
IPC: 0.415927
IPC: 0.432477
IPC: 0.435033
IPC: 0.396016
IPC: 0.284482
IPC: 0.433799
IPC: 0.432507
IPC: 0.43627
IPC: 0.340324
IPC: 0.322281
IPC: 0.432854
IPC: 0.432905
IPC: 0.436816
IPC: 0.302767
IPC: 0.364599
IPC: 0.432014
IPC: 0.43407
IPC: 0.438801
IPC: 0.26955
IPC: 0.425061
IPC: 0.432269
IPC: 0.435236
IPC: 0.37589
IPC: 0.295886
IPC: 0.433535
IPC: 0.43306
IPC: 0.435883
IPC: 0.33456
IPC: 0.32757
IPC: 0.432578
IPC: 0.433281
IPC: 0.436926
IPC: 0.287939
IPC: 0.388505
IPC: 0.432058
IPC: 0.434191
IPC: 0.439656
IPC: 0.265887
IPC: 0.433449
IPC: 0.432551
IPC: 0.435119
IPC: 0.365894
IPC: 0.302454
IPC: 0.433656
IPC: 0.432409
IPC: 0.436432
IPC: 0.328925
IPC: 0.333002
IPC: 0.432876
IPC: 0.433136
IPC: 0.437629
IPC: 0.28344
IPC: 0.396429
IPC: 0.432208
IPC: 0.434123
IPC: 0.438596
IPC: 0.266016
IPC: 0.433981
IPC: 0.432226
IPC: 0.435745
IPC: 0.355408
IPC: 0.309996
IPC: 0.433655
IPC: 0.432105
IPC: 0.436949
IPC: 0.32332
IPC: 0.338548
IPC: 0.433092
IPC: 0.433269
IPC: 0.437968
IPC: 0.279198
IPC: 0.404443
IPC: 0.432218
IPC: 0.434691
IPC: 0.418634
IPC: 0.273865
IPC: 0.433996
IPC: 0.431785
IPC: 0.436254
IPC: 0.349
IPC: 0.314957
IPC: 0.433485
IPC: 0.432224
IPC: 0.43698
IPC: 0.315329
IPC: 0.347829
IPC: 0.432685
IPC: 0.433553
IPC: 0.438112
IPC: 0.275199
IPC: 0.412571
IPC: 0.432226
IPC: 0.435195
IPC: 0.402733
IPC: 0.281102
IPC: 0.43389
IPC: 0.432112
IPC: 0.436516
IPC: 0.342673
IPC: 0.320141
IPC: 0.43304
IPC: 0.432805
IPC: 0.436756
IPC: 0.306261
IPC: 0.359663
IPC: 0.432192
IPC: 0.434005
IPC: 0.438493
IPC: 0.271154
IPC: 0.421359
IPC: 0.432255
IPC: 0.435295
IPC: 0.379207
IPC: 0.293805
IPC: 0.433668
IPC: 0.432894
IPC: 0.436117
IPC: 0.336781
IPC: 0.325459
IPC: 0.43266
IPC: 0.433243
IPC: 0.436771
IPC: 0.289447
IPC: 0.385807
IPC: 0.432247
IPC: 0.434029
IPC: 0.439265
IPC: 0.267137
IPC: 0.430584
IPC: 0.432403
IPC: 0.43533
IPC: 0.370403
IPC: 0.299324
IPC: 0.433685
IPC: 0.43278
IPC: 0.436099
IPC: 0.331151
IPC: 0.330917
IPC: 0.432601
IPC: 0.433209
IPC: 0.43731
IPC: 0.285218
IPC: 0.393232
IPC: 0.432072
IPC: 0.434204
IPC: 0.440194
IPC: 0.265457
IPC: 0.434122
IPC: 0.432275
IPC: 0.435505
IPC: 0.358528
IPC: 0.30769
IPC: 0.433525
IPC: 0.432088
IPC: 0.436907
IPC: 0.325535
IPC: 0.336181
IPC: 0.433378
IPC: 0.432998
IPC: 0.437956
IPC: 0.280851
IPC: 0.401439
IPC: 0.432007
IPC: 0.434393
IPC: 0.426573
IPC: 0.270574
IPC: 0.434024
IPC: 0.432335
IPC: 0.43579
IPC: 0.351481
IPC: 0.31295
IPC: 0.433696
IPC: 0.432127
IPC: 0.436821
IPC: 0.319117
IPC: 0.343451
IPC: 0.432737
IPC: 0.433501
IPC: 0.437906
IPC: 0.276796
IPC: 0.409235
IPC: 0.432331
IPC: 0.434985
IPC: 0.408934
IPC: 0.278181
IPC: 0.433948
IPC: 0.431841
IPC: 0.436519
IPC: 0.34514
IPC: 0.317989
IPC: 0.433163
IPC: 0.432716
IPC: 0.436992
IPC: 0.30975
IPC: 0.354858
IPC: 0.432385
IPC: 0.433823
IPC: 0.438541
IPC: 0.272679
IPC: 0.417671
IPC: 0.43256
IPC: 0.43512
IPC: 0.392327
IPC: 0.286406
IPC: 0.43374
IPC: 0.432598
IPC: 0.436184
IPC: 0.339127
IPC: 0.323343
IPC: 0.432889
IPC: 0.432946
IPC: 0.436753
IPC: 0.299391
IPC: 0.369591
IPC: 0.432216
IPC: 0.433892
IPC: 0.438988
IPC: 0.268732
IPC: 0.427013
IPC: 0.432215
IPC: 0.435295
IPC: 0.374103
IPC: 0.29698
IPC: 0.433517
IPC: 0.433046
IPC: 0.435967
IPC: 0.333376
IPC: 0.328674
IPC: 0.432709
IPC: 0.43324
IPC: 0.437004
IPC: 0.287003
IPC: 0.390159
IPC: 0.431884
IPC: 0.434285
IPC: 0.439856
IPC: 0.26567
IPC: 0.433868
IPC: 0.432462
IPC: 0.435295
IPC: 0.363313
IPC: 0.304246
IPC: 0.433577
IPC: 0.432116
IPC: 0.436746
IPC: 0.327772
IPC: 0.334105
IPC: 0.433074
IPC: 0.432968
IPC: 0.437802
IPC: 0.282547
IPC: 0.398034
IPC: 0.432314
IPC: 0.43406
IPC: 0.434477
IPC: 0.26757
IPC: 0.433967
IPC: 0.432274
IPC: 0.435886
IPC: 0.353973
IPC: 0.310941
IPC: 0.433809
IPC: 0.432098
IPC: 0.436926
IPC: 0.322229
IPC: 0.339795
IPC: 0.432947
IPC: 0.433345
IPC: 0.43795
IPC: 0.278379
IPC: 0.406067
IPC: 0.432223
IPC: 0.434752
IPC: 0.415134
IPC: 0.275443
IPC: 0.43398
IPC: 0.431775
IPC: 0.436258
IPC: 0.347695
IPC: 0.315951
IPC: 0.433501
IPC: 0.432314
IPC: 0.437001
IPC: 0.313402
IPC: 0.350176
IPC: 0.432675
IPC: 0.433469
IPC: 0.43835
IPC: 0.274344
IPC: 0.414354
IPC: 0.432285
IPC: 0.435082
IPC: 0.399287
IPC: 0.282809
IPC: 0.433893
IPC: 0.432298
IPC: 0.436482
IPC: 0.341409
IPC: 0.321273
IPC: 0.432992
IPC: 0.432787
IPC: 0.436758
IPC: 0.304443
IPC: 0.362185
IPC: 0.432145
IPC: 0.434119
IPC: 0.43855
IPC: 0.270326
IPC: 0.423244
IPC: 0.432297
IPC: 0.435268
IPC: 0.37743
IPC: 0.294899
IPC: 0.433636
IPC: 0.432946
IPC: 0.435954
IPC: 0.335651
IPC: 0.326555
IPC: 0.432688
IPC: 0.433158
IPC: 0.436903
IPC: 0.288758
IPC: 0.387015
IPC: 0.432108
IPC: 0.434175
IPC: 0.439447
IPC: 0.266312
IPC: 0.432554
IPC: 0.432413
IPC: 0.435353
IPC: 0.36815
IPC: 0.300824
IPC: 0.433705
IPC: 0.432493
IPC: 0.436361
IPC: 0.329981
IPC: 0.331956
IPC: 0.432889
IPC: 0.43307
IPC: 0.437525
IPC: 0.284284
IPC: 0.394904
IPC: 0.432079
IPC: 0.434207
IPC: 0.440385
IPC: 0.265391
IPC: 0.434013
IPC: 0.432221
IPC: 0.435659
IPC: 0.356637
IPC: 0.309063
IPC: 0.433691
IPC: 0.432015
IPC: 0.436935
IPC: 0.324381
IPC: 0.337365
IPC: 0.433319
IPC: 0.433168
IPC: 0.437889
IPC: 0.280001
IPC: 0.403041
IPC: 0.432052
IPC: 0.434602
IPC: 0.422487
IPC: 0.27225
IPC: 0.433958
IPC: 0.43203
IPC: 0.436163
IPC: 0.35011
IPC: 0.31402
IPC: 0.433503
IPC: 0.432193
IPC: 0.436857
IPC: 0.317164
IPC: 0.345749
IPC: 0.432683
IPC: 0.433545
IPC: 0.437922
IPC: 0.275983
IPC: 0.410992
IPC: 0.432212
IPC: 0.435212
IPC: 0.405805
IPC: 0.279592
IPC: 0.433943
IPC: 0.431955
IPC: 0.436573
IPC: 0.343833
IPC: 0.319089
IPC: 0.433145
IPC: 0.432707
IPC: 0.436886
IPC: 0.307938
IPC: 0.357381
IPC: 0.432308
IPC: 0.433917
IPC: 0.438394
IPC: 0.271894
IPC: 0.419584
IPC: 0.432341
IPC: 0.435281
IPC: 0.388848
IPC: 0.288278
IPC: 0.433701
IPC: 0.432797
IPC: 0.436048
IPC: 0.337928
IPC: 0.324394
IPC: 0.432843
IPC: 0.433196
IPC: 0.436665
IPC: 0.290651
IPC: 0.383767
IPC: 0.4323
IPC: 0.433915
IPC: 0.439112
IPC: 0.267903
IPC: 0.428883
IPC: 0.432388
IPC: 0.435219
IPC: 0.372253
IPC: 0.298148
IPC: 0.433552
IPC: 0.432887
IPC: 0.436031
IPC: 0.332246
IPC: 0.329792
IPC: 0.432771
IPC: 0.433139
IPC: 0.437182
IPC: 0.286087
IPC: 0.391704
IPC: 0.432033
IPC: 0.434242
IPC: 0.439997
IPC: 0.265518
IPC: 0.434176
IPC: 0.432369
IPC: 0.435483
IPC: 0.360729
IPC: 0.306026
IPC: 0.433551
IPC: 0.43208
IPC: 0.436846
IPC: 0.326605
IPC: 0.335187
IPC: 0.433231
IPC: 0.432987
IPC: 0.437907
IPC: 0.281648
IPC: 0.399761
IPC: 0.432294
IPC: 0.434135
IPC: 0.430398
IPC: 0.269078
IPC: 0.433968
IPC: 0.432396
IPC: 0.435903
IPC: 0.352622
IPC: 0.311971
IPC: 0.433793
IPC: 0.432097
IPC: 0.43675
IPC: 0.320986
IPC: 0.34134
IPC: 0.432738
IPC: 0.433402
IPC: 0.438086
IPC: 0.277533
IPC: 0.407695
IPC: 0.432349
IPC: 0.434811
IPC: 0.411974
IPC: 0.276827
IPC: 0.43396
IPC: 0.431845
IPC: 0.436354
IPC: 0.346361
IPC: 0.31697
IPC: 0.433285
IPC: 0.432742
IPC: 0.436885
IPC: 0.311495
IPC: 0.352614
IPC: 0.43256
IPC: 0.43351
IPC: 0.438547
IPC: 0.273466
IPC: 0.416064
IPC: 0.432486
IPC: 0.435031
IPC: 0.395747
IPC: 0.284622
IPC: 0.433798
IPC: 0.432501
IPC: 0.436278
IPC: 0.340221
IPC: 0.322359
IPC: 0.432867
IPC: 0.432903
IPC: 0.436822
IPC: 0.30263
IPC: 0.364795
IPC: 0.432024
IPC: 0.434019
IPC: 0.438846
IPC: 0.269492
IPC: 0.425179
IPC: 0.432297
IPC: 0.435234
IPC: 0.375763
IPC: 0.295964
IPC: 0.433512
IPC: 0.433095
IPC: 0.43587
IPC: 0.334471
IPC: 0.327644
IPC: 0.43257
IPC: 0.433304
IPC: 0.43693
IPC: 0.287874
IPC: 0.388633
IPC: 0.432047
IPC: 0.434198
IPC: 0.439667
IPC: 0.265865
IPC: 0.43349
IPC: 0.432566
IPC: 0.435122
IPC: 0.365693
IPC: 0.302585
IPC: 0.43366
IPC: 0.432376
IPC: 0.436466
IPC: 0.328833
IPC: 0.333088
IPC: 0.432893
IPC: 0.433118
IPC: 0.437612
IPC: 0.283386
IPC: 0.396559
IPC: 0.432218
IPC: 0.434095
IPC: 0.438244
IPC: 0.266153
IPC: 0.433964
IPC: 0.432243
IPC: 0.435754
IPC: 0.355299
IPC: 0.310071
IPC: 0.433609
IPC: 0.432146
IPC: 0.436954
IPC: 0.323238
IPC: 0.338637
IPC: 0.433086
IPC: 0.433271
IPC: 0.43798
IPC: 0.279134
IPC: 0.404565
IPC: 0.432237
IPC: 0.434695
IPC: 0.41839
IPC: 0.273966
IPC: 0.433976
IPC: 0.431806
IPC: 0.436251
IPC: 0.348897
IPC: 0.315032
IPC: 0.433482
IPC: 0.432241
IPC: 0.436983
IPC: 0.315178
IPC: 0.347961
IPC: 0.432756
IPC: 0.433551
IPC: 0.438126
IPC: 0.275134
IPC: 0.412704
IPC: 0.432242
IPC: 0.435152
IPC: 0.402505
IPC: 0.281228
IPC: 0.433897
IPC: 0.432124
IPC: 0.436501
IPC: 0.342581
IPC: 0.320218
IPC: 0.433057
IPC: 0.432811
IPC: 0.436725
IPC: 0.306132
IPC: 0.359844
IPC: 0.432165
IPC: 0.43403
IPC: 0.43851
IPC: 0.271094
IPC: 0.421504
IPC: 0.43226
IPC: 0.435296
IPC: 0.378984
IPC: 0.293933
IPC: 0.433687
IPC: 0.43288
IPC: 0.436136
IPC: 0.336681
IPC: 0.325546
IPC: 0.432668
IPC: 0.433212
IPC: 0.436773
IPC: 0.28942
IPC: 0.385872
IPC: 0.432257
IPC: 0.434041
IPC: 0.439266
IPC: 0.267076
IPC: 0.430744
IPC: 0.432351
IPC: 0.435382
IPC: 0.370243
IPC: 0.299423
IPC: 0.433657
IPC: 0.432781
IPC: 0.436123
IPC: 0.331065
IPC: 0.331006
IPC: 0.432607
IPC: 0.43318
IPC: 0.437338
IPC: 0.285148
IPC: 0.393364
IPC: 0.432052
IPC: 0.434198
IPC: 0.440226
IPC: 0.265457
IPC: 0.434108
IPC: 0.432265
IPC: 0.435515
IPC: 0.358344
IPC: 0.307819
IPC: 0.433543
IPC: 0.432093
IPC: 0.436905
IPC: 0.325449
IPC: 0.336274
IPC: 0.433347
IPC: 0.433023
IPC: 0.43797
IPC: 0.280779
IPC: 0.401563
IPC: 0.431967
IPC: 0.434448
IPC: 0.42626
IPC: 0.270697
IPC: 0.434025
IPC: 0.432319
IPC: 0.435786
IPC: 0.351388
IPC: 0.313028
IPC: 0.433698
IPC: 0.432118
IPC: 0.436825
IPC: 0.318967
IPC: 0.343633
IPC: 0.43274
IPC: 0.433493
IPC: 0.437903
IPC: 0.276735
IPC: 0.409358
IPC: 0.432306
IPC: 0.435019
IPC: 0.408663
IPC: 0.278285
IPC: 0.434018
IPC: 0.43183
IPC: 0.436502
IPC: 0.345053
IPC: 0.318074
IPC: 0.433158
IPC: 0.432716
IPC: 0.436958
IPC: 0.309625
IPC: 0.355035
IPC: 0.432397
IPC: 0.433817
IPC: 0.438554
IPC: 0.272614
IPC: 0.417824
IPC: 0.432513
IPC: 0.43517
IPC: 0.392082
IPC: 0.286534
IPC: 0.433732
IPC: 0.432606
IPC: 0.436185
IPC: 0.339029
IPC: 0.323417
IPC: 0.432914
IPC: 0.432948
IPC: 0.43674
IPC: 0.298721
IPC: 0.370625
IPC: 0.432192
IPC: 0.433919
IPC: 0.438983
IPC: 0.268672
IPC: 0.427148
IPC: 0.432227
IPC: 0.435309
IPC: 0.373962
IPC: 0.297068
IPC: 0.433505
IPC: 0.433025
IPC: 0.435956
IPC: 0.333307
IPC: 0.32875
IPC: 0.432732
IPC: 0.433192
IPC: 0.437054
IPC: 0.286933
IPC: 0.390292
IPC: 0.431854
IPC: 0.434307
IPC: 0.439862
IPC: 0.265656
IPC: 0.433891
IPC: 0.432466
IPC: 0.435278
IPC: 0.363127
IPC: 0.304381
IPC: 0.433561
IPC: 0.432094
IPC: 0.436778
IPC: 0.327684
IPC: 0.334175
IPC: 0.433117
IPC: 0.43297
IPC: 0.437807
IPC: 0.282481
IPC: 0.398173
IPC: 0.432307
IPC: 0.434065
IPC: 0.434224
IPC: 0.267649
IPC: 0.433981
IPC: 0.432304
IPC: 0.435887
IPC: 0.353867
IPC: 0.31102
IPC: 0.433826
IPC: 0.432095
IPC: 0.436895
IPC: 0.322158
IPC: 0.33989
IPC: 0.432937
IPC: 0.433322
IPC: 0.437946
IPC: 0.278327
IPC: 0.406193
IPC: 0.432232
IPC: 0.434744
IPC: 0.41492
IPC: 0.275547
IPC: 0.433944
IPC: 0.4318
IPC: 0.436252
IPC: 0.347599
IPC: 0.316032
IPC: 0.4335
IPC: 0.432331
IPC: 0.436998
IPC: 0.313254
IPC: 0.350359
IPC: 0.43266
IPC: 0.433492
IPC: 0.438348
IPC: 0.274278
IPC: 0.41446
IPC: 0.432333
IPC: 0.435079
IPC: 0.399018
IPC: 0.282938
IPC: 0.433902
IPC: 0.432304
IPC: 0.43643
IPC: 0.341337
IPC: 0.321349
IPC: 0.432995
IPC: 0.432764
IPC: 0.436792
IPC: 0.304302
IPC: 0.362386
IPC: 0.43214
IPC: 0.434117
IPC: 0.438546
IPC: 0.270266
IPC: 0.423388
IPC: 0.432304
IPC: 0.435218
IPC: 0.377327
IPC: 0.294984
IPC: 0.433611
IPC: 0.432969
IPC: 0.43597
IPC: 0.335555
IPC: 0.326629
IPC: 0.43268
IPC: 0.433186
IPC: 0.436904
IPC: 0.28869
IPC: 0.387111
IPC: 0.432131
IPC: 0.434171
IPC: 0.439463
IPC: 0.266252
IPC: 0.432719
IPC: 0.432406
IPC: 0.435321
IPC: 0.367979
IPC: 0.300958
IPC: 0.433711
IPC: 0.432483
IPC: 0.436345
IPC: 0.3299
IPC: 0.332037
IPC: 0.432895
IPC: 0.43307
IPC: 0.437546
IPC: 0.284214
IPC: 0.395023
IPC: 0.432101
IPC: 0.434197
IPC: 0.440395
IPC: 0.265387
IPC: 0.433993
IPC: 0.432213
IPC: 0.435697
IPC: 0.356531
IPC: 0.309141
IPC: 0.433658
IPC: 0.432043
IPC: 0.43694
IPC: 0.324294
IPC: 0.337456
IPC: 0.433316
IPC: 0.43317
IPC: 0.437878
IPC: 0.279936
IPC: 0.403143
IPC: 0.432057
IPC: 0.434638
IPC: 0.422166
IPC: 0.272376
IPC: 0.43397
IPC: 0.43201
IPC: 0.436182
IPC: 0.350006
IPC: 0.314105
IPC: 0.433491
IPC: 0.432193
IPC: 0.436865
IPC: 0.317019
IPC: 0.34591
IPC: 0.432668
IPC: 0.433593
IPC: 0.437906
IPC: 0.275921
IPC: 0.411124
IPC: 0.432229
IPC: 0.435164
IPC: 0.405626
IPC: 0.279694
IPC: 0.433932
IPC: 0.431967
IPC: 0.436565
IPC: 0.34374
IPC: 0.319175
IPC: 0.433102
IPC: 0.432756
IPC: 0.43687
IPC: 0.307797
IPC: 0.357574
IPC: 0.43228
IPC: 0.433926
IPC: 0.43839
IPC: 0.271839
IPC: 0.419722
IPC: 0.432345
IPC: 0.435283
IPC: 0.388517
IPC: 0.288463
IPC: 0.433695
IPC: 0.432802
IPC: 0.436048
IPC: 0.337832
IPC: 0.324488
IPC: 0.432797
IPC: 0.433212
IPC: 0.436684
IPC: 0.287934
IPC: 0.237452
IPC: 0.652483
IPC: 0.657274
IPC: 0.655161
IPC: 0.658449
IPC: 0.657393
IPC: 0.65714
IPC: 0.65652
IPC: 0.657092
IPC: 0.657862
IPC: 0.658033
IPC: 0.659308
IPC: 0.658302
IPC: 0.655062
IPC: 0.655058
IPC: 0.657055
IPC: 0.656516
IPC: 0.655912
IPC: 0.656822
IPC: 0.658249
IPC: 0.655199
IPC: 0.655635
IPC: 0.657821
IPC: 0.65834
IPC: 0.654896
IPC: 0.659028
IPC: 0.656213
IPC: 0.656011
IPC: 0.657511
IPC: 0.657618
IPC: 0.656976
IPC: 0.657516
IPC: 0.656198
IPC: 0.654414
IPC: 0.657138
IPC: 0.658385
IPC: 0.658998
IPC: 0.656438
IPC: 0.655912
IPC: 0.657285
IPC: 0.656626
IPC: 0.659024
IPC: 0.658353
IPC: 0.658686
IPC: 0.658364
IPC: 0.655874
IPC: 0.657953
IPC: 0.658405
IPC: 0.657578
IPC: 0.658607
IPC: 0.656331
IPC: 0.659161
IPC: 0.656171
IPC: 0.655914
IPC: 0.65727
IPC: 0.655733
IPC: 0.656574
IPC: 0.656348
IPC: 0.657251
IPC: 0.657864
IPC: 0.660118
IPC: 0.657871
IPC: 0.65776
IPC: 0.654986
IPC: 0.657905
IPC: 0.658547
IPC: 0.656391
IPC: 0.656409
IPC: 0.657202
IPC: 0.657203
IPC: 0.65702
IPC: 0.655095
IPC: 0.657336
IPC: 0.656544
IPC: 0.656117
IPC: 0.655391
IPC: 0.656954
IPC: 0.657719
IPC: 0.657797
IPC: 0.657207
IPC: 0.657886
IPC: 0.655808
IPC: 0.659266
IPC: 0.658657
IPC: 0.647223
IPC: 0.654224
IPC: 0.654466
IPC: 0.655721
IPC: 0.655121
IPC: 0.655766
IPC: 0.656933
IPC: 0.655956
IPC: 0.655345
IPC: 0.654849
IPC: 0.65883
IPC: 0.651149
IPC: 0.654985
IPC: 0.649449
IPC: 0.653265
IPC: 0.651273
IPC: 0.654658
IPC: 0.652737
IPC: 0.655065
IPC: 0.65644
IPC: 0.653238
IPC: 0.654479
IPC: 0.654458
IPC: 0.656291
IPC: 0.65609
IPC: 0.656801
IPC: 0.657092
IPC: 0.655796
IPC: 0.657844
IPC: 0.657433
IPC: 0.659303
IPC: 0.655612
IPC: 0.653354
IPC: 0.654696
IPC: 0.656344
IPC: 0.651004
IPC: 0.651953
IPC: 0.651265
IPC: 0.653272
IPC: 0.656738
IPC: 0.65435
IPC: 0.656081
IPC: 0.657414
IPC: 0.654914
IPC: 0.656449
IPC: 0.649789
IPC: 0.651154
IPC: 0.655662
IPC: 0.655999
IPC: 0.65581
IPC: 0.650439
IPC: 0.647177
IPC: 0.64786
IPC: 0.651501
IPC: 0.654614
IPC: 0.651217
IPC: 0.653879
IPC: 0.655503
IPC: 0.65853
IPC: 0.653822
IPC: 0.656568
IPC: 0.655262
IPC: 0.652224
IPC: 0.653693
IPC: 0.656682
IPC: 0.655809
IPC: 0.658819
IPC: 0.659242
IPC: 0.654718
IPC: 0.658763
IPC: 0.658268
IPC: 0.659927
IPC: 0.653555
IPC: 0.654054
IPC: 0.657397
IPC: 0.655472
IPC: 0.653539
IPC: 0.650468
IPC: 0.644428
IPC: 0.652455
IPC: 0.652656
IPC: 0.651587
IPC: 0.6554
IPC: 0.651632
IPC: 0.657947
IPC: 0.651369
IPC: 0.646145
IPC: 0.6531
IPC: 0.652029
IPC: 0.653085
IPC: 0.649317
IPC: 0.655933
IPC: 0.65616
IPC: 0.655299
IPC: 0.65913
IPC: 0.657596
IPC: 0.659225
IPC: 0.65807
IPC: 0.655793
IPC: 0.655742
IPC: 0.652866
IPC: 0.649982
IPC: 0.64966
IPC: 0.652633
IPC: 0.654872
IPC: 0.649564
IPC: 0.654714
IPC: 0.654038
IPC: 0.657871
IPC: 0.653661
IPC: 0.650974
IPC: 0.652485
IPC: 0.654757
IPC: 0.651666
IPC: 0.648408
IPC: 0.651222
IPC: 0.645798
IPC: 0.647063
IPC: 0.653047
IPC: 0.646292
IPC: 0.651371
IPC: 0.647338
IPC: 0.656205
IPC: 0.647174
IPC: 0.65017
IPC: 0.657003
IPC: 0.652123
IPC: 0.648572
IPC: 0.64818
IPC: 0.653534
IPC: 0.652581
IPC: 0.652759
IPC: 0.657994
IPC: 0.658185
IPC: 0.659427
IPC: 0.651454
IPC: 0.648389
IPC: 0.652646
IPC: 0.657816
IPC: 0.655037
IPC: 0.651702
IPC: 0.652331
IPC: 0.657269
IPC: 0.649131
IPC: 0.654837
IPC: 0.65512
IPC: 0.658844
IPC: 0.650529
IPC: 0.652893
IPC: 0.654432
IPC: 0.651324
IPC: 0.653192
IPC: 0.650095
IPC: 0.651152
IPC: 0.652235
IPC: 0.655316
IPC: 0.651945
IPC: 0.649029
IPC: 0.650743
IPC: 0.646303
IPC: 0.64865
IPC: 0.65357
IPC: 0.648616
IPC: 0.643645
IPC: 0.645372
IPC: 0.654856
IPC: 0.655066
IPC: 0.648396
IPC: 0.649204
IPC: 0.652292
IPC: 0.647532
IPC: 0.646996
IPC: 0.646426
IPC: 0.653631
IPC: 0.654885
IPC: 0.651759
IPC: 0.64309
IPC: 0.647694
IPC: 0.650667
IPC: 0.652098
IPC: 0.652125
IPC: 0.651437
IPC: 0.651887
IPC: 0.656179
IPC: 0.653989
IPC: 0.649033
IPC: 0.651038
IPC: 0.653278
IPC: 0.654597
IPC: 0.653241
IPC: 0.649514
IPC: 0.645173
IPC: 0.647629
IPC: 0.647524
IPC: 0.648155
IPC: 0.650292
IPC: 0.649019
IPC: 0.649999
IPC: 0.646808
IPC: 0.65343
IPC: 0.648295
IPC: 0.651933
IPC: 0.650006
IPC: 0.649041
IPC: 0.649548
IPC: 0.648617
IPC: 0.654084
IPC: 0.649631
IPC: 0.651321
IPC: 0.645694
IPC: 0.652045
IPC: 0.648243
IPC: 0.644661
IPC: 0.645753
IPC: 0.644911
IPC: 0.652879
IPC: 0.64603
IPC: 0.64917
IPC: 0.65009
IPC: 0.646526
IPC: 0.649716
IPC: 0.656673
IPC: 0.654032
IPC: 0.655988
IPC: 0.648521
IPC: 0.657444
IPC: 0.651664
IPC: 0.652273
IPC: 0.659433
IPC: 0.651713
IPC: 0.657471
IPC: 0.65426
IPC: 0.654753
IPC: 0.658255
IPC: 0.649964
IPC: 0.652261
IPC: 0.651152
IPC: 0.647559
IPC: 0.647522
IPC: 0.651705
IPC: 0.650745
IPC: 0.652443
IPC: 0.647125
IPC: 0.651533
IPC: 0.651436
IPC: 0.648156
IPC: 0.651207
IPC: 0.651949
IPC: 0.654065
IPC: 0.651278
IPC: 0.653449
IPC: 0.653969
IPC: 0.652143
IPC: 0.65185
IPC: 0.657088
IPC: 0.655208
IPC: 0.656659
IPC: 0.656897
IPC: 0.651652
IPC: 0.656665
IPC: 0.654237
IPC: 0.649658
IPC: 0.656343
IPC: 0.655509
IPC: 0.651783
IPC: 0.650537
IPC: 0.647121
IPC: 0.645899
IPC: 0.64981
IPC: 0.647284
IPC: 0.647034
IPC: 0.649657
IPC: 0.6533
IPC: 0.650279
IPC: 0.650718
IPC: 0.648625
IPC: 0.649482
IPC: 0.648744
IPC: 0.652051
IPC: 0.647087
IPC: 0.654062
IPC: 0.64463
IPC: 0.65102
IPC: 0.651842
IPC: 0.65174
IPC: 0.652705
IPC: 0.651288
IPC: 0.64544
IPC: 0.650636
IPC: 0.65732
IPC: 0.655677
IPC: 0.653116
IPC: 0.64798
IPC: 0.653579
IPC: 0.653358
IPC: 0.651363
IPC: 0.654384
IPC: 0.655695
IPC: 0.657311
IPC: 0.661858
IPC: 0.658429
IPC: 0.642245
IPC: 0.655564
IPC: 0.664964
IPC: 0.664912
IPC: 0.653258
IPC: 0.645623
IPC: 0.632646
IPC: 0.643698
IPC: 0.635271
IPC: 0.627913
IPC: 0.642157
IPC: 0.637871
IPC: 0.620369
IPC: 0.618033
IPC: 0.618796
IPC: 0.621008
IPC: 0.618993
IPC: 0.618063
IPC: 0.608257
IPC: 0.600132
IPC: 0.613956
IPC: 0.60429
IPC: 0.588452
IPC: 0.608613
IPC: 0.603137
IPC: 0.5844
IPC: 0.60384
IPC: 0.593626
IPC: 0.575233
IPC: 0.597047
IPC: 0.594675
IPC: 0.564011
IPC: 0.571826
IPC: 0.582812
IPC: 0.563468
IPC: 0.56518
IPC: 0.579363
IPC: 0.587499
IPC: 0.5709
IPC: 0.598763
IPC: 0.56163
IPC: 0.563265
IPC: 0.510224
Total Instructions: 895514
Total Cycles: 1646866

Two level cache hierarchy:
  L1-Data Cache:
    Size(KB):          32
    Block Size(B):     64
    Associativity:      8

  L2-Data Cache:
    Size(KB):        1024
    Block Size(B):    128
    Associativity:      8

Latencies:    1   10  150
L1-Sets: LRU assoc:   8
L2-Sets: LRU assoc:   8
Store_allocation: Yes
L2_inclusive: Yes

L1 Cache Stats:
L1-Load-Hits:        6217033941   96.55%
L1-Load-Misses:       221864089    3.45%
L1-Load-Accesses:    6438898030  100.00%

L1-Store-Hits:        2713531168   99.29%
L1-Store-Misses:        19359778    0.71%
L1-Store-Accesses:    2732890946  100.00%

L1-Total-Hits:        8930565109   97.37%
L1-Total-Misses:       241223867    2.63%
L1-Total-Accesses:    9171788976  100.00%

L2 Cache Stats:
L2-Load-Hits:         156892368   70.72%
L2-Load-Misses:        64971721   29.28%
L2-Load-Accesses:     221864089  100.00%

L2-Store-Hits:          13934118   71.97%
L2-Store-Misses:         5425660   28.03%
L2-Store-Accesses:      19359778  100.00%

L2-Total-Hits:         170826486   70.82%
L2-Total-Misses:        70397381   29.18%
L2-Total-Accesses:     241223867  100.00%

