IPC: 0.679315
IPC: 0.576342
IPC: 0.393157
IPC: 0.39672
IPC: 0.379385
IPC: 0.506757
IPC: 0.742329
IPC: 0.739545
IPC: 0.750168
IPC: 0.74491
IPC: 0.744589
IPC: 0.745385
IPC: 0.734521
IPC: 0.738226
IPC: 0.742691
IPC: 0.740532
IPC: 0.746763
IPC: 0.73803
IPC: 0.736438
IPC: 0.740003
IPC: 0.749316
IPC: 0.742886
IPC: 0.730776
IPC: 0.750552
IPC: 0.728829
IPC: 0.740151
IPC: 0.747702
IPC: 0.745733
IPC: 0.744864
IPC: 0.748826
IPC: 0.741247
IPC: 0.741177
IPC: 0.746133
IPC: 0.741946
IPC: 0.741957
IPC: 0.739566
IPC: 0.743819
IPC: 0.734331
IPC: 0.744067
IPC: 0.747026
IPC: 0.745275
IPC: 0.74504
IPC: 0.745185
IPC: 0.736617
IPC: 0.667765
IPC: 0.575904
IPC: 0.378464
IPC: 0.382649
IPC: 0.437227
IPC: 0.755832
IPC: 0.753145
IPC: 0.754441
IPC: 0.755661
IPC: 0.752596
IPC: 0.752278
IPC: 0.752037
IPC: 0.778818
IPC: 0.568564
IPC: 0.381123
IPC: 0.373059
IPC: 0.551104
IPC: 0.753336
IPC: 0.634848
IPC: 0.56915
IPC: 0.372263
IPC: 0.377081
IPC: 0.376363
IPC: 0.406025
IPC: 0.741594
IPC: 0.746009
IPC: 0.745396
IPC: 0.750789
IPC: 0.746473
IPC: 0.74577
IPC: 0.746618
IPC: 0.744678
IPC: 0.746454
IPC: 0.747543
IPC: 0.743726
IPC: 0.747974
IPC: 0.748381
IPC: 0.743687
IPC: 0.765365
IPC: 0.588057
IPC: 0.413836
IPC: 0.36791
IPC: 0.415862
IPC: 0.756129
IPC: 0.756115
IPC: 0.768343
IPC: 0.575894
IPC: 0.390311
IPC: 0.438466
IPC: 0.754979
IPC: 0.75612
IPC: 0.756148
IPC: 0.754543
IPC: 0.609205
IPC: 0.501104
IPC: 0.378897
IPC: 0.392258
IPC: 0.7548
IPC: 0.754215
IPC: 0.646232
IPC: 0.563645
IPC: 0.380815
IPC: 0.380847
IPC: 0.533933
IPC: 0.756076
IPC: 0.755992
IPC: 0.753624
IPC: 0.752173
IPC: 0.630904
IPC: 0.581524
IPC: 0.382444
IPC: 0.371089
IPC: 0.398614
IPC: 0.751679
IPC: 0.747313
IPC: 0.751486
IPC: 0.750687
IPC: 0.749694
IPC: 0.751246
IPC: 0.757999
IPC: 0.584492
IPC: 0.386486
IPC: 0.452889
IPC: 0.759629
IPC: 0.685113
IPC: 0.566414
IPC: 0.369744
IPC: 0.37
IPC: 0.36983
IPC: 0.603402
IPC: 0.754524
IPC: 0.766809
IPC: 0.579629
IPC: 0.404794
IPC: 0.372482
IPC: 0.538283
IPC: 0.752796
IPC: 0.64859
IPC: 0.568499
IPC: 0.420084
IPC: 0.768347
IPC: 0.575471
IPC: 0.383777
IPC: 0.733974
IPC: 0.614227
IPC: 0.537398
IPC: 0.549081
IPC: 0.759934
IPC: 0.609318
IPC: 0.526041
IPC: 0.378313
IPC: 0.397454
IPC: 0.742603
IPC: 0.744623
IPC: 0.738036
IPC: 0.745397
IPC: 0.743313
IPC: 0.748493
IPC: 0.743406
IPC: 0.746957
IPC: 0.745153
IPC: 0.744842
IPC: 0.745109
IPC: 0.745555
IPC: 0.743651
IPC: 0.749201
IPC: 0.614245
IPC: 0.511576
IPC: 0.3756
IPC: 0.531706
IPC: 0.753477
IPC: 0.64555
IPC: 0.589416
IPC: 0.376815
IPC: 0.372729
IPC: 0.371353
IPC: 0.377909
IPC: 0.562104
IPC: 0.74271
IPC: 0.744179
IPC: 0.744691
IPC: 0.745485
IPC: 0.747184
IPC: 0.748239
IPC: 0.746632
IPC: 0.742236
IPC: 0.746765
IPC: 0.745283
IPC: 0.744319
IPC: 0.738065
IPC: 0.746264
IPC: 0.74745
IPC: 0.74281
IPC: 0.750866
IPC: 0.743197
IPC: 0.743671
IPC: 0.744597
IPC: 0.74557
IPC: 0.747214
IPC: 0.743239
IPC: 0.745266
IPC: 0.74072
IPC: 0.745474
IPC: 0.747694
IPC: 0.736668
IPC: 0.745727
IPC: 0.74661
IPC: 0.750935
IPC: 0.744582
IPC: 0.703287
IPC: 0.575002
IPC: 0.3747
IPC: 0.375391
IPC: 0.37232
IPC: 0.43197
IPC: 0.75818
IPC: 0.752906
IPC: 0.758918
IPC: 0.754563
IPC: 0.758159
IPC: 0.757624
IPC: 0.593951
IPC: 0.509759
IPC: 0.389632
IPC: 0.373781
IPC: 0.371928
IPC: 0.568178
IPC: 0.740457
IPC: 0.746053
IPC: 0.734063
IPC: 0.745323
IPC: 0.746694
IPC: 0.746168
IPC: 0.739165
IPC: 0.748379
IPC: 0.741759
IPC: 0.741196
IPC: 0.750225
IPC: 0.737488
IPC: 0.744351
IPC: 0.736434
IPC: 0.734807
IPC: 0.741539
IPC: 0.743864
IPC: 0.747206
IPC: 0.745868
IPC: 0.739983
IPC: 0.740721
IPC: 0.745271
IPC: 0.740326
IPC: 0.744698
IPC: 0.743002
IPC: 0.741188
IPC: 0.742787
IPC: 0.739115
IPC: 0.738793
IPC: 0.745604
IPC: 0.738559
IPC: 0.738064
IPC: 0.653533
IPC: 0.572336
IPC: 0.390163
IPC: 0.606516
IPC: 0.75483
IPC: 0.753041
IPC: 0.75374
IPC: 0.75044
IPC: 0.613345
IPC: 0.485342
IPC: 0.482805
IPC: 0.777706
IPC: 0.584561
IPC: 0.39327
IPC: 0.602624
IPC: 0.756833
IPC: 0.766628
IPC: 0.588173
IPC: 0.417388
IPC: 0.391755
IPC: 0.467902
IPC: 0.753192
IPC: 0.753702
IPC: 0.755146
IPC: 0.594085
IPC: 0.50246
IPC: 0.373209
IPC: 0.370469
IPC: 0.371739
IPC: 0.372975
IPC: 0.62366
IPC: 0.751402
IPC: 0.75821
IPC: 0.754879
IPC: 0.755942
IPC: 0.758218
IPC: 0.75018
IPC: 0.612942
IPC: 0.514357
IPC: 0.374099
IPC: 0.444388
IPC: 0.756386
IPC: 0.636816
IPC: 0.568586
IPC: 0.376925
IPC: 0.76124
IPC: 0.595918
IPC: 0.477995
IPC: 0.755504
IPC: 0.638934
IPC: 0.555411
IPC: 0.374139
IPC: 0.371652
IPC: 0.377739
IPC: 0.589083
IPC: 0.758144
IPC: 0.754694
IPC: 0.754744
IPC: 0.756829
IPC: 0.749305
IPC: 0.630944
IPC: 0.547185
IPC: 0.374217
IPC: 0.51011
IPC: 0.75546
IPC: 0.657656
IPC: 0.579517
IPC: 0.370934
IPC: 0.391589
IPC: 0.750433
IPC: 0.753212
IPC: 0.710958
IPC: 0.578343
IPC: 0.377617
IPC: 0.3928
IPC: 0.376746
IPC: 0.722724
IPC: 0.73626
IPC: 0.736685
IPC: 0.744068
IPC: 0.74362
IPC: 0.745473
IPC: 0.741921
IPC: 0.747003
IPC: 0.741437
IPC: 0.746612
IPC: 0.737872
IPC: 0.739381
IPC: 0.742503
IPC: 0.742274
IPC: 0.736862
IPC: 0.741862
IPC: 0.740372
IPC: 0.742223
IPC: 0.743344
IPC: 0.744935
IPC: 0.74693
IPC: 0.745586
IPC: 0.73881
IPC: 0.738811
IPC: 0.733861
IPC: 0.741966
IPC: 0.744869
IPC: 0.740837
IPC: 0.741625
IPC: 0.741439
IPC: 0.744304
IPC: 0.733425
IPC: 0.734602
IPC: 0.740904
IPC: 0.742308
IPC: 0.747929
IPC: 0.741409
IPC: 0.727039
IPC: 0.732885
IPC: 0.745121
IPC: 0.741678
IPC: 0.745299
IPC: 0.759463
IPC: 0.56071
IPC: 0.410808
IPC: 0.368803
IPC: 0.373881
IPC: 0.370081
IPC: 0.373816
IPC: 0.684898
IPC: 0.74915
IPC: 0.74527
IPC: 0.747182
IPC: 0.747402
IPC: 0.747036
IPC: 0.748154
IPC: 0.745657
IPC: 0.746976
IPC: 0.734014
IPC: 0.580487
IPC: 0.378045
IPC: 0.386884
IPC: 0.36811
IPC: 0.384364
IPC: 0.671099
IPC: 0.733705
IPC: 0.735025
IPC: 0.739599
IPC: 0.73757
IPC: 0.738472
IPC: 0.733672
IPC: 0.742755
IPC: 0.736659
IPC: 0.738966
IPC: 0.73889
IPC: 0.740351
IPC: 0.739118
IPC: 0.734466
IPC: 0.737918
IPC: 0.742646
IPC: 0.741221
IPC: 0.736227
IPC: 0.735458
IPC: 0.746237
IPC: 0.740406
IPC: 0.740604
IPC: 0.74274
IPC: 0.741123
IPC: 0.742359
IPC: 0.74106
IPC: 0.738512
IPC: 0.752593
IPC: 0.583064
IPC: 0.456181
IPC: 0.384349
IPC: 0.37893
IPC: 0.373013
IPC: 0.748767
IPC: 0.748064
IPC: 0.749271
IPC: 0.743695
IPC: 0.753015
IPC: 0.751932
IPC: 0.751085
IPC: 0.748126
IPC: 0.750784
IPC: 0.758561
IPC: 0.59006
IPC: 0.407665
IPC: 0.38273
IPC: 0.756598
IPC: 0.604759
IPC: 0.518905
IPC: 0.370332
IPC: 0.386358
IPC: 0.761069
IPC: 0.668592
IPC: 0.575971
IPC: 0.383754
IPC: 0.371704
IPC: 0.550825
IPC: 0.757342
IPC: 0.758494
IPC: 0.755532
IPC: 0.591283
IPC: 0.488436
IPC: 0.377873
IPC: 0.374651
IPC: 0.419654
IPC: 0.740974
IPC: 0.74812
IPC: 0.75054
IPC: 0.746544
IPC: 0.741679
IPC: 0.750716
IPC: 0.747872
IPC: 0.747661
IPC: 0.748209
IPC: 0.74934
IPC: 0.750085
IPC: 0.700648
IPC: 0.566124
IPC: 0.388932
IPC: 0.484061
IPC: 0.744822
IPC: 0.747074
IPC: 0.745101
IPC: 0.739989
IPC: 0.746886
IPC: 0.740878
IPC: 0.749093
IPC: 0.746452
IPC: 0.744166
IPC: 0.745601
IPC: 0.748679
IPC: 0.745065
IPC: 0.765885
IPC: 0.583922
IPC: 0.39169
IPC: 0.383044
IPC: 0.581727
IPC: 0.756204
IPC: 0.671962
IPC: 0.577582
IPC: 0.377868
IPC: 0.451569
IPC: 0.746975
IPC: 0.751932
IPC: 0.747439
IPC: 0.749429
IPC: 0.748242
IPC: 0.758122
IPC: 0.588517
IPC: 0.463973
IPC: 0.380077
IPC: 0.757036
IPC: 0.761597
IPC: 0.592081
IPC: 0.424573
IPC: 0.374581
IPC: 0.703134
IPC: 0.755273
IPC: 0.761185
IPC: 0.595874
IPC: 0.410128
IPC: 0.398273
IPC: 0.760641
IPC: 0.576859
IPC: 0.455397
IPC: 0.371886
IPC: 0.55283
IPC: 0.757421
IPC: 0.766641
IPC: 0.58935
IPC: 0.416992
IPC: 0.375069
IPC: 0.633482
IPC: 0.765763
IPC: 0.582193
IPC: 0.453498
IPC: 0.371084
IPC: 0.455235
IPC: 0.754782
IPC: 0.754699
IPC: 0.750645
IPC: 0.63001
IPC: 0.553868
IPC: 0.37337
IPC: 0.380012
IPC: 0.37975
IPC: 0.69888
IPC: 0.744855
IPC: 0.743483
IPC: 0.745099
IPC: 0.749261
IPC: 0.749647
IPC: 0.746728
IPC: 0.750879
IPC: 0.74804
IPC: 0.615936
IPC: 0.509762
IPC: 0.379839
IPC: 0.372907
IPC: 0.743177
IPC: 0.752738
IPC: 0.753718
IPC: 0.754723
IPC: 0.75558
IPC: 0.595024
IPC: 0.488559
IPC: 0.372829
IPC: 0.371846
IPC: 0.418537
IPC: 0.747213
IPC: 0.748852
IPC: 0.745162
IPC: 0.744254
IPC: 0.747368
IPC: 0.751793
IPC: 0.741472
IPC: 0.749913
IPC: 0.752538
IPC: 0.596763
IPC: 0.460518
IPC: 0.372264
IPC: 0.427122
IPC: 0.758323
IPC: 0.759635
IPC: 0.581047
IPC: 0.469646
IPC: 0.377943
IPC: 0.373005
IPC: 0.441687
IPC: 0.755787
IPC: 0.756151
IPC: 0.757121
IPC: 0.753934
IPC: 0.753426
IPC: 0.762542
IPC: 0.571881
IPC: 0.495541
IPC: 0.620318
IPC: 0.516921
IPC: 0.375261
IPC: 0.729195
IPC: 0.760402
IPC: 0.599192
IPC: 0.453102
IPC: 0.37016
IPC: 0.534204
IPC: 0.757146
IPC: 0.607008
IPC: 0.506914
IPC: 0.377971
IPC: 0.38371
IPC: 0.411974
IPC: 0.745968
IPC: 0.747825
IPC: 0.749404
IPC: 0.744276
IPC: 0.749954
IPC: 0.747918
IPC: 0.749876
IPC: 0.746223
IPC: 0.659304
IPC: 0.563937
IPC: 0.41108
IPC: 0.755809
IPC: 0.614219
IPC: 0.539586
IPC: 0.376545
IPC: 0.372884
IPC: 0.372439
IPC: 0.542406
IPC: 0.754849
IPC: 0.754508
IPC: 0.756626
IPC: 0.75687
IPC: 0.755897
IPC: 0.755396
IPC: 0.76835
IPC: 0.58255
IPC: 0.384184
IPC: 0.384068
IPC: 0.755698
IPC: 0.758291
IPC: 0.681354
IPC: 0.572318
IPC: 0.370712
IPC: 0.370938
IPC: 0.369084
IPC: 0.596929
IPC: 0.756565
IPC: 0.755162
IPC: 0.75031
IPC: 0.648693
IPC: 0.555438
IPC: 0.376656
IPC: 0.541073
IPC: 0.768356
IPC: 0.573056
IPC: 0.420677
IPC: 0.374313
IPC: 0.368229
IPC: 0.366816
IPC: 0.373294
IPC: 0.370289
IPC: 0.663231
IPC: 0.750936
IPC: 0.746324
IPC: 0.745383
IPC: 0.750397
IPC: 0.747696
IPC: 0.748736
IPC: 0.74786
IPC: 0.749589
IPC: 0.750184
IPC: 0.749303
IPC: 0.749935
IPC: 0.61685
IPC: 0.502236
IPC: 0.381226
IPC: 0.565294
IPC: 0.719304
IPC: 0.590229
IPC: 0.376969
IPC: 0.387991
IPC: 0.73043
IPC: 0.750142
IPC: 0.755977
IPC: 0.754578
IPC: 0.755107
IPC: 0.711965
IPC: 0.585488
IPC: 0.387983
IPC: 0.761094
IPC: 0.719534
IPC: 0.583235
IPC: 0.378745
IPC: 0.588911
IPC: 0.756394
IPC: 0.751082
IPC: 0.619537
IPC: 0.536221
IPC: 0.373598
IPC: 0.375069
IPC: 0.375272
IPC: 0.375462
IPC: 0.442641
IPC: 0.747372
IPC: 0.745692
IPC: 0.745642
IPC: 0.747591
IPC: 0.745135
IPC: 0.744369
IPC: 0.752568
IPC: 0.747186
IPC: 0.750273
IPC: 0.747373
IPC: 0.749081
IPC: 0.746758
IPC: 0.750354
IPC: 0.598578
IPC: 0.479521
IPC: 0.438431
IPC: 0.755199
IPC: 0.751813
IPC: 0.611369
IPC: 0.500125
IPC: 0.37551
IPC: 0.370251
IPC: 0.37289
IPC: 0.573293
IPC: 0.759139
IPC: 0.759938
IPC: 0.775527
IPC: 0.561172
IPC: 0.403236
IPC: 0.372722
IPC: 0.37216
IPC: 0.400084
IPC: 0.748688
IPC: 0.752069
IPC: 0.751841
IPC: 0.750705
IPC: 0.754248
IPC: 0.755179
IPC: 0.749624
IPC: 0.751281
IPC: 0.606354
IPC: 0.470513
IPC: 0.437195
IPC: 0.738897
IPC: 0.598048
IPC: 0.378342
IPC: 0.405471
IPC: 0.758506
IPC: 0.754909
IPC: 0.615263
IPC: 0.50477
IPC: 0.377863
IPC: 0.757462
IPC: 0.600776
IPC: 0.466165
IPC: 0.427884
IPC: 0.777056
IPC: 0.575762
IPC: 0.389101
IPC: 0.658427
IPC: 0.68158
IPC: 0.574327
IPC: 0.38006
IPC: 0.37011
IPC: 0.374668
IPC: 0.42108
IPC: 0.745312
IPC: 0.747407
IPC: 0.744222
IPC: 0.748941
IPC: 0.750257
IPC: 0.745866
IPC: 0.743912
IPC: 0.750679
IPC: 0.747424
IPC: 0.748288
IPC: 0.748285
IPC: 0.749145
IPC: 0.748509
IPC: 0.748845
IPC: 0.744603
IPC: 0.761225
IPC: 0.56389
IPC: 0.475272
IPC: 0.373849
IPC: 0.369842
IPC: 0.374377
IPC: 0.372927
IPC: 0.522853
IPC: 0.747712
IPC: 0.742364
IPC: 0.746917
IPC: 0.741256
IPC: 0.74647
IPC: 0.745596
IPC: 0.747256
IPC: 0.747211
IPC: 0.74696
IPC: 0.742326
IPC: 0.747051
IPC: 0.747639
IPC: 0.746691
IPC: 0.744796
IPC: 0.741766
IPC: 0.63339
IPC: 0.553999
IPC: 0.375751
IPC: 0.477993
IPC: 0.756201
IPC: 0.755402
IPC: 0.766983
IPC: 0.572853
IPC: 0.466814
IPC: 0.761332
IPC: 0.724852
IPC: 0.583648
IPC: 0.403939
IPC: 0.546816
IPC: 0.740401
IPC: 0.748326
IPC: 0.742944
IPC: 0.741175
IPC: 0.744008
IPC: 0.74329
IPC: 0.74238
IPC: 0.748211
IPC: 0.609247
IPC: 0.530233
IPC: 0.437952
IPC: 0.750218
IPC: 0.753103
IPC: 0.754202
IPC: 0.754274
IPC: 0.765869
IPC: 0.56699
IPC: 0.395339
IPC: 0.381006
IPC: 0.40213
IPC: 0.743784
IPC: 0.740756
IPC: 0.746639
IPC: 0.746064
IPC: 0.745534
IPC: 0.745964
IPC: 0.746149
IPC: 0.74877
IPC: 0.742764
IPC: 0.657953
IPC: 0.575421
IPC: 0.375072
IPC: 0.376719
IPC: 0.372245
IPC: 0.375956
IPC: 0.731726
IPC: 0.74996
IPC: 0.748034
IPC: 0.74999
IPC: 0.747949
IPC: 0.751879
IPC: 0.745398
IPC: 0.748087
IPC: 0.742798
IPC: 0.748756
IPC: 0.757587
IPC: 0.56964
IPC: 0.451107
IPC: 0.373213
IPC: 0.521511
IPC: 0.758733
IPC: 0.585541
IPC: 0.427337
IPC: 0.372913
IPC: 0.372018
IPC: 0.374993
IPC: 0.505054
IPC: 0.759306
IPC: 0.753943
IPC: 0.66096
IPC: 0.577328
IPC: 0.366965
IPC: 0.371846
IPC: 0.507723
IPC: 0.753315
IPC: 0.746932
IPC: 0.746722
IPC: 0.749774
IPC: 0.750473
IPC: 0.75036
IPC: 0.751383
IPC: 0.751699
IPC: 0.717189
IPC: 0.579149
IPC: 0.383105
IPC: 0.50669
IPC: 0.752113
IPC: 0.755143
IPC: 0.753184
IPC: 0.753882
IPC: 0.752327
IPC: 0.640219
IPC: 0.575515
IPC: 0.372292
IPC: 0.371014
IPC: 0.468069
IPC: 0.755575
IPC: 0.756612
IPC: 0.765661
IPC: 0.581637
IPC: 0.396202
IPC: 0.370908
IPC: 0.384312
IPC: 0.550247
IPC: 0.752717
IPC: 0.751248
IPC: 0.753282
IPC: 0.752176
IPC: 0.755513
IPC: 0.750686
IPC: 0.753872
IPC: 0.601962
IPC: 0.513579
IPC: 0.439013
IPC: 0.753158
IPC: 0.75433
IPC: 0.753036
IPC: 0.757181
IPC: 0.754234
IPC: 0.7544
IPC: 0.644635
IPC: 0.584798
IPC: 0.372455
IPC: 0.367136
IPC: 0.668258
IPC: 0.750612
IPC: 0.630013
IPC: 0.53597
IPC: 0.440359
IPC: 0.760865
IPC: 0.577755
IPC: 0.480565
IPC: 0.376157
IPC: 0.366913
IPC: 0.37181
IPC: 0.417382
IPC: 0.753131
IPC: 0.755795
IPC: 0.757429
IPC: 0.756533
IPC: 0.757035
IPC: 0.769374
IPC: 0.57968
IPC: 0.428126
IPC: 0.378605
IPC: 0.529723
IPC: 0.749962
IPC: 0.750219
IPC: 0.751742
IPC: 0.746309
IPC: 0.747718
IPC: 0.748954
IPC: 0.743998
IPC: 0.747349
IPC: 0.747436
IPC: 0.7469
IPC: 0.74954
IPC: 0.747274
IPC: 0.772179
IPC: 0.55361
IPC: 0.392623
IPC: 0.372163
IPC: 0.373318
IPC: 0.373218
IPC: 0.469871
IPC: 0.744445
IPC: 0.747679
IPC: 0.746395
IPC: 0.748636
IPC: 0.742166
IPC: 0.745622
IPC: 0.739256
IPC: 0.745562
IPC: 0.747983
IPC: 0.747982
IPC: 0.745906
IPC: 0.74797
IPC: 0.745455
IPC: 0.745153
IPC: 0.742536
IPC: 0.74893
IPC: 0.745503
IPC: 0.760385
IPC: 0.582019
IPC: 0.42108
IPC: 0.381553
IPC: 0.371095
IPC: 0.475257
IPC: 0.74868
IPC: 0.749695
IPC: 0.743768
IPC: 0.745904
IPC: 0.749458
IPC: 0.748696
IPC: 0.747079
IPC: 0.746571
IPC: 0.745204
IPC: 0.75006
IPC: 0.747273
IPC: 0.746881
IPC: 0.76676
IPC: 0.597666
IPC: 0.393388
IPC: 0.408967
IPC: 0.750152
IPC: 0.630011
IPC: 0.539841
IPC: 0.371577
IPC: 0.408557
IPC: 0.75821
IPC: 0.75396
IPC: 0.615728
IPC: 0.50977
IPC: 0.37738
IPC: 0.417697
IPC: 0.757386
IPC: 0.770239
IPC: 0.580809
IPC: 0.40032
IPC: 0.373392
IPC: 0.568264
IPC: 0.634583
IPC: 0.556104
IPC: 0.379103
IPC: 0.43077
IPC: 0.755161
IPC: 0.755523
IPC: 0.754912
IPC: 0.755893
IPC: 0.711316
IPC: 0.571879
IPC: 0.373884
IPC: 0.370068
IPC: 0.378327
IPC: 0.532384
IPC: 0.745101
IPC: 0.749478
IPC: 0.747675
IPC: 0.745306
IPC: 0.748644
IPC: 0.748903
IPC: 0.750201
IPC: 0.750847
IPC: 0.750637
IPC: 0.750447
IPC: 0.596936
IPC: 0.514727
IPC: 0.382545
IPC: 0.370276
IPC: 0.37356
IPC: 0.370515
IPC: 0.371172
IPC: 0.547277
IPC: 0.74656
IPC: 0.745919
IPC: 0.746913
IPC: 0.745839
IPC: 0.751012
IPC: 0.746869
IPC: 0.744281
IPC: 0.746962
IPC: 0.746459
IPC: 0.747453
IPC: 0.750195
IPC: 0.740862
IPC: 0.746016
IPC: 0.760039
IPC: 0.574233
IPC: 0.452481
IPC: 0.369221
IPC: 0.401628
IPC: 0.753657
IPC: 0.754618
IPC: 0.753864
IPC: 0.605967
IPC: 0.497019
IPC: 0.37088
IPC: 0.374257
IPC: 0.579809
IPC: 0.744144
IPC: 0.74354
IPC: 0.740526
IPC: 0.741684
IPC: 0.744864
IPC: 0.743017
IPC: 0.746103
IPC: 0.744233
IPC: 0.743723
IPC: 0.721743
IPC: 0.576784
IPC: 0.36659
IPC: 0.372823
IPC: 0.36748
IPC: 0.367869
IPC: 0.364946
IPC: 0.676855
IPC: 0.751971
IPC: 0.755196
IPC: 0.750313
IPC: 0.743971
IPC: 0.62965
IPC: 0.540261
IPC: 0.37614
IPC: 0.626499
IPC: 0.72408
IPC: 0.588097
IPC: 0.3728
IPC: 0.380002
IPC: 0.604698
IPC: 0.753023
IPC: 0.623018
IPC: 0.554745
IPC: 0.727054
IPC: 0.753663
IPC: 0.757659
IPC: 0.752226
IPC: 0.666285
IPC: 0.568679
IPC: 0.370381
IPC: 0.405235
IPC: 0.759561
IPC: 0.770425
IPC: 0.585957
IPC: 0.666363
IPC: 0.579113
IPC: 0.402535
IPC: 0.408621
IPC: 0.752319
IPC: 0.756952
IPC: 0.757129
IPC: 0.758183
IPC: 0.767028
IPC: 0.57741
IPC: 0.419877
IPC: 0.370278
IPC: 0.410651
IPC: 0.756072
IPC: 0.754849
IPC: 0.729048
IPC: 0.599632
IPC: 0.416573
IPC: 0.773646
IPC: 0.585656
IPC: 0.384702
IPC: 0.371363
IPC: 0.67018
IPC: 0.764755
IPC: 0.592649
IPC: 0.428904
IPC: 0.754869
IPC: 0.621137
IPC: 0.519351
IPC: 0.375609
IPC: 0.622949
IPC: 0.649331
IPC: 0.562824
IPC: 0.458137
IPC: 0.6349
IPC: 0.563779
IPC: 0.367686
IPC: 0.434484
IPC: 0.755058
IPC: 0.761279
IPC: 0.59999
IPC: 0.419269
IPC: 0.485816
IPC: 0.757568
IPC: 0.60518
IPC: 0.490583
IPC: 0.601705
IPC: 0.611542
IPC: 0.524573
IPC: 0.369304
IPC: 0.374166
IPC: 0.752715
IPC: 0.755384
IPC: 0.757699
IPC: 0.668175
IPC: 0.56943
IPC: 0.373469
IPC: 0.514024
IPC: 0.716045
IPC: 0.577723
IPC: 0.377769
IPC: 0.381933
IPC: 0.450827
IPC: 0.746884
IPC: 0.749826
IPC: 0.74956
IPC: 0.750627
IPC: 0.747425
IPC: 0.743327
IPC: 0.748027
IPC: 0.747808
IPC: 0.749481
IPC: 0.746682
IPC: 0.758502
IPC: 0.595033
IPC: 0.421923
IPC: 0.372961
IPC: 0.405676
IPC: 0.757784
IPC: 0.757524
IPC: 0.663379
IPC: 0.579792
IPC: 0.370616
IPC: 0.375779
IPC: 0.370255
IPC: 0.37699
IPC: 0.721673
IPC: 0.746951
IPC: 0.749168
IPC: 0.745024
IPC: 0.749036
IPC: 0.750065
IPC: 0.747667
IPC: 0.749278
IPC: 0.748045
IPC: 0.750457
IPC: 0.589448
IPC: 0.486484
IPC: 0.370051
IPC: 0.3706
IPC: 0.375449
IPC: 0.616202
IPC: 0.7559
IPC: 0.760249
IPC: 0.570841
IPC: 0.470433
IPC: 0.371166
IPC: 0.370419
IPC: 0.374127
IPC: 0.375504
IPC: 0.721265
IPC: 0.749533
IPC: 0.746363
IPC: 0.750731
IPC: 0.749625
IPC: 0.749235
IPC: 0.746708
IPC: 0.744814
IPC: 0.753114
IPC: 0.58044
IPC: 0.510967
IPC: 0.38468
IPC: 0.547
IPC: 0.752881
IPC: 0.753063
IPC: 0.751949
IPC: 0.754418
IPC: 0.75005
IPC: 0.753883
IPC: 0.750535
IPC: 0.749893
IPC: 0.609713
IPC: 0.485564
IPC: 0.383085
IPC: 0.75792
IPC: 0.649569
IPC: 0.577926
IPC: 0.370559
IPC: 0.373569
IPC: 0.370878
IPC: 0.370465
IPC: 0.737955
IPC: 0.756627
IPC: 0.753481
IPC: 0.754418
IPC: 0.758976
IPC: 0.756555
IPC: 0.75691
IPC: 0.649945
IPC: 0.587025
IPC: 0.369045
IPC: 0.676464
IPC: 0.602161
IPC: 0.489074
IPC: 0.527457
IPC: 0.756306
IPC: 0.600628
IPC: 0.49665
IPC: 0.374568
IPC: 0.376269
IPC: 0.490177
IPC: 0.740174
IPC: 0.743007
IPC: 0.747026
IPC: 0.739702
IPC: 0.746942
IPC: 0.742027
IPC: 0.738745
IPC: 0.733805
IPC: 0.743067
IPC: 0.745044
IPC: 0.744898
IPC: 0.745014
IPC: 0.740457
IPC: 0.741985
IPC: 0.738721
IPC: 0.741055
IPC: 0.763606
IPC: 0.580291
IPC: 0.408755
IPC: 0.383747
IPC: 0.579524
IPC: 0.756201
IPC: 0.753195
IPC: 0.753461
IPC: 0.757057
IPC: 0.751644
IPC: 0.614148
IPC: 0.520229
IPC: 0.373985
IPC: 0.375048
IPC: 0.376235
IPC: 0.519933
IPC: 0.746232
IPC: 0.749416
IPC: 0.749751
IPC: 0.750659
IPC: 0.748286
IPC: 0.747919
IPC: 0.751375
IPC: 0.750001
IPC: 0.749056
IPC: 0.753267
IPC: 0.584009
IPC: 0.469233
IPC: 0.459669
IPC: 0.771645
IPC: 0.590067
IPC: 0.411672
IPC: 0.379493
IPC: 0.442458
IPC: 0.755775
IPC: 0.756951
IPC: 0.755966
IPC: 0.739646
IPC: 0.575076
IPC: 0.384548
IPC: 0.451622
IPC: 0.759608
IPC: 0.769133
IPC: 0.587142
IPC: 0.410254
IPC: 0.380508
IPC: 0.379084
IPC: 0.548523
IPC: 0.750049
IPC: 0.749323
IPC: 0.743554
IPC: 0.750896
IPC: 0.748553
IPC: 0.749575
IPC: 0.748965
IPC: 0.764665
IPC: 0.5804
IPC: 0.430892
IPC: 0.380541
IPC: 0.373188
IPC: 0.373595
IPC: 0.527947
IPC: 0.749427
IPC: 0.746091
IPC: 0.753259
IPC: 0.747916
IPC: 0.747771
IPC: 0.754685
IPC: 0.74523
IPC: 0.750701
IPC: 0.74918
IPC: 0.750428
IPC: 0.751548
IPC: 0.749874
IPC: 0.674658
IPC: 0.592577
IPC: 0.378186
IPC: 0.575902
IPC: 0.758219
IPC: 0.751394
IPC: 0.62626
IPC: 0.541706
IPC: 0.379601
IPC: 0.682865
IPC: 0.629645
IPC: 0.545638
IPC: 0.372309
IPC: 0.487239
IPC: 0.755883
IPC: 0.751551
IPC: 0.631413
IPC: 0.53239
IPC: 0.381166
IPC: 0.58243
IPC: 0.756797
IPC: 0.756175
IPC: 0.756221
IPC: 0.756877
IPC: 0.766795
IPC: 0.589511
IPC: 0.422034
IPC: 0.377718
IPC: 0.371693
IPC: 0.372977
IPC: 0.41036
IPC: 0.756556
IPC: 0.753555
IPC: 0.753908
IPC: 0.755505
IPC: 0.753297
IPC: 0.754152
IPC: 0.631821
IPC: 0.559219
IPC: 0.372343
IPC: 0.37182
IPC: 0.372205
IPC: 0.371994
IPC: 0.475744
IPC: 0.738343
IPC: 0.744224
IPC: 0.743427
IPC: 0.745068
IPC: 0.744965
IPC: 0.745334
IPC: 0.741409
IPC: 0.742574
IPC: 0.746293
IPC: 0.745054
IPC: 0.74644
IPC: 0.746081
IPC: 0.745327
IPC: 0.742215
IPC: 0.748137
IPC: 0.749036
IPC: 0.58803
IPC: 0.511783
IPC: 0.373343
IPC: 0.371858
IPC: 0.594951
IPC: 0.749212
IPC: 0.752094
IPC: 0.749738
IPC: 0.620857
IPC: 0.528075
IPC: 0.375657
IPC: 0.580641
IPC: 0.763323
IPC: 0.596636
IPC: 0.429842
IPC: 0.371041
IPC: 0.372351
IPC: 0.371606
IPC: 0.684757
IPC: 0.756814
IPC: 0.755976
IPC: 0.752369
IPC: 0.660339
IPC: 0.568971
IPC: 0.372643
IPC: 0.368207
IPC: 0.370473
IPC: 0.437192
IPC: 0.753768
IPC: 0.753145
IPC: 0.754964
IPC: 0.750195
IPC: 0.621651
IPC: 0.529964
IPC: 0.369835
IPC: 0.367548
IPC: 0.36999
IPC: 0.3697
IPC: 0.367481
IPC: 0.476221
IPC: 0.749641
IPC: 0.749485
IPC: 0.746578
IPC: 0.7503
IPC: 0.750689
IPC: 0.74877
IPC: 0.748043
IPC: 0.749184
IPC: 0.75031
IPC: 0.717268
IPC: 0.579263
IPC: 0.37881
IPC: 0.750063
IPC: 0.608062
IPC: 0.467662
IPC: 0.371092
IPC: 0.60856
IPC: 0.764684
IPC: 0.601749
IPC: 0.422842
IPC: 0.373084
IPC: 0.405003
IPC: 0.7574
IPC: 0.757208
IPC: 0.756395
IPC: 0.744009
IPC: 0.601094
IPC: 0.499587
IPC: 0.378364
IPC: 0.378587
IPC: 0.539781
IPC: 0.753414
IPC: 0.751025
IPC: 0.754408
IPC: 0.754219
IPC: 0.75277
IPC: 0.753861
IPC: 0.600638
IPC: 0.459623
IPC: 0.372182
IPC: 0.520181
IPC: 0.751077
IPC: 0.620942
IPC: 0.510571
IPC: 0.377852
IPC: 0.430697
IPC: 0.756761
IPC: 0.758646
IPC: 0.769268
IPC: 0.575186
IPC: 0.404728
IPC: 0.375393
IPC: 0.497373
IPC: 0.756291
IPC: 0.756878
IPC: 0.756441
IPC: 0.756911
IPC: 0.758491
IPC: 0.58482
IPC: 0.472096
IPC: 0.374656
IPC: 0.419955
IPC: 0.750609
IPC: 0.750006
IPC: 0.754575
IPC: 0.751745
IPC: 0.75167
IPC: 0.756839
IPC: 0.579148
IPC: 0.466539
IPC: 0.370762
IPC: 0.366967
IPC: 0.371812
IPC: 0.40552
IPC: 0.753303
IPC: 0.752694
IPC: 0.749605
IPC: 0.755355
IPC: 0.749746
IPC: 0.753915
IPC: 0.775067
IPC: 0.576613
IPC: 0.391168
IPC: 0.380504
IPC: 0.374211
IPC: 0.638362
IPC: 0.757751
IPC: 0.758573
IPC: 0.762071
IPC: 0.581988
IPC: 0.413903
IPC: 0.37759
IPC: 0.433117
IPC: 0.75625
IPC: 0.756231
IPC: 0.755411
IPC: 0.757778
IPC: 0.755443
IPC: 0.593075
IPC: 0.481891
IPC: 0.536658
IPC: 0.61742
IPC: 0.489736
IPC: 0.520494
IPC: 0.764313
IPC: 0.603231
IPC: 0.553115
IPC: 0.578015
IPC: 0.47498
IPC: 0.370458
IPC: 0.374265
IPC: 0.650367
IPC: 0.758701
IPC: 0.762407
IPC: 0.570388
IPC: 0.420701
IPC: 0.37959
IPC: 0.374513
IPC: 0.51048
IPC: 0.740981
IPC: 0.746892
IPC: 0.748843
IPC: 0.747673
IPC: 0.749897
IPC: 0.748928
IPC: 0.746878
IPC: 0.74685
IPC: 0.747497
IPC: 0.746656
IPC: 0.760282
IPC: 0.586243
IPC: 0.381547
IPC: 0.449272
IPC: 0.756112
IPC: 0.626711
IPC: 0.540616
IPC: 0.374704
IPC: 0.496179
IPC: 0.761747
IPC: 0.606006
IPC: 0.442532
IPC: 0.749617
IPC: 0.579148
IPC: 0.37684
IPC: 0.377151
IPC: 0.671362
IPC: 0.751958
IPC: 0.630069
IPC: 0.527668
IPC: 0.375617
IPC: 0.376463
IPC: 0.683963
IPC: 0.748421
IPC: 0.617933
IPC: 0.518352
IPC: 0.373769
IPC: 0.631363
IPC: 0.75775
IPC: 0.760832
IPC: 0.585427
IPC: 0.456703
IPC: 0.51279
IPC: 0.770257
IPC: 0.563393
IPC: 0.432725
IPC: 0.373136
IPC: 0.370677
IPC: 0.371215
IPC: 0.372715
IPC: 0.707069
IPC: 0.743845
IPC: 0.747728
IPC: 0.745734
IPC: 0.744643
IPC: 0.748424
IPC: 0.743371
IPC: 0.749768
IPC: 0.747394
IPC: 0.748701
IPC: 0.749453
IPC: 0.750992
IPC: 0.604169
IPC: 0.490993
IPC: 0.377937
IPC: 0.377643
IPC: 0.753693
IPC: 0.752133
IPC: 0.756514
IPC: 0.754335
IPC: 0.755752
IPC: 0.730427
IPC: 0.599823
IPC: 0.375024
IPC: 0.725964
IPC: 0.713677
IPC: 0.576185
IPC: 0.380146
IPC: 0.411486
IPC: 0.754774
IPC: 0.757556
IPC: 0.758859
IPC: 0.758318
IPC: 0.591109
IPC: 0.545326
IPC: 0.62578
IPC: 0.545127
IPC: 0.479374
IPC: 0.617167
IPC: 0.524721
IPC: 0.36864
IPC: 0.374774
IPC: 0.372794
IPC: 0.45155
IPC: 0.757901
IPC: 0.756052
IPC: 0.752296
IPC: 0.757024
IPC: 0.752422
IPC: 0.658809
IPC: 0.583089
IPC: 0.377675
IPC: 0.500107
IPC: 0.756818
IPC: 0.757337
IPC: 0.742325
IPC: 0.568669
IPC: 0.390758
IPC: 0.375445
IPC: 0.377956
IPC: 0.483558
IPC: 0.741453
IPC: 0.749228
IPC: 0.748731
IPC: 0.743366
IPC: 0.743803
IPC: 0.748388
IPC: 0.74663
IPC: 0.744754
IPC: 0.746347
IPC: 0.749041
IPC: 0.748996
IPC: 0.74963
IPC: 0.748069
IPC: 0.704346
IPC: 0.576515
IPC: 0.381494
IPC: 0.373381
IPC: 0.576595
IPC: 0.754324
IPC: 0.75699
IPC: 0.755528
IPC: 0.598163
IPC: 0.423579
IPC: 0.3694
IPC: 0.504045
IPC: 0.767854
IPC: 0.567926
IPC: 0.459168
IPC: 0.379797
IPC: 0.400007
IPC: 0.600337
IPC: 0.745567
IPC: 0.748258
IPC: 0.742527
IPC: 0.746028
IPC: 0.745005
IPC: 0.743583
IPC: 0.744367
IPC: 0.745377
IPC: 0.750028
IPC: 0.745672
IPC: 0.745376
IPC: 0.744799
IPC: 0.747204
IPC: 0.745951
IPC: 0.744853
IPC: 0.722026
IPC: 0.59215
IPC: 0.379306
IPC: 0.38572
IPC: 0.376028
IPC: 0.498167
IPC: 0.741081
IPC: 0.744016
IPC: 0.744357
IPC: 0.738415
IPC: 0.743388
IPC: 0.743995
IPC: 0.739397
IPC: 0.745457
IPC: 0.743697
IPC: 0.745992
IPC: 0.741479
IPC: 0.747738
IPC: 0.749043
IPC: 0.739638
IPC: 0.745382
IPC: 0.743315
IPC: 0.746149
IPC: 0.747485
IPC: 0.741818
IPC: 0.645507
IPC: 0.545676
IPC: 0.382722
IPC: 0.761685
IPC: 0.588524
IPC: 0.414327
IPC: 0.38054
IPC: 0.390017
IPC: 0.484878
IPC: 0.745228
IPC: 0.751241
IPC: 0.746653
IPC: 0.748948
IPC: 0.751271
IPC: 0.75034
IPC: 0.750386
IPC: 0.749616
IPC: 0.748226
IPC: 0.76168
IPC: 0.573582
IPC: 0.396642
IPC: 0.378071
IPC: 0.376778
IPC: 0.512681
IPC: 0.750359
IPC: 0.741419
IPC: 0.750997
IPC: 0.744266
IPC: 0.745806
IPC: 0.745091
IPC: 0.747267
IPC: 0.745204
IPC: 0.7466
IPC: 0.748168
IPC: 0.747478
IPC: 0.744892
IPC: 0.749816
IPC: 0.747209
IPC: 0.749459
IPC: 0.596475
IPC: 0.476658
IPC: 0.370396
IPC: 0.396652
IPC: 0.755553
IPC: 0.633531
IPC: 0.546555
IPC: 0.373478
IPC: 0.375914
IPC: 0.370854
IPC: 0.394099
IPC: 0.74513
IPC: 0.740995
IPC: 0.748288
IPC: 0.745647
IPC: 0.75037
IPC: 0.747535
IPC: 0.748802
IPC: 0.747577
IPC: 0.747812
IPC: 0.747945
IPC: 0.74582
IPC: 0.607489
IPC: 0.530114
IPC: 0.383973
IPC: 0.741793
IPC: 0.75505
IPC: 0.752707
IPC: 0.649744
IPC: 0.562614
IPC: 0.520828
IPC: 0.770045
IPC: 0.5842
IPC: 0.417612
IPC: 0.470477
IPC: 0.776494
IPC: 0.573714
IPC: 0.391322
IPC: 0.373754
IPC: 0.394966
IPC: 0.755131
IPC: 0.757183
IPC: 0.705214
IPC: 0.579525
IPC: 0.373785
IPC: 0.375838
IPC: 0.598443
IPC: 0.759309
IPC: 0.758098
IPC: 0.600768
IPC: 0.484032
IPC: 0.387338
IPC: 0.386876
IPC: 0.727265
IPC: 0.743031
IPC: 0.750606
IPC: 0.746088
IPC: 0.741955
IPC: 0.753309
IPC: 0.750684
IPC: 0.749597
IPC: 0.749878
IPC: 0.750274
IPC: 0.751091
IPC: 0.7504
IPC: 0.681438
IPC: 0.565553
IPC: 0.37002
IPC: 0.376511
IPC: 0.509346
IPC: 0.769003
IPC: 0.600235
IPC: 0.408284
IPC: 0.653668
IPC: 0.76565
IPC: 0.601243
IPC: 0.421133
IPC: 0.376575
IPC: 0.374282
IPC: 0.701933
IPC: 0.755807
IPC: 0.756617
IPC: 0.756997
IPC: 0.587022
IPC: 0.48313
IPC: 0.473738
IPC: 0.748087
IPC: 0.751061
IPC: 0.753395
IPC: 0.749606
IPC: 0.754258
IPC: 0.76908
IPC: 0.571433
IPC: 0.383603
IPC: 0.376751
IPC: 0.376293
IPC: 0.710108
IPC: 0.757929
IPC: 0.750939
IPC: 0.75698
IPC: 0.752992
IPC: 0.768151
IPC: 0.583388
IPC: 0.385872
IPC: 0.36773
IPC: 0.539398
IPC: 0.751669
IPC: 0.633103
IPC: 0.569928
IPC: 0.374504
IPC: 0.37841
IPC: 0.37384
IPC: 0.374119
IPC: 0.496445
IPC: 0.752099
IPC: 0.749043
IPC: 0.750612
IPC: 0.751965
IPC: 0.748876
IPC: 0.752539
IPC: 0.749948
IPC: 0.751653
IPC: 0.749874
IPC: 0.749685
IPC: 0.749145
IPC: 0.749451
IPC: 0.718718
IPC: 0.579423
IPC: 0.384404
IPC: 0.393621
IPC: 0.72532
IPC: 0.756866
IPC: 0.755012
IPC: 0.757352
IPC: 0.757191
IPC: 0.600202
IPC: 0.481038
IPC: 0.381913
IPC: 0.373853
IPC: 0.37773
IPC: 0.590442
IPC: 0.749009
IPC: 0.747518
IPC: 0.746156
IPC: 0.748629
IPC: 0.751192
IPC: 0.748139
IPC: 0.747565
IPC: 0.745467
IPC: 0.748654
IPC: 0.772561
IPC: 0.570193
IPC: 0.400165
IPC: 0.378191
IPC: 0.371943
IPC: 0.628517
IPC: 0.752708
IPC: 0.751708
IPC: 0.759059
IPC: 0.754973
IPC: 0.75497
IPC: 0.75489
IPC: 0.713257
IPC: 0.573217
IPC: 0.371566
IPC: 0.373214
IPC: 0.571151
IPC: 0.756877
IPC: 0.759729
IPC: 0.581238
IPC: 0.464402
IPC: 0.369205
IPC: 0.372602
IPC: 0.37135
IPC: 0.725378
IPC: 0.756113
IPC: 0.758545
IPC: 0.766109
IPC: 0.581702
IPC: 0.385454
IPC: 0.370876
IPC: 0.586161
IPC: 0.757111
IPC: 0.604226
IPC: 0.490367
IPC: 0.37205
IPC: 0.490068
IPC: 0.754684
IPC: 0.757558
IPC: 0.71996
IPC: 0.58348
IPC: 0.496573
IPC: 0.624643
IPC: 0.529706
IPC: 0.409032
IPC: 0.758271
IPC: 0.605963
IPC: 0.499996
IPC: 0.373498
IPC: 0.380831
IPC: 0.37449
IPC: 0.532157
IPC: 0.748121
IPC: 0.748607
IPC: 0.74606
IPC: 0.750919
IPC: 0.748317
IPC: 0.744958
IPC: 0.747169
IPC: 0.741922
IPC: 0.747757
IPC: 0.759935
IPC: 0.598049
IPC: 0.40504
IPC: 0.37187
IPC: 0.708501
IPC: 0.752972
IPC: 0.61987
IPC: 0.510334
IPC: 0.372194
IPC: 0.549051
IPC: 0.755792
IPC: 0.616087
IPC: 0.491822
IPC: 0.41452
IPC: 0.756661
IPC: 0.618155
IPC: 0.52166
IPC: 0.381153
IPC: 0.368395
IPC: 0.510123
IPC: 0.755465
IPC: 0.756249
IPC: 0.718272
IPC: 0.584184
IPC: 0.373174
IPC: 0.374272
IPC: 0.756725
IPC: 0.599296
IPC: 0.507611
IPC: 0.371572
IPC: 0.424829
IPC: 0.757973
IPC: 0.754608
IPC: 0.620167
IPC: 0.524819
IPC: 0.442854
IPC: 0.758537
IPC: 0.607796
IPC: 0.513072
IPC: 0.373882
IPC: 0.699714
IPC: 0.685875
IPC: 0.555406
IPC: 0.430362
IPC: 0.762308
IPC: 0.588629
IPC: 0.455222
IPC: 0.468826
IPC: 0.755329
IPC: 0.62967
IPC: 0.538511
IPC: 0.482638
IPC: 0.621755
IPC: 0.535923
IPC: 0.378352
IPC: 0.383897
IPC: 0.748119
IPC: 0.750808
IPC: 0.748949
IPC: 0.750268
IPC: 0.751172
IPC: 0.748975
IPC: 0.747014
IPC: 0.74419
IPC: 0.74703
IPC: 0.747288
IPC: 0.625356
IPC: 0.533869
IPC: 0.382241
IPC: 0.398664
IPC: 0.716866
IPC: 0.755833
IPC: 0.750614
IPC: 0.756689
IPC: 0.755567
IPC: 0.75147
IPC: 0.746753
IPC: 0.656129
IPC: 0.565217
IPC: 0.69277
IPC: 0.570162
IPC: 0.399858
IPC: 0.396181
IPC: 0.435887
IPC: 0.744756
IPC: 0.737323
IPC: 0.744156
IPC: 0.74056
IPC: 0.742884
IPC: 0.746872
IPC: 0.741211
IPC: 0.742626
IPC: 0.746644
IPC: 0.74168
IPC: 0.745717
IPC: 0.745157
IPC: 0.742069
IPC: 0.743792
IPC: 0.742106
IPC: 0.743904
IPC: 0.744042
IPC: 0.747541
IPC: 0.741575
IPC: 0.74201
IPC: 0.745001
IPC: 0.745161
IPC: 0.743537
IPC: 0.757788
IPC: 0.59976
IPC: 0.381884
IPC: 0.535084
IPC: 0.760196
IPC: 0.582056
IPC: 0.465778
IPC: 0.373585
IPC: 0.377523
IPC: 0.659252
IPC: 0.755286
IPC: 0.753764
IPC: 0.754448
IPC: 0.752949
IPC: 0.757334
IPC: 0.754294
IPC: 0.752697
IPC: 0.573219
IPC: 0.444047
IPC: 0.36928
IPC: 0.403491
IPC: 0.754594
IPC: 0.757606
IPC: 0.780169
IPC: 0.561388
IPC: 0.383426
IPC: 0.375639
IPC: 0.651356
IPC: 0.758185
IPC: 0.763421
IPC: 0.55385
IPC: 0.429041
IPC: 0.377128
IPC: 0.377533
IPC: 0.579076
IPC: 0.740262
IPC: 0.745459
IPC: 0.749285
IPC: 0.74604
IPC: 0.744511
IPC: 0.748279
IPC: 0.746293
IPC: 0.745967
IPC: 0.746084
IPC: 0.740459
IPC: 0.738449
IPC: 0.740062
IPC: 0.743129
IPC: 0.740596
IPC: 0.742786
IPC: 0.741214
IPC: 0.73986
IPC: 0.74049
IPC: 0.736468
IPC: 0.740571
IPC: 0.744718
IPC: 0.74296
IPC: 0.74291
IPC: 0.743287
IPC: 0.747407
IPC: 0.740897
IPC: 0.743025
IPC: 0.744946
IPC: 0.742187
IPC: 0.740295
IPC: 0.744939
IPC: 0.745587
IPC: 0.740869
IPC: 0.744134
IPC: 0.745709
IPC: 0.741589
IPC: 0.746344
IPC: 0.768848
IPC: 0.593962
IPC: 0.391603
IPC: 0.445259
IPC: 0.757647
IPC: 0.625242
IPC: 0.527367
IPC: 0.39029
IPC: 0.44306
IPC: 0.756036
IPC: 0.755182
IPC: 0.755563
IPC: 0.759147
IPC: 0.766179
IPC: 0.591824
IPC: 0.414291
IPC: 0.371319
IPC: 0.37676
IPC: 0.757209
IPC: 0.754495
IPC: 0.630512
IPC: 0.550674
IPC: 0.377172
IPC: 0.463674
IPC: 0.755417
IPC: 0.730692
IPC: 0.599777
IPC: 0.373131
IPC: 0.368309
IPC: 0.393169
IPC: 0.756769
IPC: 0.754509
IPC: 0.625266
IPC: 0.532922
IPC: 0.375979
IPC: 0.547663
IPC: 0.771099
IPC: 0.565139
IPC: 0.406675
IPC: 0.371765
IPC: 0.396977
IPC: 0.749195
IPC: 0.752435
IPC: 0.754204
IPC: 0.755388
IPC: 0.756491
IPC: 0.757402
IPC: 0.749117
IPC: 0.618893
IPC: 0.506642
IPC: 0.378348
IPC: 0.509613
IPC: 0.759348
IPC: 0.765992
IPC: 0.59802
IPC: 0.408534
IPC: 0.442102
IPC: 0.75963
IPC: 0.655246
IPC: 0.55366
IPC: 0.370059
IPC: 0.374512
IPC: 0.595122
IPC: 0.751055
IPC: 0.753374
IPC: 0.753715
IPC: 0.749243
IPC: 0.608072
IPC: 0.511217
IPC: 0.379589
IPC: 0.376987
IPC: 0.409871
IPC: 0.753542
IPC: 0.754112
IPC: 0.752361
IPC: 0.755937
IPC: 0.753636
IPC: 0.755311
IPC: 0.752918
IPC: 0.659422
IPC: 0.579377
IPC: 0.370931
IPC: 0.543915
IPC: 0.758791
IPC: 0.601406
IPC: 0.490626
IPC: 0.375429
IPC: 0.376141
IPC: 0.540686
IPC: 0.745249
IPC: 0.753136
IPC: 0.747702
IPC: 0.75221
IPC: 0.751734
IPC: 0.751802
IPC: 0.754321
IPC: 0.759133
IPC: 0.594115
IPC: 0.457068
IPC: 0.636138
IPC: 0.752955
IPC: 0.753679
IPC: 0.749751
IPC: 0.6209
IPC: 0.542242
IPC: 0.372334
IPC: 0.373366
IPC: 0.374989
IPC: 0.371966
IPC: 0.456
IPC: 0.749555
IPC: 0.749929
IPC: 0.749031
IPC: 0.747931
IPC: 0.749467
IPC: 0.750709
IPC: 0.744777
IPC: 0.750449
IPC: 0.745355
IPC: 0.749273
IPC: 0.745316
IPC: 0.746683
IPC: 0.752363
IPC: 0.587375
IPC: 0.490911
IPC: 0.375661
IPC: 0.377796
IPC: 0.421788
IPC: 0.742764
IPC: 0.747966
IPC: 0.748317
IPC: 0.745352
IPC: 0.744962
IPC: 0.746127
IPC: 0.745152
IPC: 0.74523
IPC: 0.746445
IPC: 0.746778
IPC: 0.739607
IPC: 0.625628
IPC: 0.522469
IPC: 0.373554
IPC: 0.411695
IPC: 0.756201
IPC: 0.753295
IPC: 0.634556
IPC: 0.538375
IPC: 0.575029
IPC: 0.760948
IPC: 0.586623
IPC: 0.475857
IPC: 0.396285
IPC: 0.678293
IPC: 0.754859
Total Instructions: 6592650
Total Cycles: 8690081

Two level cache hierarchy:
  L1-Data Cache:
    Size(KB):          32
    Block Size(B):     64
    Associativity:      8

  L2-Data Cache:
    Size(KB):        1024
    Block Size(B):    128
    Associativity:      8

Latencies:    1   10  150
L1-Sets: LRU assoc:   8
L2-Sets: LRU assoc:   8
Store_allocation: Yes
L2_inclusive: Yes

L1 Cache Stats:
L1-Load-Hits:        6589581780   97.40%
L1-Load-Misses:       176225375    2.60%
L1-Load-Accesses:    6765807155  100.00%

L1-Store-Hits:         930795483   98.72%
L1-Store-Misses:        12090802    1.28%
L1-Store-Accesses:     942886285  100.00%

L1-Total-Hits:        7520377263   97.56%
L1-Total-Misses:       188316177    2.44%
L1-Total-Accesses:    7708693440  100.00%

L2 Cache Stats:
L2-Load-Hits:         129433409   73.45%
L2-Load-Misses:        46791966   26.55%
L2-Load-Accesses:     176225375  100.00%

L2-Store-Hits:          10085372   83.41%
L2-Store-Misses:         2005430   16.59%
L2-Store-Accesses:      12090802  100.00%

L2-Total-Hits:         139518781   74.09%
L2-Total-Misses:        48797396   25.91%
L2-Total-Accesses:     188316177  100.00%

