IPC: 0.164167
IPC: 0.255012
IPC: 0.251888
IPC: 0.25732
IPC: 0.753613
IPC: 0.769833
IPC: 0.774835
IPC: 0.776733
IPC: 0.778785
IPC: 0.766272
IPC: 0.763204
IPC: 0.771662
IPC: 0.778639
IPC: 0.759564
IPC: 0.767871
IPC: 0.773809
IPC: 0.776789
IPC: 0.778534
IPC: 0.767636
IPC: 0.762261
IPC: 0.771272
IPC: 0.779385
IPC: 0.760253
IPC: 0.767071
IPC: 0.773868
IPC: 0.778209
IPC: 0.776829
IPC: 0.769303
IPC: 0.761218
IPC: 0.770808
IPC: 0.778864
IPC: 0.762284
IPC: 0.76608
IPC: 0.772819
IPC: 0.779378
IPC: 0.775997
IPC: 0.771031
IPC: 0.759893
IPC: 0.770237
IPC: 0.779166
IPC: 0.77631
IPC: 0.778563
IPC: 0.755857
IPC: 0.770317
IPC: 0.775169
IPC: 0.772471
IPC: 0.759731
IPC: 0.769164
IPC: 0.779312
IPC: 0.776021
IPC: 0.778557
IPC: 0.75664
IPC: 0.770656
IPC: 0.774043
IPC: 0.774501
IPC: 0.758169
IPC: 0.769432
IPC: 0.778519
IPC: 0.775985
IPC: 0.779277
IPC: 0.759613
IPC: 0.765921
IPC: 0.420222
IPC: 0.738151
IPC: 0.716713
IPC: 0.724789
IPC: 0.734531
IPC: 0.738278
IPC: 0.744927
IPC: 0.737863
IPC: 0.744168
IPC: 0.744937
IPC: 0.705114
IPC: 0.71144
IPC: 0.733092
IPC: 0.733466
IPC: 0.744952
IPC: 0.742734
IPC: 0.692734
IPC: 0.72324
IPC: 0.733499
IPC: 0.737124
IPC: 0.745284
IPC: 0.738801
IPC: 0.744692
IPC: 0.744959
IPC: 0.702359
IPC: 0.713498
IPC: 0.733116
IPC: 0.73382
IPC: 0.744973
IPC: 0.737929
IPC: 0.69479
IPC: 0.723449
IPC: 0.735371
IPC: 0.736854
IPC: 0.745068
IPC: 0.739686
IPC: 0.744929
IPC: 0.744918
IPC: 0.700133
IPC: 0.714482
IPC: 0.732063
IPC: 0.736334
IPC: 0.744934
IPC: 0.732985
IPC: 0.696935
IPC: 0.724803
IPC: 0.733491
IPC: 0.739418
IPC: 0.744943
IPC: 0.740232
IPC: 0.744908
IPC: 0.744931
IPC: 0.695679
IPC: 0.717251
IPC: 0.732961
IPC: 0.737465
IPC: 0.744977
IPC: 0.740113
IPC: 0.742317
IPC: 0.744939
IPC: 0.709394
IPC: 0.707228
IPC: 0.733755
IPC: 0.733067
IPC: 0.745171
IPC: 0.74549
IPC: 0.69411
IPC: 0.719083
IPC: 0.733165
IPC: 0.738256
IPC: 0.744942
IPC: 0.737888
IPC: 0.744168
IPC: 0.744927
IPC: 0.705384
IPC: 0.711151
IPC: 0.733216
IPC: 0.733387
IPC: 0.744973
IPC: 0.743543
IPC: 0.692212
IPC: 0.723203
IPC: 0.733311
IPC: 0.737293
IPC: 0.745301
IPC: 0.738609
IPC: 0.74467
IPC: 0.744958
IPC: 0.705386
IPC: 0.712129
IPC: 0.733743
IPC: 0.351348
IPC: 0.225326
IPC: 0.160235
IPC: 0.256767
IPC: 0.256814
IPC: 0.209057
IPC: 0.756111
IPC: 0.765173
IPC: 0.771923
IPC: 0.778562
IPC: 0.778241
IPC: 0.776918
IPC: 0.757998
IPC: 0.770449
IPC: 0.778391
IPC: 0.770843
IPC: 0.762817
IPC: 0.771904
IPC: 0.77876
IPC: 0.777518
IPC: 0.779304
IPC: 0.758073
IPC: 0.77046
IPC: 0.776674
IPC: 0.774362
IPC: 0.76039
IPC: 0.770741
IPC: 0.778866
IPC: 0.777381
IPC: 0.778899
IPC: 0.761722
IPC: 0.768406
IPC: 0.77543
IPC: 0.779358
IPC: 0.756721
IPC: 0.771208
IPC: 0.777211
IPC: 0.777506
IPC: 0.778801
IPC: 0.76559
IPC: 0.765571
IPC: 0.774417
IPC: 0.778555
IPC: 0.777958
IPC: 0.775163
IPC: 0.759537
IPC: 0.770734
IPC: 0.778521
IPC: 0.769132
IPC: 0.763521
IPC: 0.772326
IPC: 0.779388
IPC: 0.777426
IPC: 0.779512
IPC: 0.756879
IPC: 0.771247
IPC: 0.776964
IPC: 0.772741
IPC: 0.760924
IPC: 0.771404
IPC: 0.779388
IPC: 0.77744
IPC: 0.778534
IPC: 0.759257
IPC: 0.767748
IPC: 0.424924
IPC: 0.738554
IPC: 0.715016
IPC: 0.729213
IPC: 0.734372
IPC: 0.739517
IPC: 0.745519
IPC: 0.741957
IPC: 0.745114
IPC: 0.744361
IPC: 0.708865
IPC: 0.71476
IPC: 0.733377
IPC: 0.737231
IPC: 0.745115
IPC: 0.748345
IPC: 0.695203
IPC: 0.723384
IPC: 0.733335
IPC: 0.742249
IPC: 0.745095
IPC: 0.742938
IPC: 0.745387
IPC: 0.74308
IPC: 0.713094
IPC: 0.710932
IPC: 0.734172
IPC: 0.737458
IPC: 0.745463
IPC: 0.746378
IPC: 0.698283
IPC: 0.721538
IPC: 0.733231
IPC: 0.741557
IPC: 0.74531
IPC: 0.744213
IPC: 0.745146
IPC: 0.742472
IPC: 0.715393
IPC: 0.709346
IPC: 0.735675
IPC: 0.73616
IPC: 0.745159
IPC: 0.745338
IPC: 0.702131
IPC: 0.718877
IPC: 0.732873
IPC: 0.740566
IPC: 0.745266
IPC: 0.744174
IPC: 0.74533
IPC: 0.74402
IPC: 0.718424
IPC: 0.707005
IPC: 0.733958
IPC: 0.735517
IPC: 0.745182
IPC: 0.745109
IPC: 0.744193
IPC: 0.745112
IPC: 0.732028
IPC: 0.697595
IPC: 0.732239
IPC: 0.734042
IPC: 0.743934
IPC: 0.74489
IPC: 0.719941
IPC: 0.705573
IPC: 0.733392
IPC: 0.735189
IPC: 0.745064
IPC: 0.744689
IPC: 0.744153
IPC: 0.745083
IPC: 0.73523
IPC: 0.698236
IPC: 0.729169
IPC: 0.736597
IPC: 0.74003
IPC: 0.745174
IPC: 0.722424
IPC: 0.704136
IPC: 0.733187
IPC: 0.735129
IPC: 0.745174
IPC: 0.744349
IPC: 0.744255
IPC: 0.745137
IPC: 0.73646
IPC: 0.700532
IPC: 0.726692
IPC: 0.733143
IPC: 0.260309
IPC: 0.228958
IPC: 0.165858
IPC: 0.258542
IPC: 0.255494
IPC: 0.258082
IPC: 0.753968
IPC: 0.770647
IPC: 0.776011
IPC: 0.777468
IPC: 0.778468
IPC: 0.770028
IPC: 0.763226
IPC: 0.771882
IPC: 0.779357
IPC: 0.763418
IPC: 0.767488
IPC: 0.77423
IPC: 0.779417
IPC: 0.777445
IPC: 0.773124
IPC: 0.760906
IPC: 0.771198
IPC: 0.779355
IPC: 0.766467
IPC: 0.765424
IPC: 0.773148
IPC: 0.779462
IPC: 0.777486
IPC: 0.777101
IPC: 0.757937
IPC: 0.770463
IPC: 0.77837
IPC: 0.771007
IPC: 0.762794
IPC: 0.771983
IPC: 0.778683
IPC: 0.777705
IPC: 0.779128
IPC: 0.758356
IPC: 0.770583
IPC: 0.776416
IPC: 0.778018
IPC: 0.778835
IPC: 0.768057
IPC: 0.764173
IPC: 0.772738
IPC: 0.779526
IPC: 0.761538
IPC: 0.768262
IPC: 0.775298
IPC: 0.779389
IPC: 0.777499
IPC: 0.771885
IPC: 0.761497
IPC: 0.771702
IPC: 0.779059
IPC: 0.765694
IPC: 0.765475
IPC: 0.774251
IPC: 0.778712
IPC: 0.778128
IPC: 0.77524
IPC: 0.758333
IPC: 0.700721
IPC: 0.447167
IPC: 0.736683
IPC: 0.708449
IPC: 0.73455
IPC: 0.736767
IPC: 0.745382
IPC: 0.745329
IPC: 0.74147
IPC: 0.745179
IPC: 0.748929
IPC: 0.695017
IPC: 0.723921
IPC: 0.733484
IPC: 0.742391
IPC: 0.745315
IPC: 0.730175
IPC: 0.698798
IPC: 0.733159
IPC: 0.733854
IPC: 0.744688
IPC: 0.745212
IPC: 0.742378
IPC: 0.745408
IPC: 0.746928
IPC: 0.697891
IPC: 0.722131
IPC: 0.73434
IPC: 0.740793
IPC: 0.745276
IPC: 0.735075
IPC: 0.698775
IPC: 0.729373
IPC: 0.736892
IPC: 0.740223
IPC: 0.74528
IPC: 0.744382
IPC: 0.74505
IPC: 0.745323
IPC: 0.701992
IPC: 0.719278
IPC: 0.735055
IPC: 0.738514
IPC: 0.745312
IPC: 0.739123
IPC: 0.696459
IPC: 0.730162
IPC: 0.733759
IPC: 0.740763
IPC: 0.745251
IPC: 0.743969
IPC: 0.745071
IPC: 0.74498
IPC: 0.705499
IPC: 0.717913
IPC: 0.73348
IPC: 0.737681
IPC: 0.74521
IPC: 0.746179
IPC: 0.743527
IPC: 0.745069
IPC: 0.720304
IPC: 0.70569
IPC: 0.733586
IPC: 0.735354
IPC: 0.745273
IPC: 0.745223
IPC: 0.707734
IPC: 0.715921
IPC: 0.733537
IPC: 0.737571
IPC: 0.745287
IPC: 0.748856
IPC: 0.740226
IPC: 0.745307
IPC: 0.723646
IPC: 0.703633
IPC: 0.733225
IPC: 0.735536
IPC: 0.745484
IPC: 0.745534
IPC: 0.711269
IPC: 0.711587
IPC: 0.734113
IPC: 0.737672
IPC: 0.745561
IPC: 0.746664
IPC: 0.74175
IPC: 0.745256
IPC: 0.729183
IPC: 0.702618
IPC: 0.733408
IPC: 0.716538
IPC: 0.225959
IPC: 0.155416
IPC: 0.258854
IPC: 0.258984
IPC: 0.23053
IPC: 0.345729
IPC: 0.757866
IPC: 0.771327
IPC: 0.776723
IPC: 0.777752
IPC: 0.778683
IPC: 0.765409
IPC: 0.765796
IPC: 0.774548
IPC: 0.778615
IPC: 0.758561
IPC: 0.771141
IPC: 0.775964
IPC: 0.777796
IPC: 0.778461
IPC: 0.769169
IPC: 0.763535
IPC: 0.77236
IPC: 0.779414
IPC: 0.763058
IPC: 0.767689
IPC: 0.774252
IPC: 0.779423
IPC: 0.77744
IPC: 0.773003
IPC: 0.76088
IPC: 0.771264
IPC: 0.77932
IPC: 0.766415
IPC: 0.765475
IPC: 0.773139
IPC: 0.779409
IPC: 0.777471
IPC: 0.777245
IPC: 0.75788
IPC: 0.770414
IPC: 0.778284
IPC: 0.778208
IPC: 0.778647
IPC: 0.764489
IPC: 0.766661
IPC: 0.774312
IPC: 0.778894
IPC: 0.758483
IPC: 0.770883
IPC: 0.775993
IPC: 0.778158
IPC: 0.778508
IPC: 0.768579
IPC: 0.763915
IPC: 0.772493
IPC: 0.779487
IPC: 0.762645
IPC: 0.767641
IPC: 0.774688
IPC: 0.77947
IPC: 0.777175
IPC: 0.772469
IPC: 0.760081
IPC: 0.591405
IPC: 0.506546
IPC: 0.737584
IPC: 0.712162
IPC: 0.73476
IPC: 0.736067
IPC: 0.746811
IPC: 0.747321
IPC: 0.74146
IPC: 0.745065
IPC: 0.744809
IPC: 0.695857
IPC: 0.727117
IPC: 0.733206
IPC: 0.742342
IPC: 0.745644
IPC: 0.729547
IPC: 0.699436
IPC: 0.733429
IPC: 0.733801
IPC: 0.745074
IPC: 0.745122
IPC: 0.742933
IPC: 0.745443
IPC: 0.746609
IPC: 0.699044
IPC: 0.721801
IPC: 0.735448
IPC: 0.739412
IPC: 0.745385
IPC: 0.737587
IPC: 0.697848
IPC: 0.73054
IPC: 0.734472
IPC: 0.740943
IPC: 0.74545
IPC: 0.744255
IPC: 0.745184
IPC: 0.745207
IPC: 0.706498
IPC: 0.717636
IPC: 0.733653
IPC: 0.737909
IPC: 0.745411
IPC: 0.749185
IPC: 0.694718
IPC: 0.724534
IPC: 0.733661
IPC: 0.74259
IPC: 0.745328
IPC: 0.743329
IPC: 0.745654
IPC: 0.745602
IPC: 0.71179
IPC: 0.71121
IPC: 0.734727
IPC: 0.738259
IPC: 0.745266
IPC: 0.745437
IPC: 0.742901
IPC: 0.745538
IPC: 0.729401
IPC: 0.700262
IPC: 0.733411
IPC: 0.733684
IPC: 0.745497
IPC: 0.745199
IPC: 0.719264
IPC: 0.70665
IPC: 0.733539
IPC: 0.735661
IPC: 0.745148
IPC: 0.745173
IPC: 0.744206
IPC: 0.74517
IPC: 0.736615
IPC: 0.697927
IPC: 0.730112
IPC: 0.73546
IPC: 0.740715
IPC: 0.745337
IPC: 0.727027
IPC: 0.701485
IPC: 0.733166
IPC: 0.736779
IPC: 0.74523
IPC: 0.745263
IPC: 0.741815
IPC: 0.746004
IPC: 0.749141
IPC: 0.699793
IPC: 0.721858
IPC: 0.735506
IPC: 0.300945
IPC: 0.228572
IPC: 0.164501
IPC: 0.255847
IPC: 0.258895
IPC: 0.233176
IPC: 0.756589
IPC: 0.76736
IPC: 0.773957
IPC: 0.779028
IPC: 0.777423
IPC: 0.773734
IPC: 0.76062
IPC: 0.770839
IPC: 0.779271
IPC: 0.767514
IPC: 0.764525
IPC: 0.773059
IPC: 0.779338
IPC: 0.777486
IPC: 0.777815
IPC: 0.758107
IPC: 0.771079
IPC: 0.77756
IPC: 0.770824
IPC: 0.762328
IPC: 0.771814
IPC: 0.778693
IPC: 0.778198
IPC: 0.778611
IPC: 0.758529
IPC: 0.771129
IPC: 0.775937
IPC: 0.775271
IPC: 0.759604
IPC: 0.770603
IPC: 0.778734
IPC: 0.778143
IPC: 0.778549
IPC: 0.763036
IPC: 0.767683
IPC: 0.77427
IPC: 0.779423
IPC: 0.777483
IPC: 0.773054
IPC: 0.760789
IPC: 0.771299
IPC: 0.77931
IPC: 0.767121
IPC: 0.76481
IPC: 0.773103
IPC: 0.77937
IPC: 0.777477
IPC: 0.777181
IPC: 0.758618
IPC: 0.769706
IPC: 0.779085
IPC: 0.770378
IPC: 0.762663
IPC: 0.771968
IPC: 0.778585
IPC: 0.77783
IPC: 0.77851
IPC: 0.757992
IPC: 0.769743
IPC: 0.426145
IPC: 0.739203
IPC: 0.71672
IPC: 0.732297
IPC: 0.734549
IPC: 0.741927
IPC: 0.747846
IPC: 0.742884
IPC: 0.745908
IPC: 0.745764
IPC: 0.712041
IPC: 0.712761
IPC: 0.732679
IPC: 0.73934
IPC: 0.745238
IPC: 0.745339
IPC: 0.700252
IPC: 0.720973
IPC: 0.735587
IPC: 0.739221
IPC: 0.745519
IPC: 0.744317
IPC: 0.745395
IPC: 0.745304
IPC: 0.718672
IPC: 0.707442
IPC: 0.733491
IPC: 0.735656
IPC: 0.745256
IPC: 0.745466
IPC: 0.708371
IPC: 0.715826
IPC: 0.733518
IPC: 0.740631
IPC: 0.74526
IPC: 0.746222
IPC: 0.740705
IPC: 0.745312
IPC: 0.726442
IPC: 0.701834
IPC: 0.735341
IPC: 0.734364
IPC: 0.745575
IPC: 0.74528
IPC: 0.712618
IPC: 0.712539
IPC: 0.732994
IPC: 0.73713
IPC: 0.74504
IPC: 0.745225
IPC: 0.74405
IPC: 0.745564
IPC: 0.732201
IPC: 0.696919
IPC: 0.733345
IPC: 0.734063
IPC: 0.744662
IPC: 0.745322
IPC: 0.744645
IPC: 0.745115
IPC: 0.745226
IPC: 0.699616
IPC: 0.721397
IPC: 0.735647
IPC: 0.739249
IPC: 0.745595
IPC: 0.737881
IPC: 0.697699
IPC: 0.730722
IPC: 0.73382
IPC: 0.741091
IPC: 0.745569
IPC: 0.744213
IPC: 0.745224
IPC: 0.745242
IPC: 0.707307
IPC: 0.71685
IPC: 0.733592
IPC: 0.740573
IPC: 0.745328
IPC: 0.746479
IPC: 0.69533
IPC: 0.724005
IPC: 0.733714
IPC: 0.742538
IPC: 0.745396
IPC: 0.743832
IPC: 0.746711
IPC: 0.745885
IPC: 0.718767
IPC: 0.708782
IPC: 0.73389
IPC: 0.467588
IPC: 0.228549
Total Instructions: 5729906
Total Cycles: 24647613

Two level cache hierarchy:
  L1-Data Cache:
    Size(KB):          32
    Block Size(B):     64
    Associativity:      8

  L2-Data Cache:
    Size(KB):        1024
    Block Size(B):    128
    Associativity:      8

Latencies:    1   10  150
L1-Sets: LRU assoc:   8
L2-Sets: LRU assoc:   8
Store_allocation: Yes
L2_inclusive: Yes

L1 Cache Stats:
L1-Load-Hits:        1819194914   98.76%
L1-Load-Misses:        22856824    1.24%
L1-Load-Accesses:    1842051738  100.00%

L1-Store-Hits:         168962298   97.01%
L1-Store-Misses:         5208801    2.99%
L1-Store-Accesses:     174171099  100.00%

L1-Total-Hits:        1988157212   98.61%
L1-Total-Misses:        28065625    1.39%
L1-Total-Accesses:    2016222837  100.00%

L2 Cache Stats:
L2-Load-Hits:          16636015   72.78%
L2-Load-Misses:         6220809   27.22%
L2-Load-Accesses:      22856824  100.00%

L2-Store-Hits:           2765809   53.10%
L2-Store-Misses:         2442992   46.90%
L2-Store-Accesses:       5208801  100.00%

L2-Total-Hits:          19401824   69.13%
L2-Total-Misses:         8663801   30.87%
L2-Total-Accesses:      28065625  100.00%

