IPC: 0.683068
IPC: 0.683781
IPC: 0.682935
IPC: 0.682524
IPC: 0.683012
IPC: 0.68297
IPC: 0.682185
IPC: 0.675729
IPC: 0.680491
IPC: 0.684211
IPC: 0.679782
IPC: 0.688671
IPC: 0.685956
IPC: 0.684481
IPC: 0.688768
IPC: 0.685548
IPC: 0.686347
IPC: 0.686838
IPC: 0.687718
IPC: 0.684557
IPC: 0.683935
IPC: 0.685565
IPC: 0.682207
IPC: 0.685992
IPC: 0.682403
IPC: 0.68174
IPC: 0.683343
IPC: 0.682787
IPC: 0.683614
IPC: 0.686953
IPC: 0.686134
IPC: 0.684223
IPC: 0.682872
IPC: 0.683401
IPC: 0.685129
IPC: 0.682884
IPC: 0.687678
IPC: 0.686114
IPC: 0.691534
IPC: 0.686478
IPC: 0.692398
IPC: 0.684518
IPC: 0.69199
IPC: 0.686877
IPC: 0.688503
IPC: 0.688134
IPC: 0.686558
IPC: 0.691381
IPC: 0.686419
IPC: 0.693635
IPC: 0.685764
IPC: 0.695671
IPC: 0.684924
IPC: 0.691304
IPC: 0.687441
IPC: 0.691069
IPC: 0.687423
IPC: 0.69089
IPC: 0.686305
IPC: 0.688731
IPC: 0.688717
IPC: 0.684565
IPC: 0.689913
IPC: 0.684117
IPC: 0.690564
IPC: 0.682712
IPC: 0.68513
IPC: 0.687805
IPC: 0.688902
IPC: 0.692299
IPC: 0.684038
IPC: 0.691545
IPC: 0.685263
IPC: 0.686871
IPC: 0.687969
IPC: 0.686554
IPC: 0.689906
IPC: 0.682542
IPC: 0.689682
IPC: 0.685393
IPC: 0.688302
IPC: 0.688591
IPC: 0.684416
IPC: 0.686532
IPC: 0.684184
IPC: 0.687608
IPC: 0.685531
IPC: 0.681852
IPC: 0.688697
IPC: 0.679388
IPC: 0.684622
IPC: 0.685126
IPC: 0.682097
IPC: 0.69229
IPC: 0.680983
IPC: 0.6859
IPC: 0.688331
IPC: 0.681597
IPC: 0.692108
IPC: 0.681247
IPC: 0.691659
IPC: 0.684528
IPC: 0.686607
IPC: 0.690482
IPC: 0.68967
IPC: 0.690399
IPC: 0.691784
IPC: 0.687586
IPC: 0.694989
IPC: 0.687121
IPC: 0.69308
IPC: 0.686192
IPC: 0.691928
IPC: 0.68946
IPC: 0.688058
IPC: 0.670346
IPC: 0.673675
IPC: 0.677242
IPC: 0.69338
IPC: 0.682621
IPC: 0.692266
IPC: 0.686092
IPC: 0.690136
IPC: 0.687947
IPC: 0.683917
IPC: 0.690651
IPC: 0.682649
IPC: 0.689556
IPC: 0.681076
IPC: 0.689079
IPC: 0.682176
IPC: 0.687387
IPC: 0.684404
IPC: 0.684109
IPC: 0.688821
IPC: 0.68338
IPC: 0.691042
IPC: 0.682025
IPC: 0.694466
IPC: 0.681943
IPC: 0.690893
IPC: 0.683974
IPC: 0.688714
IPC: 0.683716
IPC: 0.690867
IPC: 0.683945
IPC: 0.689019
IPC: 0.685419
IPC: 0.684167
IPC: 0.686539
IPC: 0.685773
IPC: 0.688312
IPC: 0.679746
IPC: 0.691082
IPC: 0.682014
IPC: 0.68972
IPC: 0.686188
IPC: 0.688554
IPC: 0.687071
IPC: 0.68865
IPC: 0.686449
IPC: 0.687129
IPC: 0.686441
IPC: 0.686268
IPC: 0.691028
IPC: 0.684965
IPC: 0.689549
IPC: 0.681459
IPC: 0.6862
IPC: 0.684579
IPC: 0.684136
IPC: 0.684611
IPC: 0.679214
IPC: 0.686582
IPC: 0.679595
IPC: 0.683779
IPC: 0.682726
IPC: 0.68069
IPC: 0.687695
IPC: 0.682239
IPC: 0.690343
IPC: 0.683269
IPC: 0.688296
IPC: 0.681028
IPC: 0.678778
IPC: 0.682542
IPC: 0.682355
IPC: 0.678931
IPC: 0.681681
IPC: 0.683396
IPC: 0.681862
IPC: 0.683176
IPC: 0.681536
IPC: 0.683555
IPC: 0.682301
IPC: 0.687775
IPC: 0.677062
IPC: 0.689158
IPC: 0.684421
IPC: 0.684934
IPC: 0.688299
IPC: 0.68375
IPC: 0.693088
IPC: 0.68159
IPC: 0.693877
IPC: 0.686039
IPC: 0.687684
IPC: 0.689465
IPC: 0.684143
IPC: 0.689293
IPC: 0.684368
IPC: 0.691782
IPC: 0.685191
IPC: 0.692066
IPC: 0.68584
IPC: 0.689797
IPC: 0.687606
IPC: 0.690342
IPC: 0.693995
IPC: 0.686192
IPC: 0.693092
IPC: 0.689791
IPC: 0.690902
IPC: 0.695675
IPC: 0.68633
IPC: 0.694358
IPC: 0.686362
IPC: 0.696469
IPC: 0.685875
IPC: 0.693958
IPC: 0.684711
IPC: 0.696401
IPC: 0.686134
IPC: 0.690238
IPC: 0.686053
IPC: 0.687583
IPC: 0.688143
IPC: 0.684279
IPC: 0.693573
IPC: 0.682507
IPC: 0.692259
IPC: 0.684098
IPC: 0.690879
IPC: 0.686575
IPC: 0.688254
IPC: 0.691233
IPC: 0.685082
IPC: 0.693429
IPC: 0.684718
IPC: 0.690056
IPC: 0.688831
IPC: 0.68286
IPC: 0.68024
IPC: 0.681419
IPC: 0.682076
IPC: 0.683146
IPC: 0.682674
IPC: 0.682851
IPC: 0.681911
IPC: 0.681854
IPC: 0.682155
IPC: 0.678057
IPC: 0.679289
IPC: 0.678277
IPC: 0.681812
IPC: 0.683564
IPC: 0.686657
IPC: 0.682298
IPC: 0.688546
IPC: 0.685853
IPC: 0.684477
IPC: 0.687865
IPC: 0.687
IPC: 0.684537
IPC: 0.684704
IPC: 0.684162
IPC: 0.685561
IPC: 0.681967
IPC: 0.681123
IPC: 0.68313
IPC: 0.680385
IPC: 0.681186
IPC: 0.685605
IPC: 0.68385
IPC: 0.683569
IPC: 0.683524
IPC: 0.685811
IPC: 0.683103
IPC: 0.683453
IPC: 0.682357
IPC: 0.685484
IPC: 0.685163
IPC: 0.686433
IPC: 0.688927
IPC: 0.686385
IPC: 0.689506
IPC: 0.684184
IPC: 0.691555
IPC: 0.683896
IPC: 0.691483
IPC: 0.684873
IPC: 0.689558
IPC: 0.688519
IPC: 0.686548
IPC: 0.691086
IPC: 0.686754
IPC: 0.691796
IPC: 0.686321
IPC: 0.691377
IPC: 0.685906
IPC: 0.693
IPC: 0.685549
IPC: 0.690843
IPC: 0.683797
IPC: 0.690674
IPC: 0.685048
IPC: 0.689017
IPC: 0.686672
IPC: 0.684598
IPC: 0.689952
IPC: 0.684302
IPC: 0.683766
IPC: 0.686014
IPC: 0.690484
IPC: 0.689002
IPC: 0.684912
IPC: 0.690462
IPC: 0.683387
IPC: 0.687691
IPC: 0.686488
IPC: 0.689147
IPC: 0.688255
IPC: 0.681668
IPC: 0.690522
IPC: 0.684936
IPC: 0.688928
IPC: 0.687601
IPC: 0.683927
IPC: 0.68703
IPC: 0.683831
IPC: 0.687161
IPC: 0.683213
IPC: 0.680858
IPC: 0.687766
IPC: 0.681105
IPC: 0.68291
IPC: 0.684509
IPC: 0.682081
IPC: 0.691531
IPC: 0.681401
IPC: 0.685231
IPC: 0.688521
IPC: 0.682321
IPC: 0.691517
IPC: 0.679187
IPC: 0.691621
IPC: 0.684766
IPC: 0.685711
IPC: 0.690127
IPC: 0.689071
IPC: 0.689702
IPC: 0.69259
IPC: 0.686931
IPC: 0.694484
IPC: 0.687266
IPC: 0.691913
IPC: 0.686261
IPC: 0.691419
IPC: 0.689041
IPC: 0.688326
IPC: 0.670648
IPC: 0.674344
IPC: 0.676981
IPC: 0.692385
IPC: 0.682981
IPC: 0.692131
IPC: 0.686678
IPC: 0.688351
IPC: 0.688249
IPC: 0.682422
IPC: 0.690735
IPC: 0.68276
IPC: 0.690253
IPC: 0.681227
IPC: 0.689658
IPC: 0.680883
IPC: 0.68621
IPC: 0.684824
IPC: 0.684899
IPC: 0.687053
IPC: 0.683468
IPC: 0.690604
IPC: 0.682919
IPC: 0.692231
IPC: 0.683581
IPC: 0.687515
IPC: 0.685372
IPC: 0.688995
IPC: 0.685137
IPC: 0.688579
IPC: 0.685989
IPC: 0.685889
IPC: 0.685868
IPC: 0.682634
IPC: 0.688489
IPC: 0.682295
IPC: 0.69109
IPC: 0.67719
IPC: 0.688927
IPC: 0.684985
IPC: 0.684928
IPC: 0.6897
IPC: 0.685606
IPC: 0.688803
IPC: 0.686209
IPC: 0.689987
IPC: 0.684319
IPC: 0.689509
IPC: 0.682395
IPC: 0.690998
IPC: 0.685588
IPC: 0.687991
IPC: 0.685361
IPC: 0.682536
IPC: 0.686312
IPC: 0.682634
IPC: 0.687857
IPC: 0.680239
IPC: 0.682652
IPC: 0.682098
IPC: 0.6802
IPC: 0.686789
IPC: 0.680825
IPC: 0.682494
IPC: 0.683926
IPC: 0.686392
IPC: 0.686532
IPC: 0.685139
IPC: 0.684167
IPC: 0.678154
IPC: 0.680754
IPC: 0.681201
IPC: 0.679672
IPC: 0.681931
IPC: 0.681371
IPC: 0.67795
IPC: 0.688623
IPC: 0.67554
IPC: 0.685976
IPC: 0.680095
IPC: 0.685314
IPC: 0.685432
IPC: 0.68254
IPC: 0.688328
IPC: 0.680018
IPC: 0.68871
IPC: 0.685466
IPC: 0.686971
IPC: 0.691463
IPC: 0.682776
IPC: 0.69372
IPC: 0.681054
IPC: 0.691775
IPC: 0.685182
IPC: 0.688022
IPC: 0.686856
IPC: 0.687379
IPC: 0.687782
IPC: 0.687528
IPC: 0.690709
IPC: 0.685533
IPC: 0.690788
IPC: 0.686417
IPC: 0.691352
IPC: 0.694035
IPC: 0.685829
IPC: 0.692891
IPC: 0.688249
IPC: 0.691282
IPC: 0.693053
IPC: 0.687219
IPC: 0.692482
IPC: 0.685973
IPC: 0.694588
IPC: 0.686652
IPC: 0.693352
IPC: 0.684579
IPC: 0.696512
IPC: 0.682255
IPC: 0.692358
IPC: 0.683355
IPC: 0.688982
IPC: 0.688031
IPC: 0.684866
IPC: 0.692596
IPC: 0.682378
IPC: 0.691477
IPC: 0.684246
IPC: 0.690146
IPC: 0.686078
IPC: 0.687212
IPC: 0.691785
IPC: 0.68554
IPC: 0.691421
IPC: 0.685843
IPC: 0.690017
IPC: 0.688426
IPC: 0.680845
IPC: 0.680256
IPC: 0.68127
IPC: 0.681923
IPC: 0.683149
IPC: 0.682646
IPC: 0.682848
IPC: 0.681703
IPC: 0.682094
IPC: 0.682305
IPC: 0.677635
IPC: 0.680987
IPC: 0.677838
IPC: 0.681988
IPC: 0.683679
IPC: 0.687729
IPC: 0.682308
IPC: 0.689259
IPC: 0.684649
IPC: 0.685005
IPC: 0.688328
IPC: 0.68658
IPC: 0.684983
IPC: 0.684918
IPC: 0.68439
IPC: 0.685004
IPC: 0.683157
IPC: 0.679629
IPC: 0.683776
IPC: 0.680042
IPC: 0.680967
IPC: 0.684367
IPC: 0.685515
IPC: 0.68295
IPC: 0.684122
IPC: 0.684765
IPC: 0.681352
IPC: 0.680849
IPC: 0.685974
IPC: 0.683613
IPC: 0.686174
IPC: 0.68491
IPC: 0.690813
IPC: 0.684438
IPC: 0.692871
IPC: 0.684069
IPC: 0.690528
IPC: 0.68405
IPC: 0.690342
IPC: 0.684703
IPC: 0.690415
IPC: 0.686473
IPC: 0.689145
IPC: 0.68942
IPC: 0.688893
IPC: 0.69132
IPC: 0.68641
IPC: 0.690488
IPC: 0.686279
IPC: 0.693814
IPC: 0.684996
IPC: 0.691258
IPC: 0.68356
IPC: 0.690368
IPC: 0.684653
IPC: 0.688293
IPC: 0.685232
IPC: 0.687236
IPC: 0.688547
IPC: 0.685436
IPC: 0.684612
IPC: 0.684586
IPC: 0.690133
IPC: 0.687612
IPC: 0.686399
IPC: 0.689267
IPC: 0.684129
IPC: 0.687422
IPC: 0.684406
IPC: 0.690109
IPC: 0.686624
IPC: 0.683676
IPC: 0.689476
IPC: 0.684493
IPC: 0.689933
IPC: 0.685705
IPC: 0.684585
IPC: 0.687518
IPC: 0.683777
IPC: 0.687727
IPC: 0.682282
IPC: 0.682192
IPC: 0.684944
IPC: 0.680813
IPC: 0.687326
IPC: 0.683179
IPC: 0.683583
IPC: 0.689806
IPC: 0.681994
IPC: 0.690479
IPC: 0.683281
IPC: 0.684687
IPC: 0.68713
IPC: 0.684028
IPC: 0.689623
IPC: 0.681067
IPC: 0.691625
IPC: 0.684075
IPC: 0.694194
IPC: 0.686023
IPC: 0.694228
IPC: 0.687375
IPC: 0.69055
IPC: 0.691066
IPC: 0.687006
IPC: 0.693657
IPC: 0.686589
IPC: 0.693777
IPC: 0.674494
IPC: 0.675316
IPC: 0.672753
IPC: 0.684799
IPC: 0.691831
IPC: 0.682704
IPC: 0.693091
IPC: 0.683118
IPC: 0.692524
IPC: 0.679242
IPC: 0.693056
IPC: 0.68326
IPC: 0.688609
IPC: 0.687312
IPC: 0.680554
IPC: 0.690522
IPC: 0.683663
IPC: 0.683618
IPC: 0.683379
IPC: 0.685974
IPC: 0.686647
IPC: 0.687176
IPC: 0.687747
IPC: 0.684486
IPC: 0.691608
IPC: 0.682484
IPC: 0.688095
IPC: 0.684203
IPC: 0.689036
IPC: 0.682759
IPC: 0.68961
IPC: 0.68318
IPC: 0.688076
IPC: 0.682366
IPC: 0.686088
IPC: 0.685844
IPC: 0.684414
IPC: 0.687235
IPC: 0.680425
IPC: 0.688846
IPC: 0.682507
IPC: 0.688741
IPC: 0.685793
IPC: 0.689815
IPC: 0.685635
IPC: 0.688579
IPC: 0.684401
IPC: 0.689394
IPC: 0.683957
IPC: 0.686143
IPC: 0.689916
IPC: 0.684129
IPC: 0.687163
IPC: 0.681319
IPC: 0.687746
IPC: 0.683269
IPC: 0.6853
IPC: 0.68103
IPC: 0.679075
IPC: 0.68682
IPC: 0.679656
IPC: 0.68429
IPC: 0.683357
IPC: 0.67921
IPC: 0.686592
IPC: 0.682006
IPC: 0.690704
IPC: 0.682401
IPC: 0.68828
IPC: 0.680589
IPC: 0.678147
IPC: 0.682662
IPC: 0.682249
IPC: 0.678732
IPC: 0.681542
IPC: 0.680636
IPC: 0.682377
IPC: 0.68183
IPC: 0.681093
IPC: 0.682754
IPC: 0.682184
IPC: 0.686193
IPC: 0.677952
IPC: 0.68735
IPC: 0.684713
IPC: 0.685197
IPC: 0.689343
IPC: 0.680922
IPC: 0.693699
IPC: 0.68444
IPC: 0.688923
IPC: 0.688889
IPC: 0.683848
IPC: 0.692311
IPC: 0.680544
IPC: 0.693222
IPC: 0.680929
IPC: 0.689177
IPC: 0.687026
IPC: 0.689709
IPC: 0.687998
IPC: 0.688771
IPC: 0.692196
IPC: 0.686422
IPC: 0.692741
IPC: 0.689681
IPC: 0.689219
IPC: 0.694723
IPC: 0.686253
IPC: 0.694735
IPC: 0.68812
IPC: 0.691565
IPC: 0.690165
IPC: 0.689694
IPC: 0.692971
IPC: 0.687302
IPC: 0.690661
IPC: 0.686819
IPC: 0.692749
IPC: 0.683634
IPC: 0.691506
IPC: 0.682292
IPC: 0.694786
IPC: 0.680593
IPC: 0.693091
IPC: 0.685435
IPC: 0.686436
IPC: 0.689649
IPC: 0.684986
IPC: 0.693233
IPC: 0.683359
IPC: 0.691952
IPC: 0.685701
IPC: 0.688017
IPC: 0.692125
IPC: 0.68306
IPC: 0.691096
IPC: 0.684205
IPC: 0.679659
IPC: 0.680784
Total Instructions: 9817467
Total Cycles: 14403527

Two level cache hierarchy:
  L1-Data Cache:
    Size(KB):          32
    Block Size(B):     64
    Associativity:      8

  L2-Data Cache:
    Size(KB):        1024
    Block Size(B):    128
    Associativity:      8

Latencies:    1   10  150
L1-Sets: LRU assoc:   8
L2-Sets: LRU assoc:   8
Store_allocation: Yes
L2_inclusive: Yes

L1 Cache Stats:
L1-Load-Hits:        2214499970   99.84%
L1-Load-Misses:         3559050    0.16%
L1-Load-Accesses:    2218059020  100.00%

L1-Store-Hits:        1099426059   99.94%
L1-Store-Misses:          605366    0.06%
L1-Store-Accesses:    1100031425  100.00%

L1-Total-Hits:        3313926029   99.87%
L1-Total-Misses:         4164416    0.13%
L1-Total-Accesses:    3318090445  100.00%

L2 Cache Stats:
L2-Load-Hits:           2789975   78.39%
L2-Load-Misses:          769075   21.61%
L2-Load-Accesses:       3559050  100.00%

L2-Store-Hits:            410619   67.83%
L2-Store-Misses:          194747   32.17%
L2-Store-Accesses:        605366  100.00%

L2-Total-Hits:           3200594   76.86%
L2-Total-Misses:          963822   23.14%
L2-Total-Accesses:       4164416  100.00%

