IPC: 0.605749
IPC: 0.632435
IPC: 0.632442
IPC: 0.632435
IPC: 0.632441
IPC: 0.632435
IPC: 0.632435
IPC: 0.632441
IPC: 0.632435
IPC: 0.632435
IPC: 0.632442
IPC: 0.455862
IPC: 0.373449
IPC: 0.346399
IPC: 0.346171
IPC: 0.342084
IPC: 0.348564
IPC: 0.34541
IPC: 0.342255
IPC: 0.359241
IPC: 0.344508
IPC: 0.343292
IPC: 0.342605
IPC: 0.342962
IPC: 0.371358
IPC: 0.342582
IPC: 0.344723
IPC: 0.342511
IPC: 0.342611
IPC: 0.343196
IPC: 0.342788
IPC: 0.343735
IPC: 0.344369
IPC: 0.34683
IPC: 0.337476
IPC: 0.344999
IPC: 0.346655
IPC: 0.346792
IPC: 0.343446
IPC: 0.346409
IPC: 0.345085
IPC: 0.34657
IPC: 0.347025
IPC: 0.347118
IPC: 0.347029
IPC: 0.347078
IPC: 0.347101
IPC: 0.347193
IPC: 0.347161
IPC: 0.347152
IPC: 0.347202
IPC: 0.34712
IPC: 0.347145
IPC: 0.347196
IPC: 0.347137
IPC: 0.34725
IPC: 0.347296
IPC: 0.346972
IPC: 0.347052
IPC: 0.346944
IPC: 0.344061
IPC: 0.347101
IPC: 0.347181
IPC: 0.347078
IPC: 0.347233
IPC: 0.347138
IPC: 0.347126
IPC: 0.34713
IPC: 0.347099
IPC: 0.347196
IPC: 0.347135
IPC: 0.347094
IPC: 0.347139
IPC: 0.347164
IPC: 0.347277
IPC: 0.347123
IPC: 0.347014
IPC: 0.347078
IPC: 0.347004
IPC: 0.347125
IPC: 0.3472
IPC: 0.34648
IPC: 0.344322
IPC: 0.34727
IPC: 0.347103
IPC: 0.347109
IPC: 0.347111
IPC: 0.347267
IPC: 0.347206
IPC: 0.347245
IPC: 0.347238
IPC: 0.347084
IPC: 0.346956
IPC: 0.347084
IPC: 0.347182
IPC: 0.347142
IPC: 0.34708
IPC: 0.34713
IPC: 0.347156
IPC: 0.347215
IPC: 0.347183
IPC: 0.34716
IPC: 0.347178
IPC: 0.344752
IPC: 0.346249
IPC: 0.347126
IPC: 0.347208
IPC: 0.347113
IPC: 0.347207
IPC: 0.347224
IPC: 0.347224
IPC: 0.347264
IPC: 0.347503
IPC: 0.347388
IPC: 0.347111
IPC: 0.347053
IPC: 0.347094
IPC: 0.347002
IPC: 0.347128
IPC: 0.347155
IPC: 0.347158
IPC: 0.347155
IPC: 0.347232
IPC: 0.347136
IPC: 0.347109
IPC: 0.34407
IPC: 0.347103
IPC: 0.347231
IPC: 0.347318
IPC: 0.34704
IPC: 0.347034
IPC: 0.346971
IPC: 0.34716
IPC: 0.347147
IPC: 0.347152
IPC: 0.347094
IPC: 0.347134
IPC: 0.347221
IPC: 0.347124
IPC: 0.347109
IPC: 0.347113
IPC: 0.34712
IPC: 0.347197
IPC: 0.347098
IPC: 0.34716
IPC: 0.34707
IPC: 0.347345
IPC: 0.344037
IPC: 0.34698
IPC: 0.34708
IPC: 0.346997
IPC: 0.347112
IPC: 0.347188
IPC: 0.346951
IPC: 0.347042
IPC: 0.347226
IPC: 0.347173
IPC: 0.347075
IPC: 0.347084
IPC: 0.347212
IPC: 0.347259
IPC: 0.347226
IPC: 0.347188
IPC: 0.34719
IPC: 0.346966
IPC: 0.34704
IPC: 0.347189
IPC: 0.347154
IPC: 0.347084
IPC: 0.343946
IPC: 0.347159
IPC: 0.347197
IPC: 0.347198
IPC: 0.347167
IPC: 0.347167
IPC: 0.347032
IPC: 0.347161
IPC: 0.347145
IPC: 0.34718
IPC: 0.347124
IPC: 0.347153
IPC: 0.347225
IPC: 0.347225
IPC: 0.34724
IPC: 0.347367
IPC: 0.347516
IPC: 0.347217
IPC: 0.34702
IPC: 0.347139
IPC: 0.346983
IPC: 0.345755
IPC: 0.345329
IPC: 0.347175
IPC: 0.347111
IPC: 0.347237
IPC: 0.347155
IPC: 0.347123
IPC: 0.347203
IPC: 0.34718
IPC: 0.347166
IPC: 0.347265
IPC: 0.347133
IPC: 0.347036
IPC: 0.346986
IPC: 0.34709
IPC: 0.347169
IPC: 0.347127
IPC: 0.347115
IPC: 0.347091
IPC: 0.34726
IPC: 0.347128
IPC: 0.347113
IPC: 0.344014
IPC: 0.347055
IPC: 0.347201
IPC: 0.34709
IPC: 0.347175
IPC: 0.347068
IPC: 0.347283
IPC: 0.347253
IPC: 0.34706
IPC: 0.347043
IPC: 0.347017
IPC: 0.347043
IPC: 0.347208
IPC: 0.347176
IPC: 0.347047
IPC: 0.346943
IPC: 0.346969
IPC: 0.347122
IPC: 0.347235
IPC: 0.347185
IPC: 0.347077
IPC: 0.347137
IPC: 0.343974
IPC: 0.347209
IPC: 0.347188
IPC: 0.347158
IPC: 0.347159
IPC: 0.347094
IPC: 0.347228
IPC: 0.34706
IPC: 0.347186
IPC: 0.347211
IPC: 0.34721
IPC: 0.347142
IPC: 0.34717
IPC: 0.347143
IPC: 0.347087
IPC: 0.347139
IPC: 0.347114
IPC: 0.34694
IPC: 0.347266
IPC: 0.347175
IPC: 0.347085
IPC: 0.347148
IPC: 0.343981
IPC: 0.34722
IPC: 0.347284
IPC: 0.347352
IPC: 0.347159
IPC: 0.347207
IPC: 0.347126
IPC: 0.34709
IPC: 0.347112
IPC: 0.347177
IPC: 0.347072
IPC: 0.347077
IPC: 0.347202
IPC: 0.347123
IPC: 0.347052
IPC: 0.34699
IPC: 0.347141
IPC: 0.347212
IPC: 0.347121
IPC: 0.347018
IPC: 0.347232
IPC: 0.347204
IPC: 0.344092
IPC: 0.347249
IPC: 0.347215
IPC: 0.347176
IPC: 0.347267
IPC: 0.347187
IPC: 0.347137
IPC: 0.347038
IPC: 0.34695
IPC: 0.347109
IPC: 0.347168
IPC: 0.347081
IPC: 0.347063
IPC: 0.347166
IPC: 0.347384
IPC: 0.347488
IPC: 0.347126
IPC: 0.347019
IPC: 0.347032
IPC: 0.347161
IPC: 0.347133
IPC: 0.345501
IPC: 0.345194
IPC: 0.347103
IPC: 0.347189
IPC: 0.347206
IPC: 0.34711
IPC: 0.347139
IPC: 0.347127
IPC: 0.347223
IPC: 0.347181
IPC: 0.347146
IPC: 0.347131
IPC: 0.347135
IPC: 0.347148
IPC: 0.347188
IPC: 0.347058
IPC: 0.34726
IPC: 0.347163
IPC: 0.34721
IPC: 0.347127
IPC: 0.347208
IPC: 0.347045
IPC: 0.343975
IPC: 0.347221
IPC: 0.346862
IPC: 0.347227
IPC: 0.347218
IPC: 0.347086
IPC: 0.347137
IPC: 0.347145
IPC: 0.347217
IPC: 0.347248
IPC: 0.347318
IPC: 0.347213
IPC: 0.347177
IPC: 0.347178
IPC: 0.34709
IPC: 0.347081
IPC: 0.347163
IPC: 0.347119
IPC: 0.347027
IPC: 0.347234
IPC: 0.347145
IPC: 0.347097
IPC: 0.343785
IPC: 0.347102
IPC: 0.347237
IPC: 0.347125
IPC: 0.347035
IPC: 0.347186
IPC: 0.347215
IPC: 0.34726
IPC: 0.347236
IPC: 0.347247
IPC: 0.347142
IPC: 0.347221
IPC: 0.347253
IPC: 0.347134
IPC: 0.347071
IPC: 0.346943
IPC: 0.347045
IPC: 0.347186
IPC: 0.34713
IPC: 0.347057
IPC: 0.347074
IPC: 0.347298
IPC: 0.344493
IPC: 0.347155
IPC: 0.346996
IPC: 0.34702
IPC: 0.34716
IPC: 0.347125
IPC: 0.347006
IPC: 0.346942
IPC: 0.347039
IPC: 0.347163
IPC: 0.347204
IPC: 0.34713
IPC: 0.347115
IPC: 0.347138
IPC: 0.34717
IPC: 0.347195
IPC: 0.347151
IPC: 0.347145
IPC: 0.347162
IPC: 0.347106
IPC: 0.347251
IPC: 0.347192
IPC: 0.343908
IPC: 0.34719
IPC: 0.347188
IPC: 0.347151
IPC: 0.347203
IPC: 0.347076
IPC: 0.347108
IPC: 0.347234
IPC: 0.346976
IPC: 0.347076
IPC: 0.347199
IPC: 0.347155
IPC: 0.347094
IPC: 0.347159
IPC: 0.347165
IPC: 0.347238
IPC: 0.34728
IPC: 0.347308
IPC: 0.347151
IPC: 0.347218
IPC: 0.347087
IPC: 0.344892
IPC: 0.346188
IPC: 0.347155
IPC: 0.346978
IPC: 0.347017
IPC: 0.347079
IPC: 0.347175
IPC: 0.347216
IPC: 0.347078
IPC: 0.346997
IPC: 0.347002
IPC: 0.347109
IPC: 0.347206
IPC: 0.347153
IPC: 0.34712
IPC: 0.34704
IPC: 0.347173
IPC: 0.347125
IPC: 0.347136
IPC: 0.347168
IPC: 0.347041
IPC: 0.347135
IPC: 0.343894
IPC: 0.347282
IPC: 0.346996
IPC: 0.347207
IPC: 0.347158
IPC: 0.347253
IPC: 0.347031
IPC: 0.347154
IPC: 0.347195
IPC: 0.347243
IPC: 0.34725
IPC: 0.347225
IPC: 0.347186
IPC: 0.347169
IPC: 0.347128
IPC: 0.347018
IPC: 0.347185
IPC: 0.347247
IPC: 0.347162
IPC: 0.347137
IPC: 0.347187
IPC: 0.347221
IPC: 0.344149
IPC: 0.347164
IPC: 0.347285
IPC: 0.347049
IPC: 0.347078
IPC: 0.347207
IPC: 0.347086
IPC: 0.346929
IPC: 0.346883
IPC: 0.347066
IPC: 0.347141
IPC: 0.347397
IPC: 0.34739
IPC: 0.34714
IPC: 0.347261
IPC: 0.347179
IPC: 0.347052
IPC: 0.347017
IPC: 0.34718
IPC: 0.347212
IPC: 0.347157
IPC: 0.347207
IPC: 0.34406
IPC: 0.347207
IPC: 0.347138
IPC: 0.347128
IPC: 0.347175
IPC: 0.347144
IPC: 0.347116
IPC: 0.34718
IPC: 0.347105
IPC: 0.347131
IPC: 0.347037
IPC: 0.347027
IPC: 0.347142
IPC: 0.347202
IPC: 0.347148
IPC: 0.346973
IPC: 0.347011
IPC: 0.347065
IPC: 0.34721
IPC: 0.347178
IPC: 0.347146
IPC: 0.346896
IPC: 0.34412
IPC: 0.347159
IPC: 0.347094
IPC: 0.347182
IPC: 0.34709
IPC: 0.347085
IPC: 0.347093
IPC: 0.347228
IPC: 0.347092
IPC: 0.347114
IPC: 0.347166
IPC: 0.347209
IPC: 0.347125
IPC: 0.347076
IPC: 0.347199
IPC: 0.347198
IPC: 0.347231
IPC: 0.347265
IPC: 0.347239
IPC: 0.347128
IPC: 0.347223
IPC: 0.344786
IPC: 0.346166
IPC: 0.347266
IPC: 0.347146
IPC: 0.347163
IPC: 0.34717
IPC: 0.34722
IPC: 0.347285
IPC: 0.347242
IPC: 0.347237
IPC: 0.347109
IPC: 0.347039
IPC: 0.347153
IPC: 0.347176
IPC: 0.346978
IPC: 0.346871
IPC: 0.346982
IPC: 0.347106
IPC: 0.347262
IPC: 0.34758
IPC: 0.347083
IPC: 0.347278
IPC: 0.344072
IPC: 0.347071
IPC: 0.346989
IPC: 0.347133
IPC: 0.34723
IPC: 0.347136
IPC: 0.347221
IPC: 0.347228
IPC: 0.347241
IPC: 0.347123
IPC: 0.347126
IPC: 0.347142
IPC: 0.347176
IPC: 0.347116
IPC: 0.347146
IPC: 0.347127
IPC: 0.347104
IPC: 0.347091
IPC: 0.347011
IPC: 0.347112
IPC: 0.347179
IPC: 0.347272
IPC: 0.343784
IPC: 0.347014
IPC: 0.347009
IPC: 0.347202
IPC: 0.347197
IPC: 0.347144
IPC: 0.34703
IPC: 0.347152
IPC: 0.34717
IPC: 0.347125
IPC: 0.347121
IPC: 0.347118
IPC: 0.34708
IPC: 0.3471
IPC: 0.347156
IPC: 0.347169
IPC: 0.347043
IPC: 0.347194
IPC: 0.34719
IPC: 0.347245
IPC: 0.34696
IPC: 0.347224
IPC: 0.344023
IPC: 0.347251
IPC: 0.347244
IPC: 0.347266
IPC: 0.347151
IPC: 0.347185
IPC: 0.347043
IPC: 0.347117
IPC: 0.347233
IPC: 0.347183
IPC: 0.347129
IPC: 0.347161
IPC: 0.34721
IPC: 0.347255
IPC: 0.347258
IPC: 0.347203
IPC: 0.347276
IPC: 0.347122
IPC: 0.34731
IPC: 0.347214
IPC: 0.346997
IPC: 0.34556
IPC: 0.345482
IPC: 0.346984
IPC: 0.344385
IPC: 0.347233
IPC: 0.347305
IPC: 0.347295
IPC: 0.347256
IPC: 0.347243
IPC: 0.347234
IPC: 0.347364
IPC: 0.347342
IPC: 0.347271
IPC: 0.346324
IPC: 0.344908
IPC: 0.347332
IPC: 0.347191
IPC: 0.34726
IPC: 0.347257
IPC: 0.34726
IPC: 0.347235
IPC: 0.347162
IPC: 0.347178
IPC: 0.347288
IPC: 0.347253
IPC: 0.347407
IPC: 0.347478
IPC: 0.347334
IPC: 0.347344
IPC: 0.347252
IPC: 0.347295
IPC: 0.34734
IPC: 0.347284
IPC: 0.347251
IPC: 0.347357
IPC: 0.344126
IPC: 0.347201
IPC: 0.347214
IPC: 0.347243
IPC: 0.34724
IPC: 0.347332
IPC: 0.347291
IPC: 0.347128
IPC: 0.347053
IPC: 0.347184
IPC: 0.34724
IPC: 0.347176
IPC: 0.347058
IPC: 0.343755
IPC: 0.345732
IPC: 0.347271
IPC: 0.347307
IPC: 0.347255
IPC: 0.347231
IPC: 0.347286
IPC: 0.347341
IPC: 0.347258
IPC: 0.34726
IPC: 0.3472
IPC: 0.347318
IPC: 0.347229
IPC: 0.347224
IPC: 0.347347
IPC: 0.347328
IPC: 0.347104
IPC: 0.343946
IPC: 0.347338
IPC: 0.347355
IPC: 0.347361
IPC: 0.347226
IPC: 0.347347
IPC: 0.347352
IPC: 0.347188
IPC: 0.34722
IPC: 0.347223
IPC: 0.347182
IPC: 0.347187
IPC: 0.347247
IPC: 0.34729
IPC: 0.347287
IPC: 0.347259
IPC: 0.347258
IPC: 0.347229
IPC: 0.34739
IPC: 0.347336
IPC: 0.347248
IPC: 0.347298
IPC: 0.343954
IPC: 0.347314
IPC: 0.347191
IPC: 0.347265
IPC: 0.347269
IPC: 0.347232
IPC: 0.347243
IPC: 0.347193
IPC: 0.34717
IPC: 0.347264
IPC: 0.347252
IPC: 0.347281
IPC: 0.343314
IPC: 0.346144
IPC: 0.347415
IPC: 0.347304
IPC: 0.34733
IPC: 0.347351
IPC: 0.347315
IPC: 0.347281
IPC: 0.347328
IPC: 0.347343
IPC: 0.347296
IPC: 0.347233
IPC: 0.347268
IPC: 0.347216
IPC: 0.347273
IPC: 0.347366
IPC: 0.347288
IPC: 0.347099
IPC: 0.34714
IPC: 0.347253
IPC: 0.344119
IPC: 0.34714
IPC: 0.347605
IPC: 0.347323
IPC: 0.347332
IPC: 0.347319
IPC: 0.347271
IPC: 0.3473
IPC: 0.347297
IPC: 0.347344
IPC: 0.347289
IPC: 0.347271
IPC: 0.347253
IPC: 0.347383
IPC: 0.347254
IPC: 0.347211
IPC: 0.347327
IPC: 0.347378
IPC: 0.347126
IPC: 0.347168
IPC: 0.347408
IPC: 0.344195
IPC: 0.347343
IPC: 0.347221
IPC: 0.347415
IPC: 0.347388
IPC: 0.347186
IPC: 0.347283
IPC: 0.347272
IPC: 0.347151
IPC: 0.347218
IPC: 0.34726
IPC: 0.347318
IPC: 0.34733
IPC: 0.347312
IPC: 0.347291
IPC: 0.347235
IPC: 0.34735
IPC: 0.347377
IPC: 0.347279
IPC: 0.34716
IPC: 0.347339
IPC: 0.346679
IPC: 0.344708
IPC: 0.347247
IPC: 0.347281
IPC: 0.347303
IPC: 0.347271
IPC: 0.347207
IPC: 0.347218
IPC: 0.347323
IPC: 0.347261
IPC: 0.347467
IPC: 0.347457
IPC: 0.34735
IPC: 0.347372
IPC: 0.347304
IPC: 0.34734
IPC: 0.3473
IPC: 0.347287
IPC: 0.347348
IPC: 0.347341
IPC: 0.347318
IPC: 0.347265
IPC: 0.344072
IPC: 0.347213
IPC: 0.347258
IPC: 0.347404
IPC: 0.347294
IPC: 0.34727
IPC: 0.347245
IPC: 0.347311
IPC: 0.347315
IPC: 0.347203
IPC: 0.347236
IPC: 0.347328
IPC: 0.347305
IPC: 0.347289
IPC: 0.347331
IPC: 0.34729
IPC: 0.347238
IPC: 0.347173
IPC: 0.347324
IPC: 0.347305
IPC: 0.347379
IPC: 0.345443
IPC: 0.345903
IPC: 0.347291
IPC: 0.347308
IPC: 0.347356
IPC: 0.347242
IPC: 0.347339
IPC: 0.347292
IPC: 0.34721
IPC: 0.347202
IPC: 0.347316
IPC: 0.347335
IPC: 0.347263
IPC: 0.347242
IPC: 0.347308
IPC: 0.347301
IPC: 0.347208
IPC: 0.347354
IPC: 0.347395
IPC: 0.347212
IPC: 0.347317
IPC: 0.347256
IPC: 0.344174
IPC: 0.347351
IPC: 0.34712
IPC: 0.343569
IPC: 0.347081
IPC: 0.347236
IPC: 0.347196
IPC: 0.347175
IPC: 0.347086
IPC: 0.347042
IPC: 0.347126
IPC: 0.34719
IPC: 0.347124
IPC: 0.347085
IPC: 0.347025
IPC: 0.344008
IPC: 0.347108
IPC: 0.34744
IPC: 0.347128
IPC: 0.347162
IPC: 0.347118
IPC: 0.347254
IPC: 0.347205
IPC: 0.347104
IPC: 0.347152
IPC: 0.347126
IPC: 0.347169
IPC: 0.347316
IPC: 0.347269
IPC: 0.347107
IPC: 0.347113
IPC: 0.347041
IPC: 0.347106
IPC: 0.347261
IPC: 0.347136
IPC: 0.347149
IPC: 0.346184
IPC: 0.344913
IPC: 0.347163
IPC: 0.347042
IPC: 0.347159
IPC: 0.347199
IPC: 0.347153
IPC: 0.347164
IPC: 0.347177
IPC: 0.347144
IPC: 0.34707
IPC: 0.347087
IPC: 0.347154
IPC: 0.347208
IPC: 0.347163
IPC: 0.347126
IPC: 0.347105
IPC: 0.347165
IPC: 0.347208
IPC: 0.347152
IPC: 0.347116
IPC: 0.347211
IPC: 0.343968
IPC: 0.34703
IPC: 0.347117
IPC: 0.347217
IPC: 0.347206
IPC: 0.347042
IPC: 0.347127
IPC: 0.347197
IPC: 0.347095
IPC: 0.347144
IPC: 0.347225
IPC: 0.347167
IPC: 0.34711
IPC: 0.347182
IPC: 0.347112
IPC: 0.347173
IPC: 0.347222
IPC: 0.347447
IPC: 0.34719
IPC: 0.347213
IPC: 0.347228
IPC: 0.344012
IPC: 0.347128
IPC: 0.347018
IPC: 0.347168
IPC: 0.347176
IPC: 0.347109
IPC: 0.34712
IPC: 0.347022
IPC: 0.347098
IPC: 0.347161
IPC: 0.347301
IPC: 0.347266
IPC: 0.347116
IPC: 0.347155
IPC: 0.347168
IPC: 0.34722
IPC: 0.347153
IPC: 0.347105
IPC: 0.347197
IPC: 0.347126
IPC: 0.347203
IPC: 0.346737
IPC: 0.344566
IPC: 0.347198
IPC: 0.347039
IPC: 0.3471
IPC: 0.347213
IPC: 0.347182
IPC: 0.347125
IPC: 0.347118
IPC: 0.347127
IPC: 0.347179
IPC: 0.347098
IPC: 0.347083
IPC: 0.347195
IPC: 0.347159
IPC: 0.34712
IPC: 0.347175
IPC: 0.347164
IPC: 0.347161
IPC: 0.347015
IPC: 0.347164
IPC: 0.347171
IPC: 0.344062
IPC: 0.347105
IPC: 0.347119
IPC: 0.347199
IPC: 0.347167
IPC: 0.347168
IPC: 0.347135
IPC: 0.347177
IPC: 0.34712
IPC: 0.347082
IPC: 0.347097
IPC: 0.347166
IPC: 0.34718
IPC: 0.347141
IPC: 0.347074
IPC: 0.347129
IPC: 0.347159
IPC: 0.347112
IPC: 0.347233
IPC: 0.347214
IPC: 0.347089
IPC: 0.34404
IPC: 0.347074
IPC: 0.347172
IPC: 0.34723
IPC: 0.347259
IPC: 0.347184
IPC: 0.347215
IPC: 0.347156
IPC: 0.347178
IPC: 0.347188
IPC: 0.347132
IPC: 0.347108
IPC: 0.347171
IPC: 0.347161
IPC: 0.347142
IPC: 0.347112
IPC: 0.347191
IPC: 0.347181
IPC: 0.347213
IPC: 0.342527
IPC: 0.344737
IPC: 0.347348
IPC: 0.347205
IPC: 0.347049
IPC: 0.342964
IPC: 0.347221
IPC: 0.347211
IPC: 0.347202
IPC: 0.347251
IPC: 0.347198
IPC: 0.347186
IPC: 0.347275
IPC: 0.347217
IPC: 0.347178
IPC: 0.347239
IPC: 0.345368
IPC: 0.345821
IPC: 0.347141
IPC: 0.347164
IPC: 0.347447
IPC: 0.34718
IPC: 0.347147
IPC: 0.347149
IPC: 0.347231
IPC: 0.347243
IPC: 0.347186
IPC: 0.347163
IPC: 0.347324
IPC: 0.34732
IPC: 0.34717
IPC: 0.347107
IPC: 0.347134
IPC: 0.34708
IPC: 0.347219
IPC: 0.347156
IPC: 0.347209
IPC: 0.347184
IPC: 0.343981
IPC: 0.347143
IPC: 0.347225
IPC: 0.347229
IPC: 0.34718
IPC: 0.347187
IPC: 0.347131
IPC: 0.347212
IPC: 0.34724
IPC: 0.34718
IPC: 0.347093
IPC: 0.347173
IPC: 0.347194
IPC: 0.347115
IPC: 0.347166
IPC: 0.347167
IPC: 0.347193
IPC: 0.347281
IPC: 0.347165
IPC: 0.347183
IPC: 0.34725
IPC: 0.344047
IPC: 0.347232
IPC: 0.347171
IPC: 0.347297
IPC: 0.347234
IPC: 0.347155
IPC: 0.347183
IPC: 0.34722
IPC: 0.347179
IPC: 0.347175
IPC: 0.347221
IPC: 0.347223
IPC: 0.347228
IPC: 0.347322
IPC: 0.347431
IPC: 0.347407
IPC: 0.347302
IPC: 0.347248
IPC: 0.347444
IPC: 0.347186
IPC: 0.347256
IPC: 0.344018
IPC: 0.347242
IPC: 0.347227
IPC: 0.347216
IPC: 0.347274
IPC: 0.347203
IPC: 0.347198
IPC: 0.347194
IPC: 0.347197
IPC: 0.347173
IPC: 0.34719
IPC: 0.347159
IPC: 0.347277
IPC: 0.347337
IPC: 0.347131
IPC: 0.347091
IPC: 0.347177
IPC: 0.347282
IPC: 0.347282
IPC: 0.347117
IPC: 0.3472
IPC: 0.346531
IPC: 0.344931
IPC: 0.347081
IPC: 0.347201
IPC: 0.347104
IPC: 0.347136
IPC: 0.347182
IPC: 0.347186
IPC: 0.347217
IPC: 0.347131
IPC: 0.347161
IPC: 0.347196
IPC: 0.347207
IPC: 0.34721
IPC: 0.347161
IPC: 0.347155
IPC: 0.347116
IPC: 0.347223
IPC: 0.347289
IPC: 0.347115
IPC: 0.347099
IPC: 0.34727
IPC: 0.343917
IPC: 0.347126
IPC: 0.347192
IPC: 0.347259
IPC: 0.347246
IPC: 0.347162
IPC: 0.347169
IPC: 0.34726
IPC: 0.347198
IPC: 0.347228
IPC: 0.347203
IPC: 0.347239
IPC: 0.347247
IPC: 0.347211
IPC: 0.347129
IPC: 0.34719
IPC: 0.34717
IPC: 0.347231
IPC: 0.347191
IPC: 0.347235
IPC: 0.347236
IPC: 0.34407
IPC: 0.347451
IPC: 0.34745
IPC: 0.347376
IPC: 0.347217
IPC: 0.3474
IPC: 0.347242
IPC: 0.347255
IPC: 0.347179
IPC: 0.347205
IPC: 0.347262
IPC: 0.347207
IPC: 0.347221
IPC: 0.347253
IPC: 0.347185
IPC: 0.347149
IPC: 0.347205
IPC: 0.347214
IPC: 0.347213
IPC: 0.347167
IPC: 0.347132
IPC: 0.344908
IPC: 0.346526
IPC: 0.347085
IPC: 0.34718
IPC: 0.347289
IPC: 0.347266
IPC: 0.347152
IPC: 0.34718
IPC: 0.347234
IPC: 0.347205
IPC: 0.347216
IPC: 0.347323
IPC: 0.34731
IPC: 0.347139
IPC: 0.347135
IPC: 0.342799
IPC: 0.341287
IPC: 0.345224
IPC: 0.347033
IPC: 0.347029
IPC: 0.34692
IPC: 0.342783
IPC: 0.346935
IPC: 0.346937
IPC: 0.346928
IPC: 0.346883
IPC: 0.346901
IPC: 0.346903
IPC: 0.346936
IPC: 0.346951
IPC: 0.346966
IPC: 0.346974
IPC: 0.346999
IPC: 0.346977
IPC: 0.346038
IPC: 0.344905
IPC: 0.346989
IPC: 0.346954
IPC: 0.347188
IPC: 0.347045
IPC: 0.346936
IPC: 0.347094
IPC: 0.347047
IPC: 0.34695
IPC: 0.346933
IPC: 0.346947
IPC: 0.347062
IPC: 0.347113
IPC: 0.347011
IPC: 0.346897
IPC: 0.346874
IPC: 0.346926
IPC: 0.347129
IPC: 0.346979
IPC: 0.346973
IPC: 0.34694
IPC: 0.343798
IPC: 0.346924
IPC: 0.346953
IPC: 0.347052
IPC: 0.346865
IPC: 0.342673
IPC: 0.346926
IPC: 0.3469
IPC: 0.346888
IPC: 0.346924
IPC: 0.347007
IPC: 0.346913
IPC: 0.34697
IPC: 0.346991
IPC: 0.346963
IPC: 0.346955
IPC: 0.346948
IPC: 0.346947
IPC: 0.343809
IPC: 0.346886
IPC: 0.347001
IPC: 0.34691
IPC: 0.346949
IPC: 0.346925
IPC: 0.346956
IPC: 0.346939
IPC: 0.346977
IPC: 0.346968
IPC: 0.347071
IPC: 0.347015
IPC: 0.346894
IPC: 0.34701
IPC: 0.347149
IPC: 0.347063
IPC: 0.346908
IPC: 0.347041
IPC: 0.346973
IPC: 0.347156
IPC: 0.347012
IPC: 0.344728
IPC: 0.345942
IPC: 0.346883
IPC: 0.346889
IPC: 0.346909
IPC: 0.346923
IPC: 0.347009
IPC: 0.346938
IPC: 0.346955
IPC: 0.34696
IPC: 0.346958
IPC: 0.347084
IPC: 0.347062
IPC: 0.34696
IPC: 0.34699
IPC: 0.346972
IPC: 0.347125
IPC: 0.347036
IPC: 0.346952
IPC: 0.34714
IPC: 0.347007
IPC: 0.346599
IPC: 0.344105
IPC: 0.346944
IPC: 0.347161
IPC: 0.347063
IPC: 0.346929
IPC: 0.346933
IPC: 0.346869
IPC: 0.347051
IPC: 0.346999
IPC: 0.346975
IPC: 0.346956
IPC: 0.346939
IPC: 0.346944
IPC: 0.346929
IPC: 0.34695
IPC: 0.347023
IPC: 0.347125
IPC: 0.346957
IPC: 0.346932
IPC: 0.346861
IPC: 0.346915
IPC: 0.343848
IPC: 0.346896
IPC: 0.346958
IPC: 0.347065
IPC: 0.346948
IPC: 0.346905
IPC: 0.34698
IPC: 0.346951
IPC: 0.346944
IPC: 0.346913
IPC: 0.346962
IPC: 0.346984
IPC: 0.346888
IPC: 0.346971
IPC: 0.34691
IPC: 0.346921
IPC: 0.346915
IPC: 0.34707
IPC: 0.346953
IPC: 0.347135
IPC: 0.346928
IPC: 0.343727
IPC: 0.347155
IPC: 0.347143
IPC: 0.346933
IPC: 0.347022
IPC: 0.346965
IPC: 0.347114
IPC: 0.347049
IPC: 0.346917
IPC: 0.346938
IPC: 0.346926
IPC: 0.346868
IPC: 0.346891
IPC: 0.346917
IPC: 0.346957
IPC: 0.34694
IPC: 0.346921
IPC: 0.346979
IPC: 0.347026
IPC: 0.346952
IPC: 0.347185
IPC: 0.343783
IPC: 0.346987
IPC: 0.346934
IPC: 0.347179
IPC: 0.347076
IPC: 0.346907
IPC: 0.347106
IPC: 0.347042
IPC: 0.346947
IPC: 0.346925
IPC: 0.346951
IPC: 0.347056
IPC: 0.347099
IPC: 0.347002
IPC: 0.346909
IPC: 0.346877
IPC: 0.34691
IPC: 0.346967
IPC: 0.347069
IPC: 0.347014
IPC: 0.347006
IPC: 0.344936
IPC: 0.345646
IPC: 0.346977
IPC: 0.346889
IPC: 0.346967
IPC: 0.346915
IPC: 0.346947
IPC: 0.346942
IPC: 0.346945
IPC: 0.346936
IPC: 0.346914
IPC: 0.346932
IPC: 0.346995
IPC: 0.347031
IPC: 0.34715
IPC: 0.347028
IPC: 0.346898
IPC: 0.346956
IPC: 0.347048
IPC: 0.347137
IPC: 0.346912
IPC: 0.346959
IPC: 0.343728
IPC: 0.347003
IPC: 0.346922
IPC: 0.346965
IPC: 0.347015
IPC: 0.346966
IPC: 0.3469
IPC: 0.346959
IPC: 0.346916
IPC: 0.346942
IPC: 0.34704
IPC: 0.347
IPC: 0.346994
IPC: 0.346993
IPC: 0.347148
IPC: 0.347078
IPC: 0.346988
IPC: 0.346945
IPC: 0.34685
IPC: 0.346927
IPC: 0.346972
IPC: 0.343797
IPC: 0.346858
IPC: 0.346931
IPC: 0.347187
IPC: 0.347166
IPC: 0.346975
IPC: 0.347011
IPC: 0.346991
IPC: 0.346917
IPC: 0.346929
IPC: 0.346912
IPC: 0.346942
IPC: 0.346889
IPC: 0.347067
IPC: 0.347073
IPC: 0.346965
IPC: 0.346919
IPC: 0.346985
IPC: 0.347151
IPC: 0.346988
IPC: 0.346953
IPC: 0.343758
IPC: 0.347162
IPC: 0.346941
IPC: 0.346965
IPC: 0.346911
IPC: 0.347054
IPC: 0.347031
IPC: 0.347002
IPC: 0.346878
IPC: 0.3469
IPC: 0.346945
IPC: 0.346927
IPC: 0.346906
IPC: 0.346958
IPC: 0.346911
IPC: 0.346912
IPC: 0.346932
IPC: 0.346986
IPC: 0.346946
IPC: 0.346898
IPC: 0.346977
IPC: 0.343819
IPC: 0.347174
IPC: 0.347078
IPC: 0.346917
IPC: 0.346981
IPC: 0.346974
IPC: 0.347151
IPC: 0.346965
IPC: 0.346924
IPC: 0.346902
IPC: 0.346988
IPC: 0.346956
IPC: 0.346938
IPC: 0.346977
IPC: 0.346982
IPC: 0.346891
IPC: 0.346928
IPC: 0.346961
IPC: 0.346931
IPC: 0.347003
IPC: 0.347052
IPC: 0.345378
IPC: 0.345369
IPC: 0.34716
IPC: 0.347159
IPC: 0.347024
IPC: 0.346919
IPC: 0.346896
IPC: 0.346901
IPC: 0.346938
IPC: 0.346921
IPC: 0.346945
IPC: 0.346894
IPC: 0.347033
IPC: 0.347163
IPC: 0.347104
IPC: 0.346949
IPC: 0.347007
IPC: 0.346912
IPC: 0.347013
IPC: 0.346899
IPC: 0.34694
IPC: 0.34687
IPC: 0.3438
IPC: 0.347162
IPC: 0.346956
IPC: 0.346995
IPC: 0.34693
IPC: 0.347125
IPC: 0.347033
IPC: 0.346932
IPC: 0.346923
IPC: 0.347071
IPC: 0.347051
IPC: 0.346939
IPC: 0.34694
IPC: 0.346956
IPC: 0.347031
IPC: 0.346991
IPC: 0.34696
IPC: 0.346913
IPC: 0.346891
IPC: 0.347012
IPC: 0.346874
IPC: 0.343793
IPC: 0.346907
IPC: 0.346905
IPC: 0.346987
IPC: 0.346965
IPC: 0.346929
IPC: 0.346918
IPC: 0.346954
IPC: 0.346973
IPC: 0.347082
IPC: 0.347114
IPC: 0.347031
IPC: 0.346902
IPC: 0.347003
IPC: 0.347013
IPC: 0.347083
IPC: 0.346881
IPC: 0.346988
IPC: 0.34692
IPC: 0.347001
IPC: 0.346954
IPC: 0.343759
IPC: 0.34701
IPC: 0.34692
IPC: 0.34695
IPC: 0.34696
IPC: 0.34692
IPC: 0.346983
IPC: 0.347026
IPC: 0.346987
IPC: 0.346958
IPC: 0.347063
IPC: 0.347159
IPC: 0.347061
IPC: 0.347055
IPC: 0.34695
IPC: 0.346946
IPC: 0.346954
IPC: 0.347163
IPC: 0.347021
IPC: 0.346982
IPC: 0.347178
IPC: 0.343757
IPC: 0.346896
IPC: 0.346881
IPC: 0.343107
IPC: 0.346928
IPC: 0.3469
IPC: 0.347075
IPC: 0.34698
IPC: 0.346989
IPC: 0.346947
IPC: 0.342784
IPC: 0.346913
IPC: 0.346923
IPC: 0.347006
IPC: 0.346992
IPC: 0.346987
IPC: 0.346892
IPC: 0.346952
IPC: 0.343722
IPC: 0.342994
IPC: 0.346963
IPC: 0.346835
IPC: 0.346814
IPC: 0.342456
IPC: 0.34684
IPC: 0.346906
IPC: 0.346873
IPC: 0.346783
IPC: 0.346767
IPC: 0.346767
IPC: 0.346763
IPC: 0.346839
IPC: 0.346836
IPC: 0.346854
IPC: 0.346808
IPC: 0.344479
IPC: 0.341703
IPC: 0.346871
IPC: 0.346877
IPC: 0.346765
IPC: 0.346743
IPC: 0.34677
IPC: 0.346682
IPC: 0.3467
IPC: 0.346741
IPC: 0.346737
IPC: 0.346779
IPC: 0.346857
IPC: 0.346694
IPC: 0.346735
IPC: 0.346779
IPC: 0.346919
IPC: 0.346758
IPC: 0.346698
IPC: 0.346705
IPC: 0.343641
IPC: 0.346895
IPC: 0.346717
IPC: 0.346719
IPC: 0.346917
IPC: 0.346902
IPC: 0.346768
IPC: 0.34675
IPC: 0.346727
IPC: 0.346758
IPC: 0.346764
IPC: 0.34675
IPC: 0.346761
IPC: 0.346786
IPC: 0.34685
IPC: 0.346759
IPC: 0.346771
IPC: 0.346902
IPC: 0.346735
IPC: 0.346687
IPC: 0.346919
IPC: 0.344032
IPC: 0.34622
IPC: 0.346662
IPC: 0.346926
IPC: 0.346735
IPC: 0.34679
IPC: 0.346905
IPC: 0.346738
IPC: 0.346684
IPC: 0.346767
IPC: 0.346766
IPC: 0.346746
IPC: 0.346732
IPC: 0.346692
IPC: 0.346796
IPC: 0.346789
IPC: 0.346721
IPC: 0.346788
IPC: 0.346702
IPC: 0.346906
IPC: 0.346822
IPC: 0.345562
IPC: 0.344919
IPC: 0.346662
IPC: 0.346689
IPC: 0.346767
IPC: 0.346681
IPC: 0.346786
IPC: 0.346725
IPC: 0.346781
IPC: 0.34673
IPC: 0.346833
IPC: 0.346797
IPC: 0.346754
IPC: 0.346843
IPC: 0.34685
IPC: 0.346735
IPC: 0.346708
IPC: 0.346719
IPC: 0.346752
IPC: 0.346729
IPC: 0.346748
IPC: 0.346699
IPC: 0.343773
IPC: 0.34667
IPC: 0.346732
IPC: 0.346824
IPC: 0.34689
IPC: 0.346774
IPC: 0.346701
IPC: 0.346705
IPC: 0.346766
IPC: 0.346825
IPC: 0.346834
IPC: 0.346718
IPC: 0.346786
IPC: 0.346905
IPC: 0.346837
IPC: 0.346725
IPC: 0.346729
IPC: 0.346784
IPC: 0.346798
IPC: 0.346728
IPC: 0.346764
IPC: 0.343577
IPC: 0.346909
IPC: 0.346766
IPC: 0.346796
IPC: 0.346914
IPC: 0.346706
IPC: 0.346702
IPC: 0.346865
IPC: 0.34678
IPC: 0.346682
IPC: 0.346699
IPC: 0.346805
IPC: 0.346801
IPC: 0.346775
IPC: 0.346806
IPC: 0.346828
IPC: 0.346669
IPC: 0.346758
IPC: 0.346831
IPC: 0.346723
IPC: 0.346778
IPC: 0.3435
IPC: 0.346689
IPC: 0.346918
IPC: 0.346732
IPC: 0.346805
IPC: 0.346679
IPC: 0.346866
IPC: 0.346833
IPC: 0.346733
IPC: 0.346841
IPC: 0.346776
IPC: 0.346719
IPC: 0.346689
IPC: 0.346742
IPC: 0.346695
IPC: 0.346739
IPC: 0.346707
IPC: 0.346825
IPC: 0.346759
IPC: 0.346961
IPC: 0.346914
IPC: 0.343737
IPC: 0.346654
IPC: 0.346695
IPC: 0.346921
IPC: 0.346721
IPC: 0.346883
IPC: 0.346718
IPC: 0.34681
IPC: 0.346721
IPC: 0.346735
IPC: 0.346723
IPC: 0.346727
IPC: 0.346742
IPC: 0.346751
IPC: 0.34676
IPC: 0.346729
IPC: 0.346751
IPC: 0.34674
IPC: 0.346713
IPC: 0.346708
IPC: 0.346829
IPC: 0.344341
IPC: 0.345893
IPC: 0.346698
IPC: 0.346697
IPC: 0.346704
IPC: 0.34688
IPC: 0.346924
IPC: 0.346783
IPC: 0.346728
IPC: 0.346737
IPC: 0.346716
IPC: 0.346766
IPC: 0.346845
IPC: 0.34689
IPC: 0.346859
IPC: 0.346708
IPC: 0.346769
IPC: 0.346777
IPC: 0.346921
IPC: 0.34666
IPC: 0.346809
IPC: 0.345883
IPC: 0.344355
IPC: 0.346715
IPC: 0.346716
IPC: 0.346845
IPC: 0.346882
IPC: 0.346925
IPC: 0.346816
IPC: 0.346832
IPC: 0.346744
IPC: 0.346768
IPC: 0.346847
IPC: 0.346795
IPC: 0.346704
IPC: 0.346692
IPC: 0.346694
IPC: 0.346771
IPC: 0.346891
IPC: 0.346934
IPC: 0.346714
IPC: 0.346719
IPC: 0.346737
IPC: 0.343537
IPC: 0.346664
IPC: 0.346743
IPC: 0.346944
IPC: 0.346777
IPC: 0.346716
IPC: 0.346755
IPC: 0.346896
IPC: 0.346855
IPC: 0.346757
IPC: 0.346712
IPC: 0.34679
IPC: 0.346839
IPC: 0.346749
IPC: 0.346833
IPC: 0.346705
IPC: 0.346768
IPC: 0.346787
IPC: 0.346733
IPC: 0.346715
IPC: 0.346761
IPC: 0.343574
IPC: 0.34676
IPC: 0.34672
IPC: 0.346804
IPC: 0.346751
IPC: 0.346687
IPC: 0.346704
IPC: 0.3468
IPC: 0.346723
IPC: 0.346684
IPC: 0.346717
IPC: 0.346724
IPC: 0.346678
IPC: 0.346785
IPC: 0.346881
IPC: 0.346851
IPC: 0.34671
IPC: 0.346754
IPC: 0.346797
IPC: 0.346689
IPC: 0.34682
IPC: 0.343767
IPC: 0.346878
IPC: 0.346726
IPC: 0.346809
IPC: 0.346762
IPC: 0.346871
IPC: 0.346719
IPC: 0.346766
IPC: 0.346699
IPC: 0.34672
IPC: 0.346726
IPC: 0.346723
IPC: 0.346762
IPC: 0.346853
IPC: 0.346887
IPC: 0.346863
IPC: 0.346793
IPC: 0.346844
IPC: 0.346753
IPC: 0.346773
IPC: 0.34692
IPC: 0.343547
IPC: 0.346654
IPC: 0.346694
IPC: 0.346775
IPC: 0.346924
IPC: 0.346885
IPC: 0.346759
IPC: 0.346717
IPC: 0.346711
IPC: 0.346701
IPC: 0.346729
IPC: 0.3467
IPC: 0.346821
IPC: 0.346861
IPC: 0.346728
IPC: 0.346709
IPC: 0.346792
IPC: 0.346917
IPC: 0.346867
IPC: 0.346709
IPC: 0.346715
IPC: 0.34492
IPC: 0.345492
IPC: 0.346903
IPC: 0.346717
IPC: 0.346813
IPC: 0.346729
IPC: 0.346762
IPC: 0.346704
IPC: 0.346737
IPC: 0.346705
IPC: 0.346775
IPC: 0.346754
IPC: 0.346771
IPC: 0.34676
IPC: 0.346723
IPC: 0.34666
IPC: 0.346701
IPC: 0.346816
IPC: 0.346729
IPC: 0.346709
IPC: 0.346734
IPC: 0.346311
IPC: 0.343878
IPC: 0.34692
IPC: 0.346901
IPC: 0.346775
IPC: 0.34672
IPC: 0.34678
IPC: 0.346709
IPC: 0.346779
IPC: 0.346843
IPC: 0.346893
IPC: 0.346818
IPC: 0.346752
IPC: 0.346788
IPC: 0.346793
IPC: 0.346822
IPC: 0.346652
IPC: 0.354041
IPC: 0.390854
Total Instructions: 3955844
Total Cycles: 7063353

Two level cache hierarchy:
  L1-Data Cache:
    Size(KB):          32
    Block Size(B):     64
    Associativity:      8

  L2-Data Cache:
    Size(KB):        1024
    Block Size(B):    128
    Associativity:      8

Latencies:    1   10  150
L1-Sets: LRU assoc:   8
L2-Sets: LRU assoc:   8
Store_allocation: Yes
L2_inclusive: Yes

L1 Cache Stats:
L1-Load-Hits:        7945076399   94.64%
L1-Load-Misses:       449958988    5.36%
L1-Load-Accesses:    8395035387  100.00%

L1-Store-Hits:          55221038   96.62%
L1-Store-Misses:         1931875    3.38%
L1-Store-Accesses:      57152913  100.00%

L1-Total-Hits:        8000297437   94.65%
L1-Total-Misses:       451890863    5.35%
L1-Total-Accesses:    8452188300  100.00%

L2 Cache Stats:
L2-Load-Hits:         297005338   66.01%
L2-Load-Misses:       152953650   33.99%
L2-Load-Accesses:     449958988  100.00%

L2-Store-Hits:           1475690   76.39%
L2-Store-Misses:          456185   23.61%
L2-Store-Accesses:       1931875  100.00%

L2-Total-Hits:         298481028   66.05%
L2-Total-Misses:       153409835   33.95%
L2-Total-Accesses:     451890863  100.00%

