IPC: 0.70458
IPC: 0.707985
IPC: 0.707864
IPC: 0.70791
IPC: 0.707789
IPC: 0.708017
IPC: 0.70806
IPC: 0.708282
IPC: 0.707904
IPC: 0.70775
IPC: 0.70792
IPC: 0.708017
IPC: 0.708121
IPC: 0.707934
IPC: 0.70782
IPC: 0.707886
IPC: 0.708091
IPC: 0.707999
IPC: 0.707927
IPC: 0.707988
IPC: 0.708025
IPC: 0.70799
IPC: 0.708069
IPC: 0.708062
IPC: 0.707937
IPC: 0.707992
IPC: 0.708096
IPC: 0.707966
IPC: 0.708074
IPC: 0.708078
IPC: 0.70797
IPC: 0.708124
IPC: 0.707991
IPC: 0.708027
IPC: 0.708261
IPC: 0.70799
IPC: 0.708006
IPC: 0.70811
IPC: 0.708032
IPC: 0.70793
IPC: 0.708012
IPC: 0.708138
IPC: 0.708057
IPC: 0.706092
IPC: 0.707484
IPC: 0.707237
IPC: 0.707625
IPC: 0.707206
IPC: 0.707583
IPC: 0.707247
IPC: 0.707426
IPC: 0.707438
IPC: 0.707149
IPC: 0.70752
IPC: 0.707147
IPC: 0.707309
IPC: 0.707167
IPC: 0.70733
IPC: 0.707422
IPC: 0.707397
IPC: 0.707254
IPC: 0.707448
IPC: 0.707474
IPC: 0.70717
IPC: 0.707581
IPC: 0.707386
IPC: 0.707333
IPC: 0.707347
IPC: 0.707351
IPC: 0.707535
IPC: 0.707308
IPC: 0.707207
IPC: 0.707076
IPC: 0.707386
IPC: 0.707348
IPC: 0.707121
IPC: 0.707364
IPC: 0.707277
IPC: 0.707475
IPC: 0.707169
IPC: 0.707348
IPC: 0.707303
IPC: 0.707518
IPC: 0.707204
IPC: 0.707521
IPC: 0.70614
IPC: 0.707872
IPC: 0.707925
IPC: 0.707869
IPC: 0.708081
IPC: 0.708001
IPC: 0.707797
IPC: 0.708201
IPC: 0.708101
IPC: 0.707947
IPC: 0.708177
IPC: 0.708124
IPC: 0.708089
IPC: 0.707872
IPC: 0.708029
IPC: 0.708036
IPC: 0.708073
IPC: 0.707996
IPC: 0.708149
IPC: 0.707726
IPC: 0.708034
IPC: 0.708042
IPC: 0.708151
IPC: 0.707954
IPC: 0.70809
IPC: 0.707721
IPC: 0.707948
IPC: 0.707864
IPC: 0.707798
IPC: 0.707957
IPC: 0.70804
IPC: 0.708031
IPC: 0.70812
IPC: 0.708191
IPC: 0.708032
IPC: 0.70785
IPC: 0.707993
IPC: 0.707977
IPC: 0.708046
IPC: 0.707905
IPC: 0.707988
IPC: 0.708102
IPC: 0.708173
IPC: 0.706523
IPC: 0.706934
IPC: 0.707098
IPC: 0.707142
IPC: 0.707103
IPC: 0.706781
IPC: 0.706974
IPC: 0.707053
IPC: 0.706935
IPC: 0.707054
IPC: 0.707218
IPC: 0.706945
IPC: 0.706826
IPC: 0.706932
IPC: 0.707145
IPC: 0.706867
IPC: 0.707045
IPC: 0.707043
IPC: 0.706775
IPC: 0.706969
IPC: 0.707099
IPC: 0.706962
IPC: 0.707093
IPC: 0.706841
IPC: 0.707059
IPC: 0.707065
IPC: 0.706893
IPC: 0.707091
IPC: 0.706993
IPC: 0.707082
IPC: 0.707022
IPC: 0.706927
IPC: 0.706902
IPC: 0.707088
IPC: 0.706815
IPC: 0.707019
IPC: 0.707108
IPC: 0.706794
IPC: 0.707044
IPC: 0.707085
IPC: 0.707
IPC: 0.706854
IPC: 0.706891
IPC: 0.705754
IPC: 0.707295
IPC: 0.707317
IPC: 0.707248
IPC: 0.707303
IPC: 0.707452
IPC: 0.707128
IPC: 0.707399
IPC: 0.707379
IPC: 0.707345
IPC: 0.707348
IPC: 0.707273
IPC: 0.70697
IPC: 0.7073
IPC: 0.707216
IPC: 0.70722
IPC: 0.707217
IPC: 0.707543
IPC: 0.707256
IPC: 0.707447
IPC: 0.707222
IPC: 0.70729
IPC: 0.707315
IPC: 0.707028
IPC: 0.707228
IPC: 0.707459
IPC: 0.707298
IPC: 0.707294
IPC: 0.707416
IPC: 0.707321
IPC: 0.707407
IPC: 0.706859
IPC: 0.707356
IPC: 0.707258
IPC: 0.707221
IPC: 0.707379
IPC: 0.707394
IPC: 0.707025
IPC: 0.707103
IPC: 0.707405
IPC: 0.707212
IPC: 0.707257
IPC: 0.707228
IPC: 0.705737
IPC: 0.707082
IPC: 0.707242
IPC: 0.707116
IPC: 0.707142
IPC: 0.706979
IPC: 0.707164
IPC: 0.707107
IPC: 0.707084
IPC: 0.706971
IPC: 0.707145
IPC: 0.707018
IPC: 0.707095
IPC: 0.707267
IPC: 0.707072
IPC: 0.707134
IPC: 0.707209
IPC: 0.707012
IPC: 0.707016
IPC: 0.707113
IPC: 0.707161
IPC: 0.707161
IPC: 0.707155
IPC: 0.70711
IPC: 0.707225
IPC: 0.707099
IPC: 0.70715
IPC: 0.707025
IPC: 0.707017
IPC: 0.707161
IPC: 0.707126
IPC: 0.707129
IPC: 0.707031
IPC: 0.707224
IPC: 0.707129
IPC: 0.707071
IPC: 0.70711
IPC: 0.706896
IPC: 0.706857
IPC: 0.70705
IPC: 0.70715
IPC: 0.707003
IPC: 0.707155
IPC: 0.706052
IPC: 0.707639
IPC: 0.707986
IPC: 0.707773
IPC: 0.707714
IPC: 0.707672
IPC: 0.707936
IPC: 0.707596
IPC: 0.707902
IPC: 0.707732
IPC: 0.708149
IPC: 0.707953
IPC: 0.707835
IPC: 0.707966
IPC: 0.707853
IPC: 0.707637
IPC: 0.707887
IPC: 0.707715
IPC: 0.707794
IPC: 0.707983
IPC: 0.707813
IPC: 0.707913
IPC: 0.707805
IPC: 0.707912
IPC: 0.707792
IPC: 0.707712
IPC: 0.707741
IPC: 0.707721
IPC: 0.707837
IPC: 0.707708
IPC: 0.707888
IPC: 0.70773
IPC: 0.707679
IPC: 0.707776
IPC: 0.707885
IPC: 0.707916
IPC: 0.707906
IPC: 0.707597
IPC: 0.707832
IPC: 0.707898
IPC: 0.707861
IPC: 0.707803
IPC: 0.707886
IPC: 0.707811
IPC: 0.706759
IPC: 0.707785
IPC: 0.70794
IPC: 0.708067
IPC: 0.708149
IPC: 0.707835
IPC: 0.707799
IPC: 0.70808
IPC: 0.7081
IPC: 0.707813
IPC: 0.707915
IPC: 0.708088
IPC: 0.708201
IPC: 0.708127
IPC: 0.707861
IPC: 0.70809
IPC: 0.707922
IPC: 0.708127
IPC: 0.708143
IPC: 0.707963
IPC: 0.707997
IPC: 0.70808
IPC: 0.708066
IPC: 0.707884
IPC: 0.708055
IPC: 0.707941
IPC: 0.707946
IPC: 0.708203
IPC: 0.707752
IPC: 0.708016
IPC: 0.707828
IPC: 0.708022
IPC: 0.708149
IPC: 0.707957
IPC: 0.708063
IPC: 0.708136
IPC: 0.707968
IPC: 0.707805
IPC: 0.708163
IPC: 0.708117
IPC: 0.708042
IPC: 0.708144
IPC: 0.70676
IPC: 0.707904
IPC: 0.708048
IPC: 0.708318
IPC: 0.708088
IPC: 0.708021
IPC: 0.708048
IPC: 0.708013
IPC: 0.70809
IPC: 0.708194
IPC: 0.707986
IPC: 0.708033
IPC: 0.708206
IPC: 0.70809
IPC: 0.708156
IPC: 0.708199
IPC: 0.708293
IPC: 0.708089
IPC: 0.708133
IPC: 0.708104
IPC: 0.708234
IPC: 0.708086
IPC: 0.708264
IPC: 0.708281
IPC: 0.708027
IPC: 0.707956
IPC: 0.708055
IPC: 0.708111
IPC: 0.707834
IPC: 0.707932
IPC: 0.708207
IPC: 0.708254
IPC: 0.708048
IPC: 0.708059
IPC: 0.707991
IPC: 0.708092
IPC: 0.708143
IPC: 0.707954
IPC: 0.708021
IPC: 0.708017
IPC: 0.707833
IPC: 0.708075
IPC: 0.708219
IPC: 0.706816
IPC: 0.708001
IPC: 0.707862
IPC: 0.707981
IPC: 0.708023
IPC: 0.707987
IPC: 0.708073
IPC: 0.708054
IPC: 0.707601
IPC: 0.708018
IPC: 0.708051
IPC: 0.707936
IPC: 0.707811
IPC: 0.707981
IPC: 0.707845
IPC: 0.707738
IPC: 0.707938
IPC: 0.707878
IPC: 0.707774
IPC: 0.707962
IPC: 0.707778
IPC: 0.707748
IPC: 0.707976
IPC: 0.707901
IPC: 0.707867
IPC: 0.707615
IPC: 0.707838
IPC: 0.707893
IPC: 0.707923
IPC: 0.708138
IPC: 0.707834
IPC: 0.707969
IPC: 0.707882
IPC: 0.707805
IPC: 0.707885
IPC: 0.707902
IPC: 0.707805
IPC: 0.707972
IPC: 0.707972
IPC: 0.707768
IPC: 0.707818
IPC: 0.707827
IPC: 0.707829
IPC: 0.706339
IPC: 0.707556
IPC: 0.707497
IPC: 0.707652
IPC: 0.707614
IPC: 0.707646
IPC: 0.707372
IPC: 0.707586
IPC: 0.707641
IPC: 0.707716
IPC: 0.707456
IPC: 0.70777
IPC: 0.707769
IPC: 0.707623
IPC: 0.707844
IPC: 0.707601
IPC: 0.70742
IPC: 0.707701
IPC: 0.707501
IPC: 0.707828
IPC: 0.707722
IPC: 0.707369
IPC: 0.707563
IPC: 0.707608
IPC: 0.707508
IPC: 0.707491
IPC: 0.707574
IPC: 0.707769
IPC: 0.70766
IPC: 0.707624
IPC: 0.707655
IPC: 0.707266
IPC: 0.707679
IPC: 0.707422
IPC: 0.707537
IPC: 0.707659
IPC: 0.7074
IPC: 0.707483
IPC: 0.707699
IPC: 0.707667
IPC: 0.707645
IPC: 0.70744
IPC: 0.707669
IPC: 0.706345
IPC: 0.707714
IPC: 0.707719
IPC: 0.707924
IPC: 0.707824
IPC: 0.707607
IPC: 0.707768
IPC: 0.707627
IPC: 0.707847
IPC: 0.707821
IPC: 0.707646
IPC: 0.707713
IPC: 0.707703
IPC: 0.707571
IPC: 0.707817
IPC: 0.70773
IPC: 0.707945
IPC: 0.707708
IPC: 0.707914
IPC: 0.707552
IPC: 0.707704
IPC: 0.707612
IPC: 0.707758
IPC: 0.70741
IPC: 0.707796
IPC: 0.70764
IPC: 0.707679
IPC: 0.707757
IPC: 0.707755
IPC: 0.70781
IPC: 0.70766
IPC: 0.707699
IPC: 0.70752
IPC: 0.707704
IPC: 0.707532
IPC: 0.707824
IPC: 0.707702
IPC: 0.707654
IPC: 0.707454
IPC: 0.707861
IPC: 0.707689
IPC: 0.707742
IPC: 0.707759
IPC: 0.706157
IPC: 0.707595
IPC: 0.707445
IPC: 0.707476
IPC: 0.707496
IPC: 0.70761
IPC: 0.707563
IPC: 0.70778
IPC: 0.707633
IPC: 0.707225
IPC: 0.707769
IPC: 0.707569
IPC: 0.707574
IPC: 0.707644
IPC: 0.707691
IPC: 0.707499
IPC: 0.707681
IPC: 0.70731
IPC: 0.707518
IPC: 0.707577
IPC: 0.707689
IPC: 0.707513
IPC: 0.707481
IPC: 0.707685
IPC: 0.707648
IPC: 0.707687
IPC: 0.707337
IPC: 0.707606
IPC: 0.707498
IPC: 0.707658
IPC: 0.707523
IPC: 0.707366
IPC: 0.707628
IPC: 0.70756
IPC: 0.70754
IPC: 0.707596
IPC: 0.707742
IPC: 0.707533
IPC: 0.707543
IPC: 0.70773
IPC: 0.707725
IPC: 0.707413
IPC: 0.707487
IPC: 0.706344
IPC: 0.707628
IPC: 0.707774
IPC: 0.707721
IPC: 0.707857
IPC: 0.707822
IPC: 0.707709
IPC: 0.708028
IPC: 0.707871
IPC: 0.707602
IPC: 0.70798
IPC: 0.707682
IPC: 0.707841
IPC: 0.707542
IPC: 0.707638
IPC: 0.707952
IPC: 0.707968
IPC: 0.70743
IPC: 0.707685
IPC: 0.707723
IPC: 0.707783
IPC: 0.707882
IPC: 0.707864
IPC: 0.707831
IPC: 0.708022
IPC: 0.707575
IPC: 0.707679
IPC: 0.707957
IPC: 0.707846
IPC: 0.707661
IPC: 0.707819
IPC: 0.707605
IPC: 0.707911
IPC: 0.707888
IPC: 0.707679
IPC: 0.707806
IPC: 0.707942
IPC: 0.707857
IPC: 0.707727
IPC: 0.707749
IPC: 0.707746
IPC: 0.707808
IPC: 0.706255
IPC: 0.707158
IPC: 0.707291
IPC: 0.707187
IPC: 0.707239
IPC: 0.707278
IPC: 0.707225
IPC: 0.707346
IPC: 0.70734
IPC: 0.707224
IPC: 0.707371
IPC: 0.70733
IPC: 0.707255
IPC: 0.70744
IPC: 0.707328
IPC: 0.707321
IPC: 0.707087
IPC: 0.707192
IPC: 0.707228
IPC: 0.707207
IPC: 0.707311
IPC: 0.707078
IPC: 0.70731
IPC: 0.707212
IPC: 0.707096
IPC: 0.707187
IPC: 0.707415
IPC: 0.707313
IPC: 0.707103
IPC: 0.707386
IPC: 0.707306
IPC: 0.707151
IPC: 0.70729
IPC: 0.707415
IPC: 0.707177
IPC: 0.707174
IPC: 0.707443
IPC: 0.707425
IPC: 0.707316
IPC: 0.707375
IPC: 0.707302
IPC: 0.707399
IPC: 0.707115
IPC: 0.706056
IPC: 0.707548
IPC: 0.707388
IPC: 0.707316
IPC: 0.707511
IPC: 0.707187
IPC: 0.707374
IPC: 0.707473
IPC: 0.707336
IPC: 0.707128
IPC: 0.70724
IPC: 0.707776
IPC: 0.70715
IPC: 0.707372
IPC: 0.707513
IPC: 0.707329
IPC: 0.707447
IPC: 0.707242
IPC: 0.707468
IPC: 0.707258
IPC: 0.707382
IPC: 0.707277
IPC: 0.707253
IPC: 0.70775
IPC: 0.707265
IPC: 0.707502
IPC: 0.707199
IPC: 0.707625
IPC: 0.707382
IPC: 0.707316
IPC: 0.707443
IPC: 0.707272
IPC: 0.707493
IPC: 0.707385
IPC: 0.707456
IPC: 0.707435
IPC: 0.707375
IPC: 0.707451
IPC: 0.707254
IPC: 0.707072
IPC: 0.707413
IPC: 0.707235
IPC: 0.707219
IPC: 0.705954
IPC: 0.707068
IPC: 0.707251
IPC: 0.706828
IPC: 0.707317
IPC: 0.706935
IPC: 0.706707
IPC: 0.707036
IPC: 0.707003
IPC: 0.707041
IPC: 0.707113
IPC: 0.706961
IPC: 0.707135
IPC: 0.707204
IPC: 0.706775
IPC: 0.706819
IPC: 0.70686
IPC: 0.706995
IPC: 0.707027
IPC: 0.706786
IPC: 0.707145
IPC: 0.707346
IPC: 0.706873
IPC: 0.706921
IPC: 0.707194
IPC: 0.706963
IPC: 0.706861
IPC: 0.706978
IPC: 0.707021
IPC: 0.706954
IPC: 0.707049
IPC: 0.707034
IPC: 0.707144
IPC: 0.706808
IPC: 0.707016
IPC: 0.706984
IPC: 0.70703
IPC: 0.706864
IPC: 0.706978
IPC: 0.706846
IPC: 0.707051
IPC: 0.706974
IPC: 0.706922
IPC: 0.705655
IPC: 0.706955
IPC: 0.70698
IPC: 0.70688
IPC: 0.706901
IPC: 0.706852
IPC: 0.707071
IPC: 0.706969
IPC: 0.70705
IPC: 0.707065
IPC: 0.706966
IPC: 0.707083
IPC: 0.706916
IPC: 0.706858
IPC: 0.707054
IPC: 0.706789
IPC: 0.70697
IPC: 0.706972
IPC: 0.706828
IPC: 0.707058
IPC: 0.707231
IPC: 0.707048
IPC: 0.707018
IPC: 0.707097
IPC: 0.706864
IPC: 0.70692
IPC: 0.707132
IPC: 0.707173
IPC: 0.707105
IPC: 0.707046
IPC: 0.706874
IPC: 0.706981
IPC: 0.706731
IPC: 0.707066
IPC: 0.706987
IPC: 0.707114
IPC: 0.706859
IPC: 0.706846
IPC: 0.706874
IPC: 0.706897
IPC: 0.707084
IPC: 0.707112
IPC: 0.706974
IPC: 0.705938
IPC: 0.706844
IPC: 0.707583
IPC: 0.706834
IPC: 0.707149
IPC: 0.707179
IPC: 0.707158
IPC: 0.707159
IPC: 0.70713
IPC: 0.706979
IPC: 0.707141
IPC: 0.707101
IPC: 0.707154
IPC: 0.70715
IPC: 0.707196
IPC: 0.7071
IPC: 0.707071
IPC: 0.70716
IPC: 0.707153
IPC: 0.707203
IPC: 0.707227
IPC: 0.707165
IPC: 0.707109
IPC: 0.707268
IPC: 0.707259
IPC: 0.706744
IPC: 0.707133
IPC: 0.707149
IPC: 0.707332
IPC: 0.707145
IPC: 0.707188
IPC: 0.70708
IPC: 0.707098
IPC: 0.707214
IPC: 0.707048
IPC: 0.70691
IPC: 0.707148
IPC: 0.707229
IPC: 0.707204
IPC: 0.706849
IPC: 0.707054
IPC: 0.707256
IPC: 0.707021
IPC: 0.706331
IPC: 0.70817
IPC: 0.707849
IPC: 0.708132
IPC: 0.708061
IPC: 0.708046
IPC: 0.708014
IPC: 0.707884
IPC: 0.70813
IPC: 0.707941
IPC: 0.708059
IPC: 0.708035
IPC: 0.707844
IPC: 0.707888
IPC: 0.708024
IPC: 0.707941
IPC: 0.707864
IPC: 0.708432
IPC: 0.708069
IPC: 0.708004
IPC: 0.707972
IPC: 0.708193
IPC: 0.707968
IPC: 0.70799
IPC: 0.70778
IPC: 0.707938
IPC: 0.708055
IPC: 0.708085
IPC: 0.70803
IPC: 0.708115
IPC: 0.70787
IPC: 0.707961
IPC: 0.70784
IPC: 0.708078
IPC: 0.707781
IPC: 0.707889
IPC: 0.707993
IPC: 0.707957
IPC: 0.707766
IPC: 0.708016
IPC: 0.708036
IPC: 0.708221
IPC: 0.706804
IPC: 0.708141
IPC: 0.708193
IPC: 0.708316
IPC: 0.707669
IPC: 0.707781
IPC: 0.707845
IPC: 0.708096
IPC: 0.707791
IPC: 0.708067
IPC: 0.707931
IPC: 0.707942
IPC: 0.70806
IPC: 0.707955
IPC: 0.707997
IPC: 0.708194
IPC: 0.708179
IPC: 0.707899
IPC: 0.708067
IPC: 0.708137
IPC: 0.708008
IPC: 0.70803
IPC: 0.707946
IPC: 0.707719
IPC: 0.707929
IPC: 0.707973
IPC: 0.707938
IPC: 0.707732
IPC: 0.707888
IPC: 0.707955
IPC: 0.707991
IPC: 0.707682
IPC: 0.707953
IPC: 0.707905
IPC: 0.70804
IPC: 0.708127
IPC: 0.708006
IPC: 0.707777
IPC: 0.707722
IPC: 0.708105
IPC: 0.708
IPC: 0.707669
IPC: 0.708122
IPC: 0.706157
IPC: 0.70622
IPC: 0.706239
IPC: 0.706152
IPC: 0.706337
IPC: 0.706579
IPC: 0.706227
IPC: 0.706289
IPC: 0.706185
IPC: 0.706435
IPC: 0.706223
IPC: 0.706206
IPC: 0.706146
IPC: 0.706359
IPC: 0.706328
IPC: 0.706085
IPC: 0.706258
IPC: 0.706358
IPC: 0.706257
IPC: 0.706107
IPC: 0.706191
IPC: 0.706259
IPC: 0.706433
IPC: 0.706312
IPC: 0.706223
IPC: 0.706233
IPC: 0.706196
IPC: 0.70625
IPC: 0.706113
IPC: 0.706162
IPC: 0.706152
IPC: 0.706368
IPC: 0.706284
IPC: 0.706115
IPC: 0.706393
IPC: 0.706261
IPC: 0.706158
IPC: 0.706358
IPC: 0.706208
IPC: 0.706182
IPC: 0.706128
IPC: 0.706298
IPC: 0.706423
IPC: 0.705343
IPC: 0.707137
IPC: 0.706816
IPC: 0.706626
IPC: 0.706829
IPC: 0.70709
IPC: 0.707091
IPC: 0.707072
IPC: 0.707133
IPC: 0.706828
IPC: 0.706899
IPC: 0.707018
IPC: 0.707071
IPC: 0.70689
IPC: 0.707203
IPC: 0.707073
IPC: 0.707067
IPC: 0.706798
IPC: 0.707062
IPC: 0.706904
IPC: 0.707
IPC: 0.706896
IPC: 0.707032
IPC: 0.707071
IPC: 0.706895
IPC: 0.707176
IPC: 0.707016
IPC: 0.706978
IPC: 0.707055
IPC: 0.706933
IPC: 0.707011
IPC: 0.707161
IPC: 0.706888
IPC: 0.706946
IPC: 0.70687
IPC: 0.707037
IPC: 0.706777
IPC: 0.706886
IPC: 0.70713
IPC: 0.706935
IPC: 0.706939
IPC: 0.706843
IPC: 0.707208
IPC: 0.705694
IPC: 0.706925
IPC: 0.70706
IPC: 0.707105
IPC: 0.707099
IPC: 0.706891
IPC: 0.706866
IPC: 0.706985
IPC: 0.707119
IPC: 0.707059
IPC: 0.707106
IPC: 0.707173
IPC: 0.707094
IPC: 0.706886
IPC: 0.706996
IPC: 0.707069
IPC: 0.707005
IPC: 0.707099
IPC: 0.70705
IPC: 0.706962
IPC: 0.706993
IPC: 0.70687
IPC: 0.706932
IPC: 0.706939
IPC: 0.707122
IPC: 0.707072
IPC: 0.70712
IPC: 0.706946
IPC: 0.707288
IPC: 0.70669
IPC: 0.707134
IPC: 0.706852
IPC: 0.707117
IPC: 0.707008
IPC: 0.706969
IPC: 0.706855
IPC: 0.70706
IPC: 0.706908
IPC: 0.706962
IPC: 0.70726
IPC: 0.706789
IPC: 0.707098
IPC: 0.706969
IPC: 0.705777
IPC: 0.707222
IPC: 0.70734
IPC: 0.707325
IPC: 0.707328
IPC: 0.707312
IPC: 0.707355
IPC: 0.707177
IPC: 0.707421
IPC: 0.707075
IPC: 0.707427
IPC: 0.707191
IPC: 0.707301
IPC: 0.707477
IPC: 0.707346
IPC: 0.707052
IPC: 0.707469
IPC: 0.707245
IPC: 0.70735
IPC: 0.707377
IPC: 0.707446
IPC: 0.707184
IPC: 0.707392
IPC: 0.707214
IPC: 0.70729
IPC: 0.707434
IPC: 0.707378
IPC: 0.707397
IPC: 0.707398
IPC: 0.707328
IPC: 0.707472
IPC: 0.70731
IPC: 0.707143
IPC: 0.707316
IPC: 0.707268
IPC: 0.707198
IPC: 0.70738
IPC: 0.707394
IPC: 0.707275
IPC: 0.707379
IPC: 0.707278
IPC: 0.707518
IPC: 0.707471
IPC: 0.706299
IPC: 0.707835
IPC: 0.707792
IPC: 0.707685
IPC: 0.707583
IPC: 0.707934
IPC: 0.707736
IPC: 0.707898
IPC: 0.707827
IPC: 0.708058
IPC: 0.707622
IPC: 0.707908
IPC: 0.70798
IPC: 0.707833
IPC: 0.708022
IPC: 0.708059
IPC: 0.707933
IPC: 0.707534
IPC: 0.708003
IPC: 0.707823
IPC: 0.707993
IPC: 0.707938
IPC: 0.707949
IPC: 0.70791
IPC: 0.70783
IPC: 0.708002
IPC: 0.707843
IPC: 0.707698
IPC: 0.707892
IPC: 0.707928
IPC: 0.707611
IPC: 0.70787
IPC: 0.707578
IPC: 0.707888
IPC: 0.707603
IPC: 0.707817
IPC: 0.707874
IPC: 0.707966
IPC: 0.707962
IPC: 0.707636
IPC: 0.707927
IPC: 0.707858
IPC: 0.707807
IPC: 0.706498
IPC: 0.70807
IPC: 0.707989
IPC: 0.708125
IPC: 0.70774
IPC: 0.708196
IPC: 0.707852
IPC: 0.70824
IPC: 0.707898
IPC: 0.708073
IPC: 0.707708
IPC: 0.707886
IPC: 0.707959
IPC: 0.707912
IPC: 0.707915
IPC: 0.708
IPC: 0.708165
IPC: 0.708078
IPC: 0.708125
IPC: 0.707981
IPC: 0.708022
IPC: 0.70798
IPC: 0.707803
IPC: 0.70809
IPC: 0.707959
IPC: 0.707925
IPC: 0.707957
IPC: 0.708146
IPC: 0.708064
IPC: 0.708015
IPC: 0.707871
IPC: 0.70779
IPC: 0.707929
IPC: 0.707852
IPC: 0.707926
IPC: 0.707955
IPC: 0.707998
IPC: 0.708015
IPC: 0.707701
IPC: 0.70803
IPC: 0.708246
IPC: 0.707969
IPC: 0.706501
IPC: 0.707498
IPC: 0.707178
IPC: 0.707608
IPC: 0.707295
IPC: 0.707391
IPC: 0.707566
IPC: 0.707351
IPC: 0.707429
IPC: 0.707556
IPC: 0.707224
IPC: 0.707411
IPC: 0.707604
IPC: 0.707201
IPC: 0.707504
IPC: 0.707544
IPC: 0.707224
IPC: 0.707365
IPC: 0.707232
IPC: 0.707216
IPC: 0.707566
IPC: 0.707373
IPC: 0.707323
IPC: 0.707531
IPC: 0.707309
IPC: 0.707407
IPC: 0.707447
IPC: 0.707461
IPC: 0.707176
IPC: 0.707446
IPC: 0.707546
IPC: 0.707353
IPC: 0.707516
IPC: 0.707799
IPC: 0.707092
IPC: 0.707449
IPC: 0.707438
IPC: 0.707476
IPC: 0.707431
IPC: 0.707158
IPC: 0.70746
IPC: 0.707382
IPC: 0.707392
IPC: 0.706066
IPC: 0.707024
IPC: 0.707016
IPC: 0.707147
IPC: 0.707125
IPC: 0.706998
IPC: 0.706918
IPC: 0.707135
IPC: 0.70699
IPC: 0.707202
IPC: 0.707015
IPC: 0.706822
IPC: 0.707074
IPC: 0.706918
IPC: 0.707119
IPC: 0.707041
IPC: 0.706927
IPC: 0.706923
IPC: 0.707007
IPC: 0.707012
IPC: 0.707104
IPC: 0.707048
IPC: 0.706822
IPC: 0.706814
IPC: 0.707187
IPC: 0.706976
IPC: 0.707119
IPC: 0.707317
IPC: 0.706818
IPC: 0.706979
IPC: 0.70683
IPC: 0.706907
IPC: 0.706951
IPC: 0.706928
IPC: 0.706815
IPC: 0.707002
IPC: 0.706941
IPC: 0.706736
IPC: 0.707067
IPC: 0.707128
IPC: 0.707094
IPC: 0.706981
IPC: 0.707087
IPC: 0.705762
IPC: 0.707128
IPC: 0.706826
IPC: 0.706984
IPC: 0.707212
IPC: 0.707226
IPC: 0.706977
IPC: 0.707256
IPC: 0.707004
IPC: 0.707123
IPC: 0.707126
IPC: 0.706867
IPC: 0.707137
IPC: 0.707218
IPC: 0.707188
IPC: 0.707236
IPC: 0.707307
IPC: 0.707094
IPC: 0.706949
IPC: 0.707133
IPC: 0.707209
IPC: 0.707285
IPC: 0.707149
IPC: 0.707056
IPC: 0.707234
IPC: 0.707163
IPC: 0.706914
IPC: 0.706998
IPC: 0.706869
IPC: 0.707119
IPC: 0.707129
IPC: 0.707011
IPC: 0.707167
IPC: 0.707182
IPC: 0.707095
IPC: 0.706782
IPC: 0.70705
IPC: 0.707097
IPC: 0.706835
IPC: 0.706966
IPC: 0.70728
IPC: 0.707345
IPC: 0.707143
IPC: 0.706007
IPC: 0.708133
IPC: 0.70807
IPC: 0.707878
IPC: 0.708045
IPC: 0.707782
IPC: 0.708154
IPC: 0.707904
IPC: 0.707992
IPC: 0.707996
IPC: 0.708218
IPC: 0.70784
IPC: 0.708019
IPC: 0.708087
IPC: 0.70797
IPC: 0.708055
IPC: 0.708115
IPC: 0.708092
IPC: 0.707864
IPC: 0.707992
IPC: 0.708033
IPC: 0.708048
IPC: 0.708032
IPC: 0.708086
IPC: 0.708105
IPC: 0.708017
IPC: 0.708031
IPC: 0.707936
IPC: 0.708119
IPC: 0.707884
IPC: 0.708099
IPC: 0.708204
IPC: 0.707977
IPC: 0.708071
IPC: 0.707934
IPC: 0.708239
IPC: 0.708181
IPC: 0.708092
IPC: 0.708132
IPC: 0.707767
IPC: 0.708073
IPC: 0.707955
IPC: 0.708072
IPC: 0.706747
IPC: 0.707961
IPC: 0.708104
IPC: 0.70796
IPC: 0.707899
IPC: 0.707779
IPC: 0.707897
IPC: 0.707754
IPC: 0.707977
IPC: 0.707912
IPC: 0.707746
IPC: 0.707842
IPC: 0.707792
IPC: 0.707541
IPC: 0.707783
IPC: 0.707895
IPC: 0.707824
IPC: 0.707854
IPC: 0.707878
IPC: 0.707872
IPC: 0.707739
IPC: 0.707628
IPC: 0.707881
IPC: 0.707904
IPC: 0.707752
IPC: 0.708063
IPC: 0.70784
IPC: 0.70783
IPC: 0.708015
IPC: 0.708115
IPC: 0.707677
IPC: 0.7079
IPC: 0.708065
IPC: 0.707867
IPC: 0.70799
IPC: 0.708106
IPC: 0.707955
IPC: 0.707908
IPC: 0.707845
IPC: 0.708195
IPC: 0.707747
IPC: 0.708128
IPC: 0.707964
IPC: 0.706581
IPC: 0.70764
IPC: 0.707585
IPC: 0.70746
IPC: 0.70773
IPC: 0.707649
IPC: 0.707726
IPC: 0.707622
IPC: 0.707723
IPC: 0.707761
IPC: 0.707469
IPC: 0.707728
IPC: 0.707813
IPC: 0.7077
IPC: 0.707257
IPC: 0.707783
IPC: 0.707698
IPC: 0.707879
IPC: 0.707682
IPC: 0.707744
IPC: 0.707561
IPC: 0.707688
IPC: 0.707548
IPC: 0.707823
IPC: 0.70773
IPC: 0.707821
IPC: 0.707718
IPC: 0.707801
IPC: 0.707824
IPC: 0.707824
IPC: 0.707788
IPC: 0.70784
IPC: 0.707657
IPC: 0.70754
IPC: 0.707439
IPC: 0.707736
IPC: 0.707488
IPC: 0.707718
IPC: 0.707649
IPC: 0.707907
IPC: 0.707576
IPC: 0.707705
IPC: 0.707617
IPC: 0.706298
IPC: 0.707293
IPC: 0.707498
IPC: 0.707668
IPC: 0.707408
IPC: 0.707393
IPC: 0.707521
IPC: 0.707622
IPC: 0.707603
IPC: 0.707667
IPC: 0.707349
IPC: 0.707564
IPC: 0.707648
IPC: 0.707279
IPC: 0.707755
IPC: 0.707473
IPC: 0.707466
IPC: 0.707543
IPC: 0.707377
IPC: 0.707306
IPC: 0.707414
IPC: 0.707451
IPC: 0.707733
IPC: 0.707554
IPC: 0.707249
IPC: 0.707275
IPC: 0.707502
IPC: 0.707648
IPC: 0.707537
IPC: 0.707274
IPC: 0.707442
IPC: 0.707548
IPC: 0.70744
IPC: 0.707663
IPC: 0.707723
IPC: 0.707343
IPC: 0.707541
IPC: 0.707524
IPC: 0.707414
IPC: 0.70758
IPC: 0.707591
IPC: 0.707628
IPC: 0.707277
IPC: 0.706015
IPC: 0.707006
IPC: 0.70675
IPC: 0.706755
IPC: 0.70672
IPC: 0.706909
IPC: 0.706673
IPC: 0.706706
IPC: 0.706792
IPC: 0.70668
IPC: 0.706735
IPC: 0.70684
IPC: 0.706725
IPC: 0.706631
IPC: 0.706773
IPC: 0.706681
IPC: 0.706695
IPC: 0.706785
IPC: 0.706736
IPC: 0.706801
IPC: 0.706891
IPC: 0.70676
IPC: 0.706856
IPC: 0.706572
IPC: 0.706903
IPC: 0.706779
IPC: 0.706654
IPC: 0.70679
IPC: 0.706555
IPC: 0.706706
IPC: 0.706643
IPC: 0.706764
IPC: 0.706705
IPC: 0.706937
IPC: 0.706674
IPC: 0.706806
IPC: 0.706826
IPC: 0.706783
IPC: 0.706813
IPC: 0.706859
IPC: 0.706833
IPC: 0.706646
IPC: 0.706566
IPC: 0.705723
IPC: 0.707299
IPC: 0.707006
IPC: 0.707274
IPC: 0.706971
IPC: 0.707239
IPC: 0.707298
IPC: 0.707112
IPC: 0.707174
IPC: 0.707239
IPC: 0.707242
IPC: 0.707
IPC: 0.707425
IPC: 0.707123
IPC: 0.706898
IPC: 0.707281
IPC: 0.707331
IPC: 0.707272
IPC: 0.707356
IPC: 0.707208
IPC: 0.707385
IPC: 0.706921
IPC: 0.707176
IPC: 0.707276
IPC: 0.707008
IPC: 0.707054
IPC: 0.707212
IPC: 0.707376
IPC: 0.707145
IPC: 0.707214
IPC: 0.707181
IPC: 0.707054
IPC: 0.707153
IPC: 0.707361
IPC: 0.70708
IPC: 0.707198
IPC: 0.707045
IPC: 0.707088
IPC: 0.707114
IPC: 0.707225
IPC: 0.707356
IPC: 0.706907
IPC: 0.707298
IPC: 0.705834
IPC: 0.70767
IPC: 0.707872
IPC: 0.707587
IPC: 0.70787
IPC: 0.707837
IPC: 0.708011
IPC: 0.708045
IPC: 0.707622
IPC: 0.707867
IPC: 0.707853
IPC: 0.707897
IPC: 0.707939
IPC: 0.707634
IPC: 0.707901
IPC: 0.707719
IPC: 0.707802
IPC: 0.707991
IPC: 0.707648
IPC: 0.707841
IPC: 0.707689
IPC: 0.707954
IPC: 0.707571
IPC: 0.707887
IPC: 0.707836
IPC: 0.707837
IPC: 0.707556
IPC: 0.707644
IPC: 0.707767
IPC: 0.707958
IPC: 0.707613
IPC: 0.707815
IPC: 0.707796
IPC: 0.70788
IPC: 0.707657
IPC: 0.707858
IPC: 0.707971
IPC: 0.707939
IPC: 0.707867
IPC: 0.707778
IPC: 0.707722
IPC: 0.707861
IPC: 0.707731
IPC: 0.706613
IPC: 0.707837
IPC: 0.707769
IPC: 0.707998
IPC: 0.707633
IPC: 0.707693
IPC: 0.707841
IPC: 0.707637
IPC: 0.707643
IPC: 0.707981
IPC: 0.707662
IPC: 0.707853
IPC: 0.707815
IPC: 0.707937
IPC: 0.707867
IPC: 0.707586
IPC: 0.707765
IPC: 0.707813
IPC: 0.707797
IPC: 0.70788
IPC: 0.707649
IPC: 0.707837
IPC: 0.707755
IPC: 0.70797
IPC: 0.707511
IPC: 0.707871
IPC: 0.707741
IPC: 0.707911
IPC: 0.707726
IPC: 0.707723
IPC: 0.707643
IPC: 0.707723
IPC: 0.70783
IPC: 0.70774
IPC: 0.7077
IPC: 0.707819
IPC: 0.707914
IPC: 0.707501
IPC: 0.707651
IPC: 0.707823
IPC: 0.707887
IPC: 0.707758
IPC: 0.707825
IPC: 0.706877
IPC: 0.708377
IPC: 0.70831
IPC: 0.708089
IPC: 0.708303
IPC: 0.70822
IPC: 0.708205
IPC: 0.708157
IPC: 0.708056
IPC: 0.708146
IPC: 0.708168
IPC: 0.70832
IPC: 0.708351
IPC: 0.708157
IPC: 0.708078
IPC: 0.708253
IPC: 0.708429
IPC: 0.708019
IPC: 0.708314
IPC: 0.708143
IPC: 0.708336
IPC: 0.708321
IPC: 0.708105
IPC: 0.708169
IPC: 0.708257
IPC: 0.708222
IPC: 0.708166
IPC: 0.708233
IPC: 0.708325
IPC: 0.708278
IPC: 0.708328
IPC: 0.708372
IPC: 0.708087
IPC: 0.708173
IPC: 0.708359
IPC: 0.708214
IPC: 0.708281
IPC: 0.708126
IPC: 0.708271
IPC: 0.708337
IPC: 0.708291
IPC: 0.708362
IPC: 0.706198
IPC: 0.707397
IPC: 0.707085
IPC: 0.707376
IPC: 0.707238
IPC: 0.70729
IPC: 0.707281
IPC: 0.707501
IPC: 0.707559
IPC: 0.707419
IPC: 0.707736
IPC: 0.707391
IPC: 0.707373
IPC: 0.707411
IPC: 0.70741
IPC: 0.707394
IPC: 0.707381
IPC: 0.707346
IPC: 0.707512
IPC: 0.707643
IPC: 0.707273
IPC: 0.707289
IPC: 0.707456
IPC: 0.707515
IPC: 0.707344
IPC: 0.707416
IPC: 0.707408
IPC: 0.707554
IPC: 0.707367
IPC: 0.707496
IPC: 0.707278
IPC: 0.70746
IPC: 0.707555
IPC: 0.707521
IPC: 0.707425
IPC: 0.707546
IPC: 0.707461
IPC: 0.707588
IPC: 0.707748
IPC: 0.707453
IPC: 0.707311
IPC: 0.70741
IPC: 0.707447
IPC: 0.705863
IPC: 0.70712
IPC: 0.707313
IPC: 0.707256
IPC: 0.707297
IPC: 0.707329
IPC: 0.707279
IPC: 0.707348
IPC: 0.707221
IPC: 0.707134
IPC: 0.70733
IPC: 0.707163
IPC: 0.707435
IPC: 0.70736
IPC: 0.707322
IPC: 0.707304
IPC: 0.707259
IPC: 0.707233
IPC: 0.707379
IPC: 0.707249
IPC: 0.707286
IPC: 0.707326
IPC: 0.707149
IPC: 0.707463
IPC: 0.70729
IPC: 0.707263
IPC: 0.707244
IPC: 0.707177
IPC: 0.707131
IPC: 0.707269
IPC: 0.707383
IPC: 0.707435
IPC: 0.707105
IPC: 0.707345
IPC: 0.707275
IPC: 0.707477
IPC: 0.707269
IPC: 0.707356
IPC: 0.707085
IPC: 0.707075
IPC: 0.707189
IPC: 0.707199
IPC: 0.705978
IPC: 0.707785
IPC: 0.707696
IPC: 0.707864
IPC: 0.707837
IPC: 0.707903
IPC: 0.707907
IPC: 0.707847
IPC: 0.707399
IPC: 0.707624
IPC: 0.707769
IPC: 0.707835
IPC: 0.707848
IPC: 0.707618
IPC: 0.707759
IPC: 0.707721
IPC: 0.707933
IPC: 0.707703
IPC: 0.707818
IPC: 0.707748
IPC: 0.707764
IPC: 0.707918
IPC: 0.707863
IPC: 0.707719
IPC: 0.707733
IPC: 0.707477
IPC: 0.707756
IPC: 0.707713
IPC: 0.707608
IPC: 0.707763
IPC: 0.707537
IPC: 0.707717
IPC: 0.707836
IPC: 0.707865
IPC: 0.707731
IPC: 0.707831
IPC: 0.707849
IPC: 0.707569
IPC: 0.707551
IPC: 0.707605
IPC: 0.707818
IPC: 0.707889
IPC: 0.707797
IPC: 0.705955
IPC: 0.707093
IPC: 0.707082
IPC: 0.707052
IPC: 0.706973
IPC: 0.707079
IPC: 0.706888
IPC: 0.707153
IPC: 0.707127
IPC: 0.707079
IPC: 0.707065
IPC: 0.706863
IPC: 0.707062
IPC: 0.706848
IPC: 0.706957
IPC: 0.707019
IPC: 0.70707
IPC: 0.707209
IPC: 0.707076
IPC: 0.707071
IPC: 0.707149
IPC: 0.706984
IPC: 0.706873
IPC: 0.707138
IPC: 0.707113
IPC: 0.707261
IPC: 0.706797
IPC: 0.7071
IPC: 0.706931
IPC: 0.706974
IPC: 0.707117
IPC: 0.707171
IPC: 0.706613
IPC: 0.706829
IPC: 0.707055
IPC: 0.707082
IPC: 0.707119
IPC: 0.706934
IPC: 0.707002
IPC: 0.706984
IPC: 0.706928
IPC: 0.706958
IPC: 0.707013
IPC: 0.705528
IPC: 0.707329
IPC: 0.707299
IPC: 0.707317
IPC: 0.707357
IPC: 0.707404
IPC: 0.707205
IPC: 0.707303
IPC: 0.707492
IPC: 0.707333
IPC: 0.707095
IPC: 0.707339
IPC: 0.707244
IPC: 0.707545
IPC: 0.707434
IPC: 0.70724
IPC: 0.707253
IPC: 0.707341
IPC: 0.707294
IPC: 0.707356
IPC: 0.707493
IPC: 0.707425
IPC: 0.707348
IPC: 0.707484
IPC: 0.707383
IPC: 0.707521
IPC: 0.707478
IPC: 0.707484
IPC: 0.70735
IPC: 0.707312
IPC: 0.7071
IPC: 0.707314
IPC: 0.707188
IPC: 0.707439
IPC: 0.707256
IPC: 0.707362
IPC: 0.707407
IPC: 0.70734
IPC: 0.707472
IPC: 0.707425
IPC: 0.707079
IPC: 0.707241
IPC: 0.707396
IPC: 0.706145
IPC: 0.70786
IPC: 0.707512
IPC: 0.707872
IPC: 0.707726
IPC: 0.707756
IPC: 0.707804
IPC: 0.70754
IPC: 0.707711
IPC: 0.707817
IPC: 0.707975
IPC: 0.70785
IPC: 0.707638
IPC: 0.707624
IPC: 0.707654
IPC: 0.70787
IPC: 0.707812
IPC: 0.707679
IPC: 0.707842
IPC: 0.707491
IPC: 0.707868
IPC: 0.707513
IPC: 0.707756
IPC: 0.707759
IPC: 0.707753
IPC: 0.707544
IPC: 0.707866
IPC: 0.707658
IPC: 0.707736
IPC: 0.707859
IPC: 0.707687
IPC: 0.707787
IPC: 0.70764
IPC: 0.707567
IPC: 0.707862
IPC: 0.707725
IPC: 0.707609
IPC: 0.707896
IPC: 0.707948
IPC: 0.70772
IPC: 0.707786
IPC: 0.707985
IPC: 0.70766
IPC: 0.706513
IPC: 0.708056
IPC: 0.707835
IPC: 0.707913
IPC: 0.707732
IPC: 0.707775
IPC: 0.70802
IPC: 0.707635
IPC: 0.707779
IPC: 0.70787
IPC: 0.707933
IPC: 0.707993
IPC: 0.708074
IPC: 0.707977
IPC: 0.707824
IPC: 0.707698
IPC: 0.707654
IPC: 0.707981
IPC: 0.707854
IPC: 0.70774
IPC: 0.708052
IPC: 0.707886
IPC: 0.70782
IPC: 0.707874
IPC: 0.708052
IPC: 0.707733
IPC: 0.707984
IPC: 0.707921
IPC: 0.707683
IPC: 0.707874
IPC: 0.707834
IPC: 0.707929
IPC: 0.707817
IPC: 0.707808
IPC: 0.707933
IPC: 0.707949
IPC: 0.707495
IPC: 0.707802
IPC: 0.70799
IPC: 0.707957
IPC: 0.707775
IPC: 0.708227
IPC: 0.707899
IPC: 0.705979
IPC: 0.706736
IPC: 0.706603
IPC: 0.706724
IPC: 0.70654
IPC: 0.706902
IPC: 0.706614
IPC: 0.70655
IPC: 0.706572
IPC: 0.706674
IPC: 0.706418
IPC: 0.706743
IPC: 0.706552
IPC: 0.706651
IPC: 0.706739
IPC: 0.706595
IPC: 0.706698
IPC: 0.706826
IPC: 0.706661
IPC: 0.706612
IPC: 0.706821
IPC: 0.70671
IPC: 0.706717
IPC: 0.706701
IPC: 0.706645
IPC: 0.706937
IPC: 0.706695
IPC: 0.706805
IPC: 0.70689
IPC: 0.70649
IPC: 0.706559
IPC: 0.706649
IPC: 0.706749
IPC: 0.706609
IPC: 0.706543
IPC: 0.706566
IPC: 0.706693
IPC: 0.706431
IPC: 0.706514
IPC: 0.706551
IPC: 0.706625
IPC: 0.70678
IPC: 0.706728
IPC: 0.705789
IPC: 0.707841
IPC: 0.708022
IPC: 0.707744
IPC: 0.707814
IPC: 0.707833
IPC: 0.707662
IPC: 0.707838
IPC: 0.707912
IPC: 0.70795
IPC: 0.708029
IPC: 0.708054
IPC: 0.707913
IPC: 0.708127
IPC: 0.707741
IPC: 0.707981
IPC: 0.708
IPC: 0.707804
IPC: 0.707876
IPC: 0.707828
IPC: 0.708005
IPC: 0.708026
IPC: 0.707643
IPC: 0.707932
IPC: 0.707947
IPC: 0.707707
IPC: 0.707971
IPC: 0.707835
IPC: 0.707833
IPC: 0.707726
IPC: 0.707863
IPC: 0.708135
IPC: 0.707979
IPC: 0.708014
IPC: 0.708033
IPC: 0.707766
IPC: 0.707878
IPC: 0.707982
IPC: 0.708111
IPC: 0.707918
IPC: 0.708095
IPC: 0.708035
IPC: 0.708015
IPC: 0.706731
IPC: 0.708301
IPC: 0.708243
IPC: 0.7085
IPC: 0.708409
IPC: 0.708479
IPC: 0.708273
IPC: 0.708431
IPC: 0.70809
IPC: 0.708227
IPC: 0.708262
IPC: 0.708123
IPC: 0.708237
IPC: 0.70838
IPC: 0.708204
IPC: 0.708477
IPC: 0.70826
IPC: 0.708446
IPC: 0.708405
IPC: 0.70848
IPC: 0.708142
IPC: 0.708378
IPC: 0.708417
IPC: 0.708441
IPC: 0.70856
IPC: 0.708537
IPC: 0.708338
IPC: 0.708249
IPC: 0.708419
IPC: 0.708264
IPC: 0.708055
IPC: 0.708293
IPC: 0.708345
IPC: 0.708386
IPC: 0.708299
IPC: 0.708496
IPC: 0.708507
IPC: 0.708481
IPC: 0.708173
IPC: 0.708164
IPC: 0.708478
IPC: 0.708357
IPC: 0.708377
IPC: 0.706825
IPC: 0.707778
IPC: 0.707824
IPC: 0.708073
IPC: 0.707903
IPC: 0.707755
IPC: 0.708135
IPC: 0.707723
IPC: 0.7081
IPC: 0.707923
IPC: 0.707863
IPC: 0.707644
IPC: 0.70782
IPC: 0.708006
IPC: 0.707931
IPC: 0.70779
IPC: 0.707651
IPC: 0.707725
IPC: 0.707706
IPC: 0.707901
IPC: 0.707992
IPC: 0.707888
IPC: 0.707944
IPC: 0.707951
IPC: 0.708403
IPC: 0.707651
IPC: 0.707876
IPC: 0.708085
IPC: 0.707884
IPC: 0.707644
IPC: 0.707914
IPC: 0.707881
IPC: 0.70789
IPC: 0.707737
IPC: 0.708035
IPC: 0.707806
IPC: 0.707924
IPC: 0.707957
IPC: 0.70789
IPC: 0.707933
IPC: 0.708041
IPC: 0.707828
IPC: 0.706443
IPC: 0.707769
IPC: 0.707843
IPC: 0.708006
IPC: 0.707949
IPC: 0.707915
IPC: 0.707836
IPC: 0.707804
IPC: 0.707871
IPC: 0.707782
IPC: 0.707982
IPC: 0.707855
IPC: 0.707704
IPC: 0.708021
IPC: 0.707824
IPC: 0.707859
IPC: 0.707806
IPC: 0.707971
IPC: 0.707767
IPC: 0.707905
IPC: 0.707625
IPC: 0.707747
IPC: 0.708005
IPC: 0.707938
IPC: 0.707894
IPC: 0.707709
IPC: 0.707771
IPC: 0.708053
IPC: 0.707992
IPC: 0.707821
IPC: 0.707827
IPC: 0.70801
IPC: 0.707783
IPC: 0.708017
IPC: 0.707916
IPC: 0.707856
IPC: 0.707929
IPC: 0.707755
IPC: 0.70783
IPC: 0.707974
IPC: 0.7079
IPC: 0.707989
IPC: 0.707956
IPC: 0.705503
IPC: 0.706844
IPC: 0.706446
IPC: 0.707047
IPC: 0.706586
IPC: 0.706517
IPC: 0.70665
IPC: 0.706712
IPC: 0.70657
IPC: 0.70664
IPC: 0.7066
IPC: 0.706575
IPC: 0.706537
IPC: 0.706587
IPC: 0.706815
IPC: 0.706567
IPC: 0.706567
IPC: 0.706731
IPC: 0.706751
IPC: 0.706715
IPC: 0.706743
IPC: 0.706874
IPC: 0.706804
IPC: 0.706625
IPC: 0.706478
IPC: 0.706639
IPC: 0.706743
IPC: 0.706655
IPC: 0.706652
IPC: 0.706719
IPC: 0.706718
IPC: 0.706704
IPC: 0.706617
IPC: 0.706717
IPC: 0.706451
IPC: 0.706831
IPC: 0.706869
IPC: 0.706782
IPC: 0.706585
IPC: 0.706661
IPC: 0.706816
IPC: 0.706618
IPC: 0.706667
IPC: 0.706331
IPC: 0.708065
IPC: 0.707641
IPC: 0.707927
IPC: 0.707926
IPC: 0.707779
IPC: 0.708005
IPC: 0.707829
IPC: 0.708051
IPC: 0.708065
IPC: 0.708025
IPC: 0.707963
IPC: 0.707967
IPC: 0.707781
IPC: 0.707788
IPC: 0.707912
IPC: 0.707851
IPC: 0.708032
IPC: 0.708001
IPC: 0.707991
IPC: 0.707968
IPC: 0.707993
IPC: 0.707835
IPC: 0.707988
IPC: 0.707879
IPC: 0.707833
IPC: 0.707926
IPC: 0.707848
IPC: 0.707919
IPC: 0.708025
IPC: 0.707525
IPC: 0.707866
IPC: 0.70799
IPC: 0.707836
IPC: 0.707967
IPC: 0.708037
IPC: 0.708046
IPC: 0.70766
IPC: 0.708202
IPC: 0.707972
IPC: 0.707844
IPC: 0.707886
IPC: 0.707876
IPC: 0.706076
IPC: 0.707391
IPC: 0.707164
IPC: 0.707466
IPC: 0.707492
IPC: 0.707519
IPC: 0.707281
IPC: 0.707441
IPC: 0.707457
IPC: 0.707444
IPC: 0.707378
IPC: 0.70724
IPC: 0.707268
IPC: 0.707427
IPC: 0.707673
IPC: 0.707369
IPC: 0.707314
IPC: 0.707433
IPC: 0.707212
IPC: 0.70743
IPC: 0.707687
IPC: 0.707404
IPC: 0.707167
IPC: 0.707428
IPC: 0.707295
IPC: 0.707468
IPC: 0.707265
IPC: 0.707375
IPC: 0.707514
IPC: 0.707444
IPC: 0.707351
IPC: 0.707445
IPC: 0.707464
IPC: 0.707364
IPC: 0.707552
IPC: 0.707328
IPC: 0.707119
IPC: 0.707315
IPC: 0.707365
IPC: 0.707283
IPC: 0.707503
IPC: 0.707155
IPC: 0.707434
IPC: 0.706615
IPC: 0.70817
IPC: 0.708113
IPC: 0.70803
IPC: 0.707996
IPC: 0.707995
IPC: 0.708229
IPC: 0.708005
IPC: 0.708172
IPC: 0.708294
IPC: 0.707994
IPC: 0.708081
IPC: 0.708114
IPC: 0.708315
IPC: 0.708075
IPC: 0.708093
IPC: 0.708149
IPC: 0.708245
IPC: 0.70795
IPC: 0.708074
IPC: 0.708107
IPC: 0.707879
IPC: 0.708186
IPC: 0.708342
IPC: 0.707925
IPC: 0.707928
IPC: 0.707986
IPC: 0.707853
IPC: 0.708101
IPC: 0.708288
IPC: 0.708039
IPC: 0.707864
IPC: 0.708107
IPC: 0.707893
IPC: 0.708072
IPC: 0.708114
IPC: 0.708004
IPC: 0.707912
IPC: 0.708078
IPC: 0.708027
IPC: 0.707924
IPC: 0.708027
IPC: 0.707992
IPC: 0.705542
IPC: 0.706733
IPC: 0.706748
IPC: 0.706781
IPC: 0.707086
IPC: 0.706622
IPC: 0.706962
IPC: 0.706769
IPC: 0.706925
IPC: 0.706803
IPC: 0.706787
IPC: 0.706932
IPC: 0.706564
IPC: 0.706724
IPC: 0.706953
IPC: 0.70662
IPC: 0.706805
IPC: 0.7069
IPC: 0.706775
IPC: 0.706923
IPC: 0.706607
IPC: 0.706908
IPC: 0.706731
IPC: 0.706818
IPC: 0.706846
IPC: 0.706957
IPC: 0.706607
IPC: 0.706772
IPC: 0.706808
IPC: 0.706764
IPC: 0.706782
IPC: 0.706882
IPC: 0.706807
IPC: 0.70668
IPC: 0.706733
IPC: 0.706746
IPC: 0.706718
IPC: 0.706963
IPC: 0.706889
IPC: 0.706681
IPC: 0.70687
IPC: 0.706899
IPC: 0.706685
IPC: 0.705902
IPC: 0.707401
IPC: 0.707593
IPC: 0.707438
IPC: 0.707608
IPC: 0.707666
IPC: 0.70744
IPC: 0.707628
IPC: 0.707364
IPC: 0.707533
IPC: 0.707353
IPC: 0.707674
IPC: 0.707353
IPC: 0.707579
IPC: 0.707506
IPC: 0.707494
IPC: 0.707636
IPC: 0.707452
IPC: 0.70772
IPC: 0.707232
IPC: 0.707501
IPC: 0.707457
IPC: 0.707572
IPC: 0.707468
IPC: 0.707253
IPC: 0.707455
IPC: 0.707613
IPC: 0.707471
IPC: 0.707474
IPC: 0.707506
IPC: 0.707109
IPC: 0.707451
IPC: 0.707479
IPC: 0.707591
IPC: 0.707444
IPC: 0.707335
IPC: 0.707341
IPC: 0.707435
IPC: 0.707387
IPC: 0.707355
IPC: 0.707426
IPC: 0.707585
IPC: 0.707438
IPC: 0.705648
IPC: 0.707073
IPC: 0.7072
IPC: 0.706945
IPC: 0.706775
IPC: 0.70704
IPC: 0.706875
IPC: 0.707108
IPC: 0.706825
IPC: 0.707166
IPC: 0.707104
IPC: 0.706932
IPC: 0.707132
IPC: 0.707114
IPC: 0.707264
IPC: 0.70716
IPC: 0.707259
IPC: 0.70722
IPC: 0.707123
IPC: 0.706947
IPC: 0.707102
IPC: 0.706999
IPC: 0.707313
IPC: 0.707046
IPC: 0.707174
IPC: 0.707238
IPC: 0.706932
IPC: 0.707023
IPC: 0.706949
IPC: 0.707011
IPC: 0.707158
IPC: 0.707143
IPC: 0.706952
IPC: 0.707108
IPC: 0.706968
IPC: 0.706998
IPC: 0.707147
IPC: 0.707107
IPC: 0.707022
IPC: 0.707092
IPC: 0.706898
IPC: 0.707158
IPC: 0.707055
IPC: 0.705833
IPC: 0.707427
IPC: 0.707394
IPC: 0.707277
IPC: 0.70738
IPC: 0.707335
IPC: 0.707465
IPC: 0.70751
IPC: 0.70745
IPC: 0.707302
IPC: 0.707496
IPC: 0.707422
IPC: 0.707333
IPC: 0.707482
IPC: 0.707656
IPC: 0.707361
IPC: 0.70758
IPC: 0.707312
IPC: 0.70741
IPC: 0.707268
IPC: 0.707315
IPC: 0.707421
IPC: 0.707381
IPC: 0.707332
IPC: 0.707446
IPC: 0.707479
IPC: 0.707501
IPC: 0.707585
IPC: 0.707469
IPC: 0.707493
IPC: 0.707388
IPC: 0.707428
IPC: 0.707285
IPC: 0.707421
IPC: 0.707612
IPC: 0.707364
IPC: 0.707282
IPC: 0.707519
IPC: 0.707439
IPC: 0.70751
IPC: 0.707482
IPC: 0.707343
IPC: 0.70609
IPC: 0.707888
IPC: 0.707863
IPC: 0.707834
IPC: 0.70803
IPC: 0.707932
IPC: 0.707969
IPC: 0.707944
IPC: 0.70794
IPC: 0.707773
IPC: 0.707708
IPC: 0.708
IPC: 0.708032
IPC: 0.707926
IPC: 0.707704
IPC: 0.70779
IPC: 0.708005
IPC: 0.707826
IPC: 0.707965
IPC: 0.707909
IPC: 0.707941
IPC: 0.707944
IPC: 0.707983
IPC: 0.707915
IPC: 0.708006
IPC: 0.707804
IPC: 0.707939
IPC: 0.708036
IPC: 0.707854
IPC: 0.70784
IPC: 0.707772
IPC: 0.70786
IPC: 0.708066
IPC: 0.707723
IPC: 0.707836
IPC: 0.708046
IPC: 0.707819
IPC: 0.707743
IPC: 0.707963
IPC: 0.707805
IPC: 0.707872
IPC: 0.707994
IPC: 0.706693
IPC: 0.708053
IPC: 0.70811
IPC: 0.708143
IPC: 0.707903
IPC: 0.708198
IPC: 0.708051
IPC: 0.708133
IPC: 0.708013
IPC: 0.708204
IPC: 0.707798
IPC: 0.708095
IPC: 0.708205
IPC: 0.708097
IPC: 0.708021
IPC: 0.707947
IPC: 0.708026
IPC: 0.708041
IPC: 0.708113
IPC: 0.708171
IPC: 0.708144
IPC: 0.708307
IPC: 0.708294
IPC: 0.708043
IPC: 0.707991
IPC: 0.707907
IPC: 0.708107
IPC: 0.708013
IPC: 0.708064
IPC: 0.708162
IPC: 0.708013
IPC: 0.708122
IPC: 0.707935
IPC: 0.708153
IPC: 0.708132
IPC: 0.708066
IPC: 0.708011
IPC: 0.708024
IPC: 0.70816
IPC: 0.708209
IPC: 0.708153
IPC: 0.708286
IPC: 0.708112
IPC: 0.706371
IPC: 0.70667
IPC: 0.706565
IPC: 0.706379
IPC: 0.706646
IPC: 0.706573
IPC: 0.706508
IPC: 0.706715
IPC: 0.706687
IPC: 0.706465
IPC: 0.706498
IPC: 0.706359
IPC: 0.706544
IPC: 0.706532
IPC: 0.706634
IPC: 0.706583
IPC: 0.706437
IPC: 0.70634
IPC: 0.70659
IPC: 0.706491
IPC: 0.706579
IPC: 0.706733
IPC: 0.706478
IPC: 0.706607
IPC: 0.706707
IPC: 0.706567
IPC: 0.706726
IPC: 0.706515
IPC: 0.706648
IPC: 0.706687
IPC: 0.706619
IPC: 0.706729
IPC: 0.706582
IPC: 0.706462
IPC: 0.706629
IPC: 0.706557
IPC: 0.706626
IPC: 0.706678
IPC: 0.706693
IPC: 0.706265
IPC: 0.706596
IPC: 0.706617
IPC: 0.706507
IPC: 0.705296
IPC: 0.707485
IPC: 0.707361
IPC: 0.707312
IPC: 0.707371
IPC: 0.707188
IPC: 0.707401
IPC: 0.707624
IPC: 0.707458
IPC: 0.707366
IPC: 0.707471
IPC: 0.707352
IPC: 0.707497
IPC: 0.707212
IPC: 0.707149
IPC: 0.707475
IPC: 0.707495
IPC: 0.707507
IPC: 0.707523
IPC: 0.707077
IPC: 0.707535
IPC: 0.707523
IPC: 0.707579
IPC: 0.707446
IPC: 0.707518
IPC: 0.707441
IPC: 0.707176
IPC: 0.707143
IPC: 0.707247
IPC: 0.707282
IPC: 0.707328
IPC: 0.707413
IPC: 0.707458
IPC: 0.707276
IPC: 0.707436
IPC: 0.707365
IPC: 0.707322
IPC: 0.70738
IPC: 0.707447
IPC: 0.707313
IPC: 0.707513
IPC: 0.707602
IPC: 0.707549
IPC: 0.705962
IPC: 0.706902
IPC: 0.707101
IPC: 0.706825
IPC: 0.707128
IPC: 0.707111
IPC: 0.706903
IPC: 0.706915
IPC: 0.706781
IPC: 0.707103
IPC: 0.707081
IPC: 0.707092
IPC: 0.706795
IPC: 0.707033
IPC: 0.706714
IPC: 0.70703
IPC: 0.706918
IPC: 0.706629
IPC: 0.706955
IPC: 0.707061
IPC: 0.707106
IPC: 0.707056
IPC: 0.706958
IPC: 0.707012
IPC: 0.706822
IPC: 0.706896
IPC: 0.70712
IPC: 0.706813
IPC: 0.706912
IPC: 0.707115
IPC: 0.707297
IPC: 0.707033
IPC: 0.707109
IPC: 0.706833
IPC: 0.706961
IPC: 0.707085
IPC: 0.70693
IPC: 0.706993
IPC: 0.707033
IPC: 0.706769
IPC: 0.706914
IPC: 0.707051
IPC: 0.706799
Total Instructions: 5959628
Total Cycles: 8428987

Two level cache hierarchy:
  L1-Data Cache:
    Size(KB):          32
    Block Size(B):     64
    Associativity:      8

  L2-Data Cache:
    Size(KB):        1024
    Block Size(B):    128
    Associativity:      8

Latencies:    1   10  150
L1-Sets: LRU assoc:   8
L2-Sets: LRU assoc:   8
Store_allocation: Yes
L2_inclusive: Yes

L1 Cache Stats:
L1-Load-Hits:        7777487366   99.17%
L1-Load-Misses:        64860217    0.83%
L1-Load-Accesses:    7842347583  100.00%

L1-Store-Hits:        2287057894   97.80%
L1-Store-Misses:        51394083    2.20%
L1-Store-Accesses:    2338451977  100.00%

L1-Total-Hits:       10064545260   98.86%
L1-Total-Misses:       116254300    1.14%
L1-Total-Accesses:   10180799560  100.00%

L2 Cache Stats:
L2-Load-Hits:          64857391  100.00%
L2-Load-Misses:            2826    0.00%
L2-Load-Accesses:      64860217  100.00%

L2-Store-Hits:          51385481   99.98%
L2-Store-Misses:            8602    0.02%
L2-Store-Accesses:      51394083  100.00%

L2-Total-Hits:         116242872   99.99%
L2-Total-Misses:           11428    0.01%
L2-Total-Accesses:     116254300  100.00%

