Total Instructions: 4128219492
Total Cycles: 9410617597
IPC: 0.438677

Two level cache hierarchy:
  L1-Data Cache:
    Size(KB):          32
    Block Size(B):     64
    Associativity:      8

  L2-Data Cache:
    Size(KB):        1024
    Block Size(B):    128
    Associativity:      8

Latencies:    1   10  150
L1-Sets: LRU assoc:   8
L2-Sets: LRU assoc:   8
Store_allocation: Yes
L2_inclusive: Yes

L1 Cache Stats:
L1-Load-Hits:         778700178   88.57%
L1-Load-Misses:       100467666   11.43%
L1-Load-Accesses:     879167844  100.00%

L1-Store-Hits:         323416400   98.12%
L1-Store-Misses:         6189541    1.88%
L1-Store-Accesses:     329605941  100.00%

L1-Total-Hits:        1102116578   91.18%
L1-Total-Misses:       106657207    8.82%
L1-Total-Accesses:    1208773785  100.00%

L2 Cache Stats:
L2-Load-Hits:          83689286   83.30%
L2-Load-Misses:        16778380   16.70%
L2-Load-Accesses:     100467666  100.00%

L2-Store-Hits:           2920906   47.19%
L2-Store-Misses:         3268635   52.81%
L2-Store-Accesses:       6189541  100.00%

L2-Total-Hits:          86610192   81.20%
L2-Total-Misses:        20047015   18.80%
L2-Total-Accesses:     106657207  100.00%

