Total Instructions: 4128219523
Total Cycles: 9440896240
IPC: 0.43727

Two level cache hierarchy:
  L1-Data Cache:
    Size(KB):          16
    Block Size(B):     64
    Associativity:      4

  L2-Data Cache:
    Size(KB):        1024
    Block Size(B):    128
    Associativity:      8

Latencies:    1   10  150
L1-Sets: LRU assoc:   4
L2-Sets: LRU assoc:   8
Store_allocation: Yes
L2_inclusive: Yes

L1 Cache Stats:
L1-Load-Hits:         776020604   88.27%
L1-Load-Misses:       103147250   11.73%
L1-Load-Accesses:     879167854  100.00%

L1-Store-Hits:         323115961   98.03%
L1-Store-Misses:         6489982    1.97%
L1-Store-Accesses:     329605943  100.00%

L1-Total-Hits:        1099136565   90.93%
L1-Total-Misses:       109637232    9.07%
L1-Total-Accesses:    1208773797  100.00%

L2 Cache Stats:
L2-Load-Hits:          86365678   83.73%
L2-Load-Misses:        16781572   16.27%
L2-Load-Accesses:     103147250  100.00%

L2-Store-Hits:           3221350   49.64%
L2-Store-Misses:         3268632   50.36%
L2-Store-Accesses:       6489982  100.00%

L2-Total-Hits:          89587028   81.71%
L2-Total-Misses:        20050204   18.29%
L2-Total-Accesses:     109637232  100.00%

