Total Instructions: 4128219523
Total Cycles: 9362375390
IPC: 0.440937

Two level cache hierarchy:
  L1-Data Cache:
    Size(KB):         128
    Block Size(B):     64
    Associativity:      8

  L2-Data Cache:
    Size(KB):        1024
    Block Size(B):    128
    Associativity:      8

Latencies:    1   10  150
L1-Sets: LRU assoc:   8
L2-Sets: LRU assoc:   8
Store_allocation: Yes
L2_inclusive: Yes

L1 Cache Stats:
L1-Load-Hits:         783460226   89.11%
L1-Load-Misses:        95707628   10.89%
L1-Load-Accesses:     879167854  100.00%

L1-Store-Hits:         323480424   98.14%
L1-Store-Misses:         6125519    1.86%
L1-Store-Accesses:     329605943  100.00%

L1-Total-Hits:        1106940650   91.58%
L1-Total-Misses:       101833147    8.42%
L1-Total-Accesses:    1208773797  100.00%

L2 Cache Stats:
L2-Load-Hits:          78929256   82.47%
L2-Load-Misses:        16778372   17.53%
L2-Load-Accesses:      95707628  100.00%

L2-Store-Hits:           2856887   46.64%
L2-Store-Misses:         3268632   53.36%
L2-Store-Accesses:       6125519  100.00%

L2-Total-Hits:          81786143   80.31%
L2-Total-Misses:        20047004   19.69%
L2-Total-Accesses:     101833147  100.00%

