Total Instructions: 4128219492
Total Cycles: 9378754907
IPC: 0.440167

Two level cache hierarchy:
  L1-Data Cache:
    Size(KB):          64
    Block Size(B):     64
    Associativity:      4

  L2-Data Cache:
    Size(KB):        1024
    Block Size(B):    128
    Associativity:      8

Latencies:    1   10  150
L1-Sets: LRU assoc:   4
L2-Sets: LRU assoc:   8
Store_allocation: Yes
L2_inclusive: Yes

L1 Cache Stats:
L1-Load-Hits:         781783884   88.92%
L1-Load-Misses:        97383960   11.08%
L1-Load-Accesses:     879167844  100.00%

L1-Store-Hits:         323518813   98.15%
L1-Store-Misses:         6087128    1.85%
L1-Store-Accesses:     329605941  100.00%

L1-Total-Hits:        1105302697   91.44%
L1-Total-Misses:       103471088    8.56%
L1-Total-Accesses:    1208773785  100.00%

L2 Cache Stats:
L2-Load-Hits:          80605587   82.77%
L2-Load-Misses:        16778373   17.23%
L2-Load-Accesses:      97383960  100.00%

L2-Store-Hits:           2818496   46.30%
L2-Store-Misses:         3268632   53.70%
L2-Store-Accesses:       6087128  100.00%

L2-Total-Hits:          83424083   80.63%
L2-Total-Misses:        20047005   19.37%
L2-Total-Accesses:     103471088  100.00%

