Total Instructions: 11984332574
Total Cycles: 215068114270
IPC: 0.0557234

Two level cache hierarchy:
  L1-Data Cache:
    Size(KB):          16
    Block Size(B):     64
    Associativity:      4

  L2-Data Cache:
    Size(KB):        1024
    Block Size(B):    128
    Associativity:      8

Latencies:    1   10  150
L1-Sets: LRU assoc:   4
L2-Sets: LRU assoc:   8
Store_allocation: Yes
L2_inclusive: Yes

L1 Cache Stats:
L1-Load-Hits:         728687271   31.73%
L1-Load-Misses:      1568088617   68.27%
L1-Load-Accesses:    2296775888  100.00%

L1-Store-Hits:         558876600   82.98%
L1-Store-Misses:       114594608   17.02%
L1-Store-Accesses:     673471208  100.00%

L1-Total-Hits:        1287563871   43.35%
L1-Total-Misses:      1682683225   56.65%
L1-Total-Accesses:    2970247096  100.00%

L2 Cache Stats:
L2-Load-Hits:         446878784   28.50%
L2-Load-Misses:      1121209833   71.50%
L2-Load-Accesses:    1568088617  100.00%

L2-Store-Hits:          13893092   12.12%
L2-Store-Misses:       100701516   87.88%
L2-Store-Accesses:     114594608  100.00%

L2-Total-Hits:         460771876   27.38%
L2-Total-Misses:      1221911349   72.62%
L2-Total-Accesses:    1682683225  100.00%

