Total Instructions: 1493336745
Total Cycles: 26355073421
IPC: 0.0566622

Two level cache hierarchy:
  L1-Data Cache:
    Size(KB):          32
    Block Size(B):     64
    Associativity:      8

  L2-Data Cache:
    Size(KB):        1024
    Block Size(B):    128
    Associativity:      8

Latencies:    1   10  150
L1-Sets: LRU assoc:   8
L2-Sets: LRU assoc:   8
Store_allocation: Yes
L2_inclusive: Yes

L1 Cache Stats:
L1-Load-Hits:         131886868   43.62%
L1-Load-Misses:       170443221   56.38%
L1-Load-Accesses:     302330089  100.00%

L1-Store-Hits:         100468846   97.62%
L1-Store-Misses:         2446221    2.38%
L1-Store-Accesses:     102915067  100.00%

L1-Total-Hits:         232355714   57.34%
L1-Total-Misses:       172889442   42.66%
L1-Total-Accesses:     405245156  100.00%

L2 Cache Stats:
L2-Load-Hits:          21359890   12.53%
L2-Load-Misses:       149083331   87.47%
L2-Load-Accesses:     170443221  100.00%

L2-Store-Hits:             12238    0.50%
L2-Store-Misses:         2433983   99.50%
L2-Store-Accesses:       2446221  100.00%

L2-Total-Hits:          21372128   12.36%
L2-Total-Misses:       151517314   87.64%
L2-Total-Accesses:     172889442  100.00%

