Total Instructions: 1493336776
Total Cycles: 26248759484
IPC: 0.0568917

Two level cache hierarchy:
  L1-Data Cache:
    Size(KB):          64
    Block Size(B):     64
    Associativity:      8

  L2-Data Cache:
    Size(KB):        1024
    Block Size(B):    128
    Associativity:      8

Latencies:    1   10  150
L1-Sets: LRU assoc:   8
L2-Sets: LRU assoc:   8
Store_allocation: Yes
L2_inclusive: Yes

L1 Cache Stats:
L1-Load-Hits:         139095743   46.01%
L1-Load-Misses:       163234356   53.99%
L1-Load-Accesses:     302330099  100.00%

L1-Store-Hits:         100469191   97.62%
L1-Store-Misses:         2445878    2.38%
L1-Store-Accesses:     102915069  100.00%

L1-Total-Hits:         239564934   59.12%
L1-Total-Misses:       165680234   40.88%
L1-Total-Accesses:     405245168  100.00%

L2 Cache Stats:
L2-Load-Hits:          14378688    8.81%
L2-Load-Misses:       148855668   91.19%
L2-Load-Accesses:     163234356  100.00%

L2-Store-Hits:             12378    0.51%
L2-Store-Misses:         2433500   99.49%
L2-Store-Accesses:       2445878  100.00%

L2-Total-Hits:          14391066    8.69%
L2-Total-Misses:       151289168   91.31%
L2-Total-Accesses:     165680234  100.00%

