Total Instructions: 21500901518
Total Cycles: 1315566652896
IPC: 0.0163435

Two level cache hierarchy:
  L1-Data Cache:
    Size(KB):          32
    Block Size(B):     64
    Associativity:      4

  L2-Data Cache:
    Size(KB):        1024
    Block Size(B):    128
    Associativity:      8

Latencies:    1   10  150
L1-Sets: LRU assoc:   4
L2-Sets: LRU assoc:   8
Store_allocation: Yes
L2_inclusive: Yes

L1 Cache Stats:
L1-Load-Hits:         258581721    4.02%
L1-Load-Misses:      6180317343   95.98%
L1-Load-Accesses:    6438899064  100.00%

L1-Store-Hits:         239698933    8.77%
L1-Store-Misses:      2493192741   91.23%
L1-Store-Accesses:    2732891674  100.00%

L1-Total-Hits:         498280654    5.43%
L1-Total-Misses:      8673510084   94.57%
L1-Total-Accesses:    9171790738  100.00%

L2 Cache Stats:
L2-Load-Hits:         390302288    6.32%
L2-Load-Misses:      5790015055   93.68%
L2-Load-Accesses:    6180317343  100.00%

L2-Store-Hits:         295482064   11.85%
L2-Store-Misses:      2197710677   88.15%
L2-Store-Accesses:    2493192741  100.00%

L2-Total-Hits:         685784352    7.91%
L2-Total-Misses:      7987725732   92.09%
L2-Total-Accesses:    8673510084  100.00%

