Total Instructions: 21500902045
Total Cycles: 1329902753605
IPC: 0.0161673

Two level cache hierarchy:
  L1-Data Cache:
    Size(KB):          64
    Block Size(B):     64
    Associativity:      8

  L2-Data Cache:
    Size(KB):        1024
    Block Size(B):    128
    Associativity:      8

Latencies:    1   10  150
L1-Sets: LRU assoc:   8
L2-Sets: LRU assoc:   8
Store_allocation: Yes
L2_inclusive: Yes

L1 Cache Stats:
L1-Load-Hits:         183181286    2.84%
L1-Load-Misses:      6255717877   97.16%
L1-Load-Accesses:    6438899163  100.00%

L1-Store-Hits:         152284846    5.57%
L1-Store-Misses:      2580606821   94.43%
L1-Store-Accesses:    2732891667  100.00%

L1-Total-Hits:         335466132    3.66%
L1-Total-Misses:      8836324698   96.34%
L1-Total-Accesses:    9171790830  100.00%

L2 Cache Stats:
L2-Load-Hits:         432003658    6.91%
L2-Load-Misses:      5823714219   93.09%
L2-Load-Accesses:    6255717877  100.00%

L2-Store-Hits:         331875615   12.86%
L2-Store-Misses:      2248731206   87.14%
L2-Store-Accesses:    2580606821  100.00%

L2-Total-Hits:         763879273    8.64%
L2-Total-Misses:      8072445425   91.36%
L2-Total-Accesses:    8836324698  100.00%

