Total Instructions: 23746595024
Total Cycles: 707631437774
IPC: 0.0335579

Two level cache hierarchy:
  L1-Data Cache:
    Size(KB):          32
    Block Size(B):     64
    Associativity:      8

  L2-Data Cache:
    Size(KB):        1024
    Block Size(B):    128
    Associativity:      8

Latencies:    1   10  150
L1-Sets: LRU assoc:   8
L2-Sets: LRU assoc:   8
Store_allocation: Yes
L2_inclusive: Yes

L1 Cache Stats:
L1-Load-Hits:        1203607611   17.79%
L1-Load-Misses:      5562199544   82.21%
L1-Load-Accesses:    6765807155  100.00%

L1-Store-Hits:         306674523   32.53%
L1-Store-Misses:       636211762   67.47%
L1-Store-Accesses:     942886285  100.00%

L1-Total-Hits:        1510282134   19.59%
L1-Total-Misses:      6198411306   80.41%
L1-Total-Accesses:    7708693440  100.00%

L2 Cache Stats:
L2-Load-Hits:        1831850770   32.93%
L2-Load-Misses:      3730348774   67.07%
L2-Load-Accesses:    5562199544  100.00%

L2-Store-Hits:         271946961   42.74%
L2-Store-Misses:       364264801   57.26%
L2-Store-Accesses:     636211762  100.00%

L2-Total-Hits:        2103797731   33.94%
L2-Total-Misses:      4094613575   66.06%
L2-Total-Accesses:    6198411306  100.00%

