Total Instructions: 7835730658
Total Cycles: 310470024033
IPC: 0.0252383

Two level cache hierarchy:
  L1-Data Cache:
    Size(KB):         128
    Block Size(B):     64
    Associativity:      8

  L2-Data Cache:
    Size(KB):        1024
    Block Size(B):    128
    Associativity:      8

Latencies:    1   10  150
L1-Sets: LRU assoc:   8
L2-Sets: LRU assoc:   8
Store_allocation: Yes
L2_inclusive: Yes

L1 Cache Stats:
L1-Load-Hits:         134177175    7.28%
L1-Load-Misses:      1707874553   92.72%
L1-Load-Accesses:    1842051728  100.00%

L1-Store-Hits:           1433620    0.82%
L1-Store-Misses:       172737477   99.18%
L1-Store-Accesses:     174171097  100.00%

L1-Total-Hits:         135610795    6.73%
L1-Total-Misses:      1880612030   93.27%
L1-Total-Accesses:    2016222825  100.00%

L2 Cache Stats:
L2-Load-Hits:           1297738    0.08%
L2-Load-Misses:      1706576815   99.92%
L2-Load-Accesses:    1707874553  100.00%

L2-Store-Hits:            567957    0.33%
L2-Store-Misses:       172169520   99.67%
L2-Store-Accesses:     172737477  100.00%

L2-Total-Hits:           1865695    0.10%
L2-Total-Misses:      1878746335   99.90%
L2-Total-Accesses:    1880612030  100.00%

