Total Instructions: 7835730658
Total Cycles: 310471991373
IPC: 0.0252381

Two level cache hierarchy:
  L1-Data Cache:
    Size(KB):          64
    Block Size(B):     64
    Associativity:      8

  L2-Data Cache:
    Size(KB):        1024
    Block Size(B):    128
    Associativity:      8

Latencies:    1   10  150
L1-Sets: LRU assoc:   8
L2-Sets: LRU assoc:   8
Store_allocation: Yes
L2_inclusive: Yes

L1 Cache Stats:
L1-Load-Hits:         134076885    7.28%
L1-Load-Misses:      1707974843   92.72%
L1-Load-Accesses:    1842051728  100.00%

L1-Store-Hits:           1394101    0.80%
L1-Store-Misses:       172776996   99.20%
L1-Store-Accesses:     174171097  100.00%

L1-Total-Hits:         135470986    6.72%
L1-Total-Misses:      1880751839   93.28%
L1-Total-Accesses:    2016222825  100.00%

L2 Cache Stats:
L2-Load-Hits:           1394202    0.08%
L2-Load-Misses:      1706580641   99.92%
L2-Load-Accesses:    1707974843  100.00%

L2-Store-Hits:            607507    0.35%
L2-Store-Misses:       172169489   99.65%
L2-Store-Accesses:     172776996  100.00%

L2-Total-Hits:           2001709    0.11%
L2-Total-Misses:      1878750130   99.89%
L2-Total-Accesses:    1880751839  100.00%

