Total Instructions: 7835730658
Total Cycles: 307650297183
IPC: 0.0254696

Two level cache hierarchy:
  L1-Data Cache:
    Size(KB):          16
    Block Size(B):     64
    Associativity:      4

  L2-Data Cache:
    Size(KB):        1024
    Block Size(B):    128
    Associativity:      8

Latencies:    1   10  150
L1-Sets: LRU assoc:   4
L2-Sets: LRU assoc:   8
Store_allocation: Yes
L2_inclusive: Yes

L1 Cache Stats:
L1-Load-Hits:         122008700    6.62%
L1-Load-Misses:      1720043028   93.38%
L1-Load-Accesses:    1842051728  100.00%

L1-Store-Hits:           4573805    2.63%
L1-Store-Misses:       169597292   97.37%
L1-Store-Accesses:     174171097  100.00%

L1-Total-Hits:         126582505    6.28%
L1-Total-Misses:      1889640320   93.72%
L1-Total-Accesses:    2016222825  100.00%

L2 Cache Stats:
L2-Load-Hits:          29656713    1.72%
L2-Load-Misses:      1690386315   98.28%
L2-Load-Accesses:    1720043028  100.00%

L2-Store-Hits:            637337    0.38%
L2-Store-Misses:       168959955   99.62%
L2-Store-Accesses:     169597292  100.00%

L2-Total-Hits:          30294050    1.60%
L2-Total-Misses:      1859346270   98.40%
L2-Total-Accesses:    1889640320  100.00%

