Total Instructions: 29337086287
Total Cycles: 1983163862822
IPC: 0.0147931

Two level cache hierarchy:
  L1-Data Cache:
    Size(KB):          32
    Block Size(B):     64
    Associativity:      8

  L2-Data Cache:
    Size(KB):        1024
    Block Size(B):    128
    Associativity:      8

Latencies:    1   10  150
L1-Sets: LRU assoc:   8
L2-Sets: LRU assoc:   8
Store_allocation: Yes
L2_inclusive: Yes

L1 Cache Stats:
L1-Load-Hits:         891745823    9.77%
L1-Load-Misses:      8234407504   90.23%
L1-Load-Accesses:    9126153327  100.00%

L1-Store-Hits:         268461275    5.71%
L1-Store-Misses:      4431026063   94.29%
L1-Store-Accesses:    4699487338  100.00%

L1-Total-Hits:        1160207098    8.39%
L1-Total-Misses:     12665433567   91.61%
L1-Total-Accesses:   13825640665  100.00%

L2 Cache Stats:
L2-Load-Hits:         298719052    3.63%
L2-Load-Misses:      7935688452   96.37%
L2-Load-Accesses:    8234407504  100.00%

L2-Store-Hits:         277735847    6.27%
L2-Store-Misses:      4153290216   93.73%
L2-Store-Accesses:    4431026063  100.00%

L2-Total-Hits:         576454899    4.55%
L2-Total-Misses:     12088978668   95.45%
L2-Total-Accesses:   12665433567  100.00%

