Total Instructions: 7659818232
Total Cycles: 20290239837
IPC: 0.377512

Two level cache hierarchy:
  L1-Data Cache:
    Size(KB):          64
    Block Size(B):     64
    Associativity:      8

  L2-Data Cache:
    Size(KB):        1024
    Block Size(B):    128
    Associativity:      8

Latencies:    1   10  150
L1-Sets: LRU assoc:   8
L2-Sets: LRU assoc:   8
Store_allocation: Yes
L2_inclusive: Yes

L1 Cache Stats:
L1-Load-Hits:        2031340757   91.58%
L1-Load-Misses:       186718263    8.42%
L1-Load-Accesses:    2218059020  100.00%

L1-Store-Hits:        1088975712   98.99%
L1-Store-Misses:        11055713    1.01%
L1-Store-Accesses:    1100031425  100.00%

L1-Total-Hits:        3120316469   94.04%
L1-Total-Misses:       197773976    5.96%
L1-Total-Accesses:    3318090445  100.00%

L2 Cache Stats:
L2-Load-Hits:         140570045   75.28%
L2-Load-Misses:        46148218   24.72%
L2-Load-Accesses:     186718263  100.00%

L2-Store-Hits:           8306655   75.13%
L2-Store-Misses:         2749058   24.87%
L2-Store-Accesses:      11055713  100.00%

L2-Total-Hits:         148876700   75.28%
L2-Total-Misses:        48897276   24.72%
L2-Total-Accesses:     197773976  100.00%

