Total Instructions: 7659818263
Total Cycles: 20223535200
IPC: 0.378758

Two level cache hierarchy:
  L1-Data Cache:
    Size(KB):          32
    Block Size(B):     64
    Associativity:      8

  L2-Data Cache:
    Size(KB):        1024
    Block Size(B):    128
    Associativity:      8

Latencies:    1   10  150
L1-Sets: LRU assoc:   8
L2-Sets: LRU assoc:   8
Store_allocation: Yes
L2_inclusive: Yes

L1 Cache Stats:
L1-Load-Hits:        2037703585   91.87%
L1-Load-Misses:       180355445    8.13%
L1-Load-Accesses:    2218059030  100.00%

L1-Store-Hits:        1089258749   99.02%
L1-Store-Misses:        10772678    0.98%
L1-Store-Accesses:    1100031427  100.00%

L1-Total-Hits:        3126962334   94.24%
L1-Total-Misses:       191128123    5.76%
L1-Total-Accesses:    3318090457  100.00%

L2 Cache Stats:
L2-Load-Hits:         134209340   74.41%
L2-Load-Misses:        46146105   25.59%
L2-Load-Accesses:     180355445  100.00%

L2-Store-Hits:           8023148   74.48%
L2-Store-Misses:         2749530   25.52%
L2-Store-Accesses:      10772678  100.00%

L2-Total-Hits:         142232488   74.42%
L2-Total-Misses:        48895635   25.58%
L2-Total-Accesses:     191128123  100.00%

