Total Instructions: 7659818232
Total Cycles: 21394906877
IPC: 0.358021

Two level cache hierarchy:
  L1-Data Cache:
    Size(KB):          64
    Block Size(B):     64
    Associativity:      4

  L2-Data Cache:
    Size(KB):        1024
    Block Size(B):    128
    Associativity:      8

Latencies:    1   10  150
L1-Sets: LRU assoc:   4
L2-Sets: LRU assoc:   8
Store_allocation: Yes
L2_inclusive: Yes

L1 Cache Stats:
L1-Load-Hits:        2144630087   96.69%
L1-Load-Misses:        73428933    3.31%
L1-Load-Accesses:    2218059020  100.00%

L1-Store-Hits:        1089270448   99.02%
L1-Store-Misses:        10760977    0.98%
L1-Store-Accesses:    1100031425  100.00%

L1-Total-Hits:        3233900535   97.46%
L1-Total-Misses:        84189910    2.54%
L1-Total-Accesses:    3318090445  100.00%

L2 Cache Stats:
L2-Load-Hits:          12342805   16.81%
L2-Load-Misses:        61086128   83.19%
L2-Load-Accesses:      73428933  100.00%

L2-Store-Hits:           8013111   74.46%
L2-Store-Misses:         2747866   25.54%
L2-Store-Accesses:      10760977  100.00%

L2-Total-Hits:          20355916   24.18%
L2-Total-Misses:        63833994   75.82%
L2-Total-Accesses:      84189910  100.00%

