Total Instructions: 7659818263
Total Cycles: 38381838270
IPC: 0.199569

Two level cache hierarchy:
  L1-Data Cache:
    Size(KB):          32
    Block Size(B):     64
    Associativity:      4

  L2-Data Cache:
    Size(KB):        1024
    Block Size(B):    128
    Associativity:      8

Latencies:    1   10  150
L1-Sets: LRU assoc:   4
L2-Sets: LRU assoc:   8
Store_allocation: Yes
L2_inclusive: Yes

L1 Cache Stats:
L1-Load-Hits:        2023916345   91.25%
L1-Load-Misses:       194142685    8.75%
L1-Load-Accesses:    2218059030  100.00%

L1-Store-Hits:        1086409447   98.76%
L1-Store-Misses:        13621980    1.24%
L1-Store-Accesses:    1100031427  100.00%

L1-Total-Hits:        3110325792   93.74%
L1-Total-Misses:       207764665    6.26%
L1-Total-Accesses:    3318090457  100.00%

L2 Cache Stats:
L2-Load-Hits:          30555329   15.74%
L2-Load-Misses:       163587356   84.26%
L2-Load-Accesses:     194142685  100.00%

L2-Store-Hits:           8367450   61.43%
L2-Store-Misses:         5254530   38.57%
L2-Store-Accesses:      13621980  100.00%

L2-Total-Hits:          38922779   18.73%
L2-Total-Misses:       168841886   81.27%
L2-Total-Accesses:     207764665  100.00%

