Total Instructions: 19193957763
Total Cycles: 1282843806173
IPC: 0.014962

Two level cache hierarchy:
  L1-Data Cache:
    Size(KB):          64
    Block Size(B):     64
    Associativity:      4

  L2-Data Cache:
    Size(KB):        1024
    Block Size(B):    128
    Associativity:      8

Latencies:    1   10  150
L1-Sets: LRU assoc:   4
L2-Sets: LRU assoc:   8
Store_allocation: Yes
L2_inclusive: Yes

L1 Cache Stats:
L1-Load-Hits:          23231654    0.28%
L1-Load-Misses:      8371803733   99.72%
L1-Load-Accesses:    8395035387  100.00%

L1-Store-Hits:            774170    1.35%
L1-Store-Misses:        56378743   98.65%
L1-Store-Accesses:      57152913  100.00%

L1-Total-Hits:          24005824    0.28%
L1-Total-Misses:      8428182476   99.72%
L1-Total-Accesses:    8452188300  100.00%

L2 Cache Stats:
L2-Load-Hits:         601494732    7.18%
L2-Load-Misses:      7770309001   92.82%
L2-Load-Accesses:    8371803733  100.00%

L2-Store-Hits:          20582175   36.51%
L2-Store-Misses:        35796568   63.49%
L2-Store-Accesses:      56378743  100.00%

L2-Total-Hits:         622076907    7.38%
L2-Total-Misses:      7806105569   92.62%
L2-Total-Accesses:    8428182476  100.00%

