Total Instructions: 19193957763
Total Cycles: 1283077922333
IPC: 0.0149593

Two level cache hierarchy:
  L1-Data Cache:
    Size(KB):          16
    Block Size(B):     64
    Associativity:      4

  L2-Data Cache:
    Size(KB):        1024
    Block Size(B):    128
    Associativity:      8

Latencies:    1   10  150
L1-Sets: LRU assoc:   4
L2-Sets: LRU assoc:   8
Store_allocation: Yes
L2_inclusive: Yes

L1 Cache Stats:
L1-Load-Hits:          10323789    0.12%
L1-Load-Misses:      8384711598   99.88%
L1-Load-Accesses:    8395035387  100.00%

L1-Store-Hits:           4647124    8.13%
L1-Store-Misses:        52505789   91.87%
L1-Store-Accesses:      57152913  100.00%

L1-Total-Hits:          14970913    0.18%
L1-Total-Misses:      8437217387   99.82%
L1-Total-Accesses:    8452188300  100.00%

L2 Cache Stats:
L2-Load-Hits:         613813846    7.32%
L2-Load-Misses:      7770897752   92.68%
L2-Load-Accesses:    8384711598  100.00%

L2-Store-Hits:          16339525   31.12%
L2-Store-Misses:        36166264   68.88%
L2-Store-Accesses:      52505789  100.00%

L2-Total-Hits:         630153371    7.47%
L2-Total-Misses:      7807064016   92.53%
L2-Total-Accesses:    8437217387  100.00%

