Total Instructions: 19193957763
Total Cycles: 1283112662433
IPC: 0.0149589

Two level cache hierarchy:
  L1-Data Cache:
    Size(KB):          32
    Block Size(B):     64
    Associativity:      4

  L2-Data Cache:
    Size(KB):        1024
    Block Size(B):    128
    Associativity:      8

Latencies:    1   10  150
L1-Sets: LRU assoc:   4
L2-Sets: LRU assoc:   8
Store_allocation: Yes
L2_inclusive: Yes

L1 Cache Stats:
L1-Load-Hits:          11147394    0.13%
L1-Load-Misses:      8383887993   99.87%
L1-Load-Accesses:    8395035387  100.00%

L1-Store-Hits:             42624    0.07%
L1-Store-Misses:        57110289   99.93%
L1-Store-Accesses:      57152913  100.00%

L1-Total-Hits:          11190018    0.13%
L1-Total-Misses:      8440998282   99.87%
L1-Total-Accesses:    8452188300  100.00%

L2 Cache Stats:
L2-Load-Hits:         613099600    7.31%
L2-Load-Misses:      7770788393   92.69%
L2-Load-Accesses:    8383887993  100.00%

L2-Store-Hits:          20855125   36.52%
L2-Store-Misses:        36255164   63.48%
L2-Store-Accesses:      57110289  100.00%

L2-Total-Hits:         633954725    7.51%
L2-Total-Misses:      7807043557   92.49%
L2-Total-Accesses:    8440998282  100.00%

