Total Instructions: 27435962371
Total Cycles: 272267770871
IPC: 0.100768

Two level cache hierarchy:
  L1-Data Cache:
    Size(KB):          16
    Block Size(B):     64
    Associativity:      4

  L2-Data Cache:
    Size(KB):        1024
    Block Size(B):    128
    Associativity:      8

Latencies:    1   10  150
L1-Sets: LRU assoc:   4
L2-Sets: LRU assoc:   8
Store_allocation: Yes
L2_inclusive: Yes

L1 Cache Stats:
L1-Load-Hits:        3620524627   46.17%
L1-Load-Misses:      4221822956   53.83%
L1-Load-Accesses:    7842347583  100.00%

L1-Store-Hits:        1029101964   44.01%
L1-Store-Misses:      1309350013   55.99%
L1-Store-Accesses:    2338451977  100.00%

L1-Total-Hits:        4649626591   45.67%
L1-Total-Misses:      5531172969   54.33%
L1-Total-Accesses:   10180799560  100.00%

L2 Cache Stats:
L2-Load-Hits:        3323121361   78.71%
L2-Load-Misses:       898701595   21.29%
L2-Load-Accesses:    4221822956  100.00%

L2-Store-Hits:        1012456413   77.33%
L2-Store-Misses:       296893600   22.67%
L2-Store-Accesses:    1309350013  100.00%

L2-Total-Hits:        4335577774   78.38%
L2-Total-Misses:      1195595195   21.62%
L2-Total-Accesses:    5531172969  100.00%

