Total Instructions: 4128219492
Total Cycles: 5999951987
IPC: 0.688042

Two level cache hierarchy:
  L1-Data Cache:
    Size(KB):          16
    Block Size(B):    128
    Associativity:      4

  L2-Data Cache:
    Size(KB):        1024
    Block Size(B):    128
    Associativity:      8

Latencies:    1   10  150
L1-Sets: LRU assoc:   4
L2-Sets: LRU assoc:   8
Store_allocation: Yes
L2_inclusive: Yes

L1 Cache Stats:
L1-Load-Hits:         834998743   94.98%
L1-Load-Misses:        44169101    5.02%
L1-Load-Accesses:     879167844  100.00%

L1-Store-Hits:         328986636   99.81%
L1-Store-Misses:          619305    0.19%
L1-Store-Accesses:     329605941  100.00%

L1-Total-Hits:        1163985379   96.29%
L1-Total-Misses:        44788406    3.71%
L1-Total-Accesses:    1208773785  100.00%

L2 Cache Stats:
L2-Load-Hits:          42940175   97.22%
L2-Load-Misses:         1228926    2.78%
L2-Load-Accesses:      44169101  100.00%

L2-Store-Hits:            414400   66.91%
L2-Store-Misses:          204905   33.09%
L2-Store-Accesses:        619305  100.00%

L2-Total-Hits:          43354575   96.80%
L2-Total-Misses:         1433831    3.20%
L2-Total-Accesses:      44788406  100.00%

