Total Instructions: 4128219492
Total Cycles: 5969030327
IPC: 0.691606

Two level cache hierarchy:
  L1-Data Cache:
    Size(KB):          32
    Block Size(B):    128
    Associativity:      4

  L2-Data Cache:
    Size(KB):        1024
    Block Size(B):    128
    Associativity:      8

Latencies:    1   10  150
L1-Sets: LRU assoc:   4
L2-Sets: LRU assoc:   8
Store_allocation: Yes
L2_inclusive: Yes

L1 Cache Stats:
L1-Load-Hits:         837882325   95.30%
L1-Load-Misses:        41285519    4.70%
L1-Load-Accesses:     879167844  100.00%

L1-Store-Hits:         329195235   99.88%
L1-Store-Misses:          410706    0.12%
L1-Store-Accesses:     329605941  100.00%

L1-Total-Hits:        1167077560   96.55%
L1-Total-Misses:        41696225    3.45%
L1-Total-Accesses:    1208773785  100.00%

L2 Cache Stats:
L2-Load-Hits:          40056593   97.02%
L2-Load-Misses:         1228926    2.98%
L2-Load-Accesses:      41285519  100.00%

L2-Store-Hits:            205800   50.11%
L2-Store-Misses:          204906   49.89%
L2-Store-Accesses:        410706  100.00%

L2-Total-Hits:          40262393   96.56%
L2-Total-Misses:         1433832    3.44%
L2-Total-Accesses:      41696225  100.00%

