Total Instructions: 4128219492
Total Cycles: 5609139027
IPC: 0.735981

Two level cache hierarchy:
  L1-Data Cache:
    Size(KB):          32
    Block Size(B):     64
    Associativity:      8

  L2-Data Cache:
    Size(KB):        1024
    Block Size(B):    128
    Associativity:      8

Latencies:    1   10  150
L1-Sets: LRU assoc:   8
L2-Sets: LRU assoc:   8
Store_allocation: Yes
L2_inclusive: Yes

L1 Cache Stats:
L1-Load-Hits:         874078770   99.42%
L1-Load-Misses:         5089074    0.58%
L1-Load-Accesses:     879167844  100.00%

L1-Store-Hits:         328992360   99.81%
L1-Store-Misses:          613581    0.19%
L1-Store-Accesses:     329605941  100.00%

L1-Total-Hits:        1203071130   99.53%
L1-Total-Misses:         5702655    0.47%
L1-Total-Accesses:    1208773785  100.00%

L2 Cache Stats:
L2-Load-Hits:           3859850   75.85%
L2-Load-Misses:         1229224   24.15%
L2-Load-Accesses:       5089074  100.00%

L2-Store-Hits:            408677   66.61%
L2-Store-Misses:          204904   33.39%
L2-Store-Accesses:        613581  100.00%

L2-Total-Hits:           4268527   74.85%
L2-Total-Misses:         1434128   25.15%
L2-Total-Accesses:       5702655  100.00%

