Total Instructions: 4128219523
Total Cycles: 5997724730
IPC: 0.688298

Two level cache hierarchy:
  L1-Data Cache:
    Size(KB):          16
    Block Size(B):     32
    Associativity:      4

  L2-Data Cache:
    Size(KB):        1024
    Block Size(B):    128
    Associativity:      8

Latencies:    1   10  150
L1-Sets: LRU assoc:   4
L2-Sets: LRU assoc:   8
Store_allocation: Yes
L2_inclusive: Yes

L1 Cache Stats:
L1-Load-Hits:         835896985   95.08%
L1-Load-Misses:        43270869    4.92%
L1-Load-Accesses:     879167854  100.00%

L1-Store-Hits:         328311121   99.61%
L1-Store-Misses:         1294822    0.39%
L1-Store-Accesses:     329605943  100.00%

L1-Total-Hits:        1164208106   96.31%
L1-Total-Misses:        44565691    3.69%
L1-Total-Accesses:    1208773797  100.00%

L2 Cache Stats:
L2-Load-Hits:          42041943   97.16%
L2-Load-Misses:         1228926    2.84%
L2-Load-Accesses:      43270869  100.00%

L2-Store-Hits:           1089918   84.18%
L2-Store-Misses:          204904   15.82%
L2-Store-Accesses:       1294822  100.00%

L2-Total-Hits:          43131861   96.78%
L2-Total-Misses:         1433830    3.22%
L2-Total-Accesses:      44565691  100.00%

