Total Instructions: 4128219492
Total Cycles: 5894564207
IPC: 0.700343

Two level cache hierarchy:
  L1-Data Cache:
    Size(KB):          64
    Block Size(B):    128
    Associativity:      4

  L2-Data Cache:
    Size(KB):        1024
    Block Size(B):    128
    Associativity:      8

Latencies:    1   10  150
L1-Sets: LRU assoc:   4
L2-Sets: LRU assoc:   8
Store_allocation: Yes
L2_inclusive: Yes

L1 Cache Stats:
L1-Load-Hits:         845225521   96.14%
L1-Load-Misses:        33942323    3.86%
L1-Load-Accesses:     879167844  100.00%

L1-Store-Hits:         329298636   99.91%
L1-Store-Misses:          307305    0.09%
L1-Store-Accesses:     329605941  100.00%

L1-Total-Hits:        1174524157   97.17%
L1-Total-Misses:        34249628    2.83%
L1-Total-Accesses:    1208773785  100.00%

L2 Cache Stats:
L2-Load-Hits:          32713397   96.38%
L2-Load-Misses:         1228926    3.62%
L2-Load-Accesses:      33942323  100.00%

L2-Store-Hits:            102400   33.32%
L2-Store-Misses:          204905   66.68%
L2-Store-Accesses:        307305  100.00%

L2-Total-Hits:          32815797   95.81%
L2-Total-Misses:         1433831    4.19%
L2-Total-Accesses:      34249628  100.00%

