Total Instructions: 4128219492
Total Cycles: 5910155287
IPC: 0.698496

Two level cache hierarchy:
  L1-Data Cache:
    Size(KB):          64
    Block Size(B):     32
    Associativity:      4

  L2-Data Cache:
    Size(KB):        1024
    Block Size(B):    128
    Associativity:      8

Latencies:    1   10  150
L1-Sets: LRU assoc:   4
L2-Sets: LRU assoc:   8
Store_allocation: Yes
L2_inclusive: Yes

L1 Cache Stats:
L1-Load-Hits:         844449471   96.05%
L1-Load-Misses:        34718373    3.95%
L1-Load-Accesses:     879167844  100.00%

L1-Store-Hits:         328515578   99.67%
L1-Store-Misses:         1090363    0.33%
L1-Store-Accesses:     329605941  100.00%

L1-Total-Hits:        1172965049   97.04%
L1-Total-Misses:        35808736    2.96%
L1-Total-Accesses:    1208773785  100.00%

L2 Cache Stats:
L2-Load-Hits:          33489447   96.46%
L2-Load-Misses:         1228926    3.54%
L2-Load-Accesses:      34718373  100.00%

L2-Store-Hits:            885458   81.21%
L2-Store-Misses:          204905   18.79%
L2-Store-Accesses:       1090363  100.00%

L2-Total-Hits:          34374905   96.00%
L2-Total-Misses:         1433831    4.00%
L2-Total-Accesses:      35808736  100.00%

