Total Instructions: 4128219523
Total Cycles: 5975399080
IPC: 0.690869

Two level cache hierarchy:
  L1-Data Cache:
    Size(KB):          32
    Block Size(B):     32
    Associativity:      4

  L2-Data Cache:
    Size(KB):        1024
    Block Size(B):    128
    Associativity:      8

Latencies:    1   10  150
L1-Sets: LRU assoc:   4
L2-Sets: LRU assoc:   8
Store_allocation: Yes
L2_inclusive: Yes

L1 Cache Stats:
L1-Load-Hits:         837992280   95.32%
L1-Load-Misses:        41175574    4.68%
L1-Load-Accesses:     879167854  100.00%

L1-Store-Hits:         328448391   99.65%
L1-Store-Misses:         1157552    0.35%
L1-Store-Accesses:     329605943  100.00%

L1-Total-Hits:        1166440671   96.50%
L1-Total-Misses:        42333126    3.50%
L1-Total-Accesses:    1208773797  100.00%

L2 Cache Stats:
L2-Load-Hits:          39946648   97.02%
L2-Load-Misses:         1228926    2.98%
L2-Load-Accesses:      41175574  100.00%

L2-Store-Hits:            952648   82.30%
L2-Store-Misses:          204904   17.70%
L2-Store-Accesses:       1157552  100.00%

L2-Total-Hits:          40899296   96.61%
L2-Total-Misses:         1433830    3.39%
L2-Total-Accesses:      42333126  100.00%

