Total Instructions: 11984332605
Total Cycles: 16051324803
IPC: 0.746626

Two level cache hierarchy:
  L1-Data Cache:
    Size(KB):          32
    Block Size(B):    128
    Associativity:      4

  L2-Data Cache:
    Size(KB):        1024
    Block Size(B):    128
    Associativity:      8

Latencies:    1   10  150
L1-Sets: LRU assoc:   4
L2-Sets: LRU assoc:   8
Store_allocation: Yes
L2_inclusive: Yes

L1 Cache Stats:
L1-Load-Hits:        2206641157   96.08%
L1-Load-Misses:        90134741    3.92%
L1-Load-Accesses:    2296775898  100.00%

L1-Store-Hits:         670123657   99.50%
L1-Store-Misses:         3347553    0.50%
L1-Store-Accesses:     673471210  100.00%

L1-Total-Hits:        2876764814   96.85%
L1-Total-Misses:        93482294    3.15%
L1-Total-Accesses:    2970247108  100.00%

L2 Cache Stats:
L2-Load-Hits:          89524367   99.32%
L2-Load-Misses:          610374    0.68%
L2-Load-Accesses:      90134741  100.00%

L2-Store-Hits:           2878446   85.99%
L2-Store-Misses:          469107   14.01%
L2-Store-Accesses:       3347553  100.00%

L2-Total-Hits:          92402813   98.85%
L2-Total-Misses:         1079481    1.15%
L2-Total-Accesses:      93482294  100.00%

