Total Instructions: 11984332605
Total Cycles: 16328138213
IPC: 0.733968

Two level cache hierarchy:
  L1-Data Cache:
    Size(KB):          16
    Block Size(B):     64
    Associativity:      4

  L2-Data Cache:
    Size(KB):        1024
    Block Size(B):    128
    Associativity:      8

Latencies:    1   10  150
L1-Sets: LRU assoc:   4
L2-Sets: LRU assoc:   8
Store_allocation: Yes
L2_inclusive: Yes

L1 Cache Stats:
L1-Load-Hits:        2182602641   95.03%
L1-Load-Misses:       114173257    4.97%
L1-Load-Accesses:    2296775898  100.00%

L1-Store-Hits:         666507157   98.97%
L1-Store-Misses:         6964053    1.03%
L1-Store-Accesses:     673471210  100.00%

L1-Total-Hits:        2849109798   95.92%
L1-Total-Misses:       121137310    4.08%
L1-Total-Accesses:    2970247108  100.00%

L2 Cache Stats:
L2-Load-Hits:         113561375   99.46%
L2-Load-Misses:          611882    0.54%
L2-Load-Accesses:     114173257  100.00%

L2-Store-Hits:           6494699   93.26%
L2-Store-Misses:          469354    6.74%
L2-Store-Accesses:       6964053  100.00%

L2-Total-Hits:         120056074   99.11%
L2-Total-Misses:         1081236    0.89%
L2-Total-Accesses:     121137310  100.00%

