Total Instructions: 11984332574
Total Cycles: 16038589890
IPC: 0.747219

Two level cache hierarchy:
  L1-Data Cache:
    Size(KB):          64
    Block Size(B):    128
    Associativity:      4

  L2-Data Cache:
    Size(KB):        1024
    Block Size(B):    128
    Associativity:      8

Latencies:    1   10  150
L1-Sets: LRU assoc:   4
L2-Sets: LRU assoc:   8
Store_allocation: Yes
L2_inclusive: Yes

L1 Cache Stats:
L1-Load-Hits:        2207618175   96.12%
L1-Load-Misses:        89157713    3.88%
L1-Load-Accesses:    2296775888  100.00%

L1-Store-Hits:         670498174   99.56%
L1-Store-Misses:         2973034    0.44%
L1-Store-Accesses:     673471208  100.00%

L1-Total-Hits:        2878116349   96.90%
L1-Total-Misses:        92130747    3.10%
L1-Total-Accesses:    2970247096  100.00%

L2 Cache Stats:
L2-Load-Hits:          88542372   99.31%
L2-Load-Misses:          615341    0.69%
L2-Load-Accesses:      89157713  100.00%

L2-Store-Hits:           2503690   84.21%
L2-Store-Misses:          469344   15.79%
L2-Store-Accesses:       2973034  100.00%

L2-Total-Hits:          91046062   98.82%
L2-Total-Misses:         1084685    1.18%
L2-Total-Accesses:      92130747  100.00%

