Total Instructions: 11984332574
Total Cycles: 15500013710
IPC: 0.773182

Two level cache hierarchy:
  L1-Data Cache:
    Size(KB):         128
    Block Size(B):     64
    Associativity:      8

  L2-Data Cache:
    Size(KB):        1024
    Block Size(B):    128
    Associativity:      8

Latencies:    1   10  150
L1-Sets: LRU assoc:   8
L2-Sets: LRU assoc:   8
Store_allocation: Yes
L2_inclusive: Yes

L1 Cache Stats:
L1-Load-Hits:        2260999920   98.44%
L1-Load-Misses:        35775968    1.56%
L1-Load-Accesses:    2296775888  100.00%

L1-Store-Hits:         670920752   99.62%
L1-Store-Misses:         2550456    0.38%
L1-Store-Accesses:     673471208  100.00%

L1-Total-Hits:        2931920672   98.71%
L1-Total-Misses:        38326424    1.29%
L1-Total-Accesses:    2970247096  100.00%

L2 Cache Stats:
L2-Load-Hits:          35164367   98.29%
L2-Load-Misses:          611601    1.71%
L2-Load-Accesses:      35775968  100.00%

L2-Store-Hits:           2080925   81.59%
L2-Store-Misses:          469531   18.41%
L2-Store-Accesses:       2550456  100.00%

L2-Total-Hits:          37245292   97.18%
L2-Total-Misses:         1081132    2.82%
L2-Total-Accesses:      38326424  100.00%

