Total Instructions: 11984332574
Total Cycles: 16515456190
IPC: 0.725643

Two level cache hierarchy:
  L1-Data Cache:
    Size(KB):          16
    Block Size(B):     32
    Associativity:      4

  L2-Data Cache:
    Size(KB):        1024
    Block Size(B):    128
    Associativity:      8

Latencies:    1   10  150
L1-Sets: LRU assoc:   4
L2-Sets: LRU assoc:   8
Store_allocation: Yes
L2_inclusive: Yes

L1 Cache Stats:
L1-Load-Hits:        2168992311   94.44%
L1-Load-Misses:       127783577    5.56%
L1-Load-Accesses:    2296775888  100.00%

L1-Store-Hits:         661373838   98.20%
L1-Store-Misses:        12097370    1.80%
L1-Store-Accesses:     673471208  100.00%

L1-Total-Hits:        2830366149   95.29%
L1-Total-Misses:       139880947    4.71%
L1-Total-Accesses:    2970247096  100.00%

L2 Cache Stats:
L2-Load-Hits:         127172109   99.52%
L2-Load-Misses:          611468    0.48%
L2-Load-Accesses:     127783577  100.00%

L2-Store-Hits:          11628391   96.12%
L2-Store-Misses:          468979    3.88%
L2-Store-Accesses:      12097370  100.00%

L2-Total-Hits:         138800500   99.23%
L2-Total-Misses:         1080447    0.77%
L2-Total-Accesses:     139880947  100.00%

