Total Instructions: 11984332574
Total Cycles: 16370673870
IPC: 0.732061

Two level cache hierarchy:
  L1-Data Cache:
    Size(KB):          32
    Block Size(B):     32
    Associativity:      4

  L2-Data Cache:
    Size(KB):        1024
    Block Size(B):    128
    Associativity:      8

Latencies:    1   10  150
L1-Sets: LRU assoc:   4
L2-Sets: LRU assoc:   8
Store_allocation: Yes
L2_inclusive: Yes

L1 Cache Stats:
L1-Load-Hits:        2180646077   94.94%
L1-Load-Misses:       116129811    5.06%
L1-Load-Accesses:    2296775888  100.00%

L1-Store-Hits:         664219034   98.63%
L1-Store-Misses:         9252174    1.37%
L1-Store-Accesses:     673471208  100.00%

L1-Total-Hits:        2844865111   95.78%
L1-Total-Misses:       125381985    4.22%
L1-Total-Accesses:    2970247096  100.00%

L2 Cache Stats:
L2-Load-Hits:         115517295   99.47%
L2-Load-Misses:          612516    0.53%
L2-Load-Accesses:     116129811  100.00%

L2-Store-Hits:           8782861   94.93%
L2-Store-Misses:          469313    5.07%
L2-Store-Accesses:       9252174  100.00%

L2-Total-Hits:         124300156   99.14%
L2-Total-Misses:         1081829    0.86%
L2-Total-Accesses:     125381985  100.00%

