Total Instructions: 1493336745
Total Cycles: 7013523501
IPC: 0.212922

Two level cache hierarchy:
  L1-Data Cache:
    Size(KB):          64
    Block Size(B):    128
    Associativity:      4

  L2-Data Cache:
    Size(KB):        1024
    Block Size(B):    128
    Associativity:      8

Latencies:    1   10  150
L1-Sets: LRU assoc:   4
L2-Sets: LRU assoc:   8
Store_allocation: Yes
L2_inclusive: Yes

L1 Cache Stats:
L1-Load-Hits:         267675243   88.54%
L1-Load-Misses:        34654846   11.46%
L1-Load-Accesses:     302330089  100.00%

L1-Store-Hits:         102912763  100.00%
L1-Store-Misses:            2304    0.00%
L1-Store-Accesses:     102915067  100.00%

L1-Total-Hits:         370588006   91.45%
L1-Total-Misses:        34657150    8.55%
L1-Total-Accesses:     405245156  100.00%

L2 Cache Stats:
L2-Load-Hits:           2867125    8.27%
L2-Load-Misses:        31787721   91.73%
L2-Load-Accesses:      34654846  100.00%

L2-Store-Hits:               891   38.67%
L2-Store-Misses:            1413   61.33%
L2-Store-Accesses:          2304  100.00%

L2-Total-Hits:           2868016    8.28%
L2-Total-Misses:        31789134   91.72%
L2-Total-Accesses:      34657150  100.00%

