Total Instructions: 1493336745
Total Cycles: 7422799851
IPC: 0.201182

Two level cache hierarchy:
  L1-Data Cache:
    Size(KB):          32
    Block Size(B):     32
    Associativity:      4

  L2-Data Cache:
    Size(KB):        1024
    Block Size(B):    128
    Associativity:      8

Latencies:    1   10  150
L1-Sets: LRU assoc:   4
L2-Sets: LRU assoc:   8
Store_allocation: Yes
L2_inclusive: Yes

L1 Cache Stats:
L1-Load-Hits:         226895302   75.05%
L1-Load-Misses:        75434787   24.95%
L1-Load-Accesses:     302330089  100.00%

L1-Store-Hits:         102845889   99.93%
L1-Store-Misses:           69178    0.07%
L1-Store-Accesses:     102915067  100.00%

L1-Total-Hits:         329741191   81.37%
L1-Total-Misses:        75503965   18.63%
L1-Total-Accesses:     405245156  100.00%

L2 Cache Stats:
L2-Load-Hits:          43640618   57.85%
L2-Load-Misses:        31794169   42.15%
L2-Load-Accesses:      75434787  100.00%

L2-Store-Hits:             68825   99.49%
L2-Store-Misses:             353    0.51%
L2-Store-Accesses:         69178  100.00%

L2-Total-Hits:          43709443   57.89%
L2-Total-Misses:        31794522   42.11%
L2-Total-Accesses:      75503965  100.00%

