Total Instructions: 1493336745
Total Cycles: 7373939391
IPC: 0.202515

Two level cache hierarchy:
  L1-Data Cache:
    Size(KB):          64
    Block Size(B):     64
    Associativity:      8

  L2-Data Cache:
    Size(KB):        1024
    Block Size(B):    128
    Associativity:      8

Latencies:    1   10  150
L1-Sets: LRU assoc:   8
L2-Sets: LRU assoc:   8
Store_allocation: Yes
L2_inclusive: Yes

L1 Cache Stats:
L1-Load-Hits:         231633289   76.62%
L1-Load-Misses:        70696800   23.38%
L1-Load-Accesses:     302330089  100.00%

L1-Store-Hits:         102913203  100.00%
L1-Store-Misses:            1864    0.00%
L1-Store-Accesses:     102915067  100.00%

L1-Total-Hits:         334546492   82.55%
L1-Total-Misses:        70698664   17.45%
L1-Total-Accesses:     405245156  100.00%

L2 Cache Stats:
L2-Load-Hits:          38908220   55.04%
L2-Load-Misses:        31788580   44.96%
L2-Load-Accesses:      70696800  100.00%

L2-Store-Hits:              1305   70.01%
L2-Store-Misses:             559   29.99%
L2-Store-Accesses:          1864  100.00%

L2-Total-Hits:          38909525   55.04%
L2-Total-Misses:        31789139   44.96%
L2-Total-Accesses:      70698664  100.00%

