Total Instructions: 1493336745
Total Cycles: 7039674831
IPC: 0.212131

Two level cache hierarchy:
  L1-Data Cache:
    Size(KB):          16
    Block Size(B):    128
    Associativity:      4

  L2-Data Cache:
    Size(KB):        1024
    Block Size(B):    128
    Associativity:      8

Latencies:    1   10  150
L1-Sets: LRU assoc:   4
L2-Sets: LRU assoc:   8
Store_allocation: Yes
L2_inclusive: Yes

L1 Cache Stats:
L1-Load-Hits:         265083391   87.68%
L1-Load-Misses:        37246698   12.32%
L1-Load-Accesses:     302330089  100.00%

L1-Store-Hits:         102839022   99.93%
L1-Store-Misses:           76045    0.07%
L1-Store-Accesses:     102915067  100.00%

L1-Total-Hits:         367922413   90.79%
L1-Total-Misses:        37322743    9.21%
L1-Total-Accesses:     405245156  100.00%

L2 Cache Stats:
L2-Load-Hits:           5461223   14.66%
L2-Load-Misses:        31785475   85.34%
L2-Load-Accesses:      37246698  100.00%

L2-Store-Hits:             75750   99.61%
L2-Store-Misses:             295    0.39%
L2-Store-Accesses:         76045  100.00%

L2-Total-Hits:           5536973   14.84%
L2-Total-Misses:        31785770   85.16%
L2-Total-Accesses:      37322743  100.00%

