Total Instructions: 1493336776
Total Cycles: 7407570274
IPC: 0.201596

Two level cache hierarchy:
  L1-Data Cache:
    Size(KB):          64
    Block Size(B):     32
    Associativity:      4

  L2-Data Cache:
    Size(KB):        1024
    Block Size(B):    128
    Associativity:      8

Latencies:    1   10  150
L1-Sets: LRU assoc:   4
L2-Sets: LRU assoc:   8
Store_allocation: Yes
L2_inclusive: Yes

L1 Cache Stats:
L1-Load-Hits:         228591144   75.61%
L1-Load-Misses:        73738955   24.39%
L1-Load-Accesses:     302330099  100.00%

L1-Store-Hits:         102895321   99.98%
L1-Store-Misses:           19748    0.02%
L1-Store-Accesses:     102915069  100.00%

L1-Total-Hits:         331486465   81.80%
L1-Total-Misses:        73758703   18.20%
L1-Total-Accesses:     405245168  100.00%

L2 Cache Stats:
L2-Load-Hits:          41931286   56.86%
L2-Load-Misses:        31807669   43.14%
L2-Load-Accesses:      73738955  100.00%

L2-Store-Hits:             18075   91.53%
L2-Store-Misses:            1673    8.47%
L2-Store-Accesses:         19748  100.00%

L2-Total-Hits:          41949361   56.87%
L2-Total-Misses:        31809342   43.13%
L2-Total-Accesses:      73758703  100.00%

