Total Instructions: 1493336776
Total Cycles: 7019739644
IPC: 0.212734

Two level cache hierarchy:
  L1-Data Cache:
    Size(KB):          32
    Block Size(B):    128
    Associativity:      4

  L2-Data Cache:
    Size(KB):        1024
    Block Size(B):    128
    Associativity:      8

Latencies:    1   10  150
L1-Sets: LRU assoc:   4
L2-Sets: LRU assoc:   8
Store_allocation: Yes
L2_inclusive: Yes

L1 Cache Stats:
L1-Load-Hits:         267221406   88.39%
L1-Load-Misses:        35108693   11.61%
L1-Load-Accesses:     302330099  100.00%

L1-Store-Hits:         102864102   99.95%
L1-Store-Misses:           50967    0.05%
L1-Store-Accesses:     102915069  100.00%

L1-Total-Hits:         370085508   91.32%
L1-Total-Misses:        35159660    8.68%
L1-Total-Accesses:     405245168  100.00%

L2 Cache Stats:
L2-Load-Hits:           3312987    9.44%
L2-Load-Misses:        31795706   90.56%
L2-Load-Accesses:      35108693  100.00%

L2-Store-Hits:             49599   97.32%
L2-Store-Misses:            1368    2.68%
L2-Store-Accesses:         50967  100.00%

L2-Total-Hits:           3362586    9.56%
L2-Total-Misses:        31797074   90.44%
L2-Total-Accesses:      35159660  100.00%

