Total Instructions: 1493336776
Total Cycles: 7449622014
IPC: 0.200458

Two level cache hierarchy:
  L1-Data Cache:
    Size(KB):          16
    Block Size(B):     32
    Associativity:      4

  L2-Data Cache:
    Size(KB):        1024
    Block Size(B):    128
    Associativity:      8

Latencies:    1   10  150
L1-Sets: LRU assoc:   4
L2-Sets: LRU assoc:   8
Store_allocation: Yes
L2_inclusive: Yes

L1 Cache Stats:
L1-Load-Hits:         224205971   74.16%
L1-Load-Misses:        78124128   25.84%
L1-Load-Accesses:     302330099  100.00%

L1-Store-Hits:         102782385   99.87%
L1-Store-Misses:          132684    0.13%
L1-Store-Accesses:     102915069  100.00%

L1-Total-Hits:         326988356   80.69%
L1-Total-Misses:        78256812   19.31%
L1-Total-Accesses:     405245168  100.00%

L2 Cache Stats:
L2-Load-Hits:          46336234   59.31%
L2-Load-Misses:        31787894   40.69%
L2-Load-Accesses:      78124128  100.00%

L2-Store-Hits:            130765   98.55%
L2-Store-Misses:            1919    1.45%
L2-Store-Accesses:        132684  100.00%

L2-Total-Hits:          46466999   59.38%
L2-Total-Misses:        31789813   40.62%
L2-Total-Accesses:      78256812  100.00%

