Total Instructions: 21500895820
Total Cycles: 45305700480
IPC: 0.474574

Two level cache hierarchy:
  L1-Data Cache:
    Size(KB):          16
    Block Size(B):     32
    Associativity:      4

  L2-Data Cache:
    Size(KB):        1024
    Block Size(B):    128
    Associativity:      8

Latencies:    1   10  150
L1-Sets: LRU assoc:   4
L2-Sets: LRU assoc:   8
Store_allocation: Yes
L2_inclusive: Yes

L1 Cache Stats:
L1-Load-Hits:        6063691532   94.17%
L1-Load-Misses:       375206058    5.83%
L1-Load-Accesses:    6438897590  100.00%

L1-Store-Hits:        2700601497   98.82%
L1-Store-Misses:        32289213    1.18%
L1-Store-Accesses:    2732890710  100.00%

L1-Total-Hits:        8764293029   95.56%
L1-Total-Misses:       407495271    4.44%
L1-Total-Accesses:    9171788300  100.00%

L2 Cache Stats:
L2-Load-Hits:         310243029   82.69%
L2-Load-Misses:        64963029   17.31%
L2-Load-Accesses:     375206058  100.00%

L2-Store-Hits:          26865151   83.20%
L2-Store-Misses:         5424062   16.80%
L2-Store-Accesses:      32289213  100.00%

L2-Total-Hits:         337108180   82.73%
L2-Total-Misses:        70387091   17.27%
L2-Total-Accesses:     407495271  100.00%

