Total Instructions: 21500895849
Total Cycles: 42841185968
IPC: 0.501874

Two level cache hierarchy:
  L1-Data Cache:
    Size(KB):          16
    Block Size(B):    128
    Associativity:      4

  L2-Data Cache:
    Size(KB):        1024
    Block Size(B):    128
    Associativity:      8

Latencies:    1   10  150
L1-Sets: LRU assoc:   4
L2-Sets: LRU assoc:   8
Store_allocation: Yes
L2_inclusive: Yes

L1 Cache Stats:
L1-Load-Hits:        6292385030   97.72%
L1-Load-Misses:       146512560    2.28%
L1-Load-Accesses:    6438897590  100.00%

L1-Store-Hits:        2718278058   99.47%
L1-Store-Misses:        14612661    0.53%
L1-Store-Accesses:    2732890719  100.00%

L1-Total-Hits:        9010663088   98.24%
L1-Total-Misses:       161125221    1.76%
L1-Total-Accesses:    9171788309  100.00%

L2 Cache Stats:
L2-Load-Hits:          81555271   55.66%
L2-Load-Misses:        64957289   44.34%
L2-Load-Accesses:     146512560  100.00%

L2-Store-Hits:           9188286   62.88%
L2-Store-Misses:         5424375   37.12%
L2-Store-Accesses:      14612661  100.00%

L2-Total-Hits:          90743557   56.32%
L2-Total-Misses:        70381664   43.68%
L2-Total-Accesses:     161125221  100.00%

