Total Instructions: 21500895892
Total Cycles: 42092559509
IPC: 0.5108

Two level cache hierarchy:
  L1-Data Cache:
    Size(KB):          64
    Block Size(B):    128
    Associativity:      4

  L2-Data Cache:
    Size(KB):        1024
    Block Size(B):    128
    Associativity:      8

Latencies:    1   10  150
L1-Sets: LRU assoc:   4
L2-Sets: LRU assoc:   8
Store_allocation: Yes
L2_inclusive: Yes

L1 Cache Stats:
L1-Load-Hits:        6359477572   98.77%
L1-Load-Misses:        79420026    1.23%
L1-Load-Accesses:    6438897598  100.00%

L1-Store-Hits:        2726457821   99.76%
L1-Store-Misses:         6432908    0.24%
L1-Store-Accesses:    2732890729  100.00%

L1-Total-Hits:        9085935393   99.06%
L1-Total-Misses:        85852934    0.94%
L1-Total-Accesses:    9171788327  100.00%

L2 Cache Stats:
L2-Load-Hits:          14437721   18.18%
L2-Load-Misses:        64982305   81.82%
L2-Load-Accesses:      79420026  100.00%

L2-Store-Hits:           1006240   15.64%
L2-Store-Misses:         5426668   84.36%
L2-Store-Accesses:       6432908  100.00%

L2-Total-Hits:          15443961   17.99%
L2-Total-Misses:        70408973   82.01%
L2-Total-Accesses:      85852934  100.00%

