Total Instructions: 23746595026
Total Cycles: 41087578775
IPC: 0.577951

Two level cache hierarchy:
  L1-Data Cache:
    Size(KB):          32
    Block Size(B):     32
    Associativity:      4

  L2-Data Cache:
    Size(KB):        1024
    Block Size(B):    128
    Associativity:      8

Latencies:    1   10  150
L1-Sets: LRU assoc:   4
L2-Sets: LRU assoc:   8
Store_allocation: Yes
L2_inclusive: Yes

L1 Cache Stats:
L1-Load-Hits:        6551744836   96.84%
L1-Load-Misses:       214062318    3.16%
L1-Load-Accesses:    6765807154  100.00%

L1-Store-Hits:         925695002   98.18%
L1-Store-Misses:        17191283    1.82%
L1-Store-Accesses:     942886285  100.00%

L1-Total-Hits:        7477439838   97.00%
L1-Total-Misses:       231253601    3.00%
L1-Total-Accesses:    7708693439  100.00%

L2 Cache Stats:
L2-Load-Hits:         167272794   78.14%
L2-Load-Misses:        46789524   21.86%
L2-Load-Accesses:     214062318  100.00%

L2-Store-Hits:          15182445   88.31%
L2-Store-Misses:         2008838   11.69%
L2-Store-Accesses:      17191283  100.00%

L2-Total-Hits:         182455239   78.90%
L2-Total-Misses:        48798362   21.10%
L2-Total-Accesses:     231253601  100.00%

