Total Instructions: 23746595026
Total Cycles: 40508202845
IPC: 0.586217

Two level cache hierarchy:
  L1-Data Cache:
    Size(KB):          16
    Block Size(B):    128
    Associativity:      4

  L2-Data Cache:
    Size(KB):        1024
    Block Size(B):    128
    Associativity:      8

Latencies:    1   10  150
L1-Sets: LRU assoc:   4
L2-Sets: LRU assoc:   8
Store_allocation: Yes
L2_inclusive: Yes

L1 Cache Stats:
L1-Load-Hits:        6602757610   97.59%
L1-Load-Misses:       163049544    2.41%
L1-Load-Accesses:    6765807154  100.00%

L1-Store-Hits:         932701571   98.92%
L1-Store-Misses:        10184714    1.08%
L1-Store-Accesses:     942886285  100.00%

L1-Total-Hits:        7535459181   97.75%
L1-Total-Misses:       173234258    2.25%
L1-Total-Accesses:    7708693439  100.00%

L2 Cache Stats:
L2-Load-Hits:         116252733   71.30%
L2-Load-Misses:        46796811   28.70%
L2-Load-Accesses:     163049544  100.00%

L2-Store-Hits:           8177713   80.29%
L2-Store-Misses:         2007001   19.71%
L2-Store-Accesses:      10184714  100.00%

L2-Total-Hits:         124430446   71.83%
L2-Total-Misses:        48803812   28.17%
L2-Total-Accesses:     173234258  100.00%

