Total Instructions: 23746595026
Total Cycles: 41244988075
IPC: 0.575745

Two level cache hierarchy:
  L1-Data Cache:
    Size(KB):          16
    Block Size(B):     64
    Associativity:      4

  L2-Data Cache:
    Size(KB):        1024
    Block Size(B):    128
    Associativity:      8

Latencies:    1   10  150
L1-Sets: LRU assoc:   4
L2-Sets: LRU assoc:   8
Store_allocation: Yes
L2_inclusive: Yes

L1 Cache Stats:
L1-Load-Hits:        6535631524   96.60%
L1-Load-Misses:       230175630    3.40%
L1-Load-Accesses:    6765807154  100.00%

L1-Store-Hits:         926070399   98.22%
L1-Store-Misses:        16815886    1.78%
L1-Store-Accesses:     942886285  100.00%

L1-Total-Hits:        7461701923   96.80%
L1-Total-Misses:       246991516    3.20%
L1-Total-Accesses:    7708693439  100.00%

L2 Cache Stats:
L2-Load-Hits:         183384678   79.67%
L2-Load-Misses:        46790952   20.33%
L2-Load-Accesses:     230175630  100.00%

L2-Store-Hits:          14808275   88.06%
L2-Store-Misses:         2007611   11.94%
L2-Store-Accesses:      16815886  100.00%

L2-Total-Hits:         198192953   80.24%
L2-Total-Misses:        48798563   19.76%
L2-Total-Accesses:     246991516  100.00%

