Total Instructions: 7835730658
Total Cycles: 11516574753
IPC: 0.680387

Two level cache hierarchy:
  L1-Data Cache:
    Size(KB):          16
    Block Size(B):     32
    Associativity:      4

  L2-Data Cache:
    Size(KB):        1024
    Block Size(B):    128
    Associativity:      8

Latencies:    1   10  150
L1-Sets: LRU assoc:   4
L2-Sets: LRU assoc:   8
Store_allocation: Yes
L2_inclusive: Yes

L1 Cache Stats:
L1-Load-Hits:        1812098296   98.37%
L1-Load-Misses:        29953432    1.63%
L1-Load-Accesses:    1842051728  100.00%

L1-Store-Hits:         167622882   96.24%
L1-Store-Misses:         6548215    3.76%
L1-Store-Accesses:     174171097  100.00%

L1-Total-Hits:        1979721178   98.19%
L1-Total-Misses:        36501647    1.81%
L1-Total-Accesses:    2016222825  100.00%

L2 Cache Stats:
L2-Load-Hits:          23732383   79.23%
L2-Load-Misses:         6221049   20.77%
L2-Load-Accesses:      29953432  100.00%

L2-Store-Hits:           4105232   62.69%
L2-Store-Misses:         2442983   37.31%
L2-Store-Accesses:       6548215  100.00%

L2-Total-Hits:          27837615   76.26%
L2-Total-Misses:         8664032   23.74%
L2-Total-Accesses:      36501647  100.00%

