Total Instructions: 7835730658
Total Cycles: 11445286113
IPC: 0.684625

Two level cache hierarchy:
  L1-Data Cache:
    Size(KB):          64
    Block Size(B):     32
    Associativity:      4

  L2-Data Cache:
    Size(KB):        1024
    Block Size(B):    128
    Associativity:      8

Latencies:    1   10  150
L1-Sets: LRU assoc:   4
L2-Sets: LRU assoc:   8
Store_allocation: Yes
L2_inclusive: Yes

L1 Cache Stats:
L1-Load-Hits:        1819184974   98.76%
L1-Load-Misses:        22866754    1.24%
L1-Load-Accesses:    1842051728  100.00%

L1-Store-Hits:         167660913   96.26%
L1-Store-Misses:         6510184    3.74%
L1-Store-Accesses:     174171097  100.00%

L1-Total-Hits:        1986845887   98.54%
L1-Total-Misses:        29376938    1.46%
L1-Total-Accesses:    2016222825  100.00%

L2 Cache Stats:
L2-Load-Hits:          16645992   72.80%
L2-Load-Misses:         6220762   27.20%
L2-Load-Accesses:      22866754  100.00%

L2-Store-Hits:           4067191   62.47%
L2-Store-Misses:         2442993   37.53%
L2-Store-Accesses:       6510184  100.00%

L2-Total-Hits:          20713183   70.51%
L2-Total-Misses:         8663755   29.49%
L2-Total-Accesses:      29376938  100.00%

