Total Instructions: 7835730658
Total Cycles: 11483923633
IPC: 0.682322

Two level cache hierarchy:
  L1-Data Cache:
    Size(KB):          32
    Block Size(B):     32
    Associativity:      4

  L2-Data Cache:
    Size(KB):        1024
    Block Size(B):    128
    Associativity:      8

Latencies:    1   10  150
L1-Sets: LRU assoc:   4
L2-Sets: LRU assoc:   8
Store_allocation: Yes
L2_inclusive: Yes

L1 Cache Stats:
L1-Load-Hits:        1815376347   98.55%
L1-Load-Misses:        26675381    1.45%
L1-Load-Accesses:    1842051728  100.00%

L1-Store-Hits:         167605323   96.23%
L1-Store-Misses:         6565774    3.77%
L1-Store-Accesses:     174171097  100.00%

L1-Total-Hits:        1982981670   98.35%
L1-Total-Misses:        33241155    1.65%
L1-Total-Accesses:    2016222825  100.00%

L2 Cache Stats:
L2-Load-Hits:          20454650   76.68%
L2-Load-Misses:         6220731   23.32%
L2-Load-Accesses:      26675381  100.00%

L2-Store-Hits:           4122781   62.79%
L2-Store-Misses:         2442993   37.21%
L2-Store-Accesses:       6565774  100.00%

L2-Total-Hits:          24577431   73.94%
L2-Total-Misses:         8663724   26.06%
L2-Total-Accesses:      33241155  100.00%

