Total Instructions: 7835730658
Total Cycles: 11306716613
IPC: 0.693016

Two level cache hierarchy:
  L1-Data Cache:
    Size(KB):          32
    Block Size(B):    128
    Associativity:      4

  L2-Data Cache:
    Size(KB):        1024
    Block Size(B):    128
    Associativity:      8

Latencies:    1   10  150
L1-Sets: LRU assoc:   4
L2-Sets: LRU assoc:   8
Store_allocation: Yes
L2_inclusive: Yes

L1 Cache Stats:
L1-Load-Hits:        1829004923   99.29%
L1-Load-Misses:        13046805    0.71%
L1-Load-Accesses:    1842051728  100.00%

L1-Store-Hits:         171698304   98.58%
L1-Store-Misses:         2472793    1.42%
L1-Store-Accesses:     174171097  100.00%

L1-Total-Hits:        2000703227   99.23%
L1-Total-Misses:        15519598    0.77%
L1-Total-Accesses:    2016222825  100.00%

L2 Cache Stats:
L2-Load-Hits:           6826002   52.32%
L2-Load-Misses:         6220803   47.68%
L2-Load-Accesses:      13046805  100.00%

L2-Store-Hits:             29815    1.21%
L2-Store-Misses:         2442978   98.79%
L2-Store-Accesses:       2472793  100.00%

L2-Total-Hits:           6855817   44.18%
L2-Total-Misses:         8663781   55.82%
L2-Total-Accesses:      15519598  100.00%

