Total Instructions: 29337086287
Total Cycles: 45437119162
IPC: 0.645663

Two level cache hierarchy:
  L1-Data Cache:
    Size(KB):          16
    Block Size(B):     32
    Associativity:      4

  L2-Data Cache:
    Size(KB):        1024
    Block Size(B):    128
    Associativity:      8

Latencies:    1   10  150
L1-Sets: LRU assoc:   4
L2-Sets: LRU assoc:   8
Store_allocation: Yes
L2_inclusive: Yes

L1 Cache Stats:
L1-Load-Hits:        9042033573   99.08%
L1-Load-Misses:        84119754    0.92%
L1-Load-Accesses:    9126153327  100.00%

L1-Store-Hits:        4681984646   99.63%
L1-Store-Misses:        17502692    0.37%
L1-Store-Accesses:    4699487338  100.00%

L1-Total-Hits:       13724018219   99.26%
L1-Total-Misses:       101622446    0.74%
L1-Total-Accesses:   13825640665  100.00%

L2 Cache Stats:
L2-Load-Hits:          78009124   92.74%
L2-Load-Misses:         6110630    7.26%
L2-Load-Accesses:      84119754  100.00%

L2-Store-Hits:          15225537   86.99%
L2-Store-Misses:         2277155   13.01%
L2-Store-Accesses:      17502692  100.00%

L2-Total-Hits:          93234661   91.75%
L2-Total-Misses:         8387785    8.25%
L2-Total-Accesses:     101622446  100.00%

