Total Instructions: 29337086287
Total Cycles: 44734361822
IPC: 0.655807

Two level cache hierarchy:
  L1-Data Cache:
    Size(KB):          64
    Block Size(B):    128
    Associativity:      4

  L2-Data Cache:
    Size(KB):        1024
    Block Size(B):    128
    Associativity:      8

Latencies:    1   10  150
L1-Sets: LRU assoc:   4
L2-Sets: LRU assoc:   8
Store_allocation: Yes
L2_inclusive: Yes

L1 Cache Stats:
L1-Load-Hits:        9099725527   99.71%
L1-Load-Misses:        26427800    0.29%
L1-Load-Accesses:    9126153327  100.00%

L1-Store-Hits:        4694757201   99.90%
L1-Store-Misses:         4730137    0.10%
L1-Store-Accesses:    4699487338  100.00%

L1-Total-Hits:       13794482728   99.77%
L1-Total-Misses:        31157937    0.23%
L1-Total-Accesses:   13825640665  100.00%

L2 Cache Stats:
L2-Load-Hits:          20308462   76.85%
L2-Load-Misses:         6119338   23.15%
L2-Load-Accesses:      26427800  100.00%

L2-Store-Hits:           2449105   51.78%
L2-Store-Misses:         2281032   48.22%
L2-Store-Accesses:       4730137  100.00%

L2-Total-Hits:          22757567   73.04%
L2-Total-Misses:         8400370   26.96%
L2-Total-Accesses:      31157937  100.00%

