Total Instructions: 29337086287
Total Cycles: 45351979752
IPC: 0.646876

Two level cache hierarchy:
  L1-Data Cache:
    Size(KB):          16
    Block Size(B):    128
    Associativity:      4

  L2-Data Cache:
    Size(KB):        1024
    Block Size(B):    128
    Associativity:      8

Latencies:    1   10  150
L1-Sets: LRU assoc:   4
L2-Sets: LRU assoc:   8
Store_allocation: Yes
L2_inclusive: Yes

L1 Cache Stats:
L1-Load-Hits:        9054939538   99.22%
L1-Load-Misses:        71213789    0.78%
L1-Load-Accesses:    9126153327  100.00%

L1-Store-Hits:        4677619292   99.53%
L1-Store-Misses:        21868046    0.47%
L1-Store-Accesses:    4699487338  100.00%

L1-Total-Hits:       13732558830   99.33%
L1-Total-Misses:        93081835    0.67%
L1-Total-Accesses:   13825640665  100.00%

L2 Cache Stats:
L2-Load-Hits:          65102439   91.42%
L2-Load-Misses:         6111350    8.58%
L2-Load-Accesses:      71213789  100.00%

L2-Store-Hits:          19589833   89.58%
L2-Store-Misses:         2278213   10.42%
L2-Store-Accesses:      21868046  100.00%

L2-Total-Hits:          84692272   90.99%
L2-Total-Misses:         8389563    9.01%
L2-Total-Accesses:      93081835  100.00%

