Total Instructions: 29337086287
Total Cycles: 44893118202
IPC: 0.653487

Two level cache hierarchy:
  L1-Data Cache:
    Size(KB):          32
    Block Size(B):    128
    Associativity:      4

  L2-Data Cache:
    Size(KB):        1024
    Block Size(B):    128
    Associativity:      8

Latencies:    1   10  150
L1-Sets: LRU assoc:   4
L2-Sets: LRU assoc:   8
Store_allocation: Yes
L2_inclusive: Yes

L1 Cache Stats:
L1-Load-Hits:        9084735825   99.55%
L1-Load-Misses:        41417502    0.45%
L1-Load-Accesses:    9126153327  100.00%

L1-Store-Hits:        4693791570   99.88%
L1-Store-Misses:         5695768    0.12%
L1-Store-Accesses:    4699487338  100.00%

L1-Total-Hits:       13778527395   99.66%
L1-Total-Misses:        47113270    0.34%
L1-Total-Accesses:   13825640665  100.00%

L2 Cache Stats:
L2-Load-Hits:          35301948   85.23%
L2-Load-Misses:         6115554   14.77%
L2-Load-Accesses:      41417502  100.00%

L2-Store-Hits:           3416265   59.98%
L2-Store-Misses:         2279503   40.02%
L2-Store-Accesses:       5695768  100.00%

L2-Total-Hits:          38718213   82.18%
L2-Total-Misses:         8395057   17.82%
L2-Total-Accesses:      47113270  100.00%

