Total Instructions: 29337086287
Total Cycles: 45023754252
IPC: 0.651591

Two level cache hierarchy:
  L1-Data Cache:
    Size(KB):          64
    Block Size(B):     32
    Associativity:      4

  L2-Data Cache:
    Size(KB):        1024
    Block Size(B):    128
    Associativity:      8

Latencies:    1   10  150
L1-Sets: LRU assoc:   4
L2-Sets: LRU assoc:   8
Store_allocation: Yes
L2_inclusive: Yes

L1 Cache Stats:
L1-Load-Hits:        9079501026   99.49%
L1-Load-Misses:        46652301    0.51%
L1-Load-Accesses:    9126153327  100.00%

L1-Store-Hits:        4685910324   99.71%
L1-Store-Misses:        13577014    0.29%
L1-Store-Accesses:    4699487338  100.00%

L1-Total-Hits:       13765411350   99.56%
L1-Total-Misses:        60229315    0.44%
L1-Total-Accesses:   13825640665  100.00%

L2 Cache Stats:
L2-Load-Hits:          40539434   86.90%
L2-Load-Misses:         6112867   13.10%
L2-Load-Accesses:      46652301  100.00%

L2-Store-Hits:          11298320   83.22%
L2-Store-Misses:         2278694   16.78%
L2-Store-Accesses:      13577014  100.00%

L2-Total-Hits:          51837754   86.07%
L2-Total-Misses:         8391561   13.93%
L2-Total-Accesses:      60229315  100.00%

