Total Instructions: 7659818232
Total Cycles: 11157405617
IPC: 0.686523

Two level cache hierarchy:
  L1-Data Cache:
    Size(KB):         128
    Block Size(B):     64
    Associativity:      8

  L2-Data Cache:
    Size(KB):        1024
    Block Size(B):    128
    Associativity:      8

Latencies:    1   10  150
L1-Sets: LRU assoc:   8
L2-Sets: LRU assoc:   8
Store_allocation: Yes
L2_inclusive: Yes

L1 Cache Stats:
L1-Load-Hits:        2215148570   99.87%
L1-Load-Misses:         2910450    0.13%
L1-Load-Accesses:    2218059020  100.00%

L1-Store-Hits:        1099455901   99.95%
L1-Store-Misses:          575524    0.05%
L1-Store-Accesses:    1100031425  100.00%

L1-Total-Hits:        3314604471   99.89%
L1-Total-Misses:         3485974    0.11%
L1-Total-Accesses:    3318090445  100.00%

L2 Cache Stats:
L2-Load-Hits:           2140813   73.56%
L2-Load-Misses:          769637   26.44%
L2-Load-Accesses:       2910450  100.00%

L2-Store-Hits:            380913   66.19%
L2-Store-Misses:          194611   33.81%
L2-Store-Accesses:        575524  100.00%

L2-Total-Hits:           2521726   72.34%
L2-Total-Misses:          964248   27.66%
L2-Total-Accesses:       3485974  100.00%

