Total Instructions: 7659818232
Total Cycles: 11159049587
IPC: 0.686422

Two level cache hierarchy:
  L1-Data Cache:
    Size(KB):          64
    Block Size(B):     64
    Associativity:      8

  L2-Data Cache:
    Size(KB):        1024
    Block Size(B):    128
    Associativity:      8

Latencies:    1   10  150
L1-Sets: LRU assoc:   8
L2-Sets: LRU assoc:   8
Store_allocation: Yes
L2_inclusive: Yes

L1 Cache Stats:
L1-Load-Hits:        2214978345   99.86%
L1-Load-Misses:         3080675    0.14%
L1-Load-Accesses:    2218059020  100.00%

L1-Store-Hits:        1099450554   99.95%
L1-Store-Misses:          580871    0.05%
L1-Store-Accesses:    1100031425  100.00%

L1-Total-Hits:        3314428899   99.89%
L1-Total-Misses:         3661546    0.11%
L1-Total-Accesses:    3318090445  100.00%

L2 Cache Stats:
L2-Load-Hits:           2311888   75.04%
L2-Load-Misses:          768787   24.96%
L2-Load-Accesses:       3080675  100.00%

L2-Store-Hits:            386155   66.48%
L2-Store-Misses:          194716   33.52%
L2-Store-Accesses:        580871  100.00%

L2-Total-Hits:           2698043   73.69%
L2-Total-Misses:          963503   26.31%
L2-Total-Accesses:       3661546  100.00%

