Total Instructions: 7659818232
Total Cycles: 11145432307
IPC: 0.687261

Two level cache hierarchy:
  L1-Data Cache:
    Size(KB):          32
    Block Size(B):    128
    Associativity:      4

  L2-Data Cache:
    Size(KB):        1024
    Block Size(B):    128
    Associativity:      8

Latencies:    1   10  150
L1-Sets: LRU assoc:   4
L2-Sets: LRU assoc:   8
Store_allocation: Yes
L2_inclusive: Yes

L1 Cache Stats:
L1-Load-Hits:        2216032721   99.91%
L1-Load-Misses:         2026299    0.09%
L1-Load-Accesses:    2218059020  100.00%

L1-Store-Hits:        1099779791   99.98%
L1-Store-Misses:          251634    0.02%
L1-Store-Accesses:    1100031425  100.00%

L1-Total-Hits:        3315812512   99.93%
L1-Total-Misses:         2277933    0.07%
L1-Total-Accesses:    3318090445  100.00%

L2 Cache Stats:
L2-Load-Hits:           1256534   62.01%
L2-Load-Misses:          769765   37.99%
L2-Load-Accesses:       2026299  100.00%

L2-Store-Hits:             56437   22.43%
L2-Store-Misses:          195197   77.57%
L2-Store-Accesses:        251634  100.00%

L2-Total-Hits:           1312971   57.64%
L2-Total-Misses:          964962   42.36%
L2-Total-Accesses:       2277933  100.00%

