Total Instructions: 7659818263
Total Cycles: 11193156750
IPC: 0.68433

Two level cache hierarchy:
  L1-Data Cache:
    Size(KB):          16
    Block Size(B):     32
    Associativity:      4

  L2-Data Cache:
    Size(KB):        1024
    Block Size(B):    128
    Associativity:      8

Latencies:    1   10  150
L1-Sets: LRU assoc:   4
L2-Sets: LRU assoc:   8
Store_allocation: Yes
L2_inclusive: Yes

L1 Cache Stats:
L1-Load-Hits:        2212127576   99.73%
L1-Load-Misses:         5931454    0.27%
L1-Load-Accesses:    2218059030  100.00%

L1-Store-Hits:        1098905683   99.90%
L1-Store-Misses:         1125744    0.10%
L1-Store-Accesses:    1100031427  100.00%

L1-Total-Hits:        3311033259   99.79%
L1-Total-Misses:         7057198    0.21%
L1-Total-Accesses:    3318090457  100.00%

L2 Cache Stats:
L2-Load-Hits:           5161591   87.02%
L2-Load-Misses:          769863   12.98%
L2-Load-Accesses:       5931454  100.00%

L2-Store-Hits:            931100   82.71%
L2-Store-Misses:          194644   17.29%
L2-Store-Accesses:       1125744  100.00%

L2-Total-Hits:           6092691   86.33%
L2-Total-Misses:          964507   13.67%
L2-Total-Accesses:       7057198  100.00%

