Total Instructions: 7659818263
Total Cycles: 11155671960
IPC: 0.68663

Two level cache hierarchy:
  L1-Data Cache:
    Size(KB):          16
    Block Size(B):    128
    Associativity:      4

  L2-Data Cache:
    Size(KB):        1024
    Block Size(B):    128
    Associativity:      8

Latencies:    1   10  150
L1-Sets: LRU assoc:   4
L2-Sets: LRU assoc:   8
Store_allocation: Yes
L2_inclusive: Yes

L1 Cache Stats:
L1-Load-Hits:        2215170615   99.87%
L1-Load-Misses:         2888415    0.13%
L1-Load-Accesses:    2218059030  100.00%

L1-Store-Hits:        1099627893   99.96%
L1-Store-Misses:          403534    0.04%
L1-Store-Accesses:    1100031427  100.00%

L1-Total-Hits:        3314798508   99.90%
L1-Total-Misses:         3291949    0.10%
L1-Total-Accesses:    3318090457  100.00%

L2 Cache Stats:
L2-Load-Hits:           2117389   73.31%
L2-Load-Misses:          771026   26.69%
L2-Load-Accesses:       2888415  100.00%

L2-Store-Hits:            208935   51.78%
L2-Store-Misses:          194599   48.22%
L2-Store-Accesses:        403534  100.00%

L2-Total-Hits:           2326324   70.67%
L2-Total-Misses:          965625   29.33%
L2-Total-Accesses:       3291949  100.00%

