Total Instructions: 7659818263
Total Cycles: 11139679370
IPC: 0.687616

Two level cache hierarchy:
  L1-Data Cache:
    Size(KB):          64
    Block Size(B):    128
    Associativity:      4

  L2-Data Cache:
    Size(KB):        1024
    Block Size(B):    128
    Associativity:      8

Latencies:    1   10  150
L1-Sets: LRU assoc:   4
L2-Sets: LRU assoc:   8
Store_allocation: Yes
L2_inclusive: Yes

L1 Cache Stats:
L1-Load-Hits:        2216564322   99.93%
L1-Load-Misses:         1494708    0.07%
L1-Load-Accesses:    2218059030  100.00%

L1-Store-Hits:        1099822300   99.98%
L1-Store-Misses:          209127    0.02%
L1-Store-Accesses:    1100031427  100.00%

L1-Total-Hits:        3316386622   99.95%
L1-Total-Misses:         1703835    0.05%
L1-Total-Accesses:    3318090457  100.00%

L2 Cache Stats:
L2-Load-Hits:            724773   48.49%
L2-Load-Misses:          769935   51.51%
L2-Load-Accesses:       1494708  100.00%

L2-Store-Hits:             14180    6.78%
L2-Store-Misses:          194947   93.22%
L2-Store-Accesses:        209127  100.00%

L2-Total-Hits:            738953   43.37%
L2-Total-Misses:          964882   56.63%
L2-Total-Accesses:       1703835  100.00%

