Total Instructions: 7659818232
Total Cycles: 11180028247
IPC: 0.685134

Two level cache hierarchy:
  L1-Data Cache:
    Size(KB):          32
    Block Size(B):     32
    Associativity:      4

  L2-Data Cache:
    Size(KB):        1024
    Block Size(B):    128
    Associativity:      8

Latencies:    1   10  150
L1-Sets: LRU assoc:   4
L2-Sets: LRU assoc:   8
Store_allocation: Yes
L2_inclusive: Yes

L1 Cache Stats:
L1-Load-Hits:        2213299758   99.79%
L1-Load-Misses:         4759262    0.21%
L1-Load-Accesses:    2218059020  100.00%

L1-Store-Hits:        1099046350   99.91%
L1-Store-Misses:          985075    0.09%
L1-Store-Accesses:    1100031425  100.00%

L1-Total-Hits:        3312346108   99.83%
L1-Total-Misses:         5744337    0.17%
L1-Total-Accesses:    3318090445  100.00%

L2 Cache Stats:
L2-Load-Hits:           3989827   83.83%
L2-Load-Misses:          769435   16.17%
L2-Load-Accesses:       4759262  100.00%

L2-Store-Hits:            790002   80.20%
L2-Store-Misses:          195073   19.80%
L2-Store-Accesses:        985075  100.00%

L2-Total-Hits:           4779829   83.21%
L2-Total-Misses:          964508   16.79%
L2-Total-Accesses:       5744337  100.00%

