Total Instructions: 7659818232
Total Cycles: 11175728087
IPC: 0.685398

Two level cache hierarchy:
  L1-Data Cache:
    Size(KB):          64
    Block Size(B):     32
    Associativity:      4

  L2-Data Cache:
    Size(KB):        1024
    Block Size(B):    128
    Associativity:      8

Latencies:    1   10  150
L1-Sets: LRU assoc:   4
L2-Sets: LRU assoc:   8
Store_allocation: Yes
L2_inclusive: Yes

L1 Cache Stats:
L1-Load-Hits:        2213738613   99.81%
L1-Load-Misses:         4320407    0.19%
L1-Load-Accesses:    2218059020  100.00%

L1-Store-Hits:        1099059321   99.91%
L1-Store-Misses:          972104    0.09%
L1-Store-Accesses:    1100031425  100.00%

L1-Total-Hits:        3312797934   99.84%
L1-Total-Misses:         5292511    0.16%
L1-Total-Accesses:    3318090445  100.00%

L2 Cache Stats:
L2-Load-Hits:           3549224   82.15%
L2-Load-Misses:          771183   17.85%
L2-Load-Accesses:       4320407  100.00%

L2-Store-Hits:            777325   79.96%
L2-Store-Misses:          194779   20.04%
L2-Store-Accesses:        972104  100.00%

L2-Total-Hits:           4326549   81.75%
L2-Total-Misses:          965962   18.25%
L2-Total-Accesses:       5292511  100.00%

