Total Instructions: 19193957794
Total Cycles: 52245773156
IPC: 0.367378

Two level cache hierarchy:
  L1-Data Cache:
    Size(KB):          32
    Block Size(B):    128
    Associativity:      4

  L2-Data Cache:
    Size(KB):        1024
    Block Size(B):    128
    Associativity:      8

Latencies:    1   10  150
L1-Sets: LRU assoc:   4
L2-Sets: LRU assoc:   8
Store_allocation: Yes
L2_inclusive: Yes

L1 Cache Stats:
L1-Load-Hits:        8237621016   98.12%
L1-Load-Misses:       157414381    1.88%
L1-Load-Accesses:    8395035397  100.00%

L1-Store-Hits:          56571131   98.98%
L1-Store-Misses:          581784    1.02%
L1-Store-Accesses:      57152915  100.00%

L1-Total-Hits:        8294192147   98.13%
L1-Total-Misses:       157996165    1.87%
L1-Total-Accesses:    8452188312  100.00%

L2 Cache Stats:
L2-Load-Hits:           4410355    2.80%
L2-Load-Misses:       153004026   97.20%
L2-Load-Accesses:     157414381  100.00%

L2-Store-Hits:            121374   20.86%
L2-Store-Misses:          460410   79.14%
L2-Store-Accesses:        581784  100.00%

L2-Total-Hits:           4531729    2.87%
L2-Total-Misses:       153464436   97.13%
L2-Total-Accesses:     157996165  100.00%

