Total Instructions: 19193957763
Total Cycles: 57660418083
IPC: 0.332879

Two level cache hierarchy:
  L1-Data Cache:
    Size(KB):          32
    Block Size(B):     32
    Associativity:      4

  L2-Data Cache:
    Size(KB):        1024
    Block Size(B):    128
    Associativity:      8

Latencies:    1   10  150
L1-Sets: LRU assoc:   4
L2-Sets: LRU assoc:   8
Store_allocation: Yes
L2_inclusive: Yes

L1 Cache Stats:
L1-Load-Hits:        7698021228   91.70%
L1-Load-Misses:       697014159    8.30%
L1-Load-Accesses:    8395035387  100.00%

L1-Store-Hits:          54873285   96.01%
L1-Store-Misses:         2279628    3.99%
L1-Store-Accesses:      57152913  100.00%

L1-Total-Hits:        7752894513   91.73%
L1-Total-Misses:       699293787    8.27%
L1-Total-Accesses:    8452188300  100.00%

L2 Cache Stats:
L2-Load-Hits:         543999998   78.05%
L2-Load-Misses:       153014161   21.95%
L2-Load-Accesses:     697014159  100.00%

L2-Store-Hits:           1818228   79.76%
L2-Store-Misses:          461400   20.24%
L2-Store-Accesses:       2279628  100.00%

L2-Total-Hits:         545818226   78.05%
L2-Total-Misses:       153475561   21.95%
L2-Total-Accesses:     699293787  100.00%

