Total Instructions: 19193957794
Total Cycles: 52267435646
IPC: 0.367226

Two level cache hierarchy:
  L1-Data Cache:
    Size(KB):          16
    Block Size(B):    128
    Associativity:      4

  L2-Data Cache:
    Size(KB):        1024
    Block Size(B):    128
    Associativity:      8

Latencies:    1   10  150
L1-Sets: LRU assoc:   4
L2-Sets: LRU assoc:   8
Store_allocation: Yes
L2_inclusive: Yes

L1 Cache Stats:
L1-Load-Hits:        8235772735   98.10%
L1-Load-Misses:       159262662    1.90%
L1-Load-Accesses:    8395035397  100.00%

L1-Store-Hits:          56391658   98.67%
L1-Store-Misses:          761257    1.33%
L1-Store-Accesses:      57152915  100.00%

L1-Total-Hits:        8292164393   98.11%
L1-Total-Misses:       160023919    1.89%
L1-Total-Accesses:    8452188312  100.00%

L2 Cache Stats:
L2-Load-Hits:           6257852    3.93%
L2-Load-Misses:       153004810   96.07%
L2-Load-Accesses:     159262662  100.00%

L2-Store-Hits:            292398   38.41%
L2-Store-Misses:          468859   61.59%
L2-Store-Accesses:        761257  100.00%

L2-Total-Hits:           6550250    4.09%
L2-Total-Misses:       153473669   95.91%
L2-Total-Accesses:     160023919  100.00%

