Total Instructions: 19193957763
Total Cycles: 57729064953
IPC: 0.332483

Two level cache hierarchy:
  L1-Data Cache:
    Size(KB):          16
    Block Size(B):     32
    Associativity:      4

  L2-Data Cache:
    Size(KB):        1024
    Block Size(B):    128
    Associativity:      8

Latencies:    1   10  150
L1-Sets: LRU assoc:   4
L2-Sets: LRU assoc:   8
Store_allocation: Yes
L2_inclusive: Yes

L1 Cache Stats:
L1-Load-Hits:        7690984047   91.61%
L1-Load-Misses:       704051340    8.39%
L1-Load-Accesses:    8395035387  100.00%

L1-Store-Hits:          54742659   95.78%
L1-Store-Misses:         2410254    4.22%
L1-Store-Accesses:      57152913  100.00%

L1-Total-Hits:        7745726706   91.64%
L1-Total-Misses:       706461594    8.36%
L1-Total-Accesses:    8452188300  100.00%

L2 Cache Stats:
L2-Load-Hits:         551056318   78.27%
L2-Load-Misses:       152995022   21.73%
L2-Load-Accesses:     704051340  100.00%

L2-Store-Hits:           1949923   80.90%
L2-Store-Misses:          460331   19.10%
L2-Store-Accesses:       2410254  100.00%

L2-Total-Hits:         553006241   78.28%
L2-Total-Misses:       153455353   21.72%
L2-Total-Accesses:     706461594  100.00%

