Total Instructions: 19193957794
Total Cycles: 57626680976
IPC: 0.333074

Two level cache hierarchy:
  L1-Data Cache:
    Size(KB):          64
    Block Size(B):     32
    Associativity:      4

  L2-Data Cache:
    Size(KB):        1024
    Block Size(B):    128
    Associativity:      8

Latencies:    1   10  150
L1-Sets: LRU assoc:   4
L2-Sets: LRU assoc:   8
Store_allocation: Yes
L2_inclusive: Yes

L1 Cache Stats:
L1-Load-Hits:        7701409233   91.74%
L1-Load-Misses:       693626164    8.26%
L1-Load-Accesses:    8395035397  100.00%

L1-Store-Hits:          54942197   96.13%
L1-Store-Misses:         2210718    3.87%
L1-Store-Accesses:      57152915  100.00%

L1-Total-Hits:        7756351430   91.77%
L1-Total-Misses:       695836882    8.23%
L1-Total-Accesses:    8452188312  100.00%

L2 Cache Stats:
L2-Load-Hits:         540613875   77.94%
L2-Load-Misses:       153012289   22.06%
L2-Load-Accesses:     693626164  100.00%

L2-Store-Hits:           1741900   78.79%
L2-Store-Misses:          468818   21.21%
L2-Store-Accesses:       2210718  100.00%

L2-Total-Hits:         542355775   77.94%
L2-Total-Misses:       153481107   22.06%
L2-Total-Accesses:     695836882  100.00%

