Total Instructions: 19193957763
Total Cycles: 55185419043
IPC: 0.347808

Two level cache hierarchy:
  L1-Data Cache:
    Size(KB):          32
    Block Size(B):     64
    Associativity:      8

  L2-Data Cache:
    Size(KB):        1024
    Block Size(B):    128
    Associativity:      8

Latencies:    1   10  150
L1-Sets: LRU assoc:   8
L2-Sets: LRU assoc:   8
Store_allocation: Yes
L2_inclusive: Yes

L1 Cache Stats:
L1-Load-Hits:        7945034947   94.64%
L1-Load-Misses:       450000440    5.36%
L1-Load-Accesses:    8395035387  100.00%

L1-Store-Hits:          55213025   96.61%
L1-Store-Misses:         1939888    3.39%
L1-Store-Accesses:      57152913  100.00%

L1-Total-Hits:        8000247972   94.65%
L1-Total-Misses:       451940328    5.35%
L1-Total-Accesses:    8452188300  100.00%

L2 Cache Stats:
L2-Load-Hits:         296994603   66.00%
L2-Load-Misses:       153005837   34.00%
L2-Load-Accesses:     450000440  100.00%

L2-Store-Hits:           1479927   76.29%
L2-Store-Misses:          459961   23.71%
L2-Store-Accesses:       1939888  100.00%

L2-Total-Hits:         298474530   66.04%
L2-Total-Misses:       153465798   33.96%
L2-Total-Accesses:     451940328  100.00%

