Total Instructions: 19193957763
Total Cycles: 55124432033
IPC: 0.348193

Two level cache hierarchy:
  L1-Data Cache:
    Size(KB):          32
    Block Size(B):     64
    Associativity:      4

  L2-Data Cache:
    Size(KB):        1024
    Block Size(B):    128
    Associativity:      8

Latencies:    1   10  150
L1-Sets: LRU assoc:   4
L2-Sets: LRU assoc:   8
Store_allocation: Yes
L2_inclusive: Yes

L1 Cache Stats:
L1-Load-Hits:        7950899408   94.71%
L1-Load-Misses:       444135979    5.29%
L1-Load-Accesses:    8395035387  100.00%

L1-Store-Hits:          55423355   96.97%
L1-Store-Misses:         1729558    3.03%
L1-Store-Accesses:      57152913  100.00%

L1-Total-Hits:        8006322763   94.72%
L1-Total-Misses:       445865537    5.28%
L1-Total-Accesses:    8452188300  100.00%

L2 Cache Stats:
L2-Load-Hits:         291130508   65.55%
L2-Load-Misses:       153005471   34.45%
L2-Load-Accesses:     444135979  100.00%

L2-Store-Hits:           1270825   73.48%
L2-Store-Misses:          458733   26.52%
L2-Store-Accesses:       1729558  100.00%

L2-Total-Hits:         292401333   65.58%
L2-Total-Misses:       153464204   34.42%
L2-Total-Accesses:     445865537  100.00%

