Total Instructions: 19193957794
Total Cycles: 52241804706
IPC: 0.367406

Two level cache hierarchy:
  L1-Data Cache:
    Size(KB):          64
    Block Size(B):    128
    Associativity:      4

  L2-Data Cache:
    Size(KB):        1024
    Block Size(B):    128
    Associativity:      8

Latencies:    1   10  150
L1-Sets: LRU assoc:   4
L2-Sets: LRU assoc:   8
Store_allocation: Yes
L2_inclusive: Yes

L1 Cache Stats:
L1-Load-Hits:        8238324743   98.13%
L1-Load-Misses:       156710654    1.87%
L1-Load-Accesses:    8395035397  100.00%

L1-Store-Hits:          56633489   99.09%
L1-Store-Misses:          519426    0.91%
L1-Store-Accesses:      57152915  100.00%

L1-Total-Hits:        8294958232   98.14%
L1-Total-Misses:       157230080    1.86%
L1-Total-Accesses:    8452188312  100.00%

L2 Cache Stats:
L2-Load-Hits:           3693856    2.36%
L2-Load-Misses:       153016798   97.64%
L2-Load-Accesses:     156710654  100.00%

L2-Store-Hits:             47172    9.08%
L2-Store-Misses:          472254   90.92%
L2-Store-Accesses:        519426  100.00%

L2-Total-Hits:           3741028    2.38%
L2-Total-Misses:       153489052   97.62%
L2-Total-Accesses:     157230080  100.00%

