Total Instructions: 27435962402
Total Cycles: 40724808464
IPC: 0.673692

Two level cache hierarchy:
  L1-Data Cache:
    Size(KB):          16
    Block Size(B):     32
    Associativity:      4

  L2-Data Cache:
    Size(KB):        1024
    Block Size(B):    128
    Associativity:      8

Latencies:    1   10  150
L1-Sets: LRU assoc:   4
L2-Sets: LRU assoc:   8
Store_allocation: Yes
L2_inclusive: Yes

L1 Cache Stats:
L1-Load-Hits:        7708701969   98.30%
L1-Load-Misses:       133645624    1.70%
L1-Load-Accesses:    7842347593  100.00%

L1-Store-Hits:        2161464434   92.43%
L1-Store-Misses:       176987545    7.57%
L1-Store-Accesses:    2338451979  100.00%

L1-Total-Hits:        9870166403   96.95%
L1-Total-Misses:       310633169    3.05%
L1-Total-Accesses:   10180799572  100.00%

L2 Cache Stats:
L2-Load-Hits:         133642796  100.00%
L2-Load-Misses:            2828    0.00%
L2-Load-Accesses:     133645624  100.00%

L2-Store-Hits:         176978941  100.00%
L2-Store-Misses:            8604    0.00%
L2-Store-Accesses:     176987545  100.00%

L2-Total-Hits:         310621737  100.00%
L2-Total-Misses:           11432    0.00%
L2-Total-Accesses:     310633169  100.00%

