Total Instructions: 27435962402
Total Cycles: 38282070184
IPC: 0.716679

Two level cache hierarchy:
  L1-Data Cache:
    Size(KB):          32
    Block Size(B):    128
    Associativity:      4

  L2-Data Cache:
    Size(KB):        1024
    Block Size(B):    128
    Associativity:      8

Latencies:    1   10  150
L1-Sets: LRU assoc:   4
L2-Sets: LRU assoc:   8
Store_allocation: Yes
L2_inclusive: Yes

L1 Cache Stats:
L1-Load-Hits:        7802945899   99.50%
L1-Load-Misses:        39401694    0.50%
L1-Load-Accesses:    7842347593  100.00%

L1-Store-Hits:        2311494332   98.85%
L1-Store-Misses:        26957647    1.15%
L1-Store-Accesses:    2338451979  100.00%

L1-Total-Hits:       10114440231   99.35%
L1-Total-Misses:        66359341    0.65%
L1-Total-Accesses:   10180799572  100.00%

L2 Cache Stats:
L2-Load-Hits:          39398867   99.99%
L2-Load-Misses:            2827    0.01%
L2-Load-Accesses:      39401694  100.00%

L2-Store-Hits:          26949042   99.97%
L2-Store-Misses:            8605    0.03%
L2-Store-Accesses:      26957647  100.00%

L2-Total-Hits:          66347909   99.98%
L2-Total-Misses:           11432    0.02%
L2-Total-Accesses:      66359341  100.00%

