Total Instructions: 27435962371
Total Cycles: 39466018641
IPC: 0.695179

Two level cache hierarchy:
  L1-Data Cache:
    Size(KB):          32
    Block Size(B):     32
    Associativity:      4

  L2-Data Cache:
    Size(KB):        1024
    Block Size(B):    128
    Associativity:      8

Latencies:    1   10  150
L1-Sets: LRU assoc:   4
L2-Sets: LRU assoc:   8
Store_allocation: Yes
L2_inclusive: Yes

L1 Cache Stats:
L1-Load-Hits:        7751003939   98.84%
L1-Load-Misses:        91343644    1.16%
L1-Load-Accesses:    7842347583  100.00%

L1-Store-Hits:        2245041430   96.01%
L1-Store-Misses:        93410547    3.99%
L1-Store-Accesses:    2338451977  100.00%

L1-Total-Hits:        9996045369   98.19%
L1-Total-Misses:       184754191    1.81%
L1-Total-Accesses:   10180799560  100.00%

L2 Cache Stats:
L2-Load-Hits:          91340816  100.00%
L2-Load-Misses:            2828    0.00%
L2-Load-Accesses:      91343644  100.00%

L2-Store-Hits:          93401943   99.99%
L2-Store-Misses:            8604    0.01%
L2-Store-Accesses:      93410547  100.00%

L2-Total-Hits:         184742759   99.99%
L2-Total-Misses:           11432    0.01%
L2-Total-Accesses:     184754191  100.00%

