Total Instructions: 27435962371
Total Cycles: 39575981711
IPC: 0.693248

Two level cache hierarchy:
  L1-Data Cache:
    Size(KB):          16
    Block Size(B):    128
    Associativity:      4

  L2-Data Cache:
    Size(KB):        1024
    Block Size(B):    128
    Associativity:      8

Latencies:    1   10  150
L1-Sets: LRU assoc:   4
L2-Sets: LRU assoc:   8
Store_allocation: Yes
L2_inclusive: Yes

L1 Cache Stats:
L1-Load-Hits:        7738769247   98.68%
L1-Load-Misses:       103578336    1.32%
L1-Load-Accesses:    7842347583  100.00%

L1-Store-Hits:        2246279815   96.06%
L1-Store-Misses:        92172162    3.94%
L1-Store-Accesses:    2338451977  100.00%

L1-Total-Hits:        9985049062   98.08%
L1-Total-Misses:       195750498    1.92%
L1-Total-Accesses:   10180799560  100.00%

L2 Cache Stats:
L2-Load-Hits:         103575510  100.00%
L2-Load-Misses:            2826    0.00%
L2-Load-Accesses:     103578336  100.00%

L2-Store-Hits:          92163556   99.99%
L2-Store-Misses:            8606    0.01%
L2-Store-Accesses:      92172162  100.00%

L2-Total-Hits:         195739066   99.99%
L2-Total-Misses:           11432    0.01%
L2-Total-Accesses:     195750498  100.00%

