Total Instructions: 27435962371
Total Cycles: 37686372051
IPC: 0.728008

Two level cache hierarchy:
  L1-Data Cache:
    Size(KB):          64
    Block Size(B):     32
    Associativity:      4

  L2-Data Cache:
    Size(KB):        1024
    Block Size(B):    128
    Associativity:      8

Latencies:    1   10  150
L1-Sets: LRU assoc:   4
L2-Sets: LRU assoc:   8
Store_allocation: Yes
L2_inclusive: Yes

L1 Cache Stats:
L1-Load-Hits:        7837673146   99.94%
L1-Load-Misses:         4674437    0.06%
L1-Load-Accesses:    7842347583  100.00%

L1-Store-Hits:        2336336837   99.91%
L1-Store-Misses:         2115140    0.09%
L1-Store-Accesses:    2338451977  100.00%

L1-Total-Hits:       10174009983   99.93%
L1-Total-Misses:         6789577    0.07%
L1-Total-Accesses:   10180799560  100.00%

L2 Cache Stats:
L2-Load-Hits:           4671610   99.94%
L2-Load-Misses:            2827    0.06%
L2-Load-Accesses:       4674437  100.00%

L2-Store-Hits:           2106538   99.59%
L2-Store-Misses:            8602    0.41%
L2-Store-Accesses:       2115140  100.00%

L2-Total-Hits:           6778148   99.83%
L2-Total-Misses:           11429    0.17%
L2-Total-Accesses:       6789577  100.00%

