Total Instructions: 4128219523
Total Cycles: 5863607170
IPC: 0.704041

Two level cache hierarchy:
  L1-Data Cache:
    Size(KB):          32
    Block Size(B):     64
    Associativity:      4

  L2-Data Cache:
    Size(KB):        1024
    Block Size(B):    128
    Associativity:      8

Latencies:    1   10  150
L1-Sets: LRU assoc:   4
L2-Sets: LRU assoc:   8
Store_allocation: Yes
L2_inclusive: Yes

L1 Cache Stats:
L1-Load-Hits:         850307289   96.72%
L1-Load-Misses:        28860565    3.28%
L1-Load-Accesses:     879167854  100.00%

L1-Store-Hits:         328865958   99.78%
L1-Store-Misses:          739985    0.22%
L1-Store-Accesses:     329605943  100.00%

L1-Total-Hits:        1179173247   97.55%
L1-Total-Misses:        29600550    2.45%
L1-Total-Accesses:    1208773797  100.00%

L2 Cache Stats:
L2-Load-Hits:          27501174   95.29%
L2-Load-Misses:         1359391    4.71%
L2-Load-Accesses:      28860565  100.00%

L2-Store-Hits:            561987   75.95%
L2-Store-Misses:          177998   24.05%
L2-Store-Accesses:        739985  100.00%

L2-Total-Hits:          28063161   94.81%
L2-Total-Misses:         1537389    5.19%
L2-Total-Accesses:      29600550  100.00%

