Total Instructions: 4128219492
Total Cycles: 5644932287
IPC: 0.731314

Two level cache hierarchy:
  L1-Data Cache:
    Size(KB):          64
    Block Size(B):     64
    Associativity:      8

  L2-Data Cache:
    Size(KB):        1024
    Block Size(B):    128
    Associativity:      8

Latencies:    1   10  150
L1-Sets: LRU assoc:   8
L2-Sets: LRU assoc:   8
Store_allocation: Yes
L2_inclusive: Yes

L1 Cache Stats:
L1-Load-Hits:         871896216   99.17%
L1-Load-Misses:         7271628    0.83%
L1-Load-Accesses:     879167844  100.00%

L1-Store-Hits:         328997158   99.82%
L1-Store-Misses:          608783    0.18%
L1-Store-Accesses:     329605941  100.00%

L1-Total-Hits:        1200893374   99.35%
L1-Total-Misses:         7880411    0.65%
L1-Total-Accesses:    1208773785  100.00%

L2 Cache Stats:
L2-Load-Hits:           5921860   81.44%
L2-Load-Misses:         1349768   18.56%
L2-Load-Accesses:       7271628  100.00%

L2-Store-Hits:            430985   70.79%
L2-Store-Misses:          177798   29.21%
L2-Store-Accesses:        608783  100.00%

L2-Total-Hits:           6352845   80.62%
L2-Total-Misses:         1527566   19.38%
L2-Total-Accesses:       7880411  100.00%

