Total Instructions: 4128219492
Total Cycles: 5661856457
IPC: 0.729128

Two level cache hierarchy:
  L1-Data Cache:
    Size(KB):          32
    Block Size(B):     64
    Associativity:      8

  L2-Data Cache:
    Size(KB):        1024
    Block Size(B):    128
    Associativity:      8

Latencies:    1   10  150
L1-Sets: LRU assoc:   8
L2-Sets: LRU assoc:   8
Store_allocation: Yes
L2_inclusive: Yes

L1 Cache Stats:
L1-Load-Hits:         870271658   98.99%
L1-Load-Misses:         8896186    1.01%
L1-Load-Accesses:     879167844  100.00%

L1-Store-Hits:         328970099   99.81%
L1-Store-Misses:          635842    0.19%
L1-Store-Accesses:     329605941  100.00%

L1-Total-Hits:        1199241757   99.21%
L1-Total-Misses:         9532028    0.79%
L1-Total-Accesses:    1208773785  100.00%

L2 Cache Stats:
L2-Load-Hits:           7543835   84.80%
L2-Load-Misses:         1352351   15.20%
L2-Load-Accesses:       8896186  100.00%

L2-Store-Hits:            457907   72.02%
L2-Store-Misses:          177935   27.98%
L2-Store-Accesses:        635842  100.00%

L2-Total-Hits:           8001742   83.95%
L2-Total-Misses:         1530286   16.05%
L2-Total-Accesses:       9532028  100.00%

