Total Instructions: 11984332574
Total Cycles: 16048918620
IPC: 0.746738

Two level cache hierarchy:
  L1-Data Cache:
    Size(KB):          64
    Block Size(B):     64
    Associativity:      4

  L2-Data Cache:
    Size(KB):        1024
    Block Size(B):    128
    Associativity:      8

Latencies:    1   10  150
L1-Sets: LRU assoc:   4
L2-Sets: LRU assoc:   8
Store_allocation: Yes
L2_inclusive: Yes

L1 Cache Stats:
L1-Load-Hits:        2208896569   96.17%
L1-Load-Misses:        87879319    3.83%
L1-Load-Accesses:    2296775888  100.00%

L1-Store-Hits:         668460117   99.26%
L1-Store-Misses:         5011091    0.74%
L1-Store-Accesses:     673471208  100.00%

L1-Total-Hits:        2877356686   96.87%
L1-Total-Misses:        92890410    3.13%
L1-Total-Accesses:    2970247096  100.00%

L2 Cache Stats:
L2-Load-Hits:          87210239   99.24%
L2-Load-Misses:          669080    0.76%
L2-Load-Accesses:      87879319  100.00%

L2-Store-Hits:           4577272   91.34%
L2-Store-Misses:          433819    8.66%
L2-Store-Accesses:       5011091  100.00%

L2-Total-Hits:          91787511   98.81%
L2-Total-Misses:         1102899    1.19%
L2-Total-Accesses:      92890410  100.00%

