Total Instructions: 11984332574
Total Cycles: 15538665700
IPC: 0.771259

Two level cache hierarchy:
  L1-Data Cache:
    Size(KB):         128
    Block Size(B):     64
    Associativity:      8

  L2-Data Cache:
    Size(KB):        1024
    Block Size(B):    128
    Associativity:      8

Latencies:    1   10  150
L1-Sets: LRU assoc:   8
L2-Sets: LRU assoc:   8
Store_allocation: Yes
L2_inclusive: Yes

L1 Cache Stats:
L1-Load-Hits:        2257789779   98.30%
L1-Load-Misses:        38986109    1.70%
L1-Load-Accesses:    2296775888  100.00%

L1-Store-Hits:         670547934   99.57%
L1-Store-Misses:         2923274    0.43%
L1-Store-Accesses:     673471208  100.00%

L1-Total-Hits:        2928337713   98.59%
L1-Total-Misses:        41909383    1.41%
L1-Total-Accesses:    2970247096  100.00%

L2 Cache Stats:
L2-Load-Hits:          38320426   98.29%
L2-Load-Misses:          665683    1.71%
L2-Load-Accesses:      38986109  100.00%

L2-Store-Hits:           2489009   85.14%
L2-Store-Misses:          434265   14.86%
L2-Store-Accesses:       2923274  100.00%

L2-Total-Hits:          40809435   97.38%
L2-Total-Misses:         1099948    2.62%
L2-Total-Accesses:      41909383  100.00%

