Total Instructions: 11984332605
Total Cycles: 16047022363
IPC: 0.746826

Two level cache hierarchy:
  L1-Data Cache:
    Size(KB):          64
    Block Size(B):     64
    Associativity:      8

  L2-Data Cache:
    Size(KB):        1024
    Block Size(B):    128
    Associativity:      8

Latencies:    1   10  150
L1-Sets: LRU assoc:   8
L2-Sets: LRU assoc:   8
Store_allocation: Yes
L2_inclusive: Yes

L1 Cache Stats:
L1-Load-Hits:        2209139493   96.18%
L1-Load-Misses:        87636405    3.82%
L1-Load-Accesses:    2296775898  100.00%

L1-Store-Hits:         668384215   99.24%
L1-Store-Misses:         5086995    0.76%
L1-Store-Accesses:     673471210  100.00%

L1-Total-Hits:        2877523708   96.88%
L1-Total-Misses:        92723400    3.12%
L1-Total-Accesses:    2970247108  100.00%

L2 Cache Stats:
L2-Load-Hits:          86968432   99.24%
L2-Load-Misses:          667973    0.76%
L2-Load-Accesses:      87636405  100.00%

L2-Store-Hits:           4653577   91.48%
L2-Store-Misses:          433418    8.52%
L2-Store-Accesses:       5086995  100.00%

L2-Total-Hits:          91622009   98.81%
L2-Total-Misses:         1101391    1.19%
L2-Total-Accesses:      92723400  100.00%

