Total Instructions: 1493336745
Total Cycles: 7460145391
IPC: 0.200175

Two level cache hierarchy:
  L1-Data Cache:
    Size(KB):          32
    Block Size(B):     64
    Associativity:      4

  L2-Data Cache:
    Size(KB):        1024
    Block Size(B):    128
    Associativity:      8

Latencies:    1   10  150
L1-Sets: LRU assoc:   4
L2-Sets: LRU assoc:   8
Store_allocation: Yes
L2_inclusive: Yes

L1 Cache Stats:
L1-Load-Hits:         228035371   75.43%
L1-Load-Misses:        74294718   24.57%
L1-Load-Accesses:     302330089  100.00%

L1-Store-Hits:         102677291   99.77%
L1-Store-Misses:          237776    0.23%
L1-Store-Accesses:     102915067  100.00%

L1-Total-Hits:         330712662   81.61%
L1-Total-Misses:        74532494   18.39%
L1-Total-Accesses:     405245156  100.00%

L2 Cache Stats:
L2-Load-Hits:          42193014   56.79%
L2-Load-Misses:        32101704   43.21%
L2-Load-Accesses:      74294718  100.00%

L2-Store-Hits:            231223   97.24%
L2-Store-Misses:            6553    2.76%
L2-Store-Accesses:        237776  100.00%

L2-Total-Hits:          42424237   56.92%
L2-Total-Misses:        32108257   43.08%
L2-Total-Accesses:      74532494  100.00%

