Total Instructions: 21500896054
Total Cycles: 44409424769
IPC: 0.484152

Two level cache hierarchy:
  L1-Data Cache:
    Size(KB):          16
    Block Size(B):     64
    Associativity:      4

  L2-Data Cache:
    Size(KB):        1024
    Block Size(B):    128
    Associativity:      8

Latencies:    1   10  150
L1-Sets: LRU assoc:   4
L2-Sets: LRU assoc:   8
Store_allocation: Yes
L2_inclusive: Yes

L1 Cache Stats:
L1-Load-Hits:        6165341911   95.75%
L1-Load-Misses:       273555738    4.25%
L1-Load-Accesses:    6438897649  100.00%

L1-Store-Hits:        2706853921   99.05%
L1-Store-Misses:        26036815    0.95%
L1-Store-Accesses:    2732890736  100.00%

L1-Total-Hits:        8872195832   96.73%
L1-Total-Misses:       299592553    3.27%
L1-Total-Accesses:    9171788385  100.00%

L2 Cache Stats:
L2-Load-Hits:         207373648   75.81%
L2-Load-Misses:        66182090   24.19%
L2-Load-Accesses:     273555738  100.00%

L2-Store-Hits:          20613473   79.17%
L2-Store-Misses:         5423342   20.83%
L2-Store-Accesses:      26036815  100.00%

L2-Total-Hits:         227987121   76.10%
L2-Total-Misses:        71605432   23.90%
L2-Total-Accesses:     299592553  100.00%

