Total Instructions: 21500895867
Total Cycles: 43806782431
IPC: 0.490812

Two level cache hierarchy:
  L1-Data Cache:
    Size(KB):          64
    Block Size(B):     64
    Associativity:      8

  L2-Data Cache:
    Size(KB):        1024
    Block Size(B):    128
    Associativity:      8

Latencies:    1   10  150
L1-Sets: LRU assoc:   8
L2-Sets: LRU assoc:   8
Store_allocation: Yes
L2_inclusive: Yes

L1 Cache Stats:
L1-Load-Hits:        6217767223   96.57%
L1-Load-Misses:       221130375    3.43%
L1-Load-Accesses:    6438897598  100.00%

L1-Store-Hits:        2713119201   99.28%
L1-Store-Misses:        19771515    0.72%
L1-Store-Accesses:    2732890716  100.00%

L1-Total-Hits:        8930886424   97.37%
L1-Total-Misses:       240901890    2.63%
L1-Total-Accesses:    9171788314  100.00%

L2 Cache Stats:
L2-Load-Hits:         155047308   70.12%
L2-Load-Misses:        66083067   29.88%
L2-Load-Accesses:     221130375  100.00%

L2-Store-Hits:          14354053   72.60%
L2-Store-Misses:         5417462   27.40%
L2-Store-Accesses:      19771515  100.00%

L2-Total-Hits:         169401361   70.32%
L2-Total-Misses:        71500529   29.68%
L2-Total-Accesses:     240901890  100.00%

