Total Instructions: 23746595024
Total Cycles: 40925187274
IPC: 0.580244

Two level cache hierarchy:
  L1-Data Cache:
    Size(KB):          32
    Block Size(B):     64
    Associativity:      8

  L2-Data Cache:
    Size(KB):        1024
    Block Size(B):    128
    Associativity:      8

Latencies:    1   10  150
L1-Sets: LRU assoc:   8
L2-Sets: LRU assoc:   8
Store_allocation: Yes
L2_inclusive: Yes

L1 Cache Stats:
L1-Load-Hits:        6594880883   97.47%
L1-Load-Misses:       170926272    2.53%
L1-Load-Accesses:    6765807155  100.00%

L1-Store-Hits:         929034941   98.53%
L1-Store-Misses:        13851344    1.47%
L1-Store-Accesses:     942886285  100.00%

L1-Total-Hits:        7523915824   97.60%
L1-Total-Misses:       184777616    2.40%
L1-Total-Accesses:    7708693440  100.00%

L2 Cache Stats:
L2-Load-Hits:         122377229   71.60%
L2-Load-Misses:        48549043   28.40%
L2-Load-Accesses:     170926272  100.00%

L2-Store-Hits:          11586236   83.65%
L2-Store-Misses:         2265108   16.35%
L2-Store-Accesses:      13851344  100.00%

L2-Total-Hits:         133963465   72.50%
L2-Total-Misses:        50814151   27.50%
L2-Total-Accesses:     184777616  100.00%

