Total Instructions: 23746595024
Total Cycles: 40717019504
IPC: 0.583211

Two level cache hierarchy:
  L1-Data Cache:
    Size(KB):          64
    Block Size(B):     64
    Associativity:      8

  L2-Data Cache:
    Size(KB):        1024
    Block Size(B):    128
    Associativity:      8

Latencies:    1   10  150
L1-Sets: LRU assoc:   8
L2-Sets: LRU assoc:   8
Store_allocation: Yes
L2_inclusive: Yes

L1 Cache Stats:
L1-Load-Hits:        6612811353   97.74%
L1-Load-Misses:       152995802    2.26%
L1-Load-Accesses:    6765807155  100.00%

L1-Store-Hits:         931884378   98.83%
L1-Store-Misses:        11001907    1.17%
L1-Store-Accesses:     942886285  100.00%

L1-Total-Hits:        7544695731   97.87%
L1-Total-Misses:       163997709    2.13%
L1-Total-Accesses:    7708693440  100.00%

L2 Cache Stats:
L2-Load-Hits:         104444481   68.27%
L2-Load-Misses:        48551321   31.73%
L2-Load-Accesses:     152995802  100.00%

L2-Store-Hits:           8741535   79.45%
L2-Store-Misses:         2260372   20.55%
L2-Store-Accesses:      11001907  100.00%

L2-Total-Hits:         113186016   69.02%
L2-Total-Misses:        50811693   30.98%
L2-Total-Accesses:     163997709  100.00%

