Total Instructions: 23746595024
Total Cycles: 41702187304
IPC: 0.569433

Two level cache hierarchy:
  L1-Data Cache:
    Size(KB):          16
    Block Size(B):     64
    Associativity:      4

  L2-Data Cache:
    Size(KB):        1024
    Block Size(B):    128
    Associativity:      8

Latencies:    1   10  150
L1-Sets: LRU assoc:   4
L2-Sets: LRU assoc:   8
Store_allocation: Yes
L2_inclusive: Yes

L1 Cache Stats:
L1-Load-Hits:        6523718925   96.42%
L1-Load-Misses:       242088230    3.58%
L1-Load-Accesses:    6765807155  100.00%

L1-Store-Hits:         922868656   97.88%
L1-Store-Misses:        20017629    2.12%
L1-Store-Accesses:     942886285  100.00%

L1-Total-Hits:        7446587581   96.60%
L1-Total-Misses:       262105859    3.40%
L1-Total-Accesses:    7708693440  100.00%

L2 Cache Stats:
L2-Load-Hits:         193516252   79.94%
L2-Load-Misses:        48571978   20.06%
L2-Load-Accesses:     242088230  100.00%

L2-Store-Hits:          17750672   88.68%
L2-Store-Misses:         2266957   11.32%
L2-Store-Accesses:      20017629  100.00%

L2-Total-Hits:         211266924   80.60%
L2-Total-Misses:        50838935   19.40%
L2-Total-Accesses:     262105859  100.00%

