Total Instructions: 29337086287
Total Cycles: 45122038042
IPC: 0.650172

Two level cache hierarchy:
  L1-Data Cache:
    Size(KB):          64
    Block Size(B):     64
    Associativity:      8

  L2-Data Cache:
    Size(KB):        1024
    Block Size(B):    128
    Associativity:      8

Latencies:    1   10  150
L1-Sets: LRU assoc:   8
L2-Sets: LRU assoc:   8
Store_allocation: Yes
L2_inclusive: Yes

L1 Cache Stats:
L1-Load-Hits:        9085169888   99.55%
L1-Load-Misses:        40983439    0.45%
L1-Load-Accesses:    9126153327  100.00%

L1-Store-Hits:        4689540573   99.79%
L1-Store-Misses:         9946765    0.21%
L1-Store-Accesses:    4699487338  100.00%

L1-Total-Hits:       13774710461   99.63%
L1-Total-Misses:        50930204    0.37%
L1-Total-Accesses:   13825640665  100.00%

L2 Cache Stats:
L2-Load-Hits:          33754555   82.36%
L2-Load-Misses:         7228884   17.64%
L2-Load-Accesses:      40983439  100.00%

L2-Store-Hits:           7508922   75.49%
L2-Store-Misses:         2437843   24.51%
L2-Store-Accesses:       9946765  100.00%

L2-Total-Hits:          41263477   81.02%
L2-Total-Misses:         9666727   18.98%
L2-Total-Accesses:      50930204  100.00%

