Total Instructions: 29337086287
Total Cycles: 45278210432
IPC: 0.647929

Two level cache hierarchy:
  L1-Data Cache:
    Size(KB):          32
    Block Size(B):     64
    Associativity:      4

  L2-Data Cache:
    Size(KB):        1024
    Block Size(B):    128
    Associativity:      8

Latencies:    1   10  150
L1-Sets: LRU assoc:   4
L2-Sets: LRU assoc:   8
Store_allocation: Yes
L2_inclusive: Yes

L1 Cache Stats:
L1-Load-Hits:        9071077727   99.40%
L1-Load-Misses:        55075600    0.60%
L1-Load-Accesses:    9126153327  100.00%

L1-Store-Hits:        4688178095   99.76%
L1-Store-Misses:        11309243    0.24%
L1-Store-Accesses:    4699487338  100.00%

L1-Total-Hits:       13759255822   99.52%
L1-Total-Misses:        66384843    0.48%
L1-Total-Accesses:   13825640665  100.00%

L2 Cache Stats:
L2-Load-Hits:          47839434   86.86%
L2-Load-Misses:         7236166   13.14%
L2-Load-Accesses:      55075600  100.00%

L2-Store-Hits:           8867842   78.41%
L2-Store-Misses:         2441401   21.59%
L2-Store-Accesses:      11309243  100.00%

L2-Total-Hits:          56707276   85.42%
L2-Total-Misses:         9677567   14.58%
L2-Total-Accesses:      66384843  100.00%

