Total Instructions: 19193957763
Total Cycles: 55099595083
IPC: 0.34835

Two level cache hierarchy:
  L1-Data Cache:
    Size(KB):         128
    Block Size(B):     64
    Associativity:      8

  L2-Data Cache:
    Size(KB):        1024
    Block Size(B):    128
    Associativity:      8

Latencies:    1   10  150
L1-Sets: LRU assoc:   8
L2-Sets: LRU assoc:   8
Store_allocation: Yes
L2_inclusive: Yes

L1 Cache Stats:
L1-Load-Hits:        7953017408   94.73%
L1-Load-Misses:       442017979    5.27%
L1-Load-Accesses:    8395035387  100.00%

L1-Store-Hits:          55526760   97.15%
L1-Store-Misses:         1626153    2.85%
L1-Store-Accesses:      57152913  100.00%

L1-Total-Hits:        8008544168   94.75%
L1-Total-Misses:       443644132    5.25%
L1-Total-Accesses:    8452188300  100.00%

L2 Cache Stats:
L2-Load-Hits:         289038105   65.39%
L2-Load-Misses:       152979874   34.61%
L2-Load-Accesses:     442017979  100.00%

L2-Store-Hits:           1159309   71.29%
L2-Store-Misses:          466844   28.71%
L2-Store-Accesses:       1626153  100.00%

L2-Total-Hits:         290197414   65.41%
L2-Total-Misses:       153446718   34.59%
L2-Total-Accesses:     443644132  100.00%

