Total Instructions: 19193957763
Total Cycles: 55139266203
IPC: 0.3481

Two level cache hierarchy:
  L1-Data Cache:
    Size(KB):          64
    Block Size(B):     64
    Associativity:      4

  L2-Data Cache:
    Size(KB):        1024
    Block Size(B):    128
    Associativity:      8

Latencies:    1   10  150
L1-Sets: LRU assoc:   4
L2-Sets: LRU assoc:   8
Store_allocation: Yes
L2_inclusive: Yes

L1 Cache Stats:
L1-Load-Hits:        7950091433   94.70%
L1-Load-Misses:       444943954    5.30%
L1-Load-Accesses:    8395035387  100.00%

L1-Store-Hits:          55487758   97.09%
L1-Store-Misses:         1665155    2.91%
L1-Store-Accesses:      57152913  100.00%

L1-Total-Hits:        8005579191   94.72%
L1-Total-Misses:       446609109    5.28%
L1-Total-Accesses:    8452188300  100.00%

L2 Cache Stats:
L2-Load-Hits:         291898030   65.60%
L2-Load-Misses:       153045924   34.40%
L2-Load-Accesses:     444943954  100.00%

L2-Store-Hits:           1197552   71.92%
L2-Store-Misses:          467603   28.08%
L2-Store-Accesses:       1665155  100.00%

L2-Total-Hits:         293095582   65.63%
L2-Total-Misses:       153513527   34.37%
L2-Total-Accesses:     446609109  100.00%

