Total Instructions: 27435962402
Total Cycles: 37672938154
IPC: 0.728267

Two level cache hierarchy:
  L1-Data Cache:
    Size(KB):          64
    Block Size(B):     64
    Associativity:      4

  L2-Data Cache:
    Size(KB):        1024
    Block Size(B):    128
    Associativity:      8

Latencies:    1   10  150
L1-Sets: LRU assoc:   4
L2-Sets: LRU assoc:   8
Store_allocation: Yes
L2_inclusive: Yes

L1 Cache Stats:
L1-Load-Hits:        7838589782   99.95%
L1-Load-Misses:         3757811    0.05%
L1-Load-Accesses:    7842347593  100.00%

L1-Store-Hits:        2336766247   99.93%
L1-Store-Misses:         1685732    0.07%
L1-Store-Accesses:    2338451979  100.00%

L1-Total-Hits:       10175356029   99.95%
L1-Total-Misses:         5443543    0.05%
L1-Total-Accesses:   10180799572  100.00%

L2 Cache Stats:
L2-Load-Hits:           3754842   99.92%
L2-Load-Misses:            2969    0.08%
L2-Load-Accesses:       3757811  100.00%

L2-Store-Hits:           1677096   99.49%
L2-Store-Misses:            8636    0.51%
L2-Store-Accesses:       1685732  100.00%

L2-Total-Hits:           5431938   99.79%
L2-Total-Misses:           11605    0.21%
L2-Total-Accesses:       5443543  100.00%

