Total Instructions: 27435962402
Total Cycles: 37618876794
IPC: 0.729314

Two level cache hierarchy:
  L1-Data Cache:
    Size(KB):         128
    Block Size(B):     64
    Associativity:      8

  L2-Data Cache:
    Size(KB):        1024
    Block Size(B):    128
    Associativity:      8

Latencies:    1   10  150
L1-Sets: LRU assoc:   8
L2-Sets: LRU assoc:   8
Store_allocation: Yes
L2_inclusive: Yes

L1 Cache Stats:
L1-Load-Hits:        7842335384  100.00%
L1-Load-Misses:           12209    0.00%
L1-Load-Accesses:    7842347593  100.00%

L1-Store-Hits:        2338426436  100.00%
L1-Store-Misses:           25543    0.00%
L1-Store-Accesses:    2338451979  100.00%

L1-Total-Hits:       10180761820  100.00%
L1-Total-Misses:           37752    0.00%
L1-Total-Accesses:   10180799572  100.00%

L2 Cache Stats:
L2-Load-Hits:              9242   75.70%
L2-Load-Misses:            2967   24.30%
L2-Load-Accesses:         12209  100.00%

L2-Store-Hits:             16928   66.27%
L2-Store-Misses:            8615   33.73%
L2-Store-Accesses:         25543  100.00%

L2-Total-Hits:             26170   69.32%
L2-Total-Misses:           11582   30.68%
L2-Total-Accesses:         37752  100.00%

