                                     | Core 0    
  Instructions                       |  280947347
  Cycles                             |  321049534
  IPC                                |       0.88
  Time (ns)                          |  120695314
  Idle time (ns)                     |      43059
  Idle time (%)                      |       0.0%
Branch predictor stats               |           
  num correct                        |   11820861
  num incorrect                      |     104942
  misprediction rate                 |      0.88%
  mpki                               |       0.37
TLB Summary                          |           
  I-TLB                              |           
    num accesses                     |   25245593
    num misses                       |         71
    miss rate                        |      0.00%
    mpki                             |       0.00
  D-TLB                              |           
    num accesses                     |   69345697
    num misses                       |      62373
    miss rate                        |      0.09%
    mpki                             |       0.22
  L2 TLB                             |           
    num accesses                     |      62444
    num misses                       |       9042
    miss rate                        |     14.48%
    mpki                             |       0.03
Cache Summary                        |           
  Cache L1-I                         |           
    num cache accesses               |   25245593
    num cache misses                 |      70923
    miss rate                        |      0.28%
    mpki                             |       0.25
  Cache L1-D                         |           
    num cache accesses               |   69346347
    num cache misses                 |    1025729
    miss rate                        |      1.48%
    mpki                             |       3.65
  Cache L2                           |           
    num cache accesses               |    1110574
    num cache misses                 |     605663
    miss rate                        |     54.54%
    mpki                             |       2.16
  Cache L3                           |           
    num cache accesses               |     619585
    num cache misses                 |      30347
    miss rate                        |      4.90%
    mpki                             |       0.11
DRAM summary                         |           
  num dram accesses                  |      30347
  average dram access latency (ns)   |      55.57
  average dram queueing delay        |       2.14
  average dram bandwidth utilization |      0.00%
Coherency Traffic                    |           
  num loads from dram                |      21946
  num loads from dram cache          |          0
  num loads from remote cache        |          0
