Total Instructions: 4128219492
Total Cycles: 5595202747
IPC: 0.737814

Two level cache hierarchy:
  L1-Data Cache:
    Size(KB):         128
    Block Size(B):     64
    Associativity:      8

  L2-Data Cache:
    Size(KB):        1024
    Block Size(B):    128
    Associativity:      8

Latencies:    1   10  150
L1-Sets: LRU assoc:   8
L2-Sets: LRU assoc:   8
Store_allocation: Yes
L2_inclusive: Yes

L1 Cache Stats:
L1-Load-Hits:         875474310   99.58%
L1-Load-Misses:         3693534    0.42%
L1-Load-Accesses:     879167844  100.00%

L1-Store-Hits:         328985993   99.81%
L1-Store-Misses:          619948    0.19%
L1-Store-Accesses:     329605941  100.00%

L1-Total-Hits:        1204460303   99.64%
L1-Total-Misses:         4313482    0.36%
L1-Total-Accesses:    1208773785  100.00%

L2 Cache Stats:
L2-Load-Hits:           2464608   66.73%
L2-Load-Misses:         1228926   33.27%
L2-Load-Accesses:       3693534  100.00%

L2-Store-Hits:            415043   66.95%
L2-Store-Misses:          204905   33.05%
L2-Store-Accesses:        619948  100.00%

L2-Total-Hits:           2879651   66.76%
L2-Total-Misses:         1433831   33.24%
L2-Total-Accesses:       4313482  100.00%

