Total Instructions: 11984332574
Total Cycles: 16137489630
IPC: 0.742639

Two level cache hierarchy:
  L1-Data Cache:
    Size(KB):          64
    Block Size(B):     64
    Associativity:      4

  L2-Data Cache:
    Size(KB):        1024
    Block Size(B):    128
    Associativity:      8

Latencies:    1   10  150
L1-Sets: LRU assoc:   4
L2-Sets: LRU assoc:   8
Store_allocation: Yes
L2_inclusive: Yes

L1 Cache Stats:
L1-Load-Hits:        2200341861   95.80%
L1-Load-Misses:        96434027    4.20%
L1-Load-Accesses:    2296775888  100.00%

L1-Store-Hits:         667825189   99.16%
L1-Store-Misses:         5646019    0.84%
L1-Store-Accesses:     673471208  100.00%

L1-Total-Hits:        2868167050   96.56%
L1-Total-Misses:       102080046    3.44%
L1-Total-Accesses:    2970247096  100.00%

L2 Cache Stats:
L2-Load-Hits:          95822749   99.37%
L2-Load-Misses:          611278    0.63%
L2-Load-Accesses:      96434027  100.00%

L2-Store-Hits:           5176567   91.69%
L2-Store-Misses:          469452    8.31%
L2-Store-Accesses:       5646019  100.00%

L2-Total-Hits:         100999316   98.94%
L2-Total-Misses:         1080730    1.06%
L2-Total-Accesses:     102080046  100.00%

