Total Instructions: 11984332574
Total Cycles: 16296154110
IPC: 0.735409

Two level cache hierarchy:
  L1-Data Cache:
    Size(KB):          32
    Block Size(B):     64
    Associativity:      8

  L2-Data Cache:
    Size(KB):        1024
    Block Size(B):    128
    Associativity:      8

Latencies:    1   10  150
L1-Sets: LRU assoc:   8
L2-Sets: LRU assoc:   8
Store_allocation: Yes
L2_inclusive: Yes

L1 Cache Stats:
L1-Load-Hits:        2185153619   95.14%
L1-Load-Misses:       111622269    4.86%
L1-Load-Accesses:    2296775888  100.00%

L1-Store-Hits:         667163333   99.06%
L1-Store-Misses:         6307875    0.94%
L1-Store-Accesses:     673471208  100.00%

L1-Total-Hits:        2852316952   96.03%
L1-Total-Misses:       117930144    3.97%
L1-Total-Accesses:    2970247096  100.00%

L2 Cache Stats:
L2-Load-Hits:         111009819   99.45%
L2-Load-Misses:          612450    0.55%
L2-Load-Accesses:     111622269  100.00%

L2-Store-Hits:           5838505   92.56%
L2-Store-Misses:          469370    7.44%
L2-Store-Accesses:       6307875  100.00%

L2-Total-Hits:         116848324   99.08%
L2-Total-Misses:         1081820    0.92%
L2-Total-Accesses:     117930144  100.00%

