Total Instructions: 1493336745
Total Cycles: 7392624691
IPC: 0.202004

Two level cache hierarchy:
  L1-Data Cache:
    Size(KB):          32
    Block Size(B):     64
    Associativity:      8

  L2-Data Cache:
    Size(KB):        1024
    Block Size(B):    128
    Associativity:      8

Latencies:    1   10  150
L1-Sets: LRU assoc:   8
L2-Sets: LRU assoc:   8
Store_allocation: Yes
L2_inclusive: Yes

L1 Cache Stats:
L1-Load-Hits:         229924651   76.05%
L1-Load-Misses:        72405438   23.95%
L1-Load-Accesses:     302330089  100.00%

L1-Store-Hits:         102901991   99.99%
L1-Store-Misses:           13076    0.01%
L1-Store-Accesses:     102915067  100.00%

L1-Total-Hits:         332826642   82.13%
L1-Total-Misses:        72418514   17.87%
L1-Total-Accesses:     405245156  100.00%

L2 Cache Stats:
L2-Load-Hits:          40609233   56.09%
L2-Load-Misses:        31796205   43.91%
L2-Load-Accesses:      72405438  100.00%

L2-Store-Hits:             10230   78.23%
L2-Store-Misses:            2846   21.77%
L2-Store-Accesses:         13076  100.00%

L2-Total-Hits:          40619463   56.09%
L2-Total-Misses:        31799051   43.91%
L2-Total-Accesses:      72418514  100.00%

