Total Instructions: 1493336745
Total Cycles: 7369440171
IPC: 0.202639

Two level cache hierarchy:
  L1-Data Cache:
    Size(KB):          64
    Block Size(B):     64
    Associativity:      4

  L2-Data Cache:
    Size(KB):        1024
    Block Size(B):    128
    Associativity:      8

Latencies:    1   10  150
L1-Sets: LRU assoc:   4
L2-Sets: LRU assoc:   8
Store_allocation: Yes
L2_inclusive: Yes

L1 Cache Stats:
L1-Load-Hits:         232329835   76.85%
L1-Load-Misses:        70000254   23.15%
L1-Load-Accesses:     302330089  100.00%

L1-Store-Hits:         102896709   99.98%
L1-Store-Misses:           18358    0.02%
L1-Store-Accesses:     102915067  100.00%

L1-Total-Hits:         335226544   82.72%
L1-Total-Misses:        70018612   17.28%
L1-Total-Accesses:     405245156  100.00%

L2 Cache Stats:
L2-Load-Hits:          38198963   54.57%
L2-Load-Misses:        31801291   45.43%
L2-Load-Accesses:      70000254  100.00%

L2-Store-Hits:             15168   82.62%
L2-Store-Misses:            3190   17.38%
L2-Store-Accesses:         18358  100.00%

L2-Total-Hits:          38214131   54.58%
L2-Total-Misses:        31804481   45.42%
L2-Total-Accesses:      70018612  100.00%

