Total Instructions: 21500896122
Total Cycles: 43644588590
IPC: 0.492636

Two level cache hierarchy:
  L1-Data Cache:
    Size(KB):          32
    Block Size(B):     64
    Associativity:      8

  L2-Data Cache:
    Size(KB):        1024
    Block Size(B):    128
    Associativity:      8

Latencies:    1   10  150
L1-Sets: LRU assoc:   8
L2-Sets: LRU assoc:   8
Store_allocation: Yes
L2_inclusive: Yes

L1 Cache Stats:
L1-Load-Hits:        6216951294   96.55%
L1-Load-Misses:       221946365    3.45%
L1-Load-Accesses:    6438897659  100.00%

L1-Store-Hits:        2713479916   99.29%
L1-Store-Misses:        19410813    0.71%
L1-Store-Accesses:    2732890729  100.00%

L1-Total-Hits:        8930431210   97.37%
L1-Total-Misses:       241357178    2.63%
L1-Total-Accesses:    9171788388  100.00%

L2 Cache Stats:
L2-Load-Hits:         156983057   70.73%
L2-Load-Misses:        64963308   29.27%
L2-Load-Accesses:     221946365  100.00%

L2-Store-Hits:          13985239   72.05%
L2-Store-Misses:         5425574   27.95%
L2-Store-Accesses:      19410813  100.00%

L2-Total-Hits:         170968296   70.84%
L2-Total-Misses:        70388882   29.16%
L2-Total-Accesses:     241357178  100.00%

