Total Instructions: 23746595026
Total Cycles: 40335945515
IPC: 0.58872

Two level cache hierarchy:
  L1-Data Cache:
    Size(KB):          64
    Block Size(B):     64
    Associativity:      8

  L2-Data Cache:
    Size(KB):        1024
    Block Size(B):    128
    Associativity:      8

Latencies:    1   10  150
L1-Sets: LRU assoc:   8
L2-Sets: LRU assoc:   8
Store_allocation: Yes
L2_inclusive: Yes

L1 Cache Stats:
L1-Load-Hits:        6618669075   97.83%
L1-Load-Misses:       147138079    2.17%
L1-Load-Accesses:    6765807154  100.00%

L1-Store-Hits:         933998424   99.06%
L1-Store-Misses:         8887861    0.94%
L1-Store-Accesses:     942886285  100.00%

L1-Total-Hits:        7552667499   97.98%
L1-Total-Misses:       156025940    2.02%
L1-Total-Accesses:    7708693439  100.00%

L2 Cache Stats:
L2-Load-Hits:         100341918   68.20%
L2-Load-Misses:        46796161   31.80%
L2-Load-Accesses:     147138079  100.00%

L2-Store-Hits:           6881371   77.42%
L2-Store-Misses:         2006490   22.58%
L2-Store-Accesses:       8887861  100.00%

L2-Total-Hits:         107223289   68.72%
L2-Total-Misses:        48802651   31.28%
L2-Total-Accesses:     156025940  100.00%

