Total Instructions: 23746595026
Total Cycles: 40529353375
IPC: 0.585911

Two level cache hierarchy:
  L1-Data Cache:
    Size(KB):          32
    Block Size(B):     64
    Associativity:      4

  L2-Data Cache:
    Size(KB):        1024
    Block Size(B):    128
    Associativity:      8

Latencies:    1   10  150
L1-Sets: LRU assoc:   4
L2-Sets: LRU assoc:   8
Store_allocation: Yes
L2_inclusive: Yes

L1 Cache Stats:
L1-Load-Hits:        6601692346   97.57%
L1-Load-Misses:       164114808    2.43%
L1-Load-Accesses:    6765807154  100.00%

L1-Store-Hits:         931595727   98.80%
L1-Store-Misses:        11290558    1.20%
L1-Store-Accesses:     942886285  100.00%

L1-Total-Hits:        7533288073   97.72%
L1-Total-Misses:       175405366    2.28%
L1-Total-Accesses:    7708693439  100.00%

L2 Cache Stats:
L2-Load-Hits:         117320881   71.49%
L2-Load-Misses:        46793927   28.51%
L2-Load-Accesses:     164114808  100.00%

L2-Store-Hits:           9284410   82.23%
L2-Store-Misses:         2006148   17.77%
L2-Store-Accesses:      11290558  100.00%

L2-Total-Hits:         126605291   72.18%
L2-Total-Misses:        48800075   27.82%
L2-Total-Accesses:     175405366  100.00%

