Total Instructions: 7835730658
Total Cycles: 11401717193
IPC: 0.687241

Two level cache hierarchy:
  L1-Data Cache:
    Size(KB):          64
    Block Size(B):     64
    Associativity:      8

  L2-Data Cache:
    Size(KB):        1024
    Block Size(B):    128
    Associativity:      8

Latencies:    1   10  150
L1-Sets: LRU assoc:   8
L2-Sets: LRU assoc:   8
Store_allocation: Yes
L2_inclusive: Yes

L1 Cache Stats:
L1-Load-Hits:        1822235576   98.92%
L1-Load-Misses:        19816152    1.08%
L1-Load-Accesses:    1842051728  100.00%

L1-Store-Hits:         168965493   97.01%
L1-Store-Misses:         5205604    2.99%
L1-Store-Accesses:     174171097  100.00%

L1-Total-Hits:        1991201069   98.76%
L1-Total-Misses:        25021756    1.24%
L1-Total-Accesses:    2016222825  100.00%

L2 Cache Stats:
L2-Load-Hits:          13595494   68.61%
L2-Load-Misses:         6220658   31.39%
L2-Load-Accesses:      19816152  100.00%

L2-Store-Hits:           2762621   53.07%
L2-Store-Misses:         2442983   46.93%
L2-Store-Accesses:       5205604  100.00%

L2-Total-Hits:          16358115   65.38%
L2-Total-Misses:         8663641   34.62%
L2-Total-Accesses:      25021756  100.00%

