Total Instructions: 7835730658
Total Cycles: 11426211043
IPC: 0.685768

Two level cache hierarchy:
  L1-Data Cache:
    Size(KB):          32
    Block Size(B):     64
    Associativity:      4

  L2-Data Cache:
    Size(KB):        1024
    Block Size(B):    128
    Associativity:      8

Latencies:    1   10  150
L1-Sets: LRU assoc:   4
L2-Sets: LRU assoc:   8
Store_allocation: Yes
L2_inclusive: Yes

L1 Cache Stats:
L1-Load-Hits:        1819797388   98.79%
L1-Load-Misses:        22254340    1.21%
L1-Load-Accesses:    1842051728  100.00%

L1-Store-Hits:         168956906   97.01%
L1-Store-Misses:         5214191    2.99%
L1-Store-Accesses:     174171097  100.00%

L1-Total-Hits:        1988754294   98.64%
L1-Total-Misses:        27468531    1.36%
L1-Total-Accesses:    2016222825  100.00%

L2 Cache Stats:
L2-Load-Hits:          16033514   72.05%
L2-Load-Misses:         6220826   27.95%
L2-Load-Accesses:      22254340  100.00%

L2-Store-Hits:           2771202   53.15%
L2-Store-Misses:         2442989   46.85%
L2-Store-Accesses:       5214191  100.00%

L2-Total-Hits:          18804716   68.46%
L2-Total-Misses:         8663815   31.54%
L2-Total-Accesses:      27468531  100.00%

