Total Instructions: 29337086287
Total Cycles: 44799740832
IPC: 0.654849

Two level cache hierarchy:
  L1-Data Cache:
    Size(KB):         128
    Block Size(B):     64
    Associativity:      8

  L2-Data Cache:
    Size(KB):        1024
    Block Size(B):    128
    Associativity:      8

Latencies:    1   10  150
L1-Sets: LRU assoc:   8
L2-Sets: LRU assoc:   8
Store_allocation: Yes
L2_inclusive: Yes

L1 Cache Stats:
L1-Load-Hits:        9097130284   99.68%
L1-Load-Misses:        29023043    0.32%
L1-Load-Accesses:    9126153327  100.00%

L1-Store-Hits:        4690877903   99.82%
L1-Store-Misses:         8609435    0.18%
L1-Store-Accesses:    4699487338  100.00%

L1-Total-Hits:       13788008187   99.73%
L1-Total-Misses:        37632478    0.27%
L1-Total-Accesses:   13825640665  100.00%

L2 Cache Stats:
L2-Load-Hits:          22901312   78.91%
L2-Load-Misses:         6121731   21.09%
L2-Load-Accesses:      29023043  100.00%

L2-Store-Hits:           6326572   73.48%
L2-Store-Misses:         2282863   26.52%
L2-Store-Accesses:       8609435  100.00%

L2-Total-Hits:          29227884   77.67%
L2-Total-Misses:         8404594   22.33%
L2-Total-Accesses:      37632478  100.00%

