Total Instructions: 29337086287
Total Cycles: 45036636482
IPC: 0.651405

Two level cache hierarchy:
  L1-Data Cache:
    Size(KB):          32
    Block Size(B):     64
    Associativity:      4

  L2-Data Cache:
    Size(KB):        1024
    Block Size(B):    128
    Associativity:      8

Latencies:    1   10  150
L1-Sets: LRU assoc:   4
L2-Sets: LRU assoc:   8
Store_allocation: Yes
L2_inclusive: Yes

L1 Cache Stats:
L1-Load-Hits:        9075150645   99.44%
L1-Load-Misses:        51002682    0.56%
L1-Load-Accesses:    9126153327  100.00%

L1-Store-Hits:        4689024367   99.78%
L1-Store-Misses:        10462971    0.22%
L1-Store-Accesses:    4699487338  100.00%

L1-Total-Hits:       13764175012   99.56%
L1-Total-Misses:        61465653    0.44%
L1-Total-Accesses:   13825640665  100.00%

L2 Cache Stats:
L2-Load-Hits:          44887143   88.01%
L2-Load-Misses:         6115539   11.99%
L2-Load-Accesses:      51002682  100.00%

L2-Store-Hits:           8183490   78.21%
L2-Store-Misses:         2279481   21.79%
L2-Store-Accesses:      10462971  100.00%

L2-Total-Hits:          53070633   86.34%
L2-Total-Misses:         8395020   13.66%
L2-Total-Accesses:      61465653  100.00%

