Total Instructions: 29337086287
Total Cycles: 45289519042
IPC: 0.647768

Two level cache hierarchy:
  L1-Data Cache:
    Size(KB):          16
    Block Size(B):     64
    Associativity:      4

  L2-Data Cache:
    Size(KB):        1024
    Block Size(B):    128
    Associativity:      8

Latencies:    1   10  150
L1-Sets: LRU assoc:   4
L2-Sets: LRU assoc:   8
Store_allocation: Yes
L2_inclusive: Yes

L1 Cache Stats:
L1-Load-Hits:        9052234161   99.19%
L1-Load-Misses:        73919166    0.81%
L1-Load-Accesses:    9126153327  100.00%

L1-Store-Hits:        4686595955   99.73%
L1-Store-Misses:        12891383    0.27%
L1-Store-Accesses:    4699487338  100.00%

L1-Total-Hits:       13738830116   99.37%
L1-Total-Misses:        86810549    0.63%
L1-Total-Accesses:   13825640665  100.00%

L2 Cache Stats:
L2-Load-Hits:          67806020   91.73%
L2-Load-Misses:         6113146    8.27%
L2-Load-Accesses:      73919166  100.00%

L2-Store-Hits:          10613285   82.33%
L2-Store-Misses:         2278098   17.67%
L2-Store-Accesses:      12891383  100.00%

L2-Total-Hits:          78419305   90.33%
L2-Total-Misses:         8391244    9.67%
L2-Total-Accesses:      86810549  100.00%

