Total Instructions: 4128219523
Total Cycles: 9394721270
IPC: 0.439419

Two level cache hierarchy:
  L1-Data Cache:
    Size(KB):          64
    Block Size(B):     64
    Associativity:      8

  L2-Data Cache:
    Size(KB):        1024
    Block Size(B):    128
    Associativity:      8

Latencies:    1   10  150
L1-Sets: LRU assoc:   8
L2-Sets: LRU assoc:   8
Store_allocation: Yes
L2_inclusive: Yes

L1 Cache Stats:
L1-Load-Hits:         780494495   88.78%
L1-Load-Misses:        98673359   11.22%
L1-Load-Accesses:     879167854  100.00%

L1-Store-Hits:         323259552   98.07%
L1-Store-Misses:         6346391    1.93%
L1-Store-Accesses:     329605943  100.00%

L1-Total-Hits:        1103754047   91.31%
L1-Total-Misses:       105019750    8.69%
L1-Total-Accesses:    1208773797  100.00%

L2 Cache Stats:
L2-Load-Hits:          81891788   82.99%
L2-Load-Misses:        16781571   17.01%
L2-Load-Accesses:      98673359  100.00%

L2-Store-Hits:           3077759   48.50%
L2-Store-Misses:         3268632   51.50%
L2-Store-Accesses:       6346391  100.00%

L2-Total-Hits:          84969547   80.91%
L2-Total-Misses:        20050203   19.09%
L2-Total-Accesses:     105019750  100.00%

