Total Instructions: 11984332605
Total Cycles: 316329203263
IPC: 0.0378856

Two level cache hierarchy:
  L1-Data Cache:
    Size(KB):          32
    Block Size(B):     64
    Associativity:      8

  L2-Data Cache:
    Size(KB):        1024
    Block Size(B):    128
    Associativity:      8

Latencies:    1   10  150
L1-Sets: LRU assoc:   8
L2-Sets: LRU assoc:   8
Store_allocation: Yes
L2_inclusive: Yes

L1 Cache Stats:
L1-Load-Hits:         403913467   17.59%
L1-Load-Misses:      1892862431   82.41%
L1-Load-Accesses:    2296775898  100.00%

L1-Store-Hits:         253052526   37.57%
L1-Store-Misses:       420418684   62.43%
L1-Store-Accesses:     673471210  100.00%

L1-Total-Hits:         656965993   22.12%
L1-Total-Misses:      2313281115   77.88%
L1-Total-Accesses:    2970247108  100.00%

L2 Cache Stats:
L2-Load-Hits:         445003820   23.51%
L2-Load-Misses:      1447858611   76.49%
L2-Load-Accesses:    1892862431  100.00%

L2-Store-Hits:          13331879    3.17%
L2-Store-Misses:       407086805   96.83%
L2-Store-Accesses:     420418684  100.00%

L2-Total-Hits:         458335699   19.81%
L2-Total-Misses:      1854945416   80.19%
L2-Total-Accesses:    2313281115  100.00%

