Total Instructions: 11984332574
Total Cycles: 328944414100
IPC: 0.0364327

Two level cache hierarchy:
  L1-Data Cache:
    Size(KB):         128
    Block Size(B):     64
    Associativity:      8

  L2-Data Cache:
    Size(KB):        1024
    Block Size(B):    128
    Associativity:      8

Latencies:    1   10  150
L1-Sets: LRU assoc:   8
L2-Sets: LRU assoc:   8
Store_allocation: Yes
L2_inclusive: Yes

L1 Cache Stats:
L1-Load-Hits:         331742481   14.44%
L1-Load-Misses:      1965033407   85.56%
L1-Load-Accesses:    2296775888  100.00%

L1-Store-Hits:         232386837   34.51%
L1-Store-Misses:       441084371   65.49%
L1-Store-Accesses:     673471208  100.00%

L1-Total-Hits:         564129318   18.99%
L1-Total-Misses:      2406117778   81.01%
L1-Total-Accesses:    2970247096  100.00%

L2 Cache Stats:
L2-Load-Hits:         460934220   23.46%
L2-Load-Misses:      1504099187   76.54%
L2-Load-Accesses:    1965033407  100.00%

L2-Store-Hits:          12325847    2.79%
L2-Store-Misses:       428758524   97.21%
L2-Store-Accesses:     441084371  100.00%

L2-Total-Hits:         473260067   19.67%
L2-Total-Misses:      1932857711   80.33%
L2-Total-Accesses:    2406117778  100.00%

