Total Instructions: 11984332574
Total Cycles: 298106327820
IPC: 0.0402015

Two level cache hierarchy:
  L1-Data Cache:
    Size(KB):          64
    Block Size(B):     64
    Associativity:      4

  L2-Data Cache:
    Size(KB):        1024
    Block Size(B):    128
    Associativity:      8

Latencies:    1   10  150
L1-Sets: LRU assoc:   4
L2-Sets: LRU assoc:   8
Store_allocation: Yes
L2_inclusive: Yes

L1 Cache Stats:
L1-Load-Hits:         412896599   17.98%
L1-Load-Misses:      1883879289   82.02%
L1-Load-Accesses:    2296775888  100.00%

L1-Store-Hits:         358552292   53.24%
L1-Store-Misses:       314918916   46.76%
L1-Store-Accesses:     673471208  100.00%

L1-Total-Hits:         771448891   25.97%
L1-Total-Misses:      2198798205   74.03%
L1-Total-Accesses:    2970247096  100.00%

L2 Cache Stats:
L2-Load-Hits:         444754486   23.61%
L2-Load-Misses:      1439124803   76.39%
L2-Load-Accesses:    1883879289  100.00%

L2-Store-Hits:          12951945    4.11%
L2-Store-Misses:       301966971   95.89%
L2-Store-Accesses:     314918916  100.00%

L2-Total-Hits:         457706431   20.82%
L2-Total-Misses:      1741091774   79.18%
L2-Total-Accesses:    2198798205  100.00%

