Total Instructions: 1493336745
Total Cycles: 26221196831
IPC: 0.0569515

Two level cache hierarchy:
  L1-Data Cache:
    Size(KB):          64
    Block Size(B):     64
    Associativity:      4

  L2-Data Cache:
    Size(KB):        1024
    Block Size(B):    128
    Associativity:      8

Latencies:    1   10  150
L1-Sets: LRU assoc:   4
L2-Sets: LRU assoc:   8
Store_allocation: Yes
L2_inclusive: Yes

L1 Cache Stats:
L1-Load-Hits:         142991907   47.30%
L1-Load-Misses:       159338182   52.70%
L1-Load-Accesses:     302330089  100.00%

L1-Store-Hits:         100469261   97.62%
L1-Store-Misses:         2445806    2.38%
L1-Store-Accesses:     102915067  100.00%

L1-Total-Hits:         243461168   60.08%
L1-Total-Misses:       161783988   39.92%
L1-Total-Accesses:     405245156  100.00%

L2 Cache Stats:
L2-Load-Hits:          10406612    6.53%
L2-Load-Misses:       148931570   93.47%
L2-Load-Accesses:     159338182  100.00%

L2-Store-Hits:             12209    0.50%
L2-Store-Misses:         2433597   99.50%
L2-Store-Accesses:       2445806  100.00%

L2-Total-Hits:          10418821    6.44%
L2-Total-Misses:       151365167   93.56%
L2-Total-Accesses:     161783988  100.00%

