Total Instructions: 1493336776
Total Cycles: 26353646634
IPC: 0.0566653

Two level cache hierarchy:
  L1-Data Cache:
    Size(KB):          16
    Block Size(B):     64
    Associativity:      4

  L2-Data Cache:
    Size(KB):        1024
    Block Size(B):    128
    Associativity:      8

Latencies:    1   10  150
L1-Sets: LRU assoc:   4
L2-Sets: LRU assoc:   8
Store_allocation: Yes
L2_inclusive: Yes

L1 Cache Stats:
L1-Load-Hits:         133801950   44.26%
L1-Load-Misses:       168528149   55.74%
L1-Load-Accesses:     302330099  100.00%

L1-Store-Hits:         100468679   97.62%
L1-Store-Misses:         2446390    2.38%
L1-Store-Accesses:     102915069  100.00%

L1-Total-Hits:         234270629   57.81%
L1-Total-Misses:       170974539   42.19%
L1-Total-Accesses:     405245168  100.00%

L2 Cache Stats:
L2-Load-Hits:          19326969   11.47%
L2-Load-Misses:       149201180   88.53%
L2-Load-Accesses:     168528149  100.00%

L2-Store-Hits:             12108    0.49%
L2-Store-Misses:         2434282   99.51%
L2-Store-Accesses:       2446390  100.00%

L2-Total-Hits:          19339077   11.31%
L2-Total-Misses:       151635462   88.69%
L2-Total-Accesses:     170974539  100.00%

