Total Instructions: 1493336745
Total Cycles: 26171699631
IPC: 0.0570592

Two level cache hierarchy:
  L1-Data Cache:
    Size(KB):         128
    Block Size(B):     64
    Associativity:      8

  L2-Data Cache:
    Size(KB):        1024
    Block Size(B):    128
    Associativity:      8

Latencies:    1   10  150
L1-Sets: LRU assoc:   8
L2-Sets: LRU assoc:   8
Store_allocation: Yes
L2_inclusive: Yes

L1 Cache Stats:
L1-Load-Hits:         139815896   46.25%
L1-Load-Misses:       162514193   53.75%
L1-Load-Accesses:     302330089  100.00%

L1-Store-Hits:         100418777   97.57%
L1-Store-Misses:         2496290    2.43%
L1-Store-Accesses:     102915067  100.00%

L1-Total-Hits:         240234673   59.28%
L1-Total-Misses:       165010483   40.72%
L1-Total-Accesses:     405245156  100.00%

L2 Cache Stats:
L2-Load-Hits:          14127231    8.69%
L2-Load-Misses:       148386962   91.31%
L2-Load-Accesses:     162514193  100.00%

L2-Store-Hits:             63166    2.53%
L2-Store-Misses:         2433124   97.47%
L2-Store-Accesses:       2496290  100.00%

L2-Total-Hits:          14190397    8.60%
L2-Total-Misses:       150820086   91.40%
L2-Total-Accesses:     165010483  100.00%

