Total Instructions: 7835730658
Total Cycles: 310754076023
IPC: 0.0252152

Two level cache hierarchy:
  L1-Data Cache:
    Size(KB):          32
    Block Size(B):     64
    Associativity:      8

  L2-Data Cache:
    Size(KB):        1024
    Block Size(B):    128
    Associativity:      8

Latencies:    1   10  150
L1-Sets: LRU assoc:   8
L2-Sets: LRU assoc:   8
Store_allocation: Yes
L2_inclusive: Yes

L1 Cache Stats:
L1-Load-Hits:         105834597    5.75%
L1-Load-Misses:      1736217131   94.25%
L1-Load-Accesses:    1842051728  100.00%

L1-Store-Hits:           1374359    0.79%
L1-Store-Misses:       172796738   99.21%
L1-Store-Accesses:     174171097  100.00%

L1-Total-Hits:         107208956    5.32%
L1-Total-Misses:      1909013869   94.68%
L1-Total-Accesses:    2016222825  100.00%

L2 Cache Stats:
L2-Load-Hits:          29640092    1.71%
L2-Load-Misses:      1706577039   98.29%
L2-Load-Accesses:    1736217131  100.00%

L2-Store-Hits:            627218    0.36%
L2-Store-Misses:       172169520   99.64%
L2-Store-Accesses:     172796738  100.00%

L2-Total-Hits:          30267310    1.59%
L2-Total-Misses:      1878746559   98.41%
L2-Total-Accesses:    1909013869  100.00%

