Total Instructions: 7835730658
Total Cycles: 309751937433
IPC: 0.0252968

Two level cache hierarchy:
  L1-Data Cache:
    Size(KB):          32
    Block Size(B):     64
    Associativity:      4

  L2-Data Cache:
    Size(KB):        1024
    Block Size(B):    128
    Associativity:      8

Latencies:    1   10  150
L1-Sets: LRU assoc:   4
L2-Sets: LRU assoc:   8
Store_allocation: Yes
L2_inclusive: Yes

L1 Cache Stats:
L1-Load-Hits:         111059321    6.03%
L1-Load-Misses:      1730992407   93.97%
L1-Load-Accesses:    1842051728  100.00%

L1-Store-Hits:           2412704    1.39%
L1-Store-Misses:       171758393   98.61%
L1-Store-Accesses:     174171097  100.00%

L1-Total-Hits:         113472025    5.63%
L1-Total-Misses:      1902750800   94.37%
L1-Total-Accesses:    2016222825  100.00%

L2 Cache Stats:
L2-Load-Hits:          29640345    1.71%
L2-Load-Misses:      1701352062   98.29%
L2-Load-Accesses:    1730992407  100.00%

L2-Store-Hits:            627282    0.37%
L2-Store-Misses:       171131111   99.63%
L2-Store-Accesses:     171758393  100.00%

L2-Total-Hits:          30267627    1.59%
L2-Total-Misses:      1872483173   98.41%
L2-Total-Accesses:    1902750800  100.00%

