Total Instructions: 29337086287
Total Cycles: 1984997573112
IPC: 0.0147794

Two level cache hierarchy:
  L1-Data Cache:
    Size(KB):         128
    Block Size(B):     64
    Associativity:      8

  L2-Data Cache:
    Size(KB):        1024
    Block Size(B):    128
    Associativity:      8

Latencies:    1   10  150
L1-Sets: LRU assoc:   8
L2-Sets: LRU assoc:   8
Store_allocation: Yes
L2_inclusive: Yes

L1 Cache Stats:
L1-Load-Hits:         911542274    9.99%
L1-Load-Misses:      8214611053   90.01%
L1-Load-Accesses:    9126153327  100.00%

L1-Store-Hits:         274485505    5.84%
L1-Store-Misses:      4425001833   94.16%
L1-Store-Accesses:    4699487338  100.00%

L1-Total-Hits:        1186027779    8.58%
L1-Total-Misses:     12639612886   91.42%
L1-Total-Accesses:   13825640665  100.00%

L2 Cache Stats:
L2-Load-Hits:         270461998    3.29%
L2-Load-Misses:      7944149055   96.71%
L2-Load-Accesses:    8214611053  100.00%

L2-Store-Hits:         266226106    6.02%
L2-Store-Misses:      4158775727   93.98%
L2-Store-Accesses:    4425001833  100.00%

L2-Total-Hits:         536688104    4.25%
L2-Total-Misses:     12102924782   95.75%
L2-Total-Accesses:   12639612886  100.00%

