Total Instructions: 23746595024
Total Cycles: 704184638664
IPC: 0.0337221

Two level cache hierarchy:
  L1-Data Cache:
    Size(KB):          64
    Block Size(B):     64
    Associativity:      8

  L2-Data Cache:
    Size(KB):        1024
    Block Size(B):    128
    Associativity:      8

Latencies:    1   10  150
L1-Sets: LRU assoc:   8
L2-Sets: LRU assoc:   8
Store_allocation: Yes
L2_inclusive: Yes

L1 Cache Stats:
L1-Load-Hits:        1497310934   22.13%
L1-Load-Misses:      5268496221   77.87%
L1-Load-Accesses:    6765807155  100.00%

L1-Store-Hits:         353664066   37.51%
L1-Store-Misses:       589222219   62.49%
L1-Store-Accesses:     942886285  100.00%

L1-Total-Hits:        1850975000   24.01%
L1-Total-Misses:      5857718440   75.99%
L1-Total-Accesses:    7708693440  100.00%

L2 Cache Stats:
L2-Load-Hits:        1538378617   29.20%
L2-Load-Misses:      3730117604   70.80%
L2-Load-Accesses:    5268496221  100.00%

L2-Store-Hits:         224992051   38.18%
L2-Store-Misses:       364230168   61.82%
L2-Store-Accesses:     589222219  100.00%

L2-Total-Hits:        1763370668   30.10%
L2-Total-Misses:      4094347772   69.90%
L2-Total-Accesses:    5857718440  100.00%

