Total Instructions: 29337086287
Total Cycles: 1959151756082
IPC: 0.0149744

Two level cache hierarchy:
  L1-Data Cache:
    Size(KB):          64
    Block Size(B):     64
    Associativity:      4

  L2-Data Cache:
    Size(KB):        1024
    Block Size(B):    128
    Associativity:      8

Latencies:    1   10  150
L1-Sets: LRU assoc:   4
L2-Sets: LRU assoc:   8
Store_allocation: Yes
L2_inclusive: Yes

L1 Cache Stats:
L1-Load-Hits:         892147785    9.78%
L1-Load-Misses:      8234005542   90.22%
L1-Load-Accesses:    9126153327  100.00%

L1-Store-Hits:         268785637    5.72%
L1-Store-Misses:      4430701701   94.28%
L1-Store-Accesses:    4699487338  100.00%

L1-Total-Hits:        1160933422    8.40%
L1-Total-Misses:     12664707243   91.60%
L1-Total-Accesses:   13825640665  100.00%

L2 Cache Stats:
L2-Load-Hits:         457371923    5.55%
L2-Load-Misses:      7776633619   94.45%
L2-Load-Accesses:    8234005542  100.00%

L2-Store-Hits:         278388942    6.28%
L2-Store-Misses:      4152312759   93.72%
L2-Store-Accesses:    4430701701  100.00%

L2-Total-Hits:         735760865    5.81%
L2-Total-Misses:     11928946378   94.19%
L2-Total-Accesses:   12664707243  100.00%

