Total Instructions: 21500901557
Total Cycles: 1434749355932
IPC: 0.0149858

Two level cache hierarchy:
  L1-Data Cache:
    Size(KB):          64
    Block Size(B):     64
    Associativity:      4

  L2-Data Cache:
    Size(KB):        1024
    Block Size(B):    128
    Associativity:      8

Latencies:    1   10  150
L1-Sets: LRU assoc:   4
L2-Sets: LRU assoc:   8
Store_allocation: Yes
L2_inclusive: Yes

L1 Cache Stats:
L1-Load-Hits:         188344659    2.93%
L1-Load-Misses:      6250554417   97.07%
L1-Load-Accesses:    6438899076  100.00%

L1-Store-Hits:         170854479    6.25%
L1-Store-Misses:      2562037200   93.75%
L1-Store-Accesses:    2732891679  100.00%

L1-Total-Hits:         359199138    3.92%
L1-Total-Misses:      8812591617   96.08%
L1-Total-Accesses:    9171790755  100.00%

L2 Cache Stats:
L2-Load-Hits:          39025699    0.62%
L2-Load-Misses:      6211528718   99.38%
L2-Load-Accesses:    6250554417  100.00%

L2-Store-Hits:            560935    0.02%
L2-Store-Misses:      2561476265   99.98%
L2-Store-Accesses:    2562037200  100.00%

L2-Total-Hits:          39586634    0.45%
L2-Total-Misses:      8773004983   99.55%
L2-Total-Accesses:    8812591617  100.00%

