Total Instructions: 7659818232
Total Cycles: 20732155307
IPC: 0.369466

Two level cache hierarchy:
  L1-Data Cache:
    Size(KB):         128
    Block Size(B):     64
    Associativity:      8

  L2-Data Cache:
    Size(KB):        1024
    Block Size(B):    128
    Associativity:      8

Latencies:    1   10  150
L1-Sets: LRU assoc:   8
L2-Sets: LRU assoc:   8
Store_allocation: Yes
L2_inclusive: Yes

L1 Cache Stats:
L1-Load-Hits:        2014798064   90.84%
L1-Load-Misses:       203260956    9.16%
L1-Load-Accesses:    2218059020  100.00%

L1-Store-Hits:        1088566573   98.96%
L1-Store-Misses:        11464852    1.04%
L1-Store-Accesses:    1100031425  100.00%

L1-Total-Hits:        3103364637   93.53%
L1-Total-Misses:       214725808    6.47%
L1-Total-Accesses:    3318090445  100.00%

L2 Cache Stats:
L2-Load-Hits:         155747780   76.62%
L2-Load-Misses:        47513176   23.38%
L2-Load-Accesses:     203260956  100.00%

L2-Store-Hits:           8264771   72.09%
L2-Store-Misses:         3200081   27.91%
L2-Store-Accesses:      11464852  100.00%

L2-Total-Hits:         164012551   76.38%
L2-Total-Misses:        50713257   23.62%
L2-Total-Accesses:     214725808  100.00%

