Total Instructions: 19193957763
Total Cycles: 1282716949353
IPC: 0.0149635

Two level cache hierarchy:
  L1-Data Cache:
    Size(KB):         128
    Block Size(B):     64
    Associativity:      8

  L2-Data Cache:
    Size(KB):        1024
    Block Size(B):    128
    Associativity:      8

Latencies:    1   10  150
L1-Sets: LRU assoc:   8
L2-Sets: LRU assoc:   8
Store_allocation: Yes
L2_inclusive: Yes

L1 Cache Stats:
L1-Load-Hits:          47041444    0.56%
L1-Load-Misses:      8347993943   99.44%
L1-Load-Accesses:    8395035387  100.00%

L1-Store-Hits:           2697542    4.72%
L1-Store-Misses:        54455371   95.28%
L1-Store-Accesses:      57152913  100.00%

L1-Total-Hits:          49738986    0.59%
L1-Total-Misses:      8402449314   99.41%
L1-Total-Accesses:    8452188300  100.00%

L2 Cache Stats:
L2-Load-Hits:         577177392    6.91%
L2-Load-Misses:      7770816551   93.09%
L2-Load-Accesses:    8347993943  100.00%

L2-Store-Hits:          18296521   33.60%
L2-Store-Misses:        36158850   66.40%
L2-Store-Accesses:      54455371  100.00%

L2-Total-Hits:         595473913    7.09%
L2-Total-Misses:      7806975401   92.91%
L2-Total-Accesses:    8402449314  100.00%

