Total Instructions: 19193957794
Total Cycles: 1283015515836
IPC: 0.01496

Two level cache hierarchy:
  L1-Data Cache:
    Size(KB):          32
    Block Size(B):     64
    Associativity:      8

  L2-Data Cache:
    Size(KB):        1024
    Block Size(B):    128
    Associativity:      8

Latencies:    1   10  150
L1-Sets: LRU assoc:   8
L2-Sets: LRU assoc:   8
Store_allocation: Yes
L2_inclusive: Yes

L1 Cache Stats:
L1-Load-Hits:          12389735    0.15%
L1-Load-Misses:      8382645662   99.85%
L1-Load-Accesses:    8395035397  100.00%

L1-Store-Hits:            965429    1.69%
L1-Store-Misses:        56187486   98.31%
L1-Store-Accesses:      57152915  100.00%

L1-Total-Hits:          13355164    0.16%
L1-Total-Misses:      8438833148   99.84%
L1-Total-Accesses:    8452188312  100.00%

L2 Cache Stats:
L2-Load-Hits:         612116662    7.30%
L2-Load-Misses:      7770529000   92.70%
L2-Load-Accesses:    8382645662  100.00%

L2-Store-Hits:          20176231   35.91%
L2-Store-Misses:        36011255   64.09%
L2-Store-Accesses:      56187486  100.00%

L2-Total-Hits:         632292893    7.49%
L2-Total-Misses:      7806540255   92.51%
L2-Total-Accesses:    8438833148  100.00%

