Total Instructions: 27435962371
Total Cycles: 277336289111
IPC: 0.0989267

Two level cache hierarchy:
  L1-Data Cache:
    Size(KB):          32
    Block Size(B):     64
    Associativity:      8

  L2-Data Cache:
    Size(KB):        1024
    Block Size(B):    128
    Associativity:      8

Latencies:    1   10  150
L1-Sets: LRU assoc:   8
L2-Sets: LRU assoc:   8
Store_allocation: Yes
L2_inclusive: Yes

L1 Cache Stats:
L1-Load-Hits:        4272846484   54.48%
L1-Load-Misses:      3569501099   45.52%
L1-Load-Accesses:    7842347583  100.00%

L1-Store-Hits:        1270294308   54.32%
L1-Store-Misses:      1068157669   45.68%
L1-Store-Accesses:    2338451977  100.00%

L1-Total-Hits:        5543140792   54.45%
L1-Total-Misses:      4637658768   45.55%
L1-Total-Accesses:   10180799560  100.00%

L2 Cache Stats:
L2-Load-Hits:        2619643310   73.39%
L2-Load-Misses:       949857789   26.61%
L2-Load-Accesses:    3569501099  100.00%

L2-Store-Hits:         729062528   68.25%
L2-Store-Misses:       339095141   31.75%
L2-Store-Accesses:    1068157669  100.00%

L2-Total-Hits:        3348705838   72.21%
L2-Total-Misses:      1288952930   27.79%
L2-Total-Accesses:    4637658768  100.00%

