Total Instructions: 27435962371
Total Cycles: 270121199481
IPC: 0.101569

Two level cache hierarchy:
  L1-Data Cache:
    Size(KB):          64
    Block Size(B):     64
    Associativity:      8

  L2-Data Cache:
    Size(KB):        1024
    Block Size(B):    128
    Associativity:      8

Latencies:    1   10  150
L1-Sets: LRU assoc:   8
L2-Sets: LRU assoc:   8
Store_allocation: Yes
L2_inclusive: Yes

L1 Cache Stats:
L1-Load-Hits:        4611607264   58.80%
L1-Load-Misses:      3230740319   41.20%
L1-Load-Accesses:    7842347583  100.00%

L1-Store-Hits:        1292965181   55.29%
L1-Store-Misses:      1045486796   44.71%
L1-Store-Accesses:    2338451977  100.00%

L1-Total-Hits:        5904572445   58.00%
L1-Total-Misses:      4276227115   42.00%
L1-Total-Accesses:   10180799560  100.00%

L2 Cache Stats:
L2-Load-Hits:        2297862385   71.12%
L2-Load-Misses:       932877934   28.88%
L2-Load-Accesses:    3230740319  100.00%

L2-Store-Hits:         713416954   68.24%
L2-Store-Misses:       332069842   31.76%
L2-Store-Accesses:    1045486796  100.00%

L2-Total-Hits:        3011279339   70.42%
L2-Total-Misses:      1264947776   29.58%
L2-Total-Accesses:    4276227115  100.00%

