Total Instructions: 4128219492
Total Cycles: 5628822487
IPC: 0.733407

Two level cache hierarchy:
  L1-Data Cache:
    Size(KB):         128
    Block Size(B):     64
    Associativity:      8

  L2-Data Cache:
    Size(KB):        1024
    Block Size(B):    128
    Associativity:      8

Latencies:    1   10  150
L1-Sets: LRU assoc:   8
L2-Sets: LRU assoc:   8
Store_allocation: Yes
L2_inclusive: Yes

L1 Cache Stats:
L1-Load-Hits:         873484849   99.35%
L1-Load-Misses:         5682995    0.65%
L1-Load-Accesses:     879167844  100.00%

L1-Store-Hits:         329011930   99.82%
L1-Store-Misses:          594011    0.18%
L1-Store-Accesses:     329605941  100.00%

L1-Total-Hits:        1202496779   99.48%
L1-Total-Misses:         6277006    0.52%
L1-Total-Accesses:    1208773785  100.00%

L2 Cache Stats:
L2-Load-Hits:           4333595   76.26%
L2-Load-Misses:         1349400   23.74%
L2-Load-Accesses:       5682995  100.00%

L2-Store-Hits:            416350   70.09%
L2-Store-Misses:          177661   29.91%
L2-Store-Accesses:        594011  100.00%

L2-Total-Hits:           4749945   75.67%
L2-Total-Misses:         1527061   24.33%
L2-Total-Accesses:       6277006  100.00%

