Total Instructions: 4128219492
Total Cycles: 5755579757
IPC: 0.717255

Two level cache hierarchy:
  L1-Data Cache:
    Size(KB):          64
    Block Size(B):     64
    Associativity:      4

  L2-Data Cache:
    Size(KB):        1024
    Block Size(B):    128
    Associativity:      8

Latencies:    1   10  150
L1-Sets: LRU assoc:   4
L2-Sets: LRU assoc:   8
Store_allocation: Yes
L2_inclusive: Yes

L1 Cache Stats:
L1-Load-Hits:         861004756   97.93%
L1-Load-Misses:        18163088    2.07%
L1-Load-Accesses:     879167844  100.00%

L1-Store-Hits:         328958391   99.80%
L1-Store-Misses:          647550    0.20%
L1-Store-Accesses:     329605941  100.00%

L1-Total-Hits:        1189963147   98.44%
L1-Total-Misses:        18810638    1.56%
L1-Total-Accesses:    1208773785  100.00%

L2 Cache Stats:
L2-Load-Hits:          16804442   92.52%
L2-Load-Misses:         1358646    7.48%
L2-Load-Accesses:      18163088  100.00%

L2-Store-Hits:            469662   72.53%
L2-Store-Misses:          177888   27.47%
L2-Store-Accesses:        647550  100.00%

L2-Total-Hits:          17274104   91.83%
L2-Total-Misses:         1536534    8.17%
L2-Total-Accesses:      18810638  100.00%

