Total Instructions: 11984332574
Total Cycles: 16440623640
IPC: 0.728946

Two level cache hierarchy:
  L1-Data Cache:
    Size(KB):          16
    Block Size(B):     64
    Associativity:      4

  L2-Data Cache:
    Size(KB):        1024
    Block Size(B):    128
    Associativity:      8

Latencies:    1   10  150
L1-Sets: LRU assoc:   4
L2-Sets: LRU assoc:   8
Store_allocation: Yes
L2_inclusive: Yes

L1 Cache Stats:
L1-Load-Hits:        2172097877   94.57%
L1-Load-Misses:       124678011    5.43%
L1-Load-Accesses:    2296775888  100.00%

L1-Store-Hits:         666076967   98.90%
L1-Store-Misses:         7394241    1.10%
L1-Store-Accesses:     673471208  100.00%

L1-Total-Hits:        2838174844   95.55%
L1-Total-Misses:       132072252    4.45%
L1-Total-Accesses:    2970247096  100.00%

L2 Cache Stats:
L2-Load-Hits:         124009540   99.46%
L2-Load-Misses:          668471    0.54%
L2-Load-Accesses:     124678011  100.00%

L2-Store-Hits:           6960569   94.14%
L2-Store-Misses:          433672    5.86%
L2-Store-Accesses:       7394241  100.00%

L2-Total-Hits:         130970109   99.17%
L2-Total-Misses:         1102143    0.83%
L2-Total-Accesses:     132072252  100.00%

