Total Instructions: 11984332574
Total Cycles: 16312187030
IPC: 0.734686

Two level cache hierarchy:
  L1-Data Cache:
    Size(KB):          32
    Block Size(B):     64
    Associativity:      8

  L2-Data Cache:
    Size(KB):        1024
    Block Size(B):    128
    Associativity:      8

Latencies:    1   10  150
L1-Sets: LRU assoc:   8
L2-Sets: LRU assoc:   8
Store_allocation: Yes
L2_inclusive: Yes

L1 Cache Stats:
L1-Load-Hits:        2184056250   95.09%
L1-Load-Misses:       112719638    4.91%
L1-Load-Accesses:    2296775888  100.00%

L1-Store-Hits:         666966875   99.03%
L1-Store-Misses:         6504333    0.97%
L1-Store-Accesses:     673471208  100.00%

L1-Total-Hits:        2851023125   95.99%
L1-Total-Misses:       119223971    4.01%
L1-Total-Accesses:    2970247096  100.00%

L2 Cache Stats:
L2-Load-Hits:         112051060   99.41%
L2-Load-Misses:          668578    0.59%
L2-Load-Accesses:     112719638  100.00%

L2-Store-Hits:           6070460   93.33%
L2-Store-Misses:          433873    6.67%
L2-Store-Accesses:       6504333  100.00%

L2-Total-Hits:         118121520   99.08%
L2-Total-Misses:         1102451    0.92%
L2-Total-Accesses:     119223971  100.00%

