Total Instructions: 11984332574
Total Cycles: 16302789840
IPC: 0.735109

Two level cache hierarchy:
  L1-Data Cache:
    Size(KB):          32
    Block Size(B):     64
    Associativity:      4

  L2-Data Cache:
    Size(KB):        1024
    Block Size(B):    128
    Associativity:      8

Latencies:    1   10  150
L1-Sets: LRU assoc:   4
L2-Sets: LRU assoc:   8
Store_allocation: Yes
L2_inclusive: Yes

L1 Cache Stats:
L1-Load-Hits:        2184702313   95.12%
L1-Load-Misses:       112073575    4.88%
L1-Load-Accesses:    2296775888  100.00%

L1-Store-Hits:         667251996   99.08%
L1-Store-Misses:         6219212    0.92%
L1-Store-Accesses:     673471208  100.00%

L1-Total-Hits:        2851954309   96.02%
L1-Total-Misses:       118292787    3.98%
L1-Total-Accesses:    2970247096  100.00%

L2 Cache Stats:
L2-Load-Hits:         111405522   99.40%
L2-Load-Misses:          668053    0.60%
L2-Load-Accesses:     112073575  100.00%

L2-Store-Hits:           5785383   93.02%
L2-Store-Misses:          433829    6.98%
L2-Store-Accesses:       6219212  100.00%

L2-Total-Hits:         117190905   99.07%
L2-Total-Misses:         1101882    0.93%
L2-Total-Accesses:     118292787  100.00%

