Total Instructions: 1493336776
Total Cycles: 7509570174
IPC: 0.198858

Two level cache hierarchy:
  L1-Data Cache:
    Size(KB):          16
    Block Size(B):     64
    Associativity:      4

  L2-Data Cache:
    Size(KB):        1024
    Block Size(B):    128
    Associativity:      8

Latencies:    1   10  150
L1-Sets: LRU assoc:   4
L2-Sets: LRU assoc:   8
Store_allocation: Yes
L2_inclusive: Yes

L1 Cache Stats:
L1-Load-Hits:         223534133   73.94%
L1-Load-Misses:        78795966   26.06%
L1-Load-Accesses:     302330099  100.00%

L1-Store-Hits:         102305982   99.41%
L1-Store-Misses:          609087    0.59%
L1-Store-Accesses:     102915069  100.00%

L1-Total-Hits:         325840115   80.41%
L1-Total-Misses:        79405053   19.59%
L1-Total-Accesses:     405245168  100.00%

L2 Cache Stats:
L2-Load-Hits:          46691657   59.26%
L2-Load-Misses:        32104309   40.74%
L2-Load-Accesses:      78795966  100.00%

L2-Store-Hits:            600478   98.59%
L2-Store-Misses:            8609    1.41%
L2-Store-Accesses:        609087  100.00%

L2-Total-Hits:          47292135   59.56%
L2-Total-Misses:        32112918   40.44%
L2-Total-Accesses:      79405053  100.00%

