Total Instructions: 1493336745
Total Cycles: 7411085611
IPC: 0.2015

Two level cache hierarchy:
  L1-Data Cache:
    Size(KB):         128
    Block Size(B):     64
    Associativity:      8

  L2-Data Cache:
    Size(KB):        1024
    Block Size(B):    128
    Associativity:      8

Latencies:    1   10  150
L1-Sets: LRU assoc:   8
L2-Sets: LRU assoc:   8
Store_allocation: Yes
L2_inclusive: Yes

L1 Cache Stats:
L1-Load-Hits:         231927885   76.71%
L1-Load-Misses:        70402204   23.29%
L1-Load-Accesses:     302330089  100.00%

L1-Store-Hits:         102862110   99.95%
L1-Store-Misses:           52957    0.05%
L1-Store-Accesses:     102915067  100.00%

L1-Total-Hits:         334789995   82.61%
L1-Total-Misses:        70455161   17.39%
L1-Total-Accesses:     405245156  100.00%

L2 Cache Stats:
L2-Load-Hits:          38354482   54.48%
L2-Load-Misses:        32047722   45.52%
L2-Load-Accesses:      70402204  100.00%

L2-Store-Hits:             47665   90.01%
L2-Store-Misses:            5292    9.99%
L2-Store-Accesses:         52957  100.00%

L2-Total-Hits:          38402147   54.51%
L2-Total-Misses:        32053014   45.49%
L2-Total-Accesses:      70455161  100.00%

