Total Instructions: 1493336745
Total Cycles: 7431319601
IPC: 0.200952

Two level cache hierarchy:
  L1-Data Cache:
    Size(KB):          64
    Block Size(B):     64
    Associativity:      4

  L2-Data Cache:
    Size(KB):        1024
    Block Size(B):    128
    Associativity:      8

Latencies:    1   10  150
L1-Sets: LRU assoc:   4
L2-Sets: LRU assoc:   8
Store_allocation: Yes
L2_inclusive: Yes

L1 Cache Stats:
L1-Load-Hits:         230639722   76.29%
L1-Load-Misses:        71690367   23.71%
L1-Load-Accesses:     302330089  100.00%

L1-Store-Hits:         102791374   99.88%
L1-Store-Misses:          123693    0.12%
L1-Store-Accesses:     102915067  100.00%

L1-Total-Hits:         333431096   82.28%
L1-Total-Misses:        71814060   17.72%
L1-Total-Accesses:     405245156  100.00%

L2 Cache Stats:
L2-Load-Hits:          39599387   55.24%
L2-Load-Misses:        32090980   44.76%
L2-Load-Accesses:      71690367  100.00%

L2-Store-Hits:            117359   94.88%
L2-Store-Misses:            6334    5.12%
L2-Store-Accesses:        123693  100.00%

L2-Total-Hits:          39716746   55.30%
L2-Total-Misses:        32097314   44.70%
L2-Total-Accesses:      71814060  100.00%

