Total Instructions: 21500895784
Total Cycles: 43675755918
IPC: 0.492284

Two level cache hierarchy:
  L1-Data Cache:
    Size(KB):         128
    Block Size(B):     64
    Associativity:      8

  L2-Data Cache:
    Size(KB):        1024
    Block Size(B):    128
    Associativity:      8

Latencies:    1   10  150
L1-Sets: LRU assoc:   8
L2-Sets: LRU assoc:   8
Store_allocation: Yes
L2_inclusive: Yes

L1 Cache Stats:
L1-Load-Hits:        6228645210   96.73%
L1-Load-Misses:       210252371    3.27%
L1-Load-Accesses:    6438897581  100.00%

L1-Store-Hits:        2713719564   99.30%
L1-Store-Misses:        19171139    0.70%
L1-Store-Accesses:    2732890703  100.00%

L1-Total-Hits:        8942364774   97.50%
L1-Total-Misses:       229423510    2.50%
L1-Total-Accesses:    9171788284  100.00%

L2 Cache Stats:
L2-Load-Hits:         144270839   68.62%
L2-Load-Misses:        65981532   31.38%
L2-Load-Accesses:     210252371  100.00%

L2-Store-Hits:          13760426   71.78%
L2-Store-Misses:         5410713   28.22%
L2-Store-Accesses:      19171139  100.00%

L2-Total-Hits:         158031265   68.88%
L2-Total-Misses:        71392245   31.12%
L2-Total-Accesses:     229423510  100.00%

