Total Instructions: 21500895604
Total Cycles: 44000410636
IPC: 0.488652

Two level cache hierarchy:
  L1-Data Cache:
    Size(KB):          32
    Block Size(B):     64
    Associativity:      4

  L2-Data Cache:
    Size(KB):        1024
    Block Size(B):    128
    Associativity:      8

Latencies:    1   10  150
L1-Sets: LRU assoc:   4
L2-Sets: LRU assoc:   8
Store_allocation: Yes
L2_inclusive: Yes

L1 Cache Stats:
L1-Load-Hits:        6200891253   96.30%
L1-Load-Misses:       238006289    3.70%
L1-Load-Accesses:    6438897542  100.00%

L1-Store-Hits:        2711563371   99.22%
L1-Store-Misses:        21327289    0.78%
L1-Store-Accesses:    2732890660  100.00%

L1-Total-Hits:        8912454624   97.17%
L1-Total-Misses:       259333578    2.83%
L1-Total-Accesses:    9171788202  100.00%

L2 Cache Stats:
L2-Load-Hits:         171865814   72.21%
L2-Load-Misses:        66140475   27.79%
L2-Load-Accesses:     238006289  100.00%

L2-Store-Hits:          15905157   74.58%
L2-Store-Misses:         5422132   25.42%
L2-Store-Accesses:      21327289  100.00%

L2-Total-Hits:         187770971   72.41%
L2-Total-Misses:        71562607   27.59%
L2-Total-Accesses:     259333578  100.00%

