Total Instructions: 23746595024
Total Cycles: 40617327024
IPC: 0.584642

Two level cache hierarchy:
  L1-Data Cache:
    Size(KB):         128
    Block Size(B):     64
    Associativity:      8

  L2-Data Cache:
    Size(KB):        1024
    Block Size(B):    128
    Associativity:      8

Latencies:    1   10  150
L1-Sets: LRU assoc:   8
L2-Sets: LRU assoc:   8
Store_allocation: Yes
L2_inclusive: Yes

L1 Cache Stats:
L1-Load-Hits:        6620499958   97.85%
L1-Load-Misses:       145307197    2.15%
L1-Load-Accesses:    6765807155  100.00%

L1-Store-Hits:         933041821   98.96%
L1-Store-Misses:         9844464    1.04%
L1-Store-Accesses:     942886285  100.00%

L1-Total-Hits:        7553541779   97.99%
L1-Total-Misses:       155151661    2.01%
L1-Total-Accesses:    7708693440  100.00%

L2 Cache Stats:
L2-Load-Hits:          96828689   66.64%
L2-Load-Misses:        48478508   33.36%
L2-Load-Accesses:     145307197  100.00%

L2-Store-Hits:           7586159   77.06%
L2-Store-Misses:         2258305   22.94%
L2-Store-Accesses:       9844464  100.00%

L2-Total-Hits:         104414848   67.30%
L2-Total-Misses:        50736813   32.70%
L2-Total-Accesses:     155151661  100.00%

