Total Instructions: 23746595024
Total Cycles: 40950348084
IPC: 0.579888

Two level cache hierarchy:
  L1-Data Cache:
    Size(KB):          32
    Block Size(B):     64
    Associativity:      4

  L2-Data Cache:
    Size(KB):        1024
    Block Size(B):    128
    Associativity:      8

Latencies:    1   10  150
L1-Sets: LRU assoc:   4
L2-Sets: LRU assoc:   8
Store_allocation: Yes
L2_inclusive: Yes

L1 Cache Stats:
L1-Load-Hits:        6594175889   97.46%
L1-Load-Misses:       171631266    2.54%
L1-Load-Accesses:    6765807155  100.00%

L1-Store-Hits:         927373599   98.35%
L1-Store-Misses:        15512686    1.65%
L1-Store-Accesses:     942886285  100.00%

L1-Total-Hits:        7521549488   97.57%
L1-Total-Misses:       187143952    2.43%
L1-Total-Accesses:    7708693440  100.00%

L2 Cache Stats:
L2-Load-Hits:         123078230   71.71%
L2-Load-Misses:        48553036   28.29%
L2-Load-Accesses:     171631266  100.00%

L2-Store-Hits:          13241588   85.36%
L2-Store-Misses:         2271098   14.64%
L2-Store-Accesses:      15512686  100.00%

L2-Total-Hits:         136319818   72.84%
L2-Total-Misses:        50824134   27.16%
L2-Total-Accesses:     187143952  100.00%

