Total Instructions: 7835730658
Total Cycles: 11391592053
IPC: 0.687852

Two level cache hierarchy:
  L1-Data Cache:
    Size(KB):          64
    Block Size(B):     64
    Associativity:      8

  L2-Data Cache:
    Size(KB):        1024
    Block Size(B):    128
    Associativity:      8

Latencies:    1   10  150
L1-Sets: LRU assoc:   8
L2-Sets: LRU assoc:   8
Store_allocation: Yes
L2_inclusive: Yes

L1 Cache Stats:
L1-Load-Hits:        1821080861   98.86%
L1-Load-Misses:        20970867    1.14%
L1-Load-Accesses:    1842051728  100.00%

L1-Store-Hits:         168840632   96.94%
L1-Store-Misses:         5330465    3.06%
L1-Store-Accesses:     174171097  100.00%

L1-Total-Hits:        1989921493   98.70%
L1-Total-Misses:        26301332    1.30%
L1-Total-Accesses:    2016222825  100.00%

L2 Cache Stats:
L2-Load-Hits:          14904850   71.07%
L2-Load-Misses:         6066017   28.93%
L2-Load-Accesses:      20970867  100.00%

L2-Store-Hits:           2885647   54.13%
L2-Store-Misses:         2444818   45.87%
L2-Store-Accesses:       5330465  100.00%

L2-Total-Hits:          17790497   67.64%
L2-Total-Misses:         8510835   32.36%
L2-Total-Accesses:      26301332  100.00%

