Total Instructions: 7835730689
Total Cycles: 11426192666
IPC: 0.685769

Two level cache hierarchy:
  L1-Data Cache:
    Size(KB):          32
    Block Size(B):     64
    Associativity:      4

  L2-Data Cache:
    Size(KB):        1024
    Block Size(B):    128
    Associativity:      8

Latencies:    1   10  150
L1-Sets: LRU assoc:   4
L2-Sets: LRU assoc:   8
Store_allocation: Yes
L2_inclusive: Yes

L1 Cache Stats:
L1-Load-Hits:        1817773350   98.68%
L1-Load-Misses:        24278388    1.32%
L1-Load-Accesses:    1842051738  100.00%

L1-Store-Hits:         168769128   96.90%
L1-Store-Misses:         5401971    3.10%
L1-Store-Accesses:     174171099  100.00%

L1-Total-Hits:        1986542478   98.53%
L1-Total-Misses:        29680359    1.47%
L1-Total-Accesses:    2016222837  100.00%

L2 Cache Stats:
L2-Load-Hits:          18207230   74.99%
L2-Load-Misses:         6071158   25.01%
L2-Load-Accesses:      24278388  100.00%

L2-Store-Hits:           2956892   54.74%
L2-Store-Misses:         2445079   45.26%
L2-Store-Accesses:       5401971  100.00%

L2-Total-Hits:          21164122   71.31%
L2-Total-Misses:         8516237   28.69%
L2-Total-Accesses:      29680359  100.00%

