Total Instructions: 7835730658
Total Cycles: 11455473713
IPC: 0.684016

Two level cache hierarchy:
  L1-Data Cache:
    Size(KB):          16
    Block Size(B):     64
    Associativity:      4

  L2-Data Cache:
    Size(KB):        1024
    Block Size(B):    128
    Associativity:      8

Latencies:    1   10  150
L1-Sets: LRU assoc:   4
L2-Sets: LRU assoc:   8
Store_allocation: Yes
L2_inclusive: Yes

L1 Cache Stats:
L1-Load-Hits:        1815176162   98.54%
L1-Load-Misses:        26875566    1.46%
L1-Load-Accesses:    1842051728  100.00%

L1-Store-Hits:         168456630   96.72%
L1-Store-Misses:         5714467    3.28%
L1-Store-Accesses:     174171097  100.00%

L1-Total-Hits:        1983632792   98.38%
L1-Total-Misses:        32590033    1.62%
L1-Total-Accesses:    2016222825  100.00%

L2 Cache Stats:
L2-Load-Hits:          20803710   77.41%
L2-Load-Misses:         6071856   22.59%
L2-Load-Accesses:      26875566  100.00%

L2-Store-Hits:           3268857   57.20%
L2-Store-Misses:         2445610   42.80%
L2-Store-Accesses:       5714467  100.00%

L2-Total-Hits:          24072567   73.86%
L2-Total-Misses:         8517466   26.14%
L2-Total-Accesses:      32590033  100.00%

