Total Instructions: 29337086287
Total Cycles: 45017191482
IPC: 0.651686

Two level cache hierarchy:
  L1-Data Cache:
    Size(KB):         128
    Block Size(B):     64
    Associativity:      8

  L2-Data Cache:
    Size(KB):        1024
    Block Size(B):    128
    Associativity:      8

Latencies:    1   10  150
L1-Sets: LRU assoc:   8
L2-Sets: LRU assoc:   8
Store_allocation: Yes
L2_inclusive: Yes

L1 Cache Stats:
L1-Load-Hits:        9093663177   99.64%
L1-Load-Misses:        32490150    0.36%
L1-Load-Accesses:    9126153327  100.00%

L1-Store-Hits:        4690374180   99.81%
L1-Store-Misses:         9113158    0.19%
L1-Store-Accesses:    4699487338  100.00%

L1-Total-Hits:       13784037357   99.70%
L1-Total-Misses:        41603308    0.30%
L1-Total-Accesses:   13825640665  100.00%

L2 Cache Stats:
L2-Load-Hits:          25327511   77.95%
L2-Load-Misses:         7162639   22.05%
L2-Load-Accesses:      32490150  100.00%

L2-Store-Hits:           6686254   73.37%
L2-Store-Misses:         2426904   26.63%
L2-Store-Accesses:       9113158  100.00%

L2-Total-Hits:          32013765   76.95%
L2-Total-Misses:         9589543   23.05%
L2-Total-Accesses:      41603308  100.00%

