Total Instructions: 29337086287
Total Cycles: 45698686432
IPC: 0.641968

Two level cache hierarchy:
  L1-Data Cache:
    Size(KB):          16
    Block Size(B):     64
    Associativity:      4

  L2-Data Cache:
    Size(KB):        1024
    Block Size(B):    128
    Associativity:      8

Latencies:    1   10  150
L1-Sets: LRU assoc:   4
L2-Sets: LRU assoc:   8
Store_allocation: Yes
L2_inclusive: Yes

L1 Cache Stats:
L1-Load-Hits:        9039041979   99.05%
L1-Load-Misses:        87111348    0.95%
L1-Load-Accesses:    9126153327  100.00%

L1-Store-Hits:        4678291403   99.55%
L1-Store-Misses:        21195935    0.45%
L1-Store-Accesses:    4699487338  100.00%

L1-Total-Hits:       13717333382   99.22%
L1-Total-Misses:       108307283    0.78%
L1-Total-Accesses:   13825640665  100.00%

L2 Cache Stats:
L2-Load-Hits:          79868111   91.69%
L2-Load-Misses:         7243237    8.31%
L2-Load-Accesses:      87111348  100.00%

L2-Store-Hits:          18753261   88.48%
L2-Store-Misses:         2442674   11.52%
L2-Store-Accesses:      21195935  100.00%

L2-Total-Hits:          98621372   91.06%
L2-Total-Misses:         9685911    8.94%
L2-Total-Accesses:     108307283  100.00%

