Total Instructions: 29337086287
Total Cycles: 45120066602
IPC: 0.6502

Two level cache hierarchy:
  L1-Data Cache:
    Size(KB):          64
    Block Size(B):     64
    Associativity:      4

  L2-Data Cache:
    Size(KB):        1024
    Block Size(B):    128
    Associativity:      8

Latencies:    1   10  150
L1-Sets: LRU assoc:   4
L2-Sets: LRU assoc:   8
Store_allocation: Yes
L2_inclusive: Yes

L1 Cache Stats:
L1-Load-Hits:        9085245874   99.55%
L1-Load-Misses:        40907453    0.45%
L1-Load-Accesses:    9126153327  100.00%

L1-Store-Hits:        4689656391   99.79%
L1-Store-Misses:         9830947    0.21%
L1-Store-Accesses:    4699487338  100.00%

L1-Total-Hits:       13774902265   99.63%
L1-Total-Misses:        50738400    0.37%
L1-Total-Accesses:   13825640665  100.00%

L2 Cache Stats:
L2-Load-Hits:          33679102   82.33%
L2-Load-Misses:         7228351   17.67%
L2-Load-Accesses:      40907453  100.00%

L2-Store-Hits:           7392927   75.20%
L2-Store-Misses:         2438020   24.80%
L2-Store-Accesses:       9830947  100.00%

L2-Total-Hits:          41072029   80.95%
L2-Total-Misses:         9666371   19.05%
L2-Total-Accesses:      50738400  100.00%

