Total Instructions: 7659818232
Total Cycles: 11197568647
IPC: 0.684061

Two level cache hierarchy:
  L1-Data Cache:
    Size(KB):          32
    Block Size(B):     64
    Associativity:      4

  L2-Data Cache:
    Size(KB):        1024
    Block Size(B):    128
    Associativity:      8

Latencies:    1   10  150
L1-Sets: LRU assoc:   4
L2-Sets: LRU assoc:   8
Store_allocation: Yes
L2_inclusive: Yes

L1 Cache Stats:
L1-Load-Hits:        2213572380   99.80%
L1-Load-Misses:         4486640    0.20%
L1-Load-Accesses:    2218059020  100.00%

L1-Store-Hits:        1099245538   99.93%
L1-Store-Misses:          785887    0.07%
L1-Store-Accesses:    1100031425  100.00%

L1-Total-Hits:        3312817918   99.84%
L1-Total-Misses:         5272527    0.16%
L1-Total-Accesses:    3318090445  100.00%

L2 Cache Stats:
L2-Load-Hits:           3571251   79.60%
L2-Load-Misses:          915389   20.40%
L2-Load-Accesses:       4486640  100.00%

L2-Store-Hits:            588378   74.87%
L2-Store-Misses:          197509   25.13%
L2-Store-Accesses:        785887  100.00%

L2-Total-Hits:           4159629   78.89%
L2-Total-Misses:         1112898   21.11%
L2-Total-Accesses:       5272527  100.00%

