Total Instructions: 7659818232
Total Cycles: 11215044537
IPC: 0.682995

Two level cache hierarchy:
  L1-Data Cache:
    Size(KB):          16
    Block Size(B):     64
    Associativity:      4

  L2-Data Cache:
    Size(KB):        1024
    Block Size(B):    128
    Associativity:      8

Latencies:    1   10  150
L1-Sets: LRU assoc:   4
L2-Sets: LRU assoc:   8
Store_allocation: Yes
L2_inclusive: Yes

L1 Cache Stats:
L1-Load-Hits:        2212148802   99.73%
L1-Load-Misses:         5910218    0.27%
L1-Load-Accesses:    2218059020  100.00%

L1-Store-Hits:        1098941237   99.90%
L1-Store-Misses:         1090188    0.10%
L1-Store-Accesses:    1100031425  100.00%

L1-Total-Hits:        3311090039   99.79%
L1-Total-Misses:         7000406    0.21%
L1-Total-Accesses:    3318090445  100.00%

L2 Cache Stats:
L2-Load-Hits:           4993504   84.49%
L2-Load-Misses:          916714   15.51%
L2-Load-Accesses:       5910218  100.00%

L2-Store-Hits:            892690   81.88%
L2-Store-Misses:          197498   18.12%
L2-Store-Accesses:       1090188  100.00%

L2-Total-Hits:           5886194   84.08%
L2-Total-Misses:         1114212   15.92%
L2-Total-Accesses:       7000406  100.00%

