Total Instructions: 7659818232
Total Cycles: 11182882937
IPC: 0.684959

Two level cache hierarchy:
  L1-Data Cache:
    Size(KB):         128
    Block Size(B):     64
    Associativity:      8

  L2-Data Cache:
    Size(KB):        1024
    Block Size(B):    128
    Associativity:      8

Latencies:    1   10  150
L1-Sets: LRU assoc:   8
L2-Sets: LRU assoc:   8
Store_allocation: Yes
L2_inclusive: Yes

L1 Cache Stats:
L1-Load-Hits:        2214755636   99.85%
L1-Load-Misses:         3303384    0.15%
L1-Load-Accesses:    2218059020  100.00%

L1-Store-Hits:        1099415428   99.94%
L1-Store-Misses:          615997    0.06%
L1-Store-Accesses:    1100031425  100.00%

L1-Total-Hits:        3314171064   99.88%
L1-Total-Misses:         3919381    0.12%
L1-Total-Accesses:    3318090445  100.00%

L2 Cache Stats:
L2-Load-Hits:           2395366   72.51%
L2-Load-Misses:          908018   27.49%
L2-Load-Accesses:       3303384  100.00%

L2-Store-Hits:            418812   67.99%
L2-Store-Misses:          197185   32.01%
L2-Store-Accesses:        615997  100.00%

L2-Total-Hits:           2814178   71.80%
L2-Total-Misses:         1105203   28.20%
L2-Total-Accesses:       3919381  100.00%

