Total Instructions: 7659818232
Total Cycles: 11188248217
IPC: 0.684631

Two level cache hierarchy:
  L1-Data Cache:
    Size(KB):          64
    Block Size(B):     64
    Associativity:      4

  L2-Data Cache:
    Size(KB):        1024
    Block Size(B):    128
    Associativity:      8

Latencies:    1   10  150
L1-Sets: LRU assoc:   4
L2-Sets: LRU assoc:   8
Store_allocation: Yes
L2_inclusive: Yes

L1 Cache Stats:
L1-Load-Hits:        2214349791   99.83%
L1-Load-Misses:         3709229    0.17%
L1-Load-Accesses:    2218059020  100.00%

L1-Store-Hits:        1099369405   99.94%
L1-Store-Misses:          662020    0.06%
L1-Store-Accesses:    1100031425  100.00%

L1-Total-Hits:        3313719196   99.87%
L1-Total-Misses:         4371249    0.13%
L1-Total-Accesses:    3318090445  100.00%

L2 Cache Stats:
L2-Load-Hits:           2795735   75.37%
L2-Load-Misses:          913494   24.63%
L2-Load-Accesses:       3709229  100.00%

L2-Store-Hits:            464667   70.19%
L2-Store-Misses:          197353   29.81%
L2-Store-Accesses:        662020  100.00%

L2-Total-Hits:           3260402   74.59%
L2-Total-Misses:         1110847   25.41%
L2-Total-Accesses:       4371249  100.00%

