Total Instructions: 7659818232
Total Cycles: 11197427287
IPC: 0.684069

Two level cache hierarchy:
  L1-Data Cache:
    Size(KB):          32
    Block Size(B):     64
    Associativity:      8

  L2-Data Cache:
    Size(KB):        1024
    Block Size(B):    128
    Associativity:      8

Latencies:    1   10  150
L1-Sets: LRU assoc:   8
L2-Sets: LRU assoc:   8
Store_allocation: Yes
L2_inclusive: Yes

L1 Cache Stats:
L1-Load-Hits:        2213577905   99.80%
L1-Load-Misses:         4481115    0.20%
L1-Load-Accesses:    2218059020  100.00%

L1-Store-Hits:        1099250969   99.93%
L1-Store-Misses:          780456    0.07%
L1-Store-Accesses:    1100031425  100.00%

L1-Total-Hits:        3312828874   99.84%
L1-Total-Misses:         5261571    0.16%
L1-Total-Accesses:    3318090445  100.00%

L2 Cache Stats:
L2-Load-Hits:           3565869   79.58%
L2-Load-Misses:          915246   20.42%
L2-Load-Accesses:       4481115  100.00%

L2-Store-Hits:            583016   74.70%
L2-Store-Misses:          197440   25.30%
L2-Store-Accesses:        780456  100.00%

L2-Total-Hits:           4148885   78.85%
L2-Total-Misses:         1112686   21.15%
L2-Total-Accesses:       5261571  100.00%

