Total Instructions: 19193957763
Total Cycles: 55229228833
IPC: 0.347533

Two level cache hierarchy:
  L1-Data Cache:
    Size(KB):          32
    Block Size(B):     64
    Associativity:      4

  L2-Data Cache:
    Size(KB):        1024
    Block Size(B):    128
    Associativity:      8

Latencies:    1   10  150
L1-Sets: LRU assoc:   4
L2-Sets: LRU assoc:   8
Store_allocation: Yes
L2_inclusive: Yes

L1 Cache Stats:
L1-Load-Hits:        7941716057   94.60%
L1-Load-Misses:       453319330    5.40%
L1-Load-Accesses:    8395035387  100.00%

L1-Store-Hits:          55264326   96.70%
L1-Store-Misses:         1888587    3.30%
L1-Store-Accesses:      57152913  100.00%

L1-Total-Hits:        7996980383   94.61%
L1-Total-Misses:       455207917    5.39%
L1-Total-Accesses:    8452188300  100.00%

L2 Cache Stats:
L2-Load-Hits:         300256105   66.24%
L2-Load-Misses:       153063225   33.76%
L2-Load-Accesses:     453319330  100.00%

L2-Store-Hits:           1411788   74.75%
L2-Store-Misses:          476799   25.25%
L2-Store-Accesses:       1888587  100.00%

L2-Total-Hits:         301667893   66.27%
L2-Total-Misses:       153540024   33.73%
L2-Total-Accesses:     455207917  100.00%

