Total Instructions: 19193957794
Total Cycles: 55169679976
IPC: 0.347908

Two level cache hierarchy:
  L1-Data Cache:
    Size(KB):          64
    Block Size(B):     64
    Associativity:      8

  L2-Data Cache:
    Size(KB):        1024
    Block Size(B):    128
    Associativity:      8

Latencies:    1   10  150
L1-Sets: LRU assoc:   8
L2-Sets: LRU assoc:   8
Store_allocation: Yes
L2_inclusive: Yes

L1 Cache Stats:
L1-Load-Hits:        7947150437   94.66%
L1-Load-Misses:       447884960    5.34%
L1-Load-Accesses:    8395035397  100.00%

L1-Store-Hits:          55347028   96.84%
L1-Store-Misses:         1805887    3.16%
L1-Store-Accesses:      57152915  100.00%

L1-Total-Hits:        8002497465   94.68%
L1-Total-Misses:       449690847    5.32%
L1-Total-Accesses:    8452188312  100.00%

L2 Cache Stats:
L2-Load-Hits:         294843736   65.83%
L2-Load-Misses:       153041224   34.17%
L2-Load-Accesses:     447884960  100.00%

L2-Store-Hits:           1336275   74.00%
L2-Store-Misses:          469612   26.00%
L2-Store-Accesses:       1805887  100.00%

L2-Total-Hits:         296180011   65.86%
L2-Total-Misses:       153510836   34.14%
L2-Total-Accesses:     449690847  100.00%

