Total Instructions: 19193957763
Total Cycles: 55281137773
IPC: 0.347206

Two level cache hierarchy:
  L1-Data Cache:
    Size(KB):          32
    Block Size(B):     64
    Associativity:      8

  L2-Data Cache:
    Size(KB):        1024
    Block Size(B):    128
    Associativity:      8

Latencies:    1   10  150
L1-Sets: LRU assoc:   8
L2-Sets: LRU assoc:   8
Store_allocation: Yes
L2_inclusive: Yes

L1 Cache Stats:
L1-Load-Hits:        7936601007   94.54%
L1-Load-Misses:       458434380    5.46%
L1-Load-Accesses:    8395035387  100.00%

L1-Store-Hits:          55078112   96.37%
L1-Store-Misses:         2074801    3.63%
L1-Store-Accesses:      57152913  100.00%

L1-Total-Hits:        7991679119   94.55%
L1-Total-Misses:       460509181    5.45%
L1-Total-Accesses:    8452188300  100.00%

L2 Cache Stats:
L2-Load-Hits:         305373333   66.61%
L2-Load-Misses:       153061047   33.39%
L2-Load-Accesses:     458434380  100.00%

L2-Store-Hits:           1603182   77.27%
L2-Store-Misses:          471619   22.73%
L2-Store-Accesses:       2074801  100.00%

L2-Total-Hits:         306976515   66.66%
L2-Total-Misses:       153532666   33.34%
L2-Total-Accesses:     460509181  100.00%

