Total Instructions: 7659818263
Total Cycles: 11164385000
IPC: 0.686094

Two level cache hierarchy:
  L1-Data Cache:
    Size(KB):          32
    Block Size(B):     64
    Associativity:      8

  L2-Data Cache:
    Size(KB):        1024
    Block Size(B):    128
    Associativity:      8

Latencies:    1   10  150
L1-Sets: LRU assoc:   8
L2-Sets: LRU assoc:   8
Store_allocation: Yes
L2_inclusive: Yes

L1 Cache Stats:
L1-Load-Hits:        2214499284   99.84%
L1-Load-Misses:         3559746    0.16%
L1-Load-Accesses:    2218059030  100.00%

L1-Store-Hits:        1099408840   99.94%
L1-Store-Misses:          622587    0.06%
L1-Store-Accesses:    1100031427  100.00%

L1-Total-Hits:        3313908124   99.87%
L1-Total-Misses:         4182333    0.13%
L1-Total-Accesses:    3318090457  100.00%

L2 Cache Stats:
L2-Load-Hits:           2790152   78.38%
L2-Load-Misses:          769594   21.62%
L2-Load-Accesses:       3559746  100.00%

L2-Store-Hits:            427828   68.72%
L2-Store-Misses:          194759   31.28%
L2-Store-Accesses:        622587  100.00%

L2-Total-Hits:           3217980   76.94%
L2-Total-Misses:          964353   23.06%
L2-Total-Accesses:       4182333  100.00%

