Total Instructions: 19193957763
Total Cycles: 55120233523
IPC: 0.34822

Two level cache hierarchy:
  L1-Data Cache:
    Size(KB):          64
    Block Size(B):     64
    Associativity:      8

  L2-Data Cache:
    Size(KB):        1024
    Block Size(B):    128
    Associativity:      8

Latencies:    1   10  150
L1-Sets: LRU assoc:   8
L2-Sets: LRU assoc:   8
Store_allocation: Yes
L2_inclusive: Yes

L1 Cache Stats:
L1-Load-Hits:        7951392464   94.72%
L1-Load-Misses:       443642923    5.28%
L1-Load-Accesses:    8395035387  100.00%

L1-Store-Hits:          55418865   96.97%
L1-Store-Misses:         1734048    3.03%
L1-Store-Accesses:      57152913  100.00%

L1-Total-Hits:        8006811329   94.73%
L1-Total-Misses:       445376971    5.27%
L1-Total-Accesses:    8452188300  100.00%

L2 Cache Stats:
L2-Load-Hits:         290639843   65.51%
L2-Load-Misses:       153003080   34.49%
L2-Load-Accesses:     443642923  100.00%

L2-Store-Hits:           1268343   73.14%
L2-Store-Misses:          465705   26.86%
L2-Store-Accesses:       1734048  100.00%

L2-Total-Hits:         291908186   65.54%
L2-Total-Misses:       153468785   34.46%
L2-Total-Accesses:     445376971  100.00%

