Total Instructions: 19193957763
Total Cycles: 55085572233
IPC: 0.348439

Two level cache hierarchy:
  L1-Data Cache:
    Size(KB):          64
    Block Size(B):     64
    Associativity:      4

  L2-Data Cache:
    Size(KB):        1024
    Block Size(B):    128
    Associativity:      8

Latencies:    1   10  150
L1-Sets: LRU assoc:   4
L2-Sets: LRU assoc:   8
Store_allocation: Yes
L2_inclusive: Yes

L1 Cache Stats:
L1-Load-Hits:        7954676042   94.75%
L1-Load-Misses:       440359345    5.25%
L1-Load-Accesses:    8395035387  100.00%

L1-Store-Hits:          55589416   97.26%
L1-Store-Misses:         1563497    2.74%
L1-Store-Accesses:      57152913  100.00%

L1-Total-Hits:        8010265458   94.77%
L1-Total-Misses:       441922842    5.23%
L1-Total-Accesses:    8452188300  100.00%

L2 Cache Stats:
L2-Load-Hits:         287350694   65.25%
L2-Load-Misses:       153008651   34.75%
L2-Load-Accesses:     440359345  100.00%

L2-Store-Hits:           1104163   70.62%
L2-Store-Misses:          459334   29.38%
L2-Store-Accesses:       1563497  100.00%

L2-Total-Hits:         288454857   65.27%
L2-Total-Misses:       153467985   34.73%
L2-Total-Accesses:     441922842  100.00%

