Total Instructions: 27435962402
Total Cycles: 38785263404
IPC: 0.707381

Two level cache hierarchy:
  L1-Data Cache:
    Size(KB):          32
    Block Size(B):     64
    Associativity:      8

  L2-Data Cache:
    Size(KB):        1024
    Block Size(B):    128
    Associativity:      8

Latencies:    1   10  150
L1-Sets: LRU assoc:   8
L2-Sets: LRU assoc:   8
Store_allocation: Yes
L2_inclusive: Yes

L1 Cache Stats:
L1-Load-Hits:        7777398992   99.17%
L1-Load-Misses:        64948601    0.83%
L1-Load-Accesses:    7842347593  100.00%

L1-Store-Hits:        2286721887   97.79%
L1-Store-Misses:        51730092    2.21%
L1-Store-Accesses:    2338451979  100.00%

L1-Total-Hits:       10064120879   98.85%
L1-Total-Misses:       116678693    1.15%
L1-Total-Accesses:   10180799572  100.00%

L2 Cache Stats:
L2-Load-Hits:          64945775  100.00%
L2-Load-Misses:            2826    0.00%
L2-Load-Accesses:      64948601  100.00%

L2-Store-Hits:          51721488   99.98%
L2-Store-Misses:            8604    0.02%
L2-Store-Accesses:      51730092  100.00%

L2-Total-Hits:         116667263   99.99%
L2-Total-Misses:           11430    0.01%
L2-Total-Accesses:     116678693  100.00%

