Total Instructions: 27435962371
Total Cycles: 37618747651
IPC: 0.729316

Two level cache hierarchy:
  L1-Data Cache:
    Size(KB):         128
    Block Size(B):     64
    Associativity:      8

  L2-Data Cache:
    Size(KB):        1024
    Block Size(B):    128
    Associativity:      8

Latencies:    1   10  150
L1-Sets: LRU assoc:   8
L2-Sets: LRU assoc:   8
Store_allocation: Yes
L2_inclusive: Yes

L1 Cache Stats:
L1-Load-Hits:        7842342615  100.00%
L1-Load-Misses:            4968    0.00%
L1-Load-Accesses:    7842347583  100.00%

L1-Store-Hits:        2338430213  100.00%
L1-Store-Misses:           21764    0.00%
L1-Store-Accesses:    2338451977  100.00%

L1-Total-Hits:       10180772828  100.00%
L1-Total-Misses:           26732    0.00%
L1-Total-Accesses:   10180799560  100.00%

L2 Cache Stats:
L2-Load-Hits:              2130   42.87%
L2-Load-Misses:            2838   57.13%
L2-Load-Accesses:          4968  100.00%

L2-Store-Hits:             13146   60.40%
L2-Store-Misses:            8618   39.60%
L2-Store-Accesses:         21764  100.00%

L2-Total-Hits:             15276   57.14%
L2-Total-Misses:           11456   42.86%
L2-Total-Accesses:         26732  100.00%

